 	Label not available                                                                                                                                                                                                                                                                                         	Label not available                                                                                                                                                                                                                                                                                         	Label not available                                                                                                                                                                                                                                                                                         	Label not available                                                                                                                                                                                                                                                                                         	
Month 	TIME                     	QSnk225PauxEvap_kW       	QSnk225PelAuxComp_kW     	QSnk225PauxCondSwitch_kW 	
November 	 +0.8016000000000000E+004	 +0.4284638083611779E+005	 +0.1136495324991955E+005	 +0.5421133408603741E+005	
December 	 +0.8760000000000000E+004	 +0.5466995077915851E+005	 +0.1572342805609013E+005	 +0.7039337883524827E+005	
January  	 +0.9504000000000000E+004	 +0.5854951091527711E+005	 +0.1793076522259360E+005	 +0.7648027613787138E+005	
February 	 +0.1017600000000000E+005	 +0.4870762525839543E+005	 +0.1498025068521772E+005	 +0.6368787594361313E+005	
March    	 +0.1092000000000000E+005	 +0.4130250105342743E+005	 +0.1189780701884378E+005	 +0.5320030807227118E+005	
April    	 +0.1164000000000000E+005	 +0.3035989858124154E+005	 +0.7980213661907878E+004	 +0.3834011224314939E+005	
May      	 +0.1238400000000000E+005	 +0.1779509847970619E+005	 +0.4353061536873431E+004	 +0.2214816001657959E+005	
June     	 +0.1310400000000000E+005	 +0.6960490625458662E+004	 +0.1620771026933788E+004	 +0.8581261652392435E+004	
July     	 +0.1384800000000000E+005	 +0.3838728930588853E+004	 +0.8945989393849579E+003	 +0.4733327869973808E+004	
August   	 +0.1459200000000000E+005	 +0.5661736193411105E+004	 +0.1259869576129860E+004	 +0.6921605769540972E+004	
September	 +0.1531200000000000E+005	 +0.1286338593651508E+005	 +0.2844955113849755E+004	 +0.1570834105036486E+005	
October  	 +0.1605600000000000E+005	 +0.2780137735378533E+005	 +0.6535525857002516E+004	 +0.3433690321078782E+005	
November 	 +0.1677600000000000E+005	 +0.4261062766581071E+005	 +0.1128296573863552E+005	 +0.5389359340444636E+005	
December 	 +0.1752000000000000E+005	 +0.5455449627097261E+005	 +0.1570139470252888E+005	 +0.7025589097350104E+005	
  
	Maximum Instantaneous Values
	Label not available                                                                                                                                                                                                                                                                                         	Label not available                                                                                                                                                                                                                                                                                         	Label not available                                                                                                                                                                                                                                                                                         	Label not available                                                                                                                                                                                                                                                                                         	
Maximum Value	 +0.1752000000000000E+005	 +0.2881055714815955E+003	 +0.7824682532141718E+002	 +0.3462970666978530E+003	
Time of Maximum	 +0.1752000000000000E+005	 +0.1407403333333333E+005	 +0.1388643333333333E+005	 +0.1407403333333333E+005	
  
	Minimum Instantaneous Values
	Label not available                                                                                                                                                                                                                                                                                         	Label not available                                                                                                                                                                                                                                                                                         	Label not available                                                                                                                                                                                                                                                                                         	Label not available                                                                                                                                                                                                                                                                                         	
Minimum Value	 +0.7300033333333334E+004	 +0.0000000000000000E+000	 +0.0000000000000000E+000	 +0.0000000000000000E+000	
Time of Minimum	 +0.7300033333333334E+004	 +0.1752000000000000E+005	 +0.1752000000000000E+005	 +0.1752000000000000E+005	
  
	Maximum Integrated Values
	Label not available                                                                                                                                                                                                                                                                                         	Label not available                                                                                                                                                                                                                                                                                         	Label not available                                                                                                                                                                                                                                                                                         	Label not available                                                                                                                                                                                                                                                                                         	
Maximum Value	 +0.1752000000000000E+005	 +0.5854951091527711E+005	 +0.1793076522259360E+005	 +0.7648027613787138E+005	
Time of Maximum	 +0.1752000000000000E+005	 +0.9504000000000000E+004	 +0.9504000000000000E+004	 +0.9504000000000000E+004	
  
	Minimum Integrated Values
	Label not available                                                                                                                                                                                                                                                                                         	Label not available                                                                                                                                                                                                                                                                                         	Label not available                                                                                                                                                                                                                                                                                         	Label not available                                                                                                                                                                                                                                                                                         	
Minimum Value	 +0.8016000000000000E+004	 +0.3838728930588853E+004	 +0.8945989393849579E+003	 +0.4733327869973808E+004	
Time of Minimum	 +0.8016000000000000E+004	 +0.1384800000000000E+005	 +0.1384800000000000E+005	 +0.1384800000000000E+005	
  
	Sum (note: sums are set to zero for inputs that were not integrated.)
	Label not available                                                                                                                                                                                                                                                                                         	Label not available                                                                                                                                                                                                                                                                                         	Label not available                                                                                                                                                                                                                                                                                         	Label not available                                                                                                                                                                                                                                                                                         	
Total	 +0.0000000000000000E+000	 +0.4485218088798705E+006	 +0.1243705603859116E+006	 +0.5728923692657788E+006	
