 	Label not available                                                                                                                                                                                                                                                                                         	Label not available                                                                                                                                                                                                                                                                                         	Label not available                                                                                                                                                                                                                                                                                         	Label not available                                                                                                                                                                                                                                                                                         	
Month 	TIME                     	QSnk488PauxEvap_kW       	QSnk488PelAuxComp_kW     	QSnk488PauxCondSwitch_kW 	
November 	 +0.8016000000000000E+004	 +0.8538356876660163E+005	 +0.2279955712702616E+005	 +0.1081831258936277E+006	
December 	 +0.8760000000000000E+004	 +0.1090261527344258E+006	 +0.3156154790600026E+005	 +0.1405877006404266E+006	
January  	 +0.9504000000000000E+004	 +0.1167351340173701E+006	 +0.3597967325096132E+005	 +0.1527148072683326E+006	
February 	 +0.1017600000000000E+005	 +0.9709081322222699E+005	 +0.3015393416615613E+005	 +0.1272447473883833E+006	
March    	 +0.1092000000000000E+005	 +0.8208664307466026E+005	 +0.2402561183372925E+005	 +0.1061122549083891E+006	
April    	 +0.1164000000000000E+005	 +0.6020434793649612E+005	 +0.1617481963134190E+005	 +0.7637916756783769E+005	
May      	 +0.1238400000000000E+005	 +0.3518455332571704E+005	 +0.8880526508278859E+004	 +0.4406507983399589E+005	
June     	 +0.1310400000000000E+005	 +0.1374164115579014E+005	 +0.3317753637495062E+004	 +0.1705939479328520E+005	
July     	 +0.1384800000000000E+005	 +0.7239881079620172E+004	 +0.1751193074960812E+004	 +0.8991074154580991E+004	
August   	 +0.1459200000000000E+005	 +0.1117035306447181E+005	 +0.2535180919363941E+004	 +0.1370553398383578E+005	
September	 +0.1531200000000000E+005	 +0.2549014223593073E+005	 +0.5692580673207900E+004	 +0.3118272290913863E+005	
October  	 +0.1605600000000000E+005	 +0.5535324534295954E+005	 +0.1309142110074387E+005	 +0.6844466644370365E+005	
November 	 +0.1677600000000000E+005	 +0.8491308642857955E+005	 +0.2262477473381657E+005	 +0.1075378611623959E+006	
December 	 +0.1752000000000000E+005	 +0.1087630247234503E+006	 +0.3149171310041489E+005	 +0.1402547378238645E+006	
  
	Maximum Instantaneous Values
	Label not available                                                                                                                                                                                                                                                                                         	Label not available                                                                                                                                                                                                                                                                                         	Label not available                                                                                                                                                                                                                                                                                         	Label not available                                                                                                                                                                                                                                                                                         	
Maximum Value	 +0.1752000000000000E+005	 +0.5684538213946715E+003	 +0.1562091403080359E+003	 +0.6851696346207500E+003	
Time of Maximum	 +0.1752000000000000E+005	 +0.1385796666666667E+005	 +0.1460146666666667E+005	 +0.1385796666666667E+005	
  
	Minimum Instantaneous Values
	Label not available                                                                                                                                                                                                                                                                                         	Label not available                                                                                                                                                                                                                                                                                         	Label not available                                                                                                                                                                                                                                                                                         	Label not available                                                                                                                                                                                                                                                                                         	
Minimum Value	 +0.7300033333333334E+004	 +0.0000000000000000E+000	 +0.0000000000000000E+000	 +0.0000000000000000E+000	
Time of Minimum	 +0.7300033333333334E+004	 +0.1752000000000000E+005	 +0.1752000000000000E+005	 +0.1752000000000000E+005	
  
	Maximum Integrated Values
	Label not available                                                                                                                                                                                                                                                                                         	Label not available                                                                                                                                                                                                                                                                                         	Label not available                                                                                                                                                                                                                                                                                         	Label not available                                                                                                                                                                                                                                                                                         	
Maximum Value	 +0.1752000000000000E+005	 +0.1167351340173701E+006	 +0.3597967325096132E+005	 +0.1527148072683326E+006	
Time of Maximum	 +0.1752000000000000E+005	 +0.9504000000000000E+004	 +0.9504000000000000E+004	 +0.9504000000000000E+004	
  
	Minimum Integrated Values
	Label not available                                                                                                                                                                                                                                                                                         	Label not available                                                                                                                                                                                                                                                                                         	Label not available                                                                                                                                                                                                                                                                                         	Label not available                                                                                                                                                                                                                                                                                         	
Minimum Value	 +0.8016000000000000E+004	 +0.7239881079620172E+004	 +0.1751193074960812E+004	 +0.8991074154580991E+004	
Time of Minimum	 +0.8016000000000000E+004	 +0.1384800000000000E+005	 +0.1384800000000000E+005	 +0.1384800000000000E+005	
  
	Sum (note: sums are set to zero for inputs that were not integrated.)
	Label not available                                                                                                                                                                                                                                                                                         	Label not available                                                                                                                                                                                                                                                                                         	Label not available                                                                                                                                                                                                                                                                                         	Label not available                                                                                                                                                                                                                                                                                         	
Total	 +0.0000000000000000E+000	 +0.8923825871082944E+006	 +0.2500802876634969E+006	 +0.1142462874771787E+007	
