 	Label not available                                                                                                                                                                                                                                                                                         	Label not available                                                                                                                                                                                                                                                                                         	Label not available                                                                                                                                                                                                                                                                                         	Label not available                                                                                                                                                                                                                                                                                         	
Month 	TIME                     	QSnk335PauxEvap_kW       	QSnk335PelAuxComp_kW     	QSnk335PauxCondSwitch_kW 	
November 	 +0.8016000000000000E+004	 +0.3947252444853606E+005	 +0.1051196044817264E+005	 +0.4998448489670856E+005	
December 	 +0.8760000000000000E+004	 +0.5195097066409912E+005	 +0.1483279468428604E+005	 +0.6678376534838541E+005	
January  	 +0.9504000000000000E+004	 +0.5666340733452841E+005	 +0.1693045002011577E+005	 +0.7359385735464373E+005	
February 	 +0.1017600000000000E+005	 +0.4719254461260704E+005	 +0.1432145633214279E+005	 +0.6151400094474923E+005	
March    	 +0.1092000000000000E+005	 +0.3872047403938861E+005	 +0.1120541812401860E+005	 +0.4992589216340729E+005	
April    	 +0.1164000000000000E+005	 +0.2712180116401260E+005	 +0.7232627172173144E+004	 +0.3435442833618574E+005	
May      	 +0.1238400000000000E+005	 +0.1387103715900345E+005	 +0.3455420368006950E+004	 +0.1732645752701040E+005	
June     	 +0.1310400000000000E+005	 +0.4851594253349152E+004	 +0.1148868283514089E+004	 +0.6000462536863241E+004	
July     	 +0.1384800000000000E+005	 +0.1829635861446350E+004	 +0.4679474534134825E+003	 +0.2297583314859829E+004	
August   	 +0.1459200000000000E+005	 +0.3818635087211591E+004	 +0.8863288433476112E+003	 +0.4704963930559202E+004	
September	 +0.1531200000000000E+005	 +0.8681437205293823E+004	 +0.1957605427048613E+004	 +0.1063904263234245E+005	
October  	 +0.1605600000000000E+005	 +0.2393001214719010E+005	 +0.5691389818657934E+004	 +0.2962140196584805E+005	
November 	 +0.1677600000000000E+005	 +0.3912384716110785E+005	 +0.1040430825247137E+005	 +0.4952815541357929E+005	
December 	 +0.1752000000000000E+005	 +0.5190251182313362E+005	 +0.1482441529341297E+005	 +0.6672692711654637E+005	
  
	Maximum Instantaneous Values
	Label not available                                                                                                                                                                                                                                                                                         	Label not available                                                                                                                                                                                                                                                                                         	Label not available                                                                                                                                                                                                                                                                                         	Label not available                                                                                                                                                                                                                                                                                         	
Maximum Value	 +0.1752000000000000E+005	 +0.2383924107046751E+003	 +0.6551950755442621E+002	 +0.2871748943132147E+003	
Time of Maximum	 +0.1752000000000000E+005	 +0.1452956666666667E+005	 +0.1392796666666667E+005	 +0.1452956666666667E+005	
  
	Minimum Instantaneous Values
	Label not available                                                                                                                                                                                                                                                                                         	Label not available                                                                                                                                                                                                                                                                                         	Label not available                                                                                                                                                                                                                                                                                         	Label not available                                                                                                                                                                                                                                                                                         	
Minimum Value	 +0.7300033333333334E+004	 +0.0000000000000000E+000	 +0.0000000000000000E+000	 +0.0000000000000000E+000	
Time of Minimum	 +0.7300033333333334E+004	 +0.1752000000000000E+005	 +0.1752000000000000E+005	 +0.1752000000000000E+005	
  
	Maximum Integrated Values
	Label not available                                                                                                                                                                                                                                                                                         	Label not available                                                                                                                                                                                                                                                                                         	Label not available                                                                                                                                                                                                                                                                                         	Label not available                                                                                                                                                                                                                                                                                         	
Maximum Value	 +0.1752000000000000E+005	 +0.5666340733452841E+005	 +0.1693045002011577E+005	 +0.7359385735464373E+005	
Time of Maximum	 +0.1752000000000000E+005	 +0.9504000000000000E+004	 +0.9504000000000000E+004	 +0.9504000000000000E+004	
  
	Minimum Integrated Values
	Label not available                                                                                                                                                                                                                                                                                         	Label not available                                                                                                                                                                                                                                                                                         	Label not available                                                                                                                                                                                                                                                                                         	Label not available                                                                                                                                                                                                                                                                                         	
Minimum Value	 +0.8016000000000000E+004	 +0.1829635861446350E+004	 +0.4679474534134825E+003	 +0.2297583314859829E+004	
Time of Minimum	 +0.8016000000000000E+004	 +0.1384800000000000E+005	 +0.1384800000000000E+005	 +0.1384800000000000E+005	
  
	Sum (note: sums are set to zero for inputs that were not integrated.)
	Label not available                                                                                                                                                                                                                                                                                         	Label not available                                                                                                                                                                                                                                                                                         	Label not available                                                                                                                                                                                                                                                                                         	Label not available                                                                                                                                                                                                                                                                                         	
Total	 +0.0000000000000000E+000	 +0.4091304329609044E+006	 +0.1138709905207836E+006	 +0.5230014234816862E+006	
