 	Label not available                                                                                                                                                                                                                                                                                         	Label not available                                                                                                                                                                                                                                                                                         	Label not available                                                                                                                                                                                                                                                                                         	Label not available                                                                                                                                                                                                                                                                                         	
Month 	TIME                     	QSnk469PauxEvap_kW       	QSnk469PelAuxComp_kW     	QSnk469PauxCondSwitch_kW 	
November 	 +0.8016000000000000E+004	 +0.4303423676732487E+005	 +0.1143001972209062E+005	 +0.5446425648941551E+005	
December 	 +0.8760000000000000E+004	 +0.5765180227757252E+005	 +0.1629837160604074E+005	 +0.7395017388361343E+005	
January  	 +0.9504000000000000E+004	 +0.6317877926367475E+005	 +0.1854878722048120E+005	 +0.8172756648415621E+005	
February 	 +0.1017600000000000E+005	 +0.5304068873249106E+005	 +0.1587389651707965E+005	 +0.6891458524957072E+005	
March    	 +0.1092000000000000E+005	 +0.4240884357885185E+005	 +0.1227073657362173E+005	 +0.5467958015247330E+005	
April    	 +0.1164000000000000E+005	 +0.2893615515367092E+005	 +0.7784226118870703E+004	 +0.3672038127254153E+005	
May      	 +0.1238400000000000E+005	 +0.1358118526755355E+005	 +0.3456876593661929E+004	 +0.1703806186121543E+005	
June     	 +0.1310400000000000E+005	 +0.4333837305520571E+004	 +0.1071851490572181E+004	 +0.5405688796092739E+004	
July     	 +0.1384800000000000E+005	 +0.1313297262714496E+004	 +0.3795805187368995E+003	 +0.1692877781451396E+004	
August   	 +0.1459200000000000E+005	 +0.3461504869949357E+004	 +0.8267247898976384E+003	 +0.4288229659846994E+004	
September	 +0.1531200000000000E+005	 +0.8090905902886157E+004	 +0.1859791963900819E+004	 +0.9950697866786961E+004	
October  	 +0.1605600000000000E+005	 +0.2493731344767408E+005	 +0.5966213089775575E+004	 +0.3090352653744964E+005	
November 	 +0.1677600000000000E+005	 +0.4256817193449974E+005	 +0.1128648371693505E+005	 +0.5385465565143486E+005	
December 	 +0.1752000000000000E+005	 +0.5764774231208883E+005	 +0.1630267933805976E+005	 +0.7395042165014902E+005	
  
	Maximum Instantaneous Values
	Label not available                                                                                                                                                                                                                                                                                         	Label not available                                                                                                                                                                                                                                                                                         	Label not available                                                                                                                                                                                                                                                                                         	Label not available                                                                                                                                                                                                                                                                                         	
Maximum Value	 +0.1752000000000000E+005	 +0.2446378409515317E+003	 +0.6695057046394722E+002	 +0.2944522370245642E+003	
Time of Maximum	 +0.1752000000000000E+005	 +0.1392916666666667E+005	 +0.1459940000000000E+005	 +0.1392916666666667E+005	
  
	Minimum Instantaneous Values
	Label not available                                                                                                                                                                                                                                                                                         	Label not available                                                                                                                                                                                                                                                                                         	Label not available                                                                                                                                                                                                                                                                                         	Label not available                                                                                                                                                                                                                                                                                         	
Minimum Value	 +0.7300033333333334E+004	 +0.0000000000000000E+000	 +0.0000000000000000E+000	 +0.0000000000000000E+000	
Time of Minimum	 +0.7300033333333334E+004	 +0.1752000000000000E+005	 +0.1752000000000000E+005	 +0.1752000000000000E+005	
  
	Maximum Integrated Values
	Label not available                                                                                                                                                                                                                                                                                         	Label not available                                                                                                                                                                                                                                                                                         	Label not available                                                                                                                                                                                                                                                                                         	Label not available                                                                                                                                                                                                                                                                                         	
Maximum Value	 +0.1752000000000000E+005	 +0.6317877926367475E+005	 +0.1854878722048120E+005	 +0.8172756648415621E+005	
Time of Maximum	 +0.1752000000000000E+005	 +0.9504000000000000E+004	 +0.9504000000000000E+004	 +0.9504000000000000E+004	
  
	Minimum Integrated Values
	Label not available                                                                                                                                                                                                                                                                                         	Label not available                                                                                                                                                                                                                                                                                         	Label not available                                                                                                                                                                                                                                                                                         	Label not available                                                                                                                                                                                                                                                                                         	
Minimum Value	 +0.8016000000000000E+004	 +0.1313297262714496E+004	 +0.3795805187368995E+003	 +0.1692877781451396E+004	
Time of Minimum	 +0.8016000000000000E+004	 +0.1384800000000000E+005	 +0.1384800000000000E+005	 +0.1384800000000000E+005	
  
	Sum (note: sums are set to zero for inputs that were not integrated.)
	Label not available                                                                                                                                                                                                                                                                                         	Label not available                                                                                                                                                                                                                                                                                         	Label not available                                                                                                                                                                                                                                                                                         	Label not available                                                                                                                                                                                                                                                                                         	
Total	 +0.0000000000000000E+000	 +0.4441844640764777E+006	 +0.1233562392597234E+006	 +0.5675407033362031E+006	
