 	Label not available                                                                                                                                                                                                                                                                                         	Label not available                                                                                                                                                                                                                                                                                         	Label not available                                                                                                                                                                                                                                                                                         	Label not available                                                                                                                                                                                                                                                                                         	
Month 	TIME                     	QSnk358PauxEvap_kW       	QSnk358PelAuxComp_kW     	QSnk358PauxCondSwitch_kW 	
November 	 +0.8016000000000000E+004	 +0.7730483209942267E+004	 +0.2072942305399659E+004	 +0.9803425515341902E+004	
December 	 +0.8760000000000000E+004	 +0.1001320563548267E+005	 +0.2891282584886992E+004	 +0.1290448822036965E+005	
January  	 +0.9504000000000000E+004	 +0.1079318167728573E+005	 +0.3294312699551055E+004	 +0.1408749437683675E+005	
February 	 +0.1017600000000000E+005	 +0.8964841970294892E+004	 +0.2769374260248945E+004	 +0.1173421623054382E+005	
March    	 +0.1092000000000000E+005	 +0.7532255800690075E+004	 +0.2206980799903765E+004	 +0.9739236600593818E+004	
April    	 +0.1164000000000000E+005	 +0.5407448648238180E+004	 +0.1463449491654540E+004	 +0.6870898139892757E+004	
May      	 +0.1238400000000000E+005	 +0.3016937396965448E+004	 +0.7691568587849271E+003	 +0.3786094255750377E+004	
June     	 +0.1310400000000000E+005	 +0.1154722533119790E+004	 +0.2866714749660885E+003	 +0.1441394008085879E+004	
July     	 +0.1384800000000000E+005	 +0.5706806285822493E+003	 +0.1495004667676382E+003	 +0.7201810953498871E+003	
August   	 +0.1459200000000000E+005	 +0.9177170844927872E+003	 +0.2189348251422463E+003	 +0.1136651909635034E+004	
September	 +0.1531200000000000E+005	 +0.2082913167908965E+004	 +0.4752409358502500E+003	 +0.2558154103759214E+004	
October  	 +0.1605600000000000E+005	 +0.4886683906004208E+004	 +0.1169399501001583E+004	 +0.6056083407005775E+004	
November 	 +0.1677600000000000E+005	 +0.7673487323332071E+004	 +0.2053523163775330E+004	 +0.9727010487107338E+004	
December 	 +0.1752000000000000E+005	 +0.1001155437082446E+005	 +0.2892578332942110E+004	 +0.1290413270376662E+005	
  
	Maximum Instantaneous Values
	Label not available                                                                                                                                                                                                                                                                                         	Label not available                                                                                                                                                                                                                                                                                         	Label not available                                                                                                                                                                                                                                                                                         	Label not available                                                                                                                                                                                                                                                                                         	
Maximum Value	 +0.1752000000000000E+005	 +0.4880064047647444E+002	 +0.1341054652267983E+002	 +0.5882825365310865E+002	
Time of Maximum	 +0.1752000000000000E+005	 +0.1455256666666667E+005	 +0.1463010000000000E+005	 +0.1455256666666667E+005	
  
	Minimum Instantaneous Values
	Label not available                                                                                                                                                                                                                                                                                         	Label not available                                                                                                                                                                                                                                                                                         	Label not available                                                                                                                                                                                                                                                                                         	Label not available                                                                                                                                                                                                                                                                                         	
Minimum Value	 +0.7300033333333334E+004	 +0.0000000000000000E+000	 +0.0000000000000000E+000	 +0.0000000000000000E+000	
Time of Minimum	 +0.7300033333333334E+004	 +0.1752000000000000E+005	 +0.1752000000000000E+005	 +0.1752000000000000E+005	
  
	Maximum Integrated Values
	Label not available                                                                                                                                                                                                                                                                                         	Label not available                                                                                                                                                                                                                                                                                         	Label not available                                                                                                                                                                                                                                                                                         	Label not available                                                                                                                                                                                                                                                                                         	
Maximum Value	 +0.1752000000000000E+005	 +0.1079318167728573E+005	 +0.3294312699551055E+004	 +0.1408749437683675E+005	
Time of Maximum	 +0.1752000000000000E+005	 +0.9504000000000000E+004	 +0.9504000000000000E+004	 +0.9504000000000000E+004	
  
	Minimum Integrated Values
	Label not available                                                                                                                                                                                                                                                                                         	Label not available                                                                                                                                                                                                                                                                                         	Label not available                                                                                                                                                                                                                                                                                         	Label not available                                                                                                                                                                                                                                                                                         	
Minimum Value	 +0.8016000000000000E+004	 +0.5706806285822493E+003	 +0.1495004667676382E+003	 +0.7201810953498871E+003	
Time of Minimum	 +0.8016000000000000E+004	 +0.1384800000000000E+005	 +0.1384800000000000E+005	 +0.1384800000000000E+005	
  
	Sum (note: sums are set to zero for inputs that were not integrated.)
	Label not available                                                                                                                                                                                                                                                                                         	Label not available                                                                                                                                                                                                                                                                                         	Label not available                                                                                                                                                                                                                                                                                         	Label not available                                                                                                                                                                                                                                                                                         	
Total	 +0.0000000000000000E+000	 +0.8075611335316340E+005	 +0.2271334770087493E+005	 +0.1034694610540399E+006	
