 	Label not available                                                                                                                                                                                                                                                                                         	Label not available                                                                                                                                                                                                                                                                                         	Label not available                                                                                                                                                                                                                                                                                         	Label not available                                                                                                                                                                                                                                                                                         	
Month 	TIME                     	QSnk243PauxEvap_kW       	QSnk243PelAuxComp_kW     	QSnk243PauxCondSwitch_kW 	
November 	 +0.8016000000000000E+004	 +0.9061803758998186E+005	 +0.2418452991195297E+005	 +0.1148025675019350E+006	
December 	 +0.8760000000000000E+004	 +0.1192674412150485E+006	 +0.3417687498340022E+005	 +0.1534443161984489E+006	
January  	 +0.9504000000000000E+004	 +0.1301278157423753E+006	 +0.3909050341974056E+005	 +0.1692183191621176E+006	
February 	 +0.1017600000000000E+005	 +0.1082833759116708E+006	 +0.3313502807938951E+005	 +0.1414184039910609E+006	
March    	 +0.1092000000000000E+005	 +0.8863928691877521E+005	 +0.2604479527056562E+005	 +0.1146840821893405E+006	
April    	 +0.1164000000000000E+005	 +0.6159669291090923E+005	 +0.1680449745134044E+005	 +0.7840119036224972E+005	
May      	 +0.1238400000000000E+005	 +0.3178374261452894E+005	 +0.8213283560300602E+004	 +0.3999702617482960E+005	
June     	 +0.1310400000000000E+005	 +0.1078624173406717E+005	 +0.2689524533002313E+004	 +0.1347576626706948E+005	
July     	 +0.1384800000000000E+005	 +0.3877892333516254E+004	 +0.1032945110277135E+004	 +0.4910837443793394E+004	
August   	 +0.1459200000000000E+005	 +0.8405596445063145E+004	 +0.1967260177264782E+004	 +0.1037285662232790E+005	
September	 +0.1531200000000000E+005	 +0.1976982428747222E+005	 +0.4482341536527380E+004	 +0.2425216582399961E+005	
October  	 +0.1605600000000000E+005	 +0.5480663811233980E+005	 +0.1308193256238057E+005	 +0.6788857067472041E+005	
November 	 +0.1677600000000000E+005	 +0.8981189226332650E+005	 +0.2390991096508112E+005	 +0.1137218032284078E+006	
December 	 +0.1752000000000000E+005	 +0.1192816446744791E+006	 +0.3420388644563859E+005	 +0.1534855311201175E+006	
  
	Maximum Instantaneous Values
	Label not available                                                                                                                                                                                                                                                                                         	Label not available                                                                                                                                                                                                                                                                                         	Label not available                                                                                                                                                                                                                                                                                         	Label not available                                                                                                                                                                                                                                                                                         	
Maximum Value	 +0.1752000000000000E+005	 +0.5359571971566694E+003	 +0.1505113170778368E+003	 +0.6479767524742547E+003	
Time of Maximum	 +0.1752000000000000E+005	 +0.1455270000000000E+005	 +0.1466133333333333E+005	 +0.1455270000000000E+005	
  
	Minimum Instantaneous Values
	Label not available                                                                                                                                                                                                                                                                                         	Label not available                                                                                                                                                                                                                                                                                         	Label not available                                                                                                                                                                                                                                                                                         	Label not available                                                                                                                                                                                                                                                                                         	
Minimum Value	 +0.7300033333333334E+004	 +0.0000000000000000E+000	 +0.0000000000000000E+000	 +0.0000000000000000E+000	
Time of Minimum	 +0.7300033333333334E+004	 +0.1752000000000000E+005	 +0.1752000000000000E+005	 +0.1752000000000000E+005	
  
	Maximum Integrated Values
	Label not available                                                                                                                                                                                                                                                                                         	Label not available                                                                                                                                                                                                                                                                                         	Label not available                                                                                                                                                                                                                                                                                         	Label not available                                                                                                                                                                                                                                                                                         	
Maximum Value	 +0.1752000000000000E+005	 +0.1301278157423753E+006	 +0.3909050341974056E+005	 +0.1692183191621176E+006	
Time of Maximum	 +0.1752000000000000E+005	 +0.9504000000000000E+004	 +0.9504000000000000E+004	 +0.9504000000000000E+004	
  
	Minimum Integrated Values
	Label not available                                                                                                                                                                                                                                                                                         	Label not available                                                                                                                                                                                                                                                                                         	Label not available                                                                                                                                                                                                                                                                                         	Label not available                                                                                                                                                                                                                                                                                         	
Minimum Value	 +0.8016000000000000E+004	 +0.3877892333516254E+004	 +0.1032945110277135E+004	 +0.4910837443793394E+004	
Time of Minimum	 +0.8016000000000000E+004	 +0.1384800000000000E+005	 +0.1384800000000000E+005	 +0.1384800000000000E+005	
  
	Sum (note: sums are set to zero for inputs that were not integrated.)
	Label not available                                                                                                                                                                                                                                                                                         	Label not available                                                                                                                                                                                                                                                                                         	Label not available                                                                                                                                                                                                                                                                                         	Label not available                                                                                                                                                                                                                                                                                         	
Total	 +0.0000000000000000E+000	 +0.9370561227535419E+006	 +0.2630173140068610E+006	 +0.1200073436760399E+007	
