 	Label not available                                                                                                                                                                                                                                                                                         	Label not available                                                                                                                                                                                                                                                                                         	Label not available                                                                                                                                                                                                                                                                                         	Label not available                                                                                                                                                                                                                                                                                         	
Month 	TIME                     	QSnk191PauxEvap_kW       	QSnk191PelAuxComp_kW     	QSnk191PauxCondSwitch_kW 	
November 	 +0.8016000000000000E+004	 +0.3840498809064986E+005	 +0.1021345625567423E+005	 +0.4861844434632438E+005	
December 	 +0.8760000000000000E+004	 +0.4976625503843311E+005	 +0.1428748838582138E+005	 +0.6405374342425464E+005	
January  	 +0.9504000000000000E+004	 +0.5369628081276212E+005	 +0.1628081493236738E+005	 +0.6997709574512915E+005	
February 	 +0.1017600000000000E+005	 +0.4460286006000591E+005	 +0.1364495821192976E+005	 +0.5824781827193576E+005	
March    	 +0.1092000000000000E+005	 +0.3746596523543135E+005	 +0.1079426527327049E+005	 +0.4826023050870182E+005	
April    	 +0.1164000000000000E+005	 +0.2682229367442567E+005	 +0.7065159507753046E+004	 +0.3388745318217859E+005	
May      	 +0.1238400000000000E+005	 +0.1490630130743638E+005	 +0.3629971727313574E+004	 +0.1853627303475000E+005	
June     	 +0.1310400000000000E+005	 +0.5412094189160510E+004	 +0.1253483632252914E+004	 +0.6665577821413435E+004	
July     	 +0.1384800000000000E+005	 +0.2446536852342401E+004	 +0.5820618660974984E+003	 +0.3028598718439896E+004	
August   	 +0.1459200000000000E+005	 +0.4401358992134485E+004	 +0.9901517435856641E+003	 +0.5391510735720149E+004	
September	 +0.1531200000000000E+005	 +0.1009423589861203E+005	 +0.2243249545668668E+004	 +0.1233748544428070E+005	
October  	 +0.1605600000000000E+005	 +0.2400287964095002E+005	 +0.5659136259863064E+004	 +0.2966201590081294E+005	
November 	 +0.1677600000000000E+005	 +0.3817966104799722E+005	 +0.1013943816072207E+005	 +0.4831909920871914E+005	
December 	 +0.1752000000000000E+005	 +0.4976931213406446E+005	 +0.1430266457152755E+005	 +0.6407197670559177E+005	
  
	Maximum Instantaneous Values
	Label not available                                                                                                                                                                                                                                                                                         	Label not available                                                                                                                                                                                                                                                                                         	Label not available                                                                                                                                                                                                                                                                                         	Label not available                                                                                                                                                                                                                                                                                         	
Maximum Value	 +0.1752000000000000E+005	 +0.2483947215622191E+003	 +0.6713528181230278E+002	 +0.2983018402888896E+003	
Time of Maximum	 +0.1752000000000000E+005	 +0.1407270000000000E+005	 +0.1431356666666667E+005	 +0.1407270000000000E+005	
  
	Minimum Instantaneous Values
	Label not available                                                                                                                                                                                                                                                                                         	Label not available                                                                                                                                                                                                                                                                                         	Label not available                                                                                                                                                                                                                                                                                         	Label not available                                                                                                                                                                                                                                                                                         	
Minimum Value	 +0.7300033333333334E+004	 +0.0000000000000000E+000	 +0.0000000000000000E+000	 +0.0000000000000000E+000	
Time of Minimum	 +0.7300033333333334E+004	 +0.1752000000000000E+005	 +0.1752000000000000E+005	 +0.1752000000000000E+005	
  
	Maximum Integrated Values
	Label not available                                                                                                                                                                                                                                                                                         	Label not available                                                                                                                                                                                                                                                                                         	Label not available                                                                                                                                                                                                                                                                                         	Label not available                                                                                                                                                                                                                                                                                         	
Maximum Value	 +0.1752000000000000E+005	 +0.5369628081276212E+005	 +0.1628081493236738E+005	 +0.6997709574512915E+005	
Time of Maximum	 +0.1752000000000000E+005	 +0.9504000000000000E+004	 +0.9504000000000000E+004	 +0.9504000000000000E+004	
  
	Minimum Integrated Values
	Label not available                                                                                                                                                                                                                                                                                         	Label not available                                                                                                                                                                                                                                                                                         	Label not available                                                                                                                                                                                                                                                                                         	Label not available                                                                                                                                                                                                                                                                                         	
Minimum Value	 +0.8016000000000000E+004	 +0.2446536852342401E+004	 +0.5820618660974984E+003	 +0.3028598718439896E+004	
Time of Minimum	 +0.8016000000000000E+004	 +0.1384800000000000E+005	 +0.1384800000000000E+005	 +0.1384800000000000E+005	
  
	Sum (note: sums are set to zero for inputs that were not integrated.)
	Label not available                                                                                                                                                                                                                                                                                         	Label not available                                                                                                                                                                                                                                                                                         	Label not available                                                                                                                                                                                                                                                                                         	Label not available                                                                                                                                                                                                                                                                                         	
Total	 +0.0000000000000000E+000	 +0.3999710229744051E+006	 +0.1110863000738484E+006	 +0.5110573230482605E+006	
