 	Label not available                                                                                                                                                                                                                                                                                         	Label not available                                                                                                                                                                                                                                                                                         	Label not available                                                                                                                                                                                                                                                                                         	Label not available                                                                                                                                                                                                                                                                                         	
Month 	TIME                     	QSnk85PauxEvap_kW        	QSnk85PelAuxComp_kW      	QSnk85PauxCondSwitch_kW  	
November 	 +0.8016000000000000E+004	 +0.7250953903391703E+005	 +0.1937810341948084E+005	 +0.9188764245339752E+005	
December 	 +0.8760000000000000E+004	 +0.9398430114542985E+005	 +0.2715141336528990E+005	 +0.1211357145107207E+006	
January  	 +0.9504000000000000E+004	 +0.1013481071476258E+006	 +0.3103022650694125E+005	 +0.1323783336545672E+006	
February 	 +0.1017600000000000E+005	 +0.8440355349068365E+005	 +0.2608589617864878E+005	 +0.1104894496693320E+006	
March    	 +0.1092000000000000E+005	 +0.7034246614903677E+005	 +0.2049613833543585E+005	 +0.9083860448447336E+005	
April    	 +0.1164000000000000E+005	 +0.5049962769060436E+005	 +0.1348467632723215E+005	 +0.6398430401783619E+005	
May      	 +0.1238400000000000E+005	 +0.2795003483474268E+005	 +0.6938137926674117E+004	 +0.3488817276141679E+005	
June     	 +0.1310400000000000E+005	 +0.1019978818124213E+005	 +0.2406352873735345E+004	 +0.1260614105497748E+005	
July     	 +0.1384800000000000E+005	 +0.4316471021725944E+004	 +0.1055371969414152E+004	 +0.5371842991140098E+004	
August   	 +0.1459200000000000E+005	 +0.8232136539532497E+004	 +0.1863242093196207E+004	 +0.1009537863272872E+005	
September	 +0.1531200000000000E+005	 +0.1884717594523552E+005	 +0.4187410670283789E+004	 +0.2303458661551926E+005	
October  	 +0.1605600000000000E+005	 +0.4553687618662544E+005	 +0.1073993510137319E+005	 +0.5627681128799884E+005	
November 	 +0.1677600000000000E+005	 +0.7192651160549080E+005	 +0.1917264712299047E+005	 +0.9109915872848120E+005	
December 	 +0.1752000000000000E+005	 +0.9395940673390079E+005	 +0.2716454845353529E+005	 +0.1211239551874364E+006	
  
	Maximum Instantaneous Values
	Label not available                                                                                                                                                                                                                                                                                         	Label not available                                                                                                                                                                                                                                                                                         	Label not available                                                                                                                                                                                                                                                                                         	Label not available                                                                                                                                                                                                                                                                                         	
Maximum Value	 +0.1752000000000000E+005	 +0.4904152252896848E+003	 +0.1341022127863099E+003	 +0.5902824905196770E+003	
Time of Maximum	 +0.1752000000000000E+005	 +0.1392996666666667E+005	 +0.1443493333333333E+005	 +0.1392996666666667E+005	
  
	Minimum Instantaneous Values
	Label not available                                                                                                                                                                                                                                                                                         	Label not available                                                                                                                                                                                                                                                                                         	Label not available                                                                                                                                                                                                                                                                                         	Label not available                                                                                                                                                                                                                                                                                         	
Minimum Value	 +0.7300033333333334E+004	 +0.0000000000000000E+000	 +0.0000000000000000E+000	 +0.0000000000000000E+000	
Time of Minimum	 +0.7300033333333334E+004	 +0.1752000000000000E+005	 +0.1752000000000000E+005	 +0.1752000000000000E+005	
  
	Maximum Integrated Values
	Label not available                                                                                                                                                                                                                                                                                         	Label not available                                                                                                                                                                                                                                                                                         	Label not available                                                                                                                                                                                                                                                                                         	Label not available                                                                                                                                                                                                                                                                                         	
Maximum Value	 +0.1752000000000000E+005	 +0.1013481071476258E+006	 +0.3103022650694125E+005	 +0.1323783336545672E+006	
Time of Maximum	 +0.1752000000000000E+005	 +0.9504000000000000E+004	 +0.9504000000000000E+004	 +0.9504000000000000E+004	
  
	Minimum Integrated Values
	Label not available                                                                                                                                                                                                                                                                                         	Label not available                                                                                                                                                                                                                                                                                         	Label not available                                                                                                                                                                                                                                                                                         	Label not available                                                                                                                                                                                                                                                                                         	
Minimum Value	 +0.8016000000000000E+004	 +0.4316471021725944E+004	 +0.1055371969414152E+004	 +0.5371842991140098E+004	
Time of Minimum	 +0.8016000000000000E+004	 +0.1384800000000000E+005	 +0.1384800000000000E+005	 +0.1384800000000000E+005	
  
	Sum (note: sums are set to zero for inputs that were not integrated.)
	Label not available                                                                                                                                                                                                                                                                                         	Label not available                                                                                                                                                                                                                                                                                         	Label not available                                                                                                                                                                                                                                                                                         	Label not available                                                                                                                                                                                                                                                                                         	
Total	 +0.0000000000000000E+000	 +0.7540559957057973E+006	 +0.2111541003442311E+006	 +0.9652100960500278E+006	
