 	Label not available                                                                                                                                                                                                                                                                                         	Label not available                                                                                                                                                                                                                                                                                         	Label not available                                                                                                                                                                                                                                                                                         	Label not available                                                                                                                                                                                                                                                                                         	
Month 	TIME                     	QSnk524PauxEvap_kW       	QSnk524PelAuxComp_kW     	QSnk524PauxCondSwitch_kW 	
November 	 +0.8016000000000000E+004	 +0.3366994475456829E+005	 +0.9020055598392442E+004	 +0.4269000035296046E+005	
December 	 +0.8760000000000000E+004	 +0.4427865167330676E+005	 +0.1273485035296707E+005	 +0.5701350202627371E+005	
January  	 +0.9504000000000000E+004	 +0.4826369569164859E+005	 +0.1456137031231887E+005	 +0.6282506600396723E+005	
February 	 +0.1017600000000000E+005	 +0.4019250742513466E+005	 +0.1232761279894790E+005	 +0.5252012022408258E+005	
March    	 +0.1092000000000000E+005	 +0.3282385233153318E+005	 +0.9721528809522340E+004	 +0.4254538114105557E+005	
April    	 +0.1164000000000000E+005	 +0.2296150943952284E+005	 +0.6348268704133560E+004	 +0.2930977814365627E+005	
May      	 +0.1238400000000000E+005	 +0.1184697024107416E+005	 +0.3111180335078736E+004	 +0.1495815057615297E+005	
June     	 +0.1310400000000000E+005	 +0.4118419005696849E+004	 +0.1059201942659296E+004	 +0.5177620948356141E+004	
July     	 +0.1384800000000000E+005	 +0.1443467457871128E+004	 +0.4096983805472373E+003	 +0.1853165838418364E+004	
August   	 +0.1459200000000000E+005	 +0.3344976523977857E+004	 +0.8012992630667118E+003	 +0.4146275787044568E+004	
September	 +0.1531200000000000E+005	 +0.7427993423951327E+004	 +0.1707603202422143E+004	 +0.9135596626373461E+004	
October  	 +0.1605600000000000E+005	 +0.2040424044340714E+005	 +0.4896411514459703E+004	 +0.2530065195786681E+005	
November 	 +0.1677600000000000E+005	 +0.3336946376385001E+005	 +0.8915142634027148E+004	 +0.4228460639787731E+005	
December 	 +0.1752000000000000E+005	 +0.4428499570672853E+005	 +0.1274213244046150E+005	 +0.5702712814718958E+005	
  
	Maximum Instantaneous Values
	Label not available                                                                                                                                                                                                                                                                                         	Label not available                                                                                                                                                                                                                                                                                         	Label not available                                                                                                                                                                                                                                                                                         	Label not available                                                                                                                                                                                                                                                                                         	
Maximum Value	 +0.1752000000000000E+005	 +0.1976215944585968E+003	 +0.5580546538352256E+002	 +0.2390121991523377E+003	
Time of Maximum	 +0.1752000000000000E+005	 +0.1452333333333333E+005	 +0.1450630000000000E+005	 +0.1452333333333333E+005	
  
	Minimum Instantaneous Values
	Label not available                                                                                                                                                                                                                                                                                         	Label not available                                                                                                                                                                                                                                                                                         	Label not available                                                                                                                                                                                                                                                                                         	Label not available                                                                                                                                                                                                                                                                                         	
Minimum Value	 +0.7300033333333334E+004	 +0.0000000000000000E+000	 +0.0000000000000000E+000	 +0.0000000000000000E+000	
Time of Minimum	 +0.7300033333333334E+004	 +0.1752000000000000E+005	 +0.1752000000000000E+005	 +0.1752000000000000E+005	
  
	Maximum Integrated Values
	Label not available                                                                                                                                                                                                                                                                                         	Label not available                                                                                                                                                                                                                                                                                         	Label not available                                                                                                                                                                                                                                                                                         	Label not available                                                                                                                                                                                                                                                                                         	
Maximum Value	 +0.1752000000000000E+005	 +0.4826369569164859E+005	 +0.1456137031231887E+005	 +0.6282506600396723E+005	
Time of Maximum	 +0.1752000000000000E+005	 +0.9504000000000000E+004	 +0.9504000000000000E+004	 +0.9504000000000000E+004	
  
	Minimum Integrated Values
	Label not available                                                                                                                                                                                                                                                                                         	Label not available                                                                                                                                                                                                                                                                                         	Label not available                                                                                                                                                                                                                                                                                         	Label not available                                                                                                                                                                                                                                                                                         	
Minimum Value	 +0.8016000000000000E+004	 +0.1443467457871128E+004	 +0.4096983805472373E+003	 +0.1853165838418364E+004	
Time of Minimum	 +0.8016000000000000E+004	 +0.1384800000000000E+005	 +0.1384800000000000E+005	 +0.1384800000000000E+005	
  
	Sum (note: sums are set to zero for inputs that were not integrated.)
	Label not available                                                                                                                                                                                                                                                                                         	Label not available                                                                                                                                                                                                                                                                                         	Label not available                                                                                                                                                                                                                                                                                         	Label not available                                                                                                                                                                                                                                                                                         	
Total	 +0.0000000000000000E+000	 +0.3484306878822677E+006	 +0.9835635628900473E+005	 +0.4467870441712727E+006	
