 	Label not available                                                                                                                                                                                                                                                                                         	Label not available                                                                                                                                                                                                                                                                                         	Label not available                                                                                                                                                                                                                                                                                         	Label not available                                                                                                                                                                                                                                                                                         	
Month 	TIME                     	QSnk131PauxEvap_kW       	QSnk131PelAuxComp_kW     	QSnk131PauxCondSwitch_kW 	
November 	 +0.8016000000000000E+004	 +0.1226246812713476E+005	 +0.3327771268116127E+004	 +0.1559023939525088E+005	
December 	 +0.8760000000000000E+004	 +0.1558927857890046E+005	 +0.4596859237150966E+004	 +0.2018613781605130E+005	
January  	 +0.9504000000000000E+004	 +0.1672502244332809E+005	 +0.5260137551389652E+004	 +0.2198515999471778E+005	
February 	 +0.1017600000000000E+005	 +0.1386041263742618E+005	 +0.4441517074017142E+004	 +0.1830192971144329E+005	
March    	 +0.1092000000000000E+005	 +0.1169772095596742E+005	 +0.3596952541494564E+004	 +0.1529467349746195E+005	
April    	 +0.1164000000000000E+005	 +0.8560826310728458E+004	 +0.2454529543677338E+004	 +0.1101535585440583E+005	
May      	 +0.1238400000000000E+005	 +0.5060779711422980E+004	 +0.1387867023317305E+004	 +0.6448646734740271E+004	
June     	 +0.1310400000000000E+005	 +0.2056407640733159E+004	 +0.5483316748220379E+003	 +0.2604739315555198E+004	
July     	 +0.1384800000000000E+005	 +0.1094590324919275E+004	 +0.2955809612116180E+003	 +0.1390171286130891E+004	
August   	 +0.1459200000000000E+005	 +0.1723338412052232E+004	 +0.4143322413350919E+003	 +0.2137670653387325E+004	
September	 +0.1531200000000000E+005	 +0.3710341090342808E+004	 +0.8535648777411418E+003	 +0.4563905968083956E+004	
October  	 +0.1605600000000000E+005	 +0.7995510661620012E+004	 +0.1931288437398488E+004	 +0.9926799099018463E+004	
November 	 +0.1677600000000000E+005	 +0.1218806291405127E+005	 +0.3295945158152004E+004	 +0.1548400807220328E+005	
December 	 +0.1752000000000000E+005	 +0.1559087199234975E+005	 +0.4597480383329174E+004	 +0.2018835237567896E+005	
  
	Maximum Instantaneous Values
	Label not available                                                                                                                                                                                                                                                                                         	Label not available                                                                                                                                                                                                                                                                                         	Label not available                                                                                                                                                                                                                                                                                         	Label not available                                                                                                                                                                                                                                                                                         	
Maximum Value	 +0.1752000000000000E+005	 +0.7762301851129735E+002	 +0.2224726653090316E+002	 +0.9426812928096463E+002	
Time of Maximum	 +0.1752000000000000E+005	 +0.1472140000000000E+005	 +0.1478993333333333E+005	 +0.1472140000000000E+005	
  
	Minimum Instantaneous Values
	Label not available                                                                                                                                                                                                                                                                                         	Label not available                                                                                                                                                                                                                                                                                         	Label not available                                                                                                                                                                                                                                                                                         	Label not available                                                                                                                                                                                                                                                                                         	
Minimum Value	 +0.7300033333333334E+004	 +0.0000000000000000E+000	 +0.0000000000000000E+000	 +0.0000000000000000E+000	
Time of Minimum	 +0.7300033333333334E+004	 +0.1752000000000000E+005	 +0.1752000000000000E+005	 +0.1752000000000000E+005	
  
	Maximum Integrated Values
	Label not available                                                                                                                                                                                                                                                                                         	Label not available                                                                                                                                                                                                                                                                                         	Label not available                                                                                                                                                                                                                                                                                         	Label not available                                                                                                                                                                                                                                                                                         	
Maximum Value	 +0.1752000000000000E+005	 +0.1672502244332809E+005	 +0.5260137551389652E+004	 +0.2198515999471778E+005	
Time of Maximum	 +0.1752000000000000E+005	 +0.9504000000000000E+004	 +0.9504000000000000E+004	 +0.9504000000000000E+004	
  
	Minimum Integrated Values
	Label not available                                                                                                                                                                                                                                                                                         	Label not available                                                                                                                                                                                                                                                                                         	Label not available                                                                                                                                                                                                                                                                                         	Label not available                                                                                                                                                                                                                                                                                         	
Minimum Value	 +0.8016000000000000E+004	 +0.1094590324919275E+004	 +0.2955809612116180E+003	 +0.1390171286130891E+004	
Time of Minimum	 +0.8016000000000000E+004	 +0.1384800000000000E+005	 +0.1384800000000000E+005	 +0.1384800000000000E+005	
  
	Sum (note: sums are set to zero for inputs that were not integrated.)
	Label not available                                                                                                                                                                                                                                                                                         	Label not available                                                                                                                                                                                                                                                                                         	Label not available                                                                                                                                                                                                                                                                                         	Label not available                                                                                                                                                                                                                                                                                         	
Total	 +0.0000000000000000E+000	 +0.1281156318009764E+006	 +0.3700215797315301E+005	 +0.1651177897741301E+006	
