 	Label not available                                                                                                                                                                                                                                                                                         	Label not available                                                                                                                                                                                                                                                                                         	Label not available                                                                                                                                                                                                                                                                                         	Label not available                                                                                                                                                                                                                                                                                         	
Month 	TIME                     	QSnk322PauxEvap_kW       	QSnk322PelAuxComp_kW     	QSnk322PauxCondSwitch_kW 	
November 	 +0.8016000000000000E+004	 +0.3304473349720291E+005	 +0.8841310489565518E+004	 +0.4188604398676818E+005	
December 	 +0.8760000000000000E+004	 +0.4210303078179399E+005	 +0.1220961718776629E+005	 +0.5431264796956009E+005	
January  	 +0.9504000000000000E+004	 +0.4513861704933232E+005	 +0.1394673995174849E+005	 +0.5908535700108120E+005	
February 	 +0.1017600000000000E+005	 +0.3748799490698066E+005	 +0.1170517860422940E+005	 +0.4919317351121036E+005	
March    	 +0.1092000000000000E+005	 +0.3168185506856616E+005	 +0.9348551821161853E+004	 +0.4103040688972810E+005	
April    	 +0.1164000000000000E+005	 +0.2322416018115287E+005	 +0.6312570350885595E+004	 +0.2953673053203847E+005	
May      	 +0.1238400000000000E+005	 +0.1370328828348458E+005	 +0.3491128144055390E+004	 +0.1719441642753991E+005	
June     	 +0.1310400000000000E+005	 +0.5459536329304136E+004	 +0.1333979955985859E+004	 +0.6793516285289997E+004	
July     	 +0.1384800000000000E+005	 +0.2944683621479062E+004	 +0.7270480383291663E+003	 +0.3671731659808233E+004	
August   	 +0.1459200000000000E+005	 +0.4357757686004205E+004	 +0.1001069614776472E+004	 +0.5358827300780687E+004	
September	 +0.1531200000000000E+005	 +0.9927571241478523E+004	 +0.2227870190794579E+004	 +0.1215544143227310E+005	
October  	 +0.1605600000000000E+005	 +0.2147152283042596E+005	 +0.5097566111379671E+004	 +0.2656908894180557E+005	
November 	 +0.1677600000000000E+005	 +0.3283999446109860E+005	 +0.8759160437137472E+004	 +0.4159915489823616E+005	
December 	 +0.1752000000000000E+005	 +0.4208530906200189E+005	 +0.1220690747769884E+005	 +0.5429221653970099E+005	
  
	Maximum Instantaneous Values
	Label not available                                                                                                                                                                                                                                                                                         	Label not available                                                                                                                                                                                                                                                                                         	Label not available                                                                                                                                                                                                                                                                                         	Label not available                                                                                                                                                                                                                                                                                         	
Maximum Value	 +0.1752000000000000E+005	 +0.2161690088638377E+003	 +0.6020003878350969E+002	 +0.2610038104767400E+003	
Time of Maximum	 +0.1752000000000000E+005	 +0.1385986666666667E+005	 +0.1388853333333333E+005	 +0.1385986666666667E+005	
  
	Minimum Instantaneous Values
	Label not available                                                                                                                                                                                                                                                                                         	Label not available                                                                                                                                                                                                                                                                                         	Label not available                                                                                                                                                                                                                                                                                         	Label not available                                                                                                                                                                                                                                                                                         	
Minimum Value	 +0.7300033333333334E+004	 +0.0000000000000000E+000	 +0.0000000000000000E+000	 +0.0000000000000000E+000	
Time of Minimum	 +0.7300033333333334E+004	 +0.1752000000000000E+005	 +0.1752000000000000E+005	 +0.1752000000000000E+005	
  
	Maximum Integrated Values
	Label not available                                                                                                                                                                                                                                                                                         	Label not available                                                                                                                                                                                                                                                                                         	Label not available                                                                                                                                                                                                                                                                                         	Label not available                                                                                                                                                                                                                                                                                         	
Maximum Value	 +0.1752000000000000E+005	 +0.4513861704933232E+005	 +0.1394673995174849E+005	 +0.5908535700108120E+005	
Time of Maximum	 +0.1752000000000000E+005	 +0.9504000000000000E+004	 +0.9504000000000000E+004	 +0.9504000000000000E+004	
  
	Minimum Integrated Values
	Label not available                                                                                                                                                                                                                                                                                         	Label not available                                                                                                                                                                                                                                                                                         	Label not available                                                                                                                                                                                                                                                                                         	Label not available                                                                                                                                                                                                                                                                                         	
Minimum Value	 +0.8016000000000000E+004	 +0.2944683621479062E+004	 +0.7270480383291663E+003	 +0.3671731659808233E+004	
Time of Minimum	 +0.8016000000000000E+004	 +0.1384800000000000E+005	 +0.1384800000000000E+005	 +0.1384800000000000E+005	
  
	Sum (note: sums are set to zero for inputs that were not integrated.)
	Label not available                                                                                                                                                                                                                                                                                         	Label not available                                                                                                                                                                                                                                                                                         	Label not available                                                                                                                                                                                                                                                                                         	Label not available                                                                                                                                                                                                                                                                                         	
Total	 +0.0000000000000000E+000	 +0.3454700550003019E+006	 +0.9720869837551526E+005	 +0.4426787533758226E+006	
