 	Label not available                                                                                                                                                                                                                                                                                         	Label not available                                                                                                                                                                                                                                                                                         	Label not available                                                                                                                                                                                                                                                                                         	Label not available                                                                                                                                                                                                                                                                                         	
Month 	TIME                     	QSnk539PauxEvap_kW       	QSnk539PelAuxComp_kW     	QSnk539PauxCondSwitch_kW 	
November 	 +0.8016000000000000E+004	 +0.1921848923603316E+005	 +0.5165678663235757E+004	 +0.2438416789926899E+005	
December 	 +0.8760000000000000E+004	 +0.2490800719137362E+005	 +0.7209768147474298E+004	 +0.3211777533884779E+005	
January  	 +0.9504000000000000E+004	 +0.2686454545600019E+005	 +0.8212294010187677E+004	 +0.3507683946618819E+005	
February 	 +0.1017600000000000E+005	 +0.2229727084093137E+005	 +0.6906295973845101E+004	 +0.2920356681477640E+005	
March    	 +0.1092000000000000E+005	 +0.1865836729946712E+005	 +0.5503614299177892E+004	 +0.2416198159864518E+005	
April    	 +0.1164000000000000E+005	 +0.1342166481497691E+005	 +0.3671061577055861E+004	 +0.1709272639203276E+005	
May      	 +0.1238400000000000E+005	 +0.7419524908975005E+004	 +0.1914303458921335E+004	 +0.9333828367896354E+004	
June     	 +0.1310400000000000E+005	 +0.2695462963525752E+004	 +0.6833509557946973E+003	 +0.3378813919320451E+004	
July     	 +0.1384800000000000E+005	 +0.1336009076779040E+004	 +0.3511235733821898E+003	 +0.1687132650161233E+004	
August   	 +0.1459200000000000E+005	 +0.2199635327013083E+004	 +0.5232772773008211E+003	 +0.2722912604313904E+004	
September	 +0.1531200000000000E+005	 +0.5088343905815634E+004	 +0.1161025672232999E+004	 +0.6249369578048638E+004	
October  	 +0.1605600000000000E+005	 +0.1204685930800747E+005	 +0.2888179905603663E+004	 +0.1493503921361113E+005	
November 	 +0.1677600000000000E+005	 +0.1910725017301882E+005	 +0.5122725028316578E+004	 +0.2422997520133551E+005	
December 	 +0.1752000000000000E+005	 +0.2490858078599074E+005	 +0.7212334279230515E+004	 +0.3212091506522119E+005	
  
	Maximum Instantaneous Values
	Label not available                                                                                                                                                                                                                                                                                         	Label not available                                                                                                                                                                                                                                                                                         	Label not available                                                                                                                                                                                                                                                                                         	Label not available                                                                                                                                                                                                                                                                                         	
Maximum Value	 +0.1752000000000000E+005	 +0.1203631513394982E+003	 +0.3348061813432025E+002	 +0.1451993508674596E+003	
Time of Maximum	 +0.1752000000000000E+005	 +0.1450650000000000E+005	 +0.1393103333333333E+005	 +0.1450650000000000E+005	
  
	Minimum Instantaneous Values
	Label not available                                                                                                                                                                                                                                                                                         	Label not available                                                                                                                                                                                                                                                                                         	Label not available                                                                                                                                                                                                                                                                                         	Label not available                                                                                                                                                                                                                                                                                         	
Minimum Value	 +0.7300033333333334E+004	 +0.0000000000000000E+000	 +0.0000000000000000E+000	 +0.0000000000000000E+000	
Time of Minimum	 +0.7300033333333334E+004	 +0.1752000000000000E+005	 +0.1752000000000000E+005	 +0.1752000000000000E+005	
  
	Maximum Integrated Values
	Label not available                                                                                                                                                                                                                                                                                         	Label not available                                                                                                                                                                                                                                                                                         	Label not available                                                                                                                                                                                                                                                                                         	Label not available                                                                                                                                                                                                                                                                                         	
Maximum Value	 +0.1752000000000000E+005	 +0.2686454545600019E+005	 +0.8212294010187677E+004	 +0.3507683946618819E+005	
Time of Maximum	 +0.1752000000000000E+005	 +0.9504000000000000E+004	 +0.9504000000000000E+004	 +0.9504000000000000E+004	
  
	Minimum Integrated Values
	Label not available                                                                                                                                                                                                                                                                                         	Label not available                                                                                                                                                                                                                                                                                         	Label not available                                                                                                                                                                                                                                                                                         	Label not available                                                                                                                                                                                                                                                                                         	
Minimum Value	 +0.8016000000000000E+004	 +0.1336009076779040E+004	 +0.3511235733821898E+003	 +0.1687132650161233E+004	
Time of Minimum	 +0.8016000000000000E+004	 +0.1384800000000000E+005	 +0.1384800000000000E+005	 +0.1384800000000000E+005	
  
	Sum (note: sums are set to zero for inputs that were not integrated.)
	Label not available                                                                                                                                                                                                                                                                                         	Label not available                                                                                                                                                                                                                                                                                         	Label not available                                                                                                                                                                                                                                                                                         	Label not available                                                                                                                                                                                                                                                                                         	
Total	 +0.0000000000000000E+000	 +0.2001700112879060E+006	 +0.5652503282175972E+005	 +0.2566950441096660E+006	
