 	Label not available                                                                                                                                                                                                                                                                                         	Label not available                                                                                                                                                                                                                                                                                         	Label not available                                                                                                                                                                                                                                                                                         	Label not available                                                                                                                                                                                                                                                                                         	
Month 	TIME                     	QSnk183PauxEvap_kW       	QSnk183PelAuxComp_kW     	QSnk183PauxCondSwitch_kW 	
November 	 +0.8016000000000000E+004	 +0.2080720487012542E+004	 +0.5601131814411331E+003	 +0.2640833668453684E+004	
December 	 +0.8760000000000000E+004	 +0.2718636545943004E+004	 +0.7835019333593276E+003	 +0.3502138479302319E+004	
January  	 +0.9504000000000000E+004	 +0.2956331308477803E+004	 +0.8911596734171452E+003	 +0.3847490981894946E+004	
February 	 +0.1017600000000000E+005	 +0.2468385113993967E+004	 +0.7550119484113422E+003	 +0.3223397062405303E+004	
March    	 +0.1092000000000000E+005	 +0.2038556447729935E+004	 +0.5952886552469070E+003	 +0.2633845102976858E+004	
April    	 +0.1164000000000000E+005	 +0.1444026335074521E+004	 +0.3890883190748497E+003	 +0.1833114654149373E+004	
May      	 +0.1238400000000000E+005	 +0.7813849740685750E+003	 +0.1987442153696828E+003	 +0.9801291894382525E+003	
June     	 +0.1310400000000000E+005	 +0.3074756957181293E+003	 +0.7850005467974340E+002	 +0.3859757503978730E+003	
July     	 +0.1384800000000000E+005	 +0.1511441337934661E+003	 +0.4305469402062683E+002	 +0.1941988278140930E+003	
August   	 +0.1459200000000000E+005	 +0.2608118793977658E+003	 +0.6578600073464330E+002	 +0.3265978801324089E+003	
September	 +0.1531200000000000E+005	 +0.5060382259505811E+003	 +0.1198623097951636E+003	 +0.6259005357457448E+003	
October  	 +0.1605600000000000E+005	 +0.1287168257756655E+004	 +0.3114538263120004E+003	 +0.1598622084068661E+004	
November 	 +0.1677600000000000E+005	 +0.2059208276858149E+004	 +0.5538047418648471E+003	 +0.2613013018722987E+004	
December 	 +0.1752000000000000E+005	 +0.2714187297887555E+004	 +0.7826637312606175E+003	 +0.3496851029148185E+004	
  
	Maximum Instantaneous Values
	Label not available                                                                                                                                                                                                                                                                                         	Label not available                                                                                                                                                                                                                                                                                         	Label not available                                                                                                                                                                                                                                                                                         	Label not available                                                                                                                                                                                                                                                                                         	
Maximum Value	 +0.1752000000000000E+005	 +0.1244017626186433E+002	 +0.3363793587344110E+001	 +0.1493501884806371E+002	
Time of Maximum	 +0.1752000000000000E+005	 +0.1385496666666667E+005	 +0.1378200000000000E+005	 +0.1385496666666667E+005	
  
	Minimum Instantaneous Values
	Label not available                                                                                                                                                                                                                                                                                         	Label not available                                                                                                                                                                                                                                                                                         	Label not available                                                                                                                                                                                                                                                                                         	Label not available                                                                                                                                                                                                                                                                                         	
Minimum Value	 +0.7300033333333334E+004	 +0.0000000000000000E+000	 +0.0000000000000000E+000	 +0.0000000000000000E+000	
Time of Minimum	 +0.7300033333333334E+004	 +0.1752000000000000E+005	 +0.1752000000000000E+005	 +0.1752000000000000E+005	
  
	Maximum Integrated Values
	Label not available                                                                                                                                                                                                                                                                                         	Label not available                                                                                                                                                                                                                                                                                         	Label not available                                                                                                                                                                                                                                                                                         	Label not available                                                                                                                                                                                                                                                                                         	
Maximum Value	 +0.1752000000000000E+005	 +0.2956331308477803E+004	 +0.8911596734171452E+003	 +0.3847490981894946E+004	
Time of Maximum	 +0.1752000000000000E+005	 +0.9504000000000000E+004	 +0.9504000000000000E+004	 +0.9504000000000000E+004	
  
	Minimum Integrated Values
	Label not available                                                                                                                                                                                                                                                                                         	Label not available                                                                                                                                                                                                                                                                                         	Label not available                                                                                                                                                                                                                                                                                         	Label not available                                                                                                                                                                                                                                                                                         	
Minimum Value	 +0.8016000000000000E+004	 +0.1511441337934661E+003	 +0.4305469402062683E+002	 +0.1941988278140930E+003	
Time of Minimum	 +0.8016000000000000E+004	 +0.1384800000000000E+005	 +0.1384800000000000E+005	 +0.1384800000000000E+005	
  
	Sum (note: sums are set to zero for inputs that were not integrated.)
	Label not available                                                                                                                                                                                                                                                                                         	Label not available                                                                                                                                                                                                                                                                                         	Label not available                                                                                                                                                                                                                                                                                         	Label not available                                                                                                                                                                                                                                                                                         	
Total	 +0.0000000000000000E+000	 +0.2177407497966279E+005	 +0.6128033284988072E+004	 +0.2790210826465083E+005	
