 	Label not available                                                                                                                                                                                                                                                                                         	Label not available                                                                                                                                                                                                                                                                                         	Label not available                                                                                                                                                                                                                                                                                         	Label not available                                                                                                                                                                                                                                                                                         	
Month 	TIME                     	QSnk524PauxEvap_kW       	QSnk524PelAuxComp_kW     	QSnk524PauxCondSwitch_kW 	
November 	 +0.8016000000000000E+004	 +0.4213442346556985E+005	 +0.1203624546445008E+005	 +0.5417066893001978E+005	
December 	 +0.8760000000000000E+004	 +0.5447718383877673E+005	 +0.1678199060683878E+005	 +0.7125917444561604E+005	
January  	 +0.9504000000000000E+004	 +0.5864767991090201E+005	 +0.1934160869446602E+005	 +0.7798928860536813E+005	
February 	 +0.1017600000000000E+005	 +0.4912101523862961E+005	 +0.1637453125264059E+005	 +0.6549554649127016E+005	
March    	 +0.1092000000000000E+005	 +0.4116181210432141E+005	 +0.1300945451627821E+005	 +0.5417126662059957E+005	
April    	 +0.1164000000000000E+005	 +0.2940808964388852E+005	 +0.8657433299536846E+004	 +0.3806552294342528E+005	
May      	 +0.1238400000000000E+005	 +0.1672164602197029E+005	 +0.4779087557025267E+004	 +0.2150073357899558E+005	
June     	 +0.1310400000000000E+005	 +0.7211892578109952E+004	 +0.2158344567664928E+004	 +0.9370237145774883E+004	
July     	 +0.1384800000000000E+005	 +0.4652416421383775E+004	 +0.1489667210080713E+004	 +0.6142083631464488E+004	
August   	 +0.1459200000000000E+005	 +0.6496683026233112E+004	 +0.1845048090276981E+004	 +0.8341731116510080E+004	
September	 +0.1531200000000000E+005	 +0.1138348959317589E+005	 +0.2944609399534689E+004	 +0.1432809899271064E+005	
October  	 +0.1605600000000000E+005	 +0.2676351439410608E+005	 +0.6892412557616287E+004	 +0.3365592695172243E+005	
November 	 +0.1677600000000000E+005	 +0.4171139185079443E+005	 +0.1188369188614187E+005	 +0.5359508373693625E+005	
December 	 +0.1752000000000000E+005	 +0.5432243399196364E+005	 +0.1674628899057103E+005	 +0.7106872298253413E+005	
  
	Maximum Instantaneous Values
	Label not available                                                                                                                                                                                                                                                                                         	Label not available                                                                                                                                                                                                                                                                                         	Label not available                                                                                                                                                                                                                                                                                         	Label not available                                                                                                                                                                                                                                                                                         	
Maximum Value	 +0.1752000000000000E+005	 +0.2654464719053115E+003	 +0.7473664336758054E+002	 +0.3205509036091917E+003	
Time of Maximum	 +0.1752000000000000E+005	 +0.1453343333333333E+005	 +0.1391810000000000E+005	 +0.1453343333333333E+005	
  
	Minimum Instantaneous Values
	Label not available                                                                                                                                                                                                                                                                                         	Label not available                                                                                                                                                                                                                                                                                         	Label not available                                                                                                                                                                                                                                                                                         	Label not available                                                                                                                                                                                                                                                                                         	
Minimum Value	 +0.7300033333333334E+004	 +0.0000000000000000E+000	 +0.0000000000000000E+000	 +0.0000000000000000E+000	
Time of Minimum	 +0.7300033333333334E+004	 +0.1752000000000000E+005	 +0.1752000000000000E+005	 +0.1752000000000000E+005	
  
	Maximum Integrated Values
	Label not available                                                                                                                                                                                                                                                                                         	Label not available                                                                                                                                                                                                                                                                                         	Label not available                                                                                                                                                                                                                                                                                         	Label not available                                                                                                                                                                                                                                                                                         	
Maximum Value	 +0.1752000000000000E+005	 +0.5864767991090201E+005	 +0.1934160869446602E+005	 +0.7798928860536813E+005	
Time of Maximum	 +0.1752000000000000E+005	 +0.9504000000000000E+004	 +0.9504000000000000E+004	 +0.9504000000000000E+004	
  
	Minimum Integrated Values
	Label not available                                                                                                                                                                                                                                                                                         	Label not available                                                                                                                                                                                                                                                                                         	Label not available                                                                                                                                                                                                                                                                                         	Label not available                                                                                                                                                                                                                                                                                         	
Minimum Value	 +0.8016000000000000E+004	 +0.4652416421383775E+004	 +0.1489667210080713E+004	 +0.6142083631464488E+004	
Time of Minimum	 +0.8016000000000000E+004	 +0.1384800000000000E+005	 +0.1384800000000000E+005	 +0.1384800000000000E+005	
  
	Sum (note: sums are set to zero for inputs that were not integrated.)
	Label not available                                                                                                                                                                                                                                                                                         	Label not available                                                                                                                                                                                                                                                                                         	Label not available                                                                                                                                                                                                                                                                                         	Label not available                                                                                                                                                                                                                                                                                         	
Total	 +0.0000000000000000E+000	 +0.4442136720798229E+006	 +0.1349404140931233E+006	 +0.5791540861729527E+006	
