 	Label not available                                                                                                                                                                                                                                                                                         	Label not available                                                                                                                                                                                                                                                                                         	Label not available                                                                                                                                                                                                                                                                                         	Label not available                                                                                                                                                                                                                                                                                         	
Month 	TIME                     	QSnk358PauxEvap_kW       	QSnk358PelAuxComp_kW     	QSnk358PauxCondSwitch_kW 	
November 	 +0.8016000000000000E+004	 +0.9695366911529505E+004	 +0.2774764436348182E+004	 +0.1247013134787776E+005	
December 	 +0.8760000000000000E+004	 +0.1233889064426357E+005	 +0.3819547332076678E+004	 +0.1615843797634023E+005	
January  	 +0.9504000000000000E+004	 +0.1316395410938823E+005	 +0.4390800978694965E+004	 +0.1755475508808325E+005	
February 	 +0.1017600000000000E+005	 +0.1099945142630219E+005	 +0.3685671850126969E+004	 +0.1468512327642928E+005	
March    	 +0.1092000000000000E+005	 +0.9449846696909301E+004	 +0.2962100226818301E+004	 +0.1241194692372760E+005	
April    	 +0.1164000000000000E+005	 +0.6959035918832054E+004	 +0.2013315079706915E+004	 +0.8972350998538990E+004	
May      	 +0.1238400000000000E+005	 +0.4207695887770033E+004	 +0.1167699529696792E+004	 +0.5375395417466832E+004	
June     	 +0.1310400000000000E+005	 +0.1970145263848540E+004	 +0.5600464338564858E+003	 +0.2530191697705029E+004	
July     	 +0.1384800000000000E+005	 +0.1285883404656487E+004	 +0.3873544944578449E+003	 +0.1673237899114334E+004	
August   	 +0.1459200000000000E+005	 +0.1755976995179924E+004	 +0.4817846329752840E+003	 +0.2237761628155208E+004	
September	 +0.1531200000000000E+005	 +0.3100997307370398E+004	 +0.7852630706293211E+003	 +0.3886260377999717E+004	
October  	 +0.1605600000000000E+005	 +0.6365599313671052E+004	 +0.1633277580856970E+004	 +0.7998876894528014E+004	
November 	 +0.1677600000000000E+005	 +0.9644379417178410E+004	 +0.2749067228176635E+004	 +0.1239344664535503E+005	
December 	 +0.1752000000000000E+005	 +0.1233546969216352E+005	 +0.3822716440997527E+004	 +0.1615818613316102E+005	
  
	Maximum Instantaneous Values
	Label not available                                                                                                                                                                                                                                                                                         	Label not available                                                                                                                                                                                                                                                                                         	Label not available                                                                                                                                                                                                                                                                                         	Label not available                                                                                                                                                                                                                                                                                         	
Maximum Value	 +0.1752000000000000E+005	 +0.6499794559181690E+002	 +0.1800962973028303E+002	 +0.7829364986795730E+002	
Time of Maximum	 +0.1752000000000000E+005	 +0.1452683333333333E+005	 +0.1390660000000000E+005	 +0.1452683333333333E+005	
  
	Minimum Instantaneous Values
	Label not available                                                                                                                                                                                                                                                                                         	Label not available                                                                                                                                                                                                                                                                                         	Label not available                                                                                                                                                                                                                                                                                         	Label not available                                                                                                                                                                                                                                                                                         	
Minimum Value	 +0.7300033333333334E+004	 +0.0000000000000000E+000	 +0.0000000000000000E+000	 +0.0000000000000000E+000	
Time of Minimum	 +0.7300033333333334E+004	 +0.1752000000000000E+005	 +0.1752000000000000E+005	 +0.1752000000000000E+005	
  
	Maximum Integrated Values
	Label not available                                                                                                                                                                                                                                                                                         	Label not available                                                                                                                                                                                                                                                                                         	Label not available                                                                                                                                                                                                                                                                                         	Label not available                                                                                                                                                                                                                                                                                         	
Maximum Value	 +0.1752000000000000E+005	 +0.1316395410938823E+005	 +0.4390800978694965E+004	 +0.1755475508808325E+005	
Time of Maximum	 +0.1752000000000000E+005	 +0.9504000000000000E+004	 +0.9504000000000000E+004	 +0.9504000000000000E+004	
  
	Minimum Integrated Values
	Label not available                                                                                                                                                                                                                                                                                         	Label not available                                                                                                                                                                                                                                                                                         	Label not available                                                                                                                                                                                                                                                                                         	Label not available                                                                                                                                                                                                                                                                                         	
Minimum Value	 +0.8016000000000000E+004	 +0.1285883404656487E+004	 +0.3873544944578449E+003	 +0.1673237899114334E+004	
Time of Minimum	 +0.8016000000000000E+004	 +0.1384800000000000E+005	 +0.1384800000000000E+005	 +0.1384800000000000E+005	
  
	Sum (note: sums are set to zero for inputs that were not integrated.)
	Label not available                                                                                                                                                                                                                                                                                         	Label not available                                                                                                                                                                                                                                                                                         	Label not available                                                                                                                                                                                                                                                                                         	Label not available                                                                                                                                                                                                                                                                                         	
Total	 +0.0000000000000000E+000	 +0.1032726929890641E+006	 +0.3123340931541921E+005	 +0.1345061023044828E+006	
