 	Label not available                                                                                                                                                                                                                                                                                         	Label not available                                                                                                                                                                                                                                                                                         	Label not available                                                                                                                                                                                                                                                                                         	Label not available                                                                                                                                                                                                                                                                                         	
Month 	TIME                     	QSnk60PauxEvap_kW        	QSnk60PelAuxComp_kW      	QSnk60PauxCondSwitch_kW  	
November 	 +0.8016000000000000E+004	 +0.2705201463352870E+005	 +0.7711456608093475E+004	 +0.3476347124162219E+005	
December 	 +0.8760000000000000E+004	 +0.3490232576835454E+005	 +0.1072023311863961E+005	 +0.4562255888699428E+005	
January  	 +0.9504000000000000E+004	 +0.3766334294814069E+005	 +0.1237800870370578E+005	 +0.5004135165184680E+005	
February 	 +0.1017600000000000E+005	 +0.3155282905120299E+005	 +0.1044598477853287E+005	 +0.4199881382973590E+005	
March    	 +0.1092000000000000E+005	 +0.2649119556505098E+005	 +0.8236064143506121E+004	 +0.3472725970855708E+005	
April    	 +0.1164000000000000E+005	 +0.1909613765110634E+005	 +0.5482907431147544E+004	 +0.2457904508225386E+005	
May      	 +0.1238400000000000E+005	 +0.1077201085935588E+005	 +0.2962306131981005E+004	 +0.1373431699133688E+005	
June     	 +0.1310400000000000E+005	 +0.4821898955334334E+004	 +0.1343998623671557E+004	 +0.6165897579005898E+004	
July     	 +0.1384800000000000E+005	 +0.2977728714210326E+004	 +0.9035305508247731E+003	 +0.3881259265035096E+004	
August   	 +0.1459200000000000E+005	 +0.4237268574195199E+004	 +0.1161585991564317E+004	 +0.5398854565759516E+004	
September	 +0.1531200000000000E+005	 +0.7382302395449790E+004	 +0.1882892007461587E+004	 +0.9265194402911409E+004	
October  	 +0.1605600000000000E+005	 +0.1721134487753591E+005	 +0.4397741268344719E+004	 +0.2160908614588068E+005	
November 	 +0.1677600000000000E+005	 +0.2676856378614395E+005	 +0.7604411727053026E+004	 +0.3437297551319689E+005	
December 	 +0.1752000000000000E+005	 +0.3486219045424485E+005	 +0.1072071827776050E+005	 +0.4558290873200515E+005	
  
	Maximum Instantaneous Values
	Label not available                                                                                                                                                                                                                                                                                         	Label not available                                                                                                                                                                                                                                                                                         	Label not available                                                                                                                                                                                                                                                                                         	Label not available                                                                                                                                                                                                                                                                                         	
Maximum Value	 +0.1752000000000000E+005	 +0.1736025995113956E+003	 +0.4804730397253244E+002	 +0.2091320196777453E+003	
Time of Maximum	 +0.1752000000000000E+005	 +0.1457710000000000E+005	 +0.1390673333333333E+005	 +0.1457710000000000E+005	
  
	Minimum Instantaneous Values
	Label not available                                                                                                                                                                                                                                                                                         	Label not available                                                                                                                                                                                                                                                                                         	Label not available                                                                                                                                                                                                                                                                                         	Label not available                                                                                                                                                                                                                                                                                         	
Minimum Value	 +0.7300033333333334E+004	 +0.0000000000000000E+000	 +0.0000000000000000E+000	 +0.0000000000000000E+000	
Time of Minimum	 +0.7300033333333334E+004	 +0.1752000000000000E+005	 +0.1752000000000000E+005	 +0.1752000000000000E+005	
  
	Maximum Integrated Values
	Label not available                                                                                                                                                                                                                                                                                         	Label not available                                                                                                                                                                                                                                                                                         	Label not available                                                                                                                                                                                                                                                                                         	Label not available                                                                                                                                                                                                                                                                                         	
Maximum Value	 +0.1752000000000000E+005	 +0.3766334294814069E+005	 +0.1237800870370578E+005	 +0.5004135165184680E+005	
Time of Maximum	 +0.1752000000000000E+005	 +0.9504000000000000E+004	 +0.9504000000000000E+004	 +0.9504000000000000E+004	
  
	Minimum Integrated Values
	Label not available                                                                                                                                                                                                                                                                                         	Label not available                                                                                                                                                                                                                                                                                         	Label not available                                                                                                                                                                                                                                                                                         	Label not available                                                                                                                                                                                                                                                                                         	
Minimum Value	 +0.8016000000000000E+004	 +0.2977728714210326E+004	 +0.9035305508247731E+003	 +0.3881259265035096E+004	
Time of Minimum	 +0.8016000000000000E+004	 +0.1384800000000000E+005	 +0.1384800000000000E+005	 +0.1384800000000000E+005	
  
	Sum (note: sums are set to zero for inputs that were not integrated.)
	Label not available                                                                                                                                                                                                                                                                                         	Label not available                                                                                                                                                                                                                                                                                         	Label not available                                                                                                                                                                                                                                                                                         	Label not available                                                                                                                                                                                                                                                                                         	
Total	 +0.0000000000000000E+000	 +0.2857911542338541E+006	 +0.8595183936228628E+005	 +0.3717429935961421E+006	
