 	Label not available                                                                                                                                                                                                                                                                                         	Label not available                                                                                                                                                                                                                                                                                         	Label not available                                                                                                                                                                                                                                                                                         	Label not available                                                                                                                                                                                                                                                                                         	
Month 	TIME                     	QSnk183PauxEvap_kW       	QSnk183PelAuxComp_kW     	QSnk183PauxCondSwitch_kW 	
November 	 +0.8016000000000000E+004	 +0.2598748440011862E+004	 +0.7447969468937181E+003	 +0.3343545386905543E+004	
December 	 +0.8760000000000000E+004	 +0.3330899252409165E+004	 +0.1028951210629592E+004	 +0.4359850463038752E+004	
January  	 +0.9504000000000000E+004	 +0.3592929614500677E+004	 +0.1186796122496471E+004	 +0.4779725736997141E+004	
February 	 +0.1017600000000000E+005	 +0.3012210266036705E+004	 +0.1001190354755023E+004	 +0.4013400620791717E+004	
March    	 +0.1092000000000000E+005	 +0.2542239511585870E+004	 +0.7942373865924781E+003	 +0.3336476898178348E+004	
April    	 +0.1164000000000000E+005	 +0.1856420589335255E+004	 +0.5355369093322491E+003	 +0.2391957498667506E+004	
May      	 +0.1238400000000000E+005	 +0.1065396048825499E+004	 +0.2942302481596100E+003	 +0.1359626296985108E+004	
June     	 +0.1310400000000000E+005	 +0.5213474577390103E+003	 +0.1471556128651746E+003	 +0.6685030706041846E+003	
July     	 +0.1384800000000000E+005	 +0.3457389358720015E+003	 +0.1049246309593695E+003	 +0.4506635668313715E+003	
August   	 +0.1459200000000000E+005	 +0.4635291739743815E+003	 +0.1299028823996110E+003	 +0.5934320563739931E+003	
September	 +0.1531200000000000E+005	 +0.7575009004395678E+003	 +0.1966677738968534E+003	 +0.9541686743364188E+003	
October  	 +0.1605600000000000E+005	 +0.1667100706109435E+004	 +0.4302612973238019E+003	 +0.2097362003433237E+004	
November 	 +0.1677600000000000E+005	 +0.2578907737894422E+004	 +0.7370664515290132E+003	 +0.3315974189423439E+004	
December 	 +0.1752000000000000E+005	 +0.3327900968324040E+004	 +0.1028785889907721E+004	 +0.4356686858231740E+004	
  
	Maximum Instantaneous Values
	Label not available                                                                                                                                                                                                                                                                                         	Label not available                                                                                                                                                                                                                                                                                         	Label not available                                                                                                                                                                                                                                                                                         	Label not available                                                                                                                                                                                                                                                                                         	
Maximum Value	 +0.1752000000000000E+005	 +0.1657903067525974E+002	 +0.4508495176901402E+001	 +0.1990406909641155E+002	
Time of Maximum	 +0.1752000000000000E+005	 +0.1390443333333333E+005	 +0.1430486666666667E+005	 +0.1390443333333333E+005	
  
	Minimum Instantaneous Values
	Label not available                                                                                                                                                                                                                                                                                         	Label not available                                                                                                                                                                                                                                                                                         	Label not available                                                                                                                                                                                                                                                                                         	Label not available                                                                                                                                                                                                                                                                                         	
Minimum Value	 +0.7300033333333334E+004	 +0.0000000000000000E+000	 +0.0000000000000000E+000	 +0.0000000000000000E+000	
Time of Minimum	 +0.7300033333333334E+004	 +0.1752000000000000E+005	 +0.1752000000000000E+005	 +0.1752000000000000E+005	
  
	Maximum Integrated Values
	Label not available                                                                                                                                                                                                                                                                                         	Label not available                                                                                                                                                                                                                                                                                         	Label not available                                                                                                                                                                                                                                                                                         	Label not available                                                                                                                                                                                                                                                                                         	
Maximum Value	 +0.1752000000000000E+005	 +0.3592929614500677E+004	 +0.1186796122496471E+004	 +0.4779725736997141E+004	
Time of Maximum	 +0.1752000000000000E+005	 +0.9504000000000000E+004	 +0.9504000000000000E+004	 +0.9504000000000000E+004	
  
	Minimum Integrated Values
	Label not available                                                                                                                                                                                                                                                                                         	Label not available                                                                                                                                                                                                                                                                                         	Label not available                                                                                                                                                                                                                                                                                         	Label not available                                                                                                                                                                                                                                                                                         	
Minimum Value	 +0.8016000000000000E+004	 +0.3457389358720015E+003	 +0.1049246309593695E+003	 +0.4506635668313715E+003	
Time of Minimum	 +0.8016000000000000E+004	 +0.1384800000000000E+005	 +0.1384800000000000E+005	 +0.1384800000000000E+005	
  
	Sum (note: sums are set to zero for inputs that were not integrated.)
	Label not available                                                                                                                                                                                                                                                                                         	Label not available                                                                                                                                                                                                                                                                                         	Label not available                                                                                                                                                                                                                                                                                         	Label not available                                                                                                                                                                                                                                                                                         	
Total	 +0.0000000000000000E+000	 +0.2766086960305788E+005	 +0.8360503717740703E+004	 +0.3602137332079894E+005	
