 	Label not available                                                                                                                                                                                                                                                                                         	Label not available                                                                                                                                                                                                                                                                                         	Label not available                                                                                                                                                                                                                                                                                         	Label not available                                                                                                                                                                                                                                                                                         	
Month 	TIME                     	QSnk539PauxEvap_kW       	QSnk539PelAuxComp_kW     	QSnk539PauxCondSwitch_kW 	
November 	 +0.8016000000000000E+004	 +0.2412360821758651E+005	 +0.6914367711917486E+004	 +0.3103797592950401E+005	
December 	 +0.8760000000000000E+004	 +0.3070290752046713E+005	 +0.9528393509079187E+004	 +0.4023130102954622E+005	
January  	 +0.9504000000000000E+004	 +0.3276882604999773E+005	 +0.1095325786235756E+005	 +0.4372208391235564E+005	
February 	 +0.1017600000000000E+005	 +0.2736326502223674E+005	 +0.9205175282546305E+004	 +0.3656844030478303E+005	
March    	 +0.1092000000000000E+005	 +0.2344217658638804E+005	 +0.7394466787746273E+004	 +0.3083664337413430E+005	
April    	 +0.1164000000000000E+005	 +0.1727235326603045E+005	 +0.5039929788727070E+004	 +0.2231228305475743E+005	
May      	 +0.1238400000000000E+005	 +0.1030220086951499E+005	 +0.2906521160846931E+004	 +0.1320872203036191E+005	
June     	 +0.1310400000000000E+005	 +0.4785590764166312E+004	 +0.1387219960523722E+004	 +0.6172810724690024E+004	
July     	 +0.1384800000000000E+005	 +0.3134031708971421E+004	 +0.9581329142937552E+003	 +0.4092164623265179E+004	
August   	 +0.1459200000000000E+005	 +0.4261829033898623E+004	 +0.1182623974797327E+004	 +0.5444453008695960E+004	
September	 +0.1531200000000000E+005	 +0.7556745915838229E+004	 +0.1925110125404761E+004	 +0.9481856041242989E+004	
October  	 +0.1605600000000000E+005	 +0.1582180089335276E+005	 +0.4065471336178712E+004	 +0.1988727222953150E+005	
November 	 +0.1677600000000000E+005	 +0.2393464197505150E+005	 +0.6842832173254757E+004	 +0.3077747414830634E+005	
December 	 +0.1752000000000000E+005	 +0.3069898708129278E+005	 +0.9529121259264291E+004	 +0.4022810834055709E+005	
  
	Maximum Instantaneous Values
	Label not available                                                                                                                                                                                                                                                                                         	Label not available                                                                                                                                                                                                                                                                                         	Label not available                                                                                                                                                                                                                                                                                         	Label not available                                                                                                                                                                                                                                                                                         	
Maximum Value	 +0.1752000000000000E+005	 +0.1612529689724260E+003	 +0.4490313685874884E+002	 +0.1944789697303544E+003	
Time of Maximum	 +0.1752000000000000E+005	 +0.1452886666666667E+005	 +0.1447096666666667E+005	 +0.1452886666666667E+005	
  
	Minimum Instantaneous Values
	Label not available                                                                                                                                                                                                                                                                                         	Label not available                                                                                                                                                                                                                                                                                         	Label not available                                                                                                                                                                                                                                                                                         	Label not available                                                                                                                                                                                                                                                                                         	
Minimum Value	 +0.7300033333333334E+004	 +0.0000000000000000E+000	 +0.0000000000000000E+000	 +0.0000000000000000E+000	
Time of Minimum	 +0.7300033333333334E+004	 +0.1752000000000000E+005	 +0.1752000000000000E+005	 +0.1752000000000000E+005	
  
	Maximum Integrated Values
	Label not available                                                                                                                                                                                                                                                                                         	Label not available                                                                                                                                                                                                                                                                                         	Label not available                                                                                                                                                                                                                                                                                         	Label not available                                                                                                                                                                                                                                                                                         	
Maximum Value	 +0.1752000000000000E+005	 +0.3276882604999773E+005	 +0.1095325786235756E+005	 +0.4372208391235564E+005	
Time of Maximum	 +0.1752000000000000E+005	 +0.9504000000000000E+004	 +0.9504000000000000E+004	 +0.9504000000000000E+004	
  
	Minimum Integrated Values
	Label not available                                                                                                                                                                                                                                                                                         	Label not available                                                                                                                                                                                                                                                                                         	Label not available                                                                                                                                                                                                                                                                                         	Label not available                                                                                                                                                                                                                                                                                         	
Minimum Value	 +0.8016000000000000E+004	 +0.3134031708971421E+004	 +0.9581329142937552E+003	 +0.4092164623265179E+004	
Time of Minimum	 +0.8016000000000000E+004	 +0.1384800000000000E+005	 +0.1384800000000000E+005	 +0.1384800000000000E+005	
  
	Sum (note: sums are set to zero for inputs that were not integrated.)
	Label not available                                                                                                                                                                                                                                                                                         	Label not available                                                                                                                                                                                                                                                                                         	Label not available                                                                                                                                                                                                                                                                                         	Label not available                                                                                                                                                                                                                                                                                         	
Total	 +0.0000000000000000E+000	 +0.2561689649047914E+006	 +0.7783262384693838E+005	 +0.3340015887517332E+006	
