 	Label not available                                                                                                                                                                                                                                                                                         	Label not available                                                                                                                                                                                                                                                                                         	Label not available                                                                                                                                                                                                                                                                                         	Label not available                                                                                                                                                                                                                                                                                         	
Month 	TIME                     	QSnk85PauxEvap_kW        	QSnk85PelAuxComp_kW      	QSnk85PauxCondSwitch_kW  	
November 	 +0.8016000000000000E+004	 +0.9105368271757546E+005	 +0.2594665222523944E+005	 +0.1170003349428151E+006	
December 	 +0.8760000000000000E+004	 +0.1158680295302404E+006	 +0.3586848630547755E+005	 +0.1517365158357180E+006	
January  	 +0.9504000000000000E+004	 +0.1237396695068515E+006	 +0.4139566767068674E+005	 +0.1651353371775389E+006	
February 	 +0.1017600000000000E+005	 +0.1037084062212547E+006	 +0.3466894029025001E+005	 +0.1383773465115059E+006	
March    	 +0.1092000000000000E+005	 +0.8841373902770209E+005	 +0.2756975841980752E+005	 +0.1159834974475100E+006	
April    	 +0.1164000000000000E+005	 +0.6503760054089008E+005	 +0.1859400007325345E+005	 +0.8363160061414316E+005	
May      	 +0.1238400000000000E+005	 +0.3890630661214159E+005	 +0.1056184651989690E+005	 +0.4946815313203856E+005	
June     	 +0.1310400000000000E+005	 +0.1785114233194443E+005	 +0.4895049980683183E+004	 +0.2274619231262757E+005	
July     	 +0.1384800000000000E+005	 +0.1174297758415007E+005	 +0.3406904726174219E+004	 +0.1514988231032428E+005	
August   	 +0.1459200000000000E+005	 +0.1563235365158070E+005	 +0.4224383214534076E+004	 +0.1985673686611475E+005	
September	 +0.1531200000000000E+005	 +0.2833995497333882E+005	 +0.7051023458890995E+004	 +0.3539097843222974E+005	
October  	 +0.1605600000000000E+005	 +0.5946652083450513E+005	 +0.1512936855390362E+005	 +0.7459588938840874E+005	
November 	 +0.1677600000000000E+005	 +0.9044196089615370E+005	 +0.2567822975886361E+005	 +0.1161201906550172E+006	
December 	 +0.1752000000000000E+005	 +0.1158548439002165E+006	 +0.3590637646662199E+005	 +0.1517612203668383E+006	
  
	Maximum Instantaneous Values
	Label not available                                                                                                                                                                                                                                                                                         	Label not available                                                                                                                                                                                                                                                                                         	Label not available                                                                                                                                                                                                                                                                                         	Label not available                                                                                                                                                                                                                                                                                         	
Maximum Value	 +0.1752000000000000E+005	 +0.6555072553714405E+003	 +0.1800995382562293E+003	 +0.7886622435834818E+003	
Time of Maximum	 +0.1752000000000000E+005	 +0.1388090000000000E+005	 +0.1349890000000000E+005	 +0.1388090000000000E+005	
  
	Minimum Instantaneous Values
	Label not available                                                                                                                                                                                                                                                                                         	Label not available                                                                                                                                                                                                                                                                                         	Label not available                                                                                                                                                                                                                                                                                         	Label not available                                                                                                                                                                                                                                                                                         	
Minimum Value	 +0.7300033333333334E+004	 +0.0000000000000000E+000	 +0.0000000000000000E+000	 +0.0000000000000000E+000	
Time of Minimum	 +0.7300033333333334E+004	 +0.1752000000000000E+005	 +0.1752000000000000E+005	 +0.1752000000000000E+005	
  
	Maximum Integrated Values
	Label not available                                                                                                                                                                                                                                                                                         	Label not available                                                                                                                                                                                                                                                                                         	Label not available                                                                                                                                                                                                                                                                                         	Label not available                                                                                                                                                                                                                                                                                         	
Maximum Value	 +0.1752000000000000E+005	 +0.1237396695068515E+006	 +0.4139566767068674E+005	 +0.1651353371775389E+006	
Time of Maximum	 +0.1752000000000000E+005	 +0.9504000000000000E+004	 +0.9504000000000000E+004	 +0.9504000000000000E+004	
  
	Minimum Integrated Values
	Label not available                                                                                                                                                                                                                                                                                         	Label not available                                                                                                                                                                                                                                                                                         	Label not available                                                                                                                                                                                                                                                                                         	Label not available                                                                                                                                                                                                                                                                                         	
Minimum Value	 +0.8016000000000000E+004	 +0.1174297758415007E+005	 +0.3406904726174219E+004	 +0.1514988231032428E+005	
Time of Minimum	 +0.8016000000000000E+004	 +0.1384800000000000E+005	 +0.1384800000000000E+005	 +0.1384800000000000E+005	
  
	Sum (note: sums are set to zero for inputs that were not integrated.)
	Label not available                                                                                                                                                                                                                                                                                         	Label not available                                                                                                                                                                                                                                                                                         	Label not available                                                                                                                                                                                                                                                                                         	Label not available                                                                                                                                                                                                                                                                                         	
Total	 +0.0000000000000000E+000	 +0.9660571883285386E+006	 +0.2908966876642797E+006	 +0.1256953875992812E+007	
