 	Label not available                                                                                                                                                                                                                                                                                         	Label not available                                                                                                                                                                                                                                                                                         	Label not available                                                                                                                                                                                                                                                                                         	Label not available                                                                                                                                                                                                                                                                                         	
Month 	TIME                     	QSnk469PauxEvap_kW       	QSnk469PelAuxComp_kW     	QSnk469PauxCondSwitch_kW 	
November 	 +0.8016000000000000E+004	 +0.5364797206139805E+005	 +0.1521698405820464E+005	 +0.6886495611960211E+005	
December 	 +0.8760000000000000E+004	 +0.7050528671797289E+005	 +0.2140079068171406E+005	 +0.9190607739968687E+005	
January  	 +0.9504000000000000E+004	 +0.7656090132144791E+005	 +0.2468951260439429E+005	 +0.1012504139258419E+006	
February 	 +0.1017600000000000E+005	 +0.6455897750325222E+005	 +0.2105855755829940E+005	 +0.8561753506155168E+005	
March    	 +0.1092000000000000E+005	 +0.5278580452452132E+005	 +0.1638196107102963E+005	 +0.6916776559555113E+005	
April    	 +0.1164000000000000E+005	 +0.3698004238840909E+005	 +0.1069785257229899E+005	 +0.4767789496070798E+005	
May      	 +0.1238400000000000E+005	 +0.1921057876875684E+005	 +0.5397278808627424E+004	 +0.2460785757738430E+005	
June     	 +0.1310400000000000E+005	 +0.8070310660762997E+004	 +0.2366343972593041E+004	 +0.1043665463335604E+005	
July     	 +0.1384800000000000E+005	 +0.5029773985864777E+004	 +0.1611841868216324E+004	 +0.6641615854081110E+004	
August   	 +0.1459200000000000E+005	 +0.7259585266959931E+004	 +0.2073282328593741E+004	 +0.9332867595553676E+004	
September	 +0.1531200000000000E+005	 +0.1266485357056356E+005	 +0.3300396634260909E+004	 +0.1596525020482444E+005	
October  	 +0.1605600000000000E+005	 +0.3259838020490071E+005	 +0.8384722426231561E+004	 +0.4098310263113238E+005	
November 	 +0.1677600000000000E+005	 +0.5302096012629658E+005	 +0.1500501287542226E+005	 +0.6802597300171910E+005	
December 	 +0.1752000000000000E+005	 +0.7055166765122190E+005	 +0.2142366466560489E+005	 +0.9197533231682696E+005	
  
	Maximum Instantaneous Values
	Label not available                                                                                                                                                                                                                                                                                         	Label not available                                                                                                                                                                                                                                                                                         	Label not available                                                                                                                                                                                                                                                                                         	Label not available                                                                                                                                                                                                                                                                                         	
Maximum Value	 +0.1752000000000000E+005	 +0.3234124038233565E+003	 +0.8975228571527319E+002	 +0.3899129800875070E+003	
Time of Maximum	 +0.1752000000000000E+005	 +0.1457516666666667E+005	 +0.1442380000000000E+005	 +0.1457516666666667E+005	
  
	Minimum Instantaneous Values
	Label not available                                                                                                                                                                                                                                                                                         	Label not available                                                                                                                                                                                                                                                                                         	Label not available                                                                                                                                                                                                                                                                                         	Label not available                                                                                                                                                                                                                                                                                         	
Minimum Value	 +0.7300033333333334E+004	 +0.0000000000000000E+000	 +0.0000000000000000E+000	 +0.0000000000000000E+000	
Time of Minimum	 +0.7300033333333334E+004	 +0.1752000000000000E+005	 +0.1752000000000000E+005	 +0.1752000000000000E+005	
  
	Maximum Integrated Values
	Label not available                                                                                                                                                                                                                                                                                         	Label not available                                                                                                                                                                                                                                                                                         	Label not available                                                                                                                                                                                                                                                                                         	Label not available                                                                                                                                                                                                                                                                                         	
Maximum Value	 +0.1752000000000000E+005	 +0.7656090132144791E+005	 +0.2468951260439429E+005	 +0.1012504139258419E+006	
Time of Maximum	 +0.1752000000000000E+005	 +0.9504000000000000E+004	 +0.9504000000000000E+004	 +0.9504000000000000E+004	
  
	Minimum Integrated Values
	Label not available                                                                                                                                                                                                                                                                                         	Label not available                                                                                                                                                                                                                                                                                         	Label not available                                                                                                                                                                                                                                                                                         	Label not available                                                                                                                                                                                                                                                                                         	
Minimum Value	 +0.8016000000000000E+004	 +0.5029773985864777E+004	 +0.1611841868216324E+004	 +0.6641615854081110E+004	
Time of Minimum	 +0.8016000000000000E+004	 +0.1384800000000000E+005	 +0.1384800000000000E+005	 +0.1384800000000000E+005	
  
	Sum (note: sums are set to zero for inputs that were not integrated.)
	Label not available                                                                                                                                                                                                                                                                                         	Label not available                                                                                                                                                                                                                                                                                         	Label not available                                                                                                                                                                                                                                                                                         	Label not available                                                                                                                                                                                                                                                                                         	
Total	 +0.0000000000000000E+000	 +0.5634450947523199E+006	 +0.1690082021254921E+006	 +0.7324532968778124E+006	
