 	Label not available                                                                                                                                                                                                                                                                                         	Label not available                                                                                                                                                                                                                                                                                         	Label not available                                                                                                                                                                                                                                                                                         	Label not available                                                                                                                                                                                                                                                                                         	
Month 	TIME                     	QSnk131PauxEvap_kW       	QSnk131PelAuxComp_kW     	QSnk131PauxCondSwitch_kW 	
November 	 +0.8016000000000000E+004	 +0.1544119995347696E+005	 +0.4456353502096174E+004	 +0.1989755345557316E+005	
December 	 +0.8760000000000000E+004	 +0.1929314501044449E+005	 +0.6062468078539251E+004	 +0.2535561308898359E+005	
January  	 +0.9504000000000000E+004	 +0.2050112391629434E+005	 +0.6995526820205001E+004	 +0.2749665073649918E+005	
February 	 +0.1017600000000000E+005	 +0.1709675171262942E+005	 +0.5896043587117488E+004	 +0.2299279529974700E+005	
March    	 +0.1092000000000000E+005	 +0.1476088869048198E+005	 +0.4804283184915681E+004	 +0.1956517187539785E+005	
April    	 +0.1164000000000000E+005	 +0.1107930280970599E+005	 +0.3363740264554471E+004	 +0.1444304307426043E+005	
May      	 +0.1238400000000000E+005	 +0.7026665935824408E+004	 +0.2067243659209100E+004	 +0.9093909595033492E+004	
June     	 +0.1310400000000000E+005	 +0.3433153763969208E+004	 +0.1030196339449335E+004	 +0.4463350103418546E+004	
July     	 +0.1384800000000000E+005	 +0.2405217687405544E+004	 +0.7419485168693964E+003	 +0.3147166204274941E+004	
August   	 +0.1459200000000000E+005	 +0.3075018226734018E+004	 +0.8584758008292081E+003	 +0.3933494027563223E+004	
September	 +0.1531200000000000E+005	 +0.5364345902231729E+004	 +0.1367056020255431E+004	 +0.6731401922487166E+004	
October  	 +0.1605600000000000E+005	 +0.1051592820388542E+005	 +0.2720434498805264E+004	 +0.1323636270269072E+005	
November 	 +0.1677600000000000E+005	 +0.1536736195220224E+005	 +0.4416526594058420E+004	 +0.1978388854626067E+005	
December 	 +0.1752000000000000E+005	 +0.1928320034694072E+005	 +0.6065873460708127E+004	 +0.2534907380764878E+005	
  
	Maximum Instantaneous Values
	Label not available                                                                                                                                                                                                                                                                                         	Label not available                                                                                                                                                                                                                                                                                         	Label not available                                                                                                                                                                                                                                                                                         	Label not available                                                                                                                                                                                                                                                                                         	
Maximum Value	 +0.1752000000000000E+005	 +0.1036790480526863E+003	 +0.2991663653669909E+002	 +0.1257266110733915E+003	
Time of Maximum	 +0.1752000000000000E+005	 +0.1465593333333333E+005	 +0.1490350000000000E+005	 +0.1465593333333333E+005	
  
	Minimum Instantaneous Values
	Label not available                                                                                                                                                                                                                                                                                         	Label not available                                                                                                                                                                                                                                                                                         	Label not available                                                                                                                                                                                                                                                                                         	Label not available                                                                                                                                                                                                                                                                                         	
Minimum Value	 +0.7300033333333334E+004	 +0.0000000000000000E+000	 +0.0000000000000000E+000	 +0.0000000000000000E+000	
Time of Minimum	 +0.7300033333333334E+004	 +0.1752000000000000E+005	 +0.1752000000000000E+005	 +0.1752000000000000E+005	
  
	Maximum Integrated Values
	Label not available                                                                                                                                                                                                                                                                                         	Label not available                                                                                                                                                                                                                                                                                         	Label not available                                                                                                                                                                                                                                                                                         	Label not available                                                                                                                                                                                                                                                                                         	
Maximum Value	 +0.1752000000000000E+005	 +0.2050112391629434E+005	 +0.6995526820205001E+004	 +0.2749665073649918E+005	
Time of Maximum	 +0.1752000000000000E+005	 +0.9504000000000000E+004	 +0.9504000000000000E+004	 +0.9504000000000000E+004	
  
	Minimum Integrated Values
	Label not available                                                                                                                                                                                                                                                                                         	Label not available                                                                                                                                                                                                                                                                                         	Label not available                                                                                                                                                                                                                                                                                         	Label not available                                                                                                                                                                                                                                                                                         	
Minimum Value	 +0.8016000000000000E+004	 +0.2405217687405544E+004	 +0.7419485168693964E+003	 +0.3147166204274941E+004	
Time of Minimum	 +0.8016000000000000E+004	 +0.1384800000000000E+005	 +0.1384800000000000E+005	 +0.1384800000000000E+005	
  
	Sum (note: sums are set to zero for inputs that were not integrated.)
	Label not available                                                                                                                                                                                                                                                                                         	Label not available                                                                                                                                                                                                                                                                                         	Label not available                                                                                                                                                                                                                                                                                         	Label not available                                                                                                                                                                                                                                                                                         	
Total	 +0.0000000000000000E+000	 +0.1646433041122257E+006	 +0.5084617032761168E+005	 +0.2154894744398396E+006	
