 	Label not available                                                                                                                                                                                                                                                                                         	Label not available                                                                                                                                                                                                                                                                                         	Label not available                                                                                                                                                                                                                                                                                         	Label not available                                                                                                                                                                                                                                                                                         	
Month 	TIME                     	QSnk558PauxEvap_kW       	QSnk558PelAuxComp_kW     	QSnk558PauxCondSwitch_kW 	
November 	 +0.8016000000000000E+004	 +0.1038777392257190E+006	 +0.2938219663778847E+005	 +0.1332599358635070E+006	
December 	 +0.8760000000000000E+004	 +0.1366925740274713E+006	 +0.4150190329865478E+005	 +0.1781944773261255E+006	
January  	 +0.9504000000000000E+004	 +0.1485376922130659E+006	 +0.4806735333550850E+005	 +0.1966050455485735E+006	
February 	 +0.1017600000000000E+005	 +0.1250719339198313E+006	 +0.4090631783406289E+005	 +0.1659782517538948E+006	
March    	 +0.1092000000000000E+005	 +0.1021052695652780E+006	 +0.3179089404864391E+005	 +0.1338961636139217E+006	
April    	 +0.1164000000000000E+005	 +0.7121881111748250E+005	 +0.2068863457358748E+005	 +0.9190744569106984E+005	
May      	 +0.1238400000000000E+005	 +0.3652971183590034E+005	 +0.1036192412703841E+005	 +0.4689163596293882E+005	
June     	 +0.1310400000000000E+005	 +0.1514521651001479E+005	 +0.4476175736328320E+004	 +0.1962139224634310E+005	
July     	 +0.1384800000000000E+005	 +0.8583973927970328E+004	 +0.2836411649509540E+004	 +0.1142038557747986E+005	
August   	 +0.1459200000000000E+005	 +0.1323641199941187E+005	 +0.3778331103821778E+004	 +0.1701474310323367E+005	
September	 +0.1531200000000000E+005	 +0.2388139970372191E+005	 +0.6180965574307187E+004	 +0.3006236527802917E+005	
October  	 +0.1605600000000000E+005	 +0.6275363483095769E+005	 +0.1608196893162692E+005	 +0.7883560376258452E+005	
November 	 +0.1677600000000000E+005	 +0.1026684994389389E+006	 +0.2897026590833046E+005	 +0.1316387653472697E+006	
December 	 +0.1752000000000000E+005	 +0.1367857259347921E+006	 +0.4155688960088069E+005	 +0.1783426155356720E+006	
  
	Maximum Instantaneous Values
	Label not available                                                                                                                                                                                                                                                                                         	Label not available                                                                                                                                                                                                                                                                                         	Label not available                                                                                                                                                                                                                                                                                         	Label not available                                                                                                                                                                                                                                                                                         	
Maximum Value	 +0.1752000000000000E+005	 +0.6380379315672533E+003	 +0.1791162329482719E+003	 +0.7702920583632688E+003	
Time of Maximum	 +0.1752000000000000E+005	 +0.1453100000000000E+005	 +0.1448286666666667E+005	 +0.1453100000000000E+005	
  
	Minimum Instantaneous Values
	Label not available                                                                                                                                                                                                                                                                                         	Label not available                                                                                                                                                                                                                                                                                         	Label not available                                                                                                                                                                                                                                                                                         	Label not available                                                                                                                                                                                                                                                                                         	
Minimum Value	 +0.7300033333333334E+004	 +0.0000000000000000E+000	 +0.0000000000000000E+000	 +0.0000000000000000E+000	
Time of Minimum	 +0.7300033333333334E+004	 +0.1752000000000000E+005	 +0.1752000000000000E+005	 +0.1752000000000000E+005	
  
	Maximum Integrated Values
	Label not available                                                                                                                                                                                                                                                                                         	Label not available                                                                                                                                                                                                                                                                                         	Label not available                                                                                                                                                                                                                                                                                         	Label not available                                                                                                                                                                                                                                                                                         	
Maximum Value	 +0.1752000000000000E+005	 +0.1485376922130659E+006	 +0.4806735333550850E+005	 +0.1966050455485735E+006	
Time of Maximum	 +0.1752000000000000E+005	 +0.9504000000000000E+004	 +0.9504000000000000E+004	 +0.9504000000000000E+004	
  
	Minimum Integrated Values
	Label not available                                                                                                                                                                                                                                                                                         	Label not available                                                                                                                                                                                                                                                                                         	Label not available                                                                                                                                                                                                                                                                                         	Label not available                                                                                                                                                                                                                                                                                         	
Minimum Value	 +0.8016000000000000E+004	 +0.8583973927970328E+004	 +0.2836411649509540E+004	 +0.1142038557747986E+005	
Time of Minimum	 +0.8016000000000000E+004	 +0.1384800000000000E+005	 +0.1384800000000000E+005	 +0.1384800000000000E+005	
  
	Sum (note: sums are set to zero for inputs that were not integrated.)
	Label not available                                                                                                                                                                                                                                                                                         	Label not available                                                                                                                                                                                                                                                                                         	Label not available                                                                                                                                                                                                                                                                                         	Label not available                                                                                                                                                                                                                                                                                         	
Total	 +0.0000000000000000E+000	 +0.1087088594250552E+007	 +0.3265802323600969E+006	 +0.1413668826610669E+007	
