 	Label not available                                                                                                                                                                                                                                                                                         	Label not available                                                                                                                                                                                                                                                                                         	Label not available                                                                                                                                                                                                                                                                                         	Label not available                                                                                                                                                                                                                                                                                         	
Month 	TIME                     	QSnk335PauxEvap_kW       	QSnk335PelAuxComp_kW     	QSnk335PauxCondSwitch_kW 	
November 	 +0.8016000000000000E+004	 +0.4940149094860478E+005	 +0.1404566194528366E+005	 +0.6344715289388840E+005	
December 	 +0.8760000000000000E+004	 +0.6382564446502619E+005	 +0.1955477919342452E+005	 +0.8338042365845104E+005	
January  	 +0.9504000000000000E+004	 +0.6883916508359576E+005	 +0.2257565983418194E+005	 +0.9141482491777773E+005	
February 	 +0.1017600000000000E+005	 +0.5768419897954943E+005	 +0.1905518183851410E+005	 +0.7673938081806317E+005	
March    	 +0.1092000000000000E+005	 +0.4823467455960777E+005	 +0.1496744514212490E+005	 +0.6320211970173263E+005	
April    	 +0.1164000000000000E+005	 +0.3501432354562083E+005	 +0.1002362569053770E+005	 +0.4503794923615837E+005	
May      	 +0.1238400000000000E+005	 +0.1951639819342674E+005	 +0.5357798968786312E+004	 +0.2487419716221305E+005	
June     	 +0.1310400000000000E+005	 +0.8754053847503823E+004	 +0.2441406285296786E+004	 +0.1119546013280060E+005	
July     	 +0.1384800000000000E+005	 +0.5245614760604382E+004	 +0.1594582826161221E+004	 +0.6840197586765596E+004	
August   	 +0.1459200000000000E+005	 +0.7741665298547675E+004	 +0.2122373855484545E+004	 +0.9864039154032231E+004	
September	 +0.1531200000000000E+005	 +0.1331685869685998E+005	 +0.3394390982305244E+004	 +0.1671124967916522E+005	
October  	 +0.1605600000000000E+005	 +0.3133728425349989E+005	 +0.8023246055636706E+004	 +0.3936053030913657E+005	
November 	 +0.1677600000000000E+005	 +0.4890497797430427E+005	 +0.1387168766823428E+005	 +0.6277666564253862E+005	
December 	 +0.1752000000000000E+005	 +0.6374340576191119E+005	 +0.1955489152736681E+005	 +0.8329829728927853E+005	
  
	Maximum Instantaneous Values
	Label not available                                                                                                                                                                                                                                                                                         	Label not available                                                                                                                                                                                                                                                                                         	Label not available                                                                                                                                                                                                                                                                                         	Label not available                                                                                                                                                                                                                                                                                         	
Maximum Value	 +0.1752000000000000E+005	 +0.3201807485124562E+003	 +0.8781719094910132E+002	 +0.3850691462947902E+003	
Time of Maximum	 +0.1752000000000000E+005	 +0.1390503333333333E+005	 +0.1426613333333333E+005	 +0.1390503333333333E+005	
  
	Minimum Instantaneous Values
	Label not available                                                                                                                                                                                                                                                                                         	Label not available                                                                                                                                                                                                                                                                                         	Label not available                                                                                                                                                                                                                                                                                         	Label not available                                                                                                                                                                                                                                                                                         	
Minimum Value	 +0.7300033333333334E+004	 +0.0000000000000000E+000	 +0.0000000000000000E+000	 +0.0000000000000000E+000	
Time of Minimum	 +0.7300033333333334E+004	 +0.1752000000000000E+005	 +0.1752000000000000E+005	 +0.1752000000000000E+005	
  
	Maximum Integrated Values
	Label not available                                                                                                                                                                                                                                                                                         	Label not available                                                                                                                                                                                                                                                                                         	Label not available                                                                                                                                                                                                                                                                                         	Label not available                                                                                                                                                                                                                                                                                         	
Maximum Value	 +0.1752000000000000E+005	 +0.6883916508359576E+005	 +0.2257565983418194E+005	 +0.9141482491777773E+005	
Time of Maximum	 +0.1752000000000000E+005	 +0.9504000000000000E+004	 +0.9504000000000000E+004	 +0.9504000000000000E+004	
  
	Minimum Integrated Values
	Label not available                                                                                                                                                                                                                                                                                         	Label not available                                                                                                                                                                                                                                                                                         	Label not available                                                                                                                                                                                                                                                                                         	Label not available                                                                                                                                                                                                                                                                                         	
Minimum Value	 +0.8016000000000000E+004	 +0.5245614760604382E+004	 +0.1594582826161221E+004	 +0.6840197586765596E+004	
Time of Minimum	 +0.8016000000000000E+004	 +0.1384800000000000E+005	 +0.1384800000000000E+005	 +0.1384800000000000E+005	
  
	Sum (note: sums are set to zero for inputs that were not integrated.)
	Label not available                                                                                                                                                                                                                                                                                         	Label not available                                                                                                                                                                                                                                                                                         	Label not available                                                                                                                                                                                                                                                                                         	Label not available                                                                                                                                                                                                                                                                                         	
Total	 +0.0000000000000000E+000	 +0.5215597563686596E+006	 +0.1565827318133414E+006	 +0.6781424881819999E+006	
