 	Label not available                                                                                                                                                                                                                                                                                         	Label not available                                                                                                                                                                                                                                                                                         	Label not available                                                                                                                                                                                                                                                                                         	Label not available                                                                                                                                                                                                                                                                                         	
Month 	TIME                     	QSnk243PauxEvap_kW       	QSnk243PelAuxComp_kW     	QSnk243PauxCondSwitch_kW 	
November 	 +0.8016000000000000E+004	 +0.1134515104937322E+006	 +0.3230354181451889E+005	 +0.1457550523082508E+006	
December 	 +0.8760000000000000E+004	 +0.1464954463517316E+006	 +0.4499466474605728E+005	 +0.1914901110977880E+006	
January  	 +0.9504000000000000E+004	 +0.1583474219313833E+006	 +0.5205872048082286E+005	 +0.2104061424122057E+006	
February 	 +0.1017600000000000E+005	 +0.1323935186778341E+006	 +0.4395673227421138E+005	 +0.1763502509520445E+006	
March    	 +0.1092000000000000E+005	 +0.1109357843662708E+006	 +0.3481301120674506E+005	 +0.1457487955730157E+006	
April    	 +0.1164000000000000E+005	 +0.7921404952189881E+005	 +0.2309223184575792E+005	 +0.1023062813676564E+006	
May      	 +0.1238400000000000E+005	 +0.4461525731576057E+005	 +0.1260278721713142E+005	 +0.5721804453289212E+005	
June     	 +0.1310400000000000E+005	 +0.1936629908566277E+005	 +0.5689471818768295E+004	 +0.2505577090443106E+005	
July     	 +0.1384800000000000E+005	 +0.1208183679217629E+005	 +0.3811332317995193E+004	 +0.1589316911017148E+005	
August   	 +0.1459200000000000E+005	 +0.1737463816627965E+005	 +0.4872716306929016E+004	 +0.2224735447320865E+005	
September	 +0.1531200000000000E+005	 +0.3035575859663340E+005	 +0.7787272851805428E+004	 +0.3814303144843876E+005	
October  	 +0.1605600000000000E+005	 +0.7185038312881757E+005	 +0.1843165144772367E+005	 +0.9028203457654105E+005	
November 	 +0.1677600000000000E+005	 +0.1123319014846476E+006	 +0.3189081768618785E+005	 +0.1442227191708350E+006	
December 	 +0.1752000000000000E+005	 +0.1464971192562356E+006	 +0.4502174192373039E+005	 +0.1915188611799648E+006	
  
	Maximum Instantaneous Values
	Label not available                                                                                                                                                                                                                                                                                         	Label not available                                                                                                                                                                                                                                                                                         	Label not available                                                                                                                                                                                                                                                                                         	Label not available                                                                                                                                                                                                                                                                                         	
Maximum Value	 +0.1752000000000000E+005	 +0.7142421556642936E+003	 +0.2017923226677345E+003	 +0.8639089326657109E+003	
Time of Maximum	 +0.1752000000000000E+005	 +0.1455220000000000E+005	 +0.1451980000000000E+005	 +0.1455220000000000E+005	
  
	Minimum Instantaneous Values
	Label not available                                                                                                                                                                                                                                                                                         	Label not available                                                                                                                                                                                                                                                                                         	Label not available                                                                                                                                                                                                                                                                                         	Label not available                                                                                                                                                                                                                                                                                         	
Minimum Value	 +0.7300033333333334E+004	 +0.0000000000000000E+000	 +0.0000000000000000E+000	 +0.0000000000000000E+000	
Time of Minimum	 +0.7300033333333334E+004	 +0.1752000000000000E+005	 +0.1752000000000000E+005	 +0.1752000000000000E+005	
  
	Maximum Integrated Values
	Label not available                                                                                                                                                                                                                                                                                         	Label not available                                                                                                                                                                                                                                                                                         	Label not available                                                                                                                                                                                                                                                                                         	Label not available                                                                                                                                                                                                                                                                                         	
Maximum Value	 +0.1752000000000000E+005	 +0.1583474219313833E+006	 +0.5205872048082286E+005	 +0.2104061424122057E+006	
Time of Maximum	 +0.1752000000000000E+005	 +0.9504000000000000E+004	 +0.9504000000000000E+004	 +0.9504000000000000E+004	
  
	Minimum Integrated Values
	Label not available                                                                                                                                                                                                                                                                                         	Label not available                                                                                                                                                                                                                                                                                         	Label not available                                                                                                                                                                                                                                                                                         	Label not available                                                                                                                                                                                                                                                                                         	
Minimum Value	 +0.8016000000000000E+004	 +0.1208183679217629E+005	 +0.3811332317995193E+004	 +0.1589316911017148E+005	
Time of Minimum	 +0.8016000000000000E+004	 +0.1384800000000000E+005	 +0.1384800000000000E+005	 +0.1384800000000000E+005	
  
	Sum (note: sums are set to zero for inputs that were not integrated.)
	Label not available                                                                                                                                                                                                                                                                                         	Label not available                                                                                                                                                                                                                                                                                         	Label not available                                                                                                                                                                                                                                                                                         	Label not available                                                                                                                                                                                                                                                                                         	
Total	 +0.0000000000000000E+000	 +0.1195310925169056E+007	 +0.3613266939383828E+006	 +0.1556637619107448E+007	
