 	Label not available                                                                                                                                                                                                                                                                                         	Label not available                                                                                                                                                                                                                                                                                         	Label not available                                                                                                                                                                                                                                                                                         	Label not available                                                                                                                                                                                                                                                                                         	
Month 	TIME                     	QSnk448PauxEvap_kW       	QSnk448PelAuxComp_kW     	QSnk448PauxCondSwitch_kW 	
November 	 +0.8016000000000000E+004	 +0.5867859995260127E+005	 +0.1669425504913916E+005	 +0.7537285500174039E+005	
December 	 +0.8760000000000000E+004	 +0.7593860366343305E+005	 +0.2329368401431014E+005	 +0.9923228767774359E+005	
January  	 +0.9504000000000000E+004	 +0.8168685236405303E+005	 +0.2682831290164544E+005	 +0.1085151652656973E+006	
February 	 +0.1017600000000000E+005	 +0.6853734513117561E+005	 +0.2267373873995613E+005	 +0.9121108387113083E+005	
March    	 +0.1092000000000000E+005	 +0.5722410399892371E+005	 +0.1781239069461038E+005	 +0.7503649469353436E+005	
April    	 +0.1164000000000000E+005	 +0.4152603265129061E+005	 +0.1195858496346053E+005	 +0.5348461761475130E+005	
May      	 +0.1238400000000000E+005	 +0.2304639879172559E+005	 +0.6386155213256658E+004	 +0.2943255400498228E+005	
June     	 +0.1310400000000000E+005	 +0.1029118829214958E+005	 +0.2914930219475687E+004	 +0.1320611851162527E+005	
July     	 +0.1384800000000000E+005	 +0.6093933993040172E+004	 +0.1888310925140602E+004	 +0.7982244918180769E+004	
August   	 +0.1459200000000000E+005	 +0.9076943082449085E+004	 +0.2511825557298832E+004	 +0.1158876863974794E+005	
September	 +0.1531200000000000E+005	 +0.1575095679320217E+005	 +0.4035086308690557E+004	 +0.1978604310189276E+005	
October  	 +0.1605600000000000E+005	 +0.3717436243538577E+005	 +0.9534248872242810E+004	 +0.4670861130762885E+005	
November 	 +0.1677600000000000E+005	 +0.5805224400315492E+005	 +0.1647758121244163E+005	 +0.7452982521559687E+005	
December 	 +0.1752000000000000E+005	 +0.7591825088028684E+005	 +0.2329583981221768E+005	 +0.9921409069250549E+005	
  
	Maximum Instantaneous Values
	Label not available                                                                                                                                                                                                                                                                                         	Label not available                                                                                                                                                                                                                                                                                         	Label not available                                                                                                                                                                                                                                                                                         	Label not available                                                                                                                                                                                                                                                                                         	
Maximum Value	 +0.1752000000000000E+005	 +0.3779089435081763E+003	 +0.1047829941288352E+003	 +0.4553225657281750E+003	
Time of Maximum	 +0.1752000000000000E+005	 +0.1386116666666667E+005	 +0.1401526666666667E+005	 +0.1452820000000000E+005	
  
	Minimum Instantaneous Values
	Label not available                                                                                                                                                                                                                                                                                         	Label not available                                                                                                                                                                                                                                                                                         	Label not available                                                                                                                                                                                                                                                                                         	Label not available                                                                                                                                                                                                                                                                                         	
Minimum Value	 +0.7300033333333334E+004	 +0.0000000000000000E+000	 +0.0000000000000000E+000	 +0.0000000000000000E+000	
Time of Minimum	 +0.7300033333333334E+004	 +0.1752000000000000E+005	 +0.1752000000000000E+005	 +0.1752000000000000E+005	
  
	Maximum Integrated Values
	Label not available                                                                                                                                                                                                                                                                                         	Label not available                                                                                                                                                                                                                                                                                         	Label not available                                                                                                                                                                                                                                                                                         	Label not available                                                                                                                                                                                                                                                                                         	
Maximum Value	 +0.1752000000000000E+005	 +0.8168685236405303E+005	 +0.2682831290164544E+005	 +0.1085151652656973E+006	
Time of Maximum	 +0.1752000000000000E+005	 +0.9504000000000000E+004	 +0.9504000000000000E+004	 +0.9504000000000000E+004	
  
	Minimum Integrated Values
	Label not available                                                                                                                                                                                                                                                                                         	Label not available                                                                                                                                                                                                                                                                                         	Label not available                                                                                                                                                                                                                                                                                         	Label not available                                                                                                                                                                                                                                                                                         	
Minimum Value	 +0.8016000000000000E+004	 +0.6093933993040172E+004	 +0.1888310925140602E+004	 +0.7982244918180769E+004	
Time of Minimum	 +0.8016000000000000E+004	 +0.1384800000000000E+005	 +0.1384800000000000E+005	 +0.1384800000000000E+005	
  
	Sum (note: sums are set to zero for inputs that were not integrated.)
	Label not available                                                                                                                                                                                                                                                                                         	Label not available                                                                                                                                                                                                                                                                                         	Label not available                                                                                                                                                                                                                                                                                         	Label not available                                                                                                                                                                                                                                                                                         	
Total	 +0.0000000000000000E+000	 +0.6189958160328701E+006	 +0.1863049444838869E+006	 +0.8053007605167556E+006	
