 	Label not available                                                                                                                                                                                                                                                                                         	Label not available                                                                                                                                                                                                                                                                                         	Label not available                                                                                                                                                                                                                                                                                         	Label not available                                                                                                                                                                                                                                                                                         	
Month 	TIME                     	QSnk488PauxEvap_kW       	QSnk488PelAuxComp_kW     	QSnk488PauxCondSwitch_kW 	
November 	 +0.8016000000000000E+004	 +0.1075785232271773E+006	 +0.3064240997276739E+005	 +0.1382209331999446E+006	
December 	 +0.8760000000000000E+004	 +0.1348533019944852E+006	 +0.4181832816069198E+005	 +0.1766716301551766E+006	
January  	 +0.9504000000000000E+004	 +0.1428942390617149E+006	 +0.4816675472419774E+005	 +0.1910609937859126E+006	
February 	 +0.1017600000000000E+005	 +0.1196105807365572E+006	 +0.4028531183015972E+005	 +0.1598958925667169E+006	
March    	 +0.1092000000000000E+005	 +0.1032163442125295E+006	 +0.3233219427106501E+005	 +0.1355485384835940E+006	
April    	 +0.1164000000000000E+005	 +0.7821984992396169E+005	 +0.2247306263808519E+005	 +0.1006929125620468E+006	
May      	 +0.1238400000000000E+005	 +0.4858300036917992E+005	 +0.1335826149465352E+005	 +0.6194126186383353E+005	
June     	 +0.1310400000000000E+005	 +0.2354931428446994E+005	 +0.6535185148736051E+004	 +0.3008449943320599E+005	
July     	 +0.1384800000000000E+005	 +0.1652579085713729E+005	 +0.4722368329819408E+004	 +0.2124815918695672E+005	
August   	 +0.1459200000000000E+005	 +0.2059775061395666E+005	 +0.5512754842908331E+004	 +0.2611050545686492E+005	
September	 +0.1531200000000000E+005	 +0.3719921905626727E+005	 +0.9237614695920920E+004	 +0.4643683375218819E+005	
October  	 +0.1605600000000000E+005	 +0.7293740453054158E+005	 +0.1852257462878436E+005	 +0.9145997915932639E+005	
November 	 +0.1677600000000000E+005	 +0.1069860808353162E+006	 +0.3038464764472250E+005	 +0.1373707284800390E+006	
December 	 +0.1752000000000000E+005	 +0.1345528448209159E+006	 +0.4175349894434938E+005	 +0.1763063437652672E+006	
  
	Maximum Instantaneous Values
	Label not available                                                                                                                                                                                                                                                                                         	Label not available                                                                                                                                                                                                                                                                                         	Label not available                                                                                                                                                                                                                                                                                         	Label not available                                                                                                                                                                                                                                                                                         	
Maximum Value	 +0.1752000000000000E+005	 +0.7534527337779477E+003	 +0.2098021801737617E+003	 +0.9084032812009863E+003	
Time of Maximum	 +0.1752000000000000E+005	 +0.1390480000000000E+005	 +0.1403980000000000E+005	 +0.1390480000000000E+005	
  
	Minimum Instantaneous Values
	Label not available                                                                                                                                                                                                                                                                                         	Label not available                                                                                                                                                                                                                                                                                         	Label not available                                                                                                                                                                                                                                                                                         	Label not available                                                                                                                                                                                                                                                                                         	
Minimum Value	 +0.7300033333333334E+004	 +0.0000000000000000E+000	 +0.0000000000000000E+000	 +0.0000000000000000E+000	
Time of Minimum	 +0.7300033333333334E+004	 +0.1752000000000000E+005	 +0.1752000000000000E+005	 +0.1752000000000000E+005	
  
	Maximum Integrated Values
	Label not available                                                                                                                                                                                                                                                                                         	Label not available                                                                                                                                                                                                                                                                                         	Label not available                                                                                                                                                                                                                                                                                         	Label not available                                                                                                                                                                                                                                                                                         	
Maximum Value	 +0.1752000000000000E+005	 +0.1428942390617149E+006	 +0.4816675472419774E+005	 +0.1910609937859126E+006	
Time of Maximum	 +0.1752000000000000E+005	 +0.9504000000000000E+004	 +0.9504000000000000E+004	 +0.9504000000000000E+004	
  
	Minimum Integrated Values
	Label not available                                                                                                                                                                                                                                                                                         	Label not available                                                                                                                                                                                                                                                                                         	Label not available                                                                                                                                                                                                                                                                                         	Label not available                                                                                                                                                                                                                                                                                         	
Minimum Value	 +0.8016000000000000E+004	 +0.1652579085713729E+005	 +0.4722368329819408E+004	 +0.2124815918695672E+005	
Time of Minimum	 +0.8016000000000000E+004	 +0.1384800000000000E+005	 +0.1384800000000000E+005	 +0.1384800000000000E+005	
  
	Sum (note: sums are set to zero for inputs that were not integrated.)
	Label not available                                                                                                                                                                                                                                                                                         	Label not available                                                                                                                                                                                                                                                                                         	Label not available                                                                                                                                                                                                                                                                                         	Label not available                                                                                                                                                                                                                                                                                         	
Total	 +0.0000000000000000E+000	 +0.1147304244524209E+007	 +0.3457449673268614E+006	 +0.1493049211851058E+007	
