 	Label not available                                                                                                                                                                                                                                                                                         	Label not available                                                                                                                                                                                                                                                                                         	Label not available                                                                                                                                                                                                                                                                                         	Label not available                                                                                                                                                                                                                                                                                         	
Month 	TIME                     	QSnk266PauxEvap_kW       	QSnk266PelAuxComp_kW     	QSnk266PauxCondSwitch_kW 	
November 	 +0.8016000000000000E+004	 +0.6090265762798761E+005	 +0.1739393464753173E+005	 +0.7829659227551962E+005	
December 	 +0.8760000000000000E+004	 +0.7759673884133699E+005	 +0.2400362239097084E+005	 +0.1016003612323074E+006	
January  	 +0.9504000000000000E+004	 +0.8283408127246937E+005	 +0.2760658816842326E+005	 +0.1104406694408923E+006	
February 	 +0.1017600000000000E+005	 +0.6915348595124410E+005	 +0.2316254094396194E+005	 +0.9231602689520626E+005	
March    	 +0.1092000000000000E+005	 +0.5922698206663837E+005	 +0.1853768960042889E+005	 +0.7776467166706691E+005	
April    	 +0.1164000000000000E+005	 +0.4362864219039220E+005	 +0.1258888579371186E+005	 +0.5621752798410394E+005	
May      	 +0.1238400000000000E+005	 +0.2593803810731229E+005	 +0.7171453006984644E+004	 +0.3310949111429696E+005	
June     	 +0.1310400000000000E+005	 +0.1208418226768698E+005	 +0.3390408841654366E+004	 +0.1547459110934138E+005	
July     	 +0.1384800000000000E+005	 +0.7700689341129026E+004	 +0.2304605540394893E+004	 +0.1000529488152393E+005	
August   	 +0.1459200000000000E+005	 +0.1051613513185843E+005	 +0.2873570594793284E+004	 +0.1338970572665171E+005	
September	 +0.1531200000000000E+005	 +0.1893769849262820E+005	 +0.4764539020460214E+004	 +0.2370223751308842E+005	
October  	 +0.1605600000000000E+005	 +0.3989640072479819E+005	 +0.1017756779837426E+005	 +0.5007396852317244E+005	
November 	 +0.1677600000000000E+005	 +0.6044036043971937E+005	 +0.1720494570085955E+005	 +0.7764530614057883E+005	
December 	 +0.1752000000000000E+005	 +0.7758272508910138E+005	 +0.2401228891878211E+005	 +0.1015950140078841E+006	
  
	Maximum Instantaneous Values
	Label not available                                                                                                                                                                                                                                                                                         	Label not available                                                                                                                                                                                                                                                                                         	Label not available                                                                                                                                                                                                                                                                                         	Label not available                                                                                                                                                                                                                                                                                         	
Maximum Value	 +0.1752000000000000E+005	 +0.4088328991313212E+003	 +0.1138486945299156E+003	 +0.4931332495293761E+003	
Time of Maximum	 +0.1752000000000000E+005	 +0.1457763333333333E+005	 +0.1399203333333333E+005	 +0.1457763333333333E+005	
  
	Minimum Instantaneous Values
	Label not available                                                                                                                                                                                                                                                                                         	Label not available                                                                                                                                                                                                                                                                                         	Label not available                                                                                                                                                                                                                                                                                         	Label not available                                                                                                                                                                                                                                                                                         	
Minimum Value	 +0.7300033333333334E+004	 +0.0000000000000000E+000	 +0.0000000000000000E+000	 +0.0000000000000000E+000	
Time of Minimum	 +0.7300033333333334E+004	 +0.1752000000000000E+005	 +0.1752000000000000E+005	 +0.1752000000000000E+005	
  
	Maximum Integrated Values
	Label not available                                                                                                                                                                                                                                                                                         	Label not available                                                                                                                                                                                                                                                                                         	Label not available                                                                                                                                                                                                                                                                                         	Label not available                                                                                                                                                                                                                                                                                         	
Maximum Value	 +0.1752000000000000E+005	 +0.8283408127246937E+005	 +0.2760658816842326E+005	 +0.1104406694408923E+006	
Time of Maximum	 +0.1752000000000000E+005	 +0.9504000000000000E+004	 +0.9504000000000000E+004	 +0.9504000000000000E+004	
  
	Minimum Integrated Values
	Label not available                                                                                                                                                                                                                                                                                         	Label not available                                                                                                                                                                                                                                                                                         	Label not available                                                                                                                                                                                                                                                                                         	Label not available                                                                                                                                                                                                                                                                                         	
Minimum Value	 +0.8016000000000000E+004	 +0.7700689341129026E+004	 +0.2304605540394893E+004	 +0.1000529488152393E+005	
Time of Minimum	 +0.8016000000000000E+004	 +0.1384800000000000E+005	 +0.1384800000000000E+005	 +0.1384800000000000E+005	
  
	Sum (note: sums are set to zero for inputs that were not integrated.)
	Label not available                                                                                                                                                                                                                                                                                         	Label not available                                                                                                                                                                                                                                                                                         	Label not available                                                                                                                                                                                                                                                                                         	Label not available                                                                                                                                                                                                                                                                                         	
Total	 +0.0000000000000000E+000	 +0.6464388175442948E+006	 +0.1951926409673345E+006	 +0.8416314585116151E+006	
