 	Label not available                                                                                                                                                                                                                                                                                         	Label not available                                                                                                                                                                                                                                                                                         	Label not available                                                                                                                                                                                                                                                                                         	Label not available                                                                                                                                                                                                                                                                                         	
Month 	TIME                     	QSnk191PauxEvap_kW       	QSnk191PelAuxComp_kW     	QSnk191PauxCondSwitch_kW 	
November 	 +0.8016000000000000E+004	 +0.4819569801381178E+005	 +0.1369500605870541E+005	 +0.6189070407251685E+005	
December 	 +0.8760000000000000E+004	 +0.6135068009182373E+005	 +0.1889616566323845E+005	 +0.8024684575506237E+005	
January  	 +0.9504000000000000E+004	 +0.6549387177791558E+005	 +0.2175672927066876E+005	 +0.8725060104858420E+005	
February 	 +0.1017600000000000E+005	 +0.5475265987485805E+005	 +0.1820623798512941E+005	 +0.7295889785998789E+005	
March    	 +0.1092000000000000E+005	 +0.4692373583532999E+005	 +0.1449342469487862E+005	 +0.6141716053020868E+005	
April    	 +0.1164000000000000E+005	 +0.3464306514197001E+005	 +0.9800527296001326E+004	 +0.4444359243797135E+005	
May      	 +0.1238400000000000E+005	 +0.2071565846965887E+005	 +0.5557929830540255E+004	 +0.2627358830019910E+005	
June     	 +0.1310400000000000E+005	 +0.9493337993614339E+004	 +0.2558035997373042E+004	 +0.1205137399098738E+005	
July     	 +0.1384800000000000E+005	 +0.6365086473576236E+004	 +0.1811693025221621E+004	 +0.8176779498797856E+004	
August   	 +0.1459200000000000E+005	 +0.8372023724445318E+004	 +0.2240365822789769E+004	 +0.1061238954723510E+005	
September	 +0.1531200000000000E+005	 +0.1506940791500851E+005	 +0.3738864720217369E+004	 +0.1880827263522592E+005	
October  	 +0.1605600000000000E+005	 +0.3154458936292203E+005	 +0.8002004661000949E+004	 +0.3954659402392271E+005	
November 	 +0.1677600000000000E+005	 +0.4781317969456931E+005	 +0.1353436243005395E+005	 +0.6134754212462337E+005	
December 	 +0.1752000000000000E+005	 +0.6135337520649232E+005	 +0.1891418053717766E+005	 +0.8026755574366999E+005	
  
	Maximum Instantaneous Values
	Label not available                                                                                                                                                                                                                                                                                         	Label not available                                                                                                                                                                                                                                                                                         	Label not available                                                                                                                                                                                                                                                                                         	Label not available                                                                                                                                                                                                                                                                                         	
Maximum Value	 +0.1752000000000000E+005	 +0.3292568539787762E+003	 +0.9017827033930600E+002	 +0.3958535468444512E+003	
Time of Maximum	 +0.1752000000000000E+005	 +0.1383336666666667E+005	 +0.1388230000000000E+005	 +0.1465770000000000E+005	
  
	Minimum Instantaneous Values
	Label not available                                                                                                                                                                                                                                                                                         	Label not available                                                                                                                                                                                                                                                                                         	Label not available                                                                                                                                                                                                                                                                                         	Label not available                                                                                                                                                                                                                                                                                         	
Minimum Value	 +0.7300033333333334E+004	 +0.0000000000000000E+000	 +0.0000000000000000E+000	 +0.0000000000000000E+000	
Time of Minimum	 +0.7300033333333334E+004	 +0.1752000000000000E+005	 +0.1752000000000000E+005	 +0.1752000000000000E+005	
  
	Maximum Integrated Values
	Label not available                                                                                                                                                                                                                                                                                         	Label not available                                                                                                                                                                                                                                                                                         	Label not available                                                                                                                                                                                                                                                                                         	Label not available                                                                                                                                                                                                                                                                                         	
Maximum Value	 +0.1752000000000000E+005	 +0.6549387177791558E+005	 +0.2175672927066876E+005	 +0.8725060104858420E+005	
Time of Maximum	 +0.1752000000000000E+005	 +0.9504000000000000E+004	 +0.9504000000000000E+004	 +0.9504000000000000E+004	
  
	Minimum Integrated Values
	Label not available                                                                                                                                                                                                                                                                                         	Label not available                                                                                                                                                                                                                                                                                         	Label not available                                                                                                                                                                                                                                                                                         	Label not available                                                                                                                                                                                                                                                                                         	
Minimum Value	 +0.8016000000000000E+004	 +0.6365086473576236E+004	 +0.1811693025221621E+004	 +0.8176779498797856E+004	
Time of Minimum	 +0.8016000000000000E+004	 +0.1384800000000000E+005	 +0.1384800000000000E+005	 +0.1384800000000000E+005	
  
	Sum (note: sums are set to zero for inputs that were not integrated.)
	Label not available                                                                                                                                                                                                                                                                                         	Label not available                                                                                                                                                                                                                                                                                         	Label not available                                                                                                                                                                                                                                                                                         	Label not available                                                                                                                                                                                                                                                                                         	
Total	 +0.0000000000000000E+000	 +0.5120863695759971E+006	 +0.1532055279929991E+006	 +0.6652918975689916E+006	
