 	Label not available                                                                                                                                                                                                                                                                                         	Label not available                                                                                                                                                                                                                                                                                         	Label not available                                                                                                                                                                                                                                                                                         	Label not available                                                                                                                                                                                                                                                                                         	
Month 	TIME                     	QSnk322PauxEvap_kW       	QSnk322PelAuxComp_kW     	QSnk322PauxCondSwitch_kW 	
November 	 +0.8016000000000000E+004	 +0.4161602776020179E+005	 +0.1185852835952100E+005	 +0.5347455611972290E+005	
December 	 +0.8760000000000000E+004	 +0.5208036689349452E+005	 +0.1615510715109837E+005	 +0.6823547404459324E+005	
January  	 +0.9504000000000000E+004	 +0.5527663300302570E+005	 +0.1864897489740775E+005	 +0.7392560790043398E+005	
February 	 +0.1017600000000000E+005	 +0.4623439656716024E+005	 +0.1561525901915274E+005	 +0.6184965558631354E+005	
March    	 +0.1092000000000000E+005	 +0.3997668139827859E+005	 +0.1258111519111606E+005	 +0.5255779658939465E+005	
April    	 +0.1164000000000000E+005	 +0.3014258528230422E+005	 +0.8720732401763426E+004	 +0.3886331768406766E+005	
May      	 +0.1238400000000000E+005	 +0.1896602902077975E+005	 +0.5233235571132156E+004	 +0.2419926459191193E+005	
June     	 +0.1310400000000000E+005	 +0.9144820442564316E+004	 +0.2560980248655116E+004	 +0.1170580069121943E+005	
July     	 +0.1384800000000000E+005	 +0.6336189751956131E+004	 +0.1834738073386779E+004	 +0.8170927825342899E+004	
August   	 +0.1459200000000000E+005	 +0.8145330897519748E+004	 +0.2185664908509819E+004	 +0.1033099580602958E+005	
September	 +0.1531200000000000E+005	 +0.1448198520788114E+005	 +0.3602837328718486E+004	 +0.1808482253659964E+005	
October  	 +0.1605600000000000E+005	 +0.2822998034231413E+005	 +0.7175932325290940E+004	 +0.3540591266760503E+005	
November 	 +0.1677600000000000E+005	 +0.4142503118388854E+005	 +0.1175270293217947E+005	 +0.5317773411606787E+005	
December 	 +0.1752000000000000E+005	 +0.5202481602192292E+005	 +0.1614811743531796E+005	 +0.6817293345724120E+005	
  
	Maximum Instantaneous Values
	Label not available                                                                                                                                                                                                                                                                                         	Label not available                                                                                                                                                                                                                                                                                         	Label not available                                                                                                                                                                                                                                                                                         	Label not available                                                                                                                                                                                                                                                                                         	
Maximum Value	 +0.1752000000000000E+005	 +0.2938845982409501E+003	 +0.8101316993518353E+002	 +0.3548927560360277E+003	
Time of Maximum	 +0.1752000000000000E+005	 +0.1385770000000000E+005	 +0.1428986666666667E+005	 +0.1385770000000000E+005	
  
	Minimum Instantaneous Values
	Label not available                                                                                                                                                                                                                                                                                         	Label not available                                                                                                                                                                                                                                                                                         	Label not available                                                                                                                                                                                                                                                                                         	Label not available                                                                                                                                                                                                                                                                                         	
Minimum Value	 +0.7300033333333334E+004	 +0.0000000000000000E+000	 +0.0000000000000000E+000	 +0.0000000000000000E+000	
Time of Minimum	 +0.7300033333333334E+004	 +0.1752000000000000E+005	 +0.1752000000000000E+005	 +0.1752000000000000E+005	
  
	Maximum Integrated Values
	Label not available                                                                                                                                                                                                                                                                                         	Label not available                                                                                                                                                                                                                                                                                         	Label not available                                                                                                                                                                                                                                                                                         	Label not available                                                                                                                                                                                                                                                                                         	
Maximum Value	 +0.1752000000000000E+005	 +0.5527663300302570E+005	 +0.1864897489740775E+005	 +0.7392560790043398E+005	
Time of Maximum	 +0.1752000000000000E+005	 +0.9504000000000000E+004	 +0.9504000000000000E+004	 +0.9504000000000000E+004	
  
	Minimum Integrated Values
	Label not available                                                                                                                                                                                                                                                                                         	Label not available                                                                                                                                                                                                                                                                                         	Label not available                                                                                                                                                                                                                                                                                         	Label not available                                                                                                                                                                                                                                                                                         	
Minimum Value	 +0.8016000000000000E+004	 +0.6336189751956131E+004	 +0.1834738073386779E+004	 +0.8170927825342899E+004	
Time of Minimum	 +0.8016000000000000E+004	 +0.1384800000000000E+005	 +0.1384800000000000E+005	 +0.1384800000000000E+005	
  
	Sum (note: sums are set to zero for inputs that were not integrated.)
	Label not available                                                                                                                                                                                                                                                                                         	Label not available                                                                                                                                                                                                                                                                                         	Label not available                                                                                                                                                                                                                                                                                         	Label not available                                                                                                                                                                                                                                                                                         	
Total	 +0.0000000000000000E+000	 +0.4440808737732914E+006	 +0.1340739258432488E+006	 +0.5781547996165418E+006	
