 	Label not available                                                                                                                                                                                                                                                                                         	Label not available                                                                                                                                                                                                                                                                                         	Label not available                                                                                                                                                                                                                                                                                         	Label not available                                                                                                                                                                                                                                                                                         	
Month 	TIME                     	QSnk225PauxEvap_kW       	QSnk225PelAuxComp_kW     	QSnk225PauxCondSwitch_kW 	
November 	 +0.8016000000000000E+004	 +0.5393329877928412E+005	 +0.1528338560644669E+005	 +0.6921668438573088E+005	
December 	 +0.8760000000000000E+004	 +0.6764778043066902E+005	 +0.2085398445464066E+005	 +0.8850176488530963E+005	
January  	 +0.9504000000000000E+004	 +0.7164838072390534E+005	 +0.2402707220369664E+005	 +0.9567545292760161E+005	
February 	 +0.1017600000000000E+005	 +0.6002007055000628E+005	 +0.2004899650540380E+005	 +0.8006906705540976E+005	
March    	 +0.1092000000000000E+005	 +0.5192227415789023E+005	 +0.1606870333347967E+005	 +0.6799097749137004E+005	
April    	 +0.1164000000000000E+005	 +0.3929901889616000E+005	 +0.1108731106114611E+005	 +0.5038632995730628E+005	
May      	 +0.1238400000000000E+005	 +0.2473823821950824E+005	 +0.6604640430352150E+004	 +0.3134287864986036E+005	
June     	 +0.1310400000000000E+005	 +0.1182908952627088E+005	 +0.3190472713012993E+004	 +0.1501956223928389E+005	
July     	 +0.1384800000000000E+005	 +0.8400033893929851E+004	 +0.2327840536214559E+004	 +0.1072787443014442E+005	
August   	 +0.1459200000000000E+005	 +0.1042516049471739E+005	 +0.2748277964712066E+004	 +0.1317343845942948E+005	
September	 +0.1531200000000000E+005	 +0.1871151044760199E+005	 +0.4602387736626482E+004	 +0.2331389818422852E+005	
October  	 +0.1605600000000000E+005	 +0.3662621202993206E+005	 +0.9258961070805535E+004	 +0.4588517310073775E+005	
November 	 +0.1677600000000000E+005	 +0.5367773142400134E+005	 +0.1516564963104260E+005	 +0.6884338105504365E+005	
December 	 +0.1752000000000000E+005	 +0.6748889741295877E+005	 +0.2083485332361172E+005	 +0.8832375073657026E+005	
  
	Maximum Instantaneous Values
	Label not available                                                                                                                                                                                                                                                                                         	Label not available                                                                                                                                                                                                                                                                                         	Label not available                                                                                                                                                                                                                                                                                         	Label not available                                                                                                                                                                                                                                                                                         	
Maximum Value	 +0.1752000000000000E+005	 +0.3835877902957385E+003	 +0.1051684599590278E+003	 +0.4611592998685564E+003	
Time of Maximum	 +0.1752000000000000E+005	 +0.1389953333333333E+005	 +0.1396860000000000E+005	 +0.1389953333333333E+005	
  
	Minimum Instantaneous Values
	Label not available                                                                                                                                                                                                                                                                                         	Label not available                                                                                                                                                                                                                                                                                         	Label not available                                                                                                                                                                                                                                                                                         	Label not available                                                                                                                                                                                                                                                                                         	
Minimum Value	 +0.7300033333333334E+004	 +0.0000000000000000E+000	 +0.0000000000000000E+000	 +0.0000000000000000E+000	
Time of Minimum	 +0.7300033333333334E+004	 +0.1752000000000000E+005	 +0.1752000000000000E+005	 +0.1752000000000000E+005	
  
	Maximum Integrated Values
	Label not available                                                                                                                                                                                                                                                                                         	Label not available                                                                                                                                                                                                                                                                                         	Label not available                                                                                                                                                                                                                                                                                         	Label not available                                                                                                                                                                                                                                                                                         	
Maximum Value	 +0.1752000000000000E+005	 +0.7164838072390534E+005	 +0.2402707220369664E+005	 +0.9567545292760161E+005	
Time of Maximum	 +0.1752000000000000E+005	 +0.9504000000000000E+004	 +0.9504000000000000E+004	 +0.9504000000000000E+004	
  
	Minimum Integrated Values
	Label not available                                                                                                                                                                                                                                                                                         	Label not available                                                                                                                                                                                                                                                                                         	Label not available                                                                                                                                                                                                                                                                                         	Label not available                                                                                                                                                                                                                                                                                         	
Minimum Value	 +0.8016000000000000E+004	 +0.8400033893929851E+004	 +0.2327840536214559E+004	 +0.1072787443014442E+005	
Time of Minimum	 +0.8016000000000000E+004	 +0.1384800000000000E+005	 +0.1384800000000000E+005	 +0.1384800000000000E+005	
  
	Sum (note: sums are set to zero for inputs that were not integrated.)
	Label not available                                                                                                                                                                                                                                                                                         	Label not available                                                                                                                                                                                                                                                                                         	Label not available                                                                                                                                                                                                                                                                                         	Label not available                                                                                                                                                                                                                                                                                         	
Total	 +0.0000000000000000E+000	 +0.5763676969868368E+006	 +0.1721025365711911E+006	 +0.7484702335580176E+006	
