 	Label not available                                                                                                                                                                                                                                                                                         	Label not available                                                                                                                                                                                                                                                                                         	Label not available                                                                                                                                                                                                                                                                                         	Label not available                                                                                                                                                                                                                                                                                         	
Month 	TIME                     	QSnk417PauxEvap_kW       	QSnk417PelAuxComp_kW     	QSnk417PauxCondSwitch_kW 	
November 	 +0.8016000000000000E+004	 +0.1543343122099834E+005	 +0.4451221692011448E+004	 +0.1988465291300958E+005	
December 	 +0.8760000000000000E+004	 +0.1932285995699112E+005	 +0.6065222972667181E+004	 +0.2538808292965830E+005	
January  	 +0.9504000000000000E+004	 +0.2047869401447447E+005	 +0.6980977773033303E+004	 +0.2745967178750790E+005	
February 	 +0.1017600000000000E+005	 +0.1710212936014697E+005	 +0.5881778248536292E+004	 +0.2298390760868318E+005	
March    	 +0.1092000000000000E+005	 +0.1477626811798966E+005	 +0.4781673774870471E+004	 +0.1955794189286017E+005	
April    	 +0.1164000000000000E+005	 +0.1112861133215688E+005	 +0.3359382570272222E+004	 +0.1448799390242907E+005	
May      	 +0.1238400000000000E+005	 +0.6972778969961753E+004	 +0.2037618023077980E+004	 +0.9010396993039752E+004	
June     	 +0.1310400000000000E+005	 +0.3419640502497392E+004	 +0.1017704947005658E+004	 +0.4437345449503046E+004	
July     	 +0.1384800000000000E+005	 +0.2436922735983956E+004	 +0.7431090767419279E+003	 +0.3180031812725882E+004	
August   	 +0.1459200000000000E+005	 +0.3092081806152609E+004	 +0.8597717198083800E+003	 +0.3951853525960987E+004	
September	 +0.1531200000000000E+005	 +0.5407054749258823E+004	 +0.1375209799959717E+004	 +0.6782264549218550E+004	
October  	 +0.1605600000000000E+005	 +0.1049129568164359E+005	 +0.2714426510091634E+004	 +0.1320572219173522E+005	
November 	 +0.1677600000000000E+005	 +0.1533102100330353E+005	 +0.4405582362662666E+004	 +0.1973660336596633E+005	
December 	 +0.1752000000000000E+005	 +0.1928814857256294E+005	 +0.6058792964205957E+004	 +0.2534694153676875E+005	
  
	Maximum Instantaneous Values
	Label not available                                                                                                                                                                                                                                                                                         	Label not available                                                                                                                                                                                                                                                                                         	Label not available                                                                                                                                                                                                                                                                                         	Label not available                                                                                                                                                                                                                                                                                         	
Maximum Value	 +0.1752000000000000E+005	 +0.1041289093308089E+003	 +0.2991849190558481E+002	 +0.1261730840431050E+003	
Time of Maximum	 +0.1752000000000000E+005	 +0.1465583333333333E+005	 +0.1428960000000000E+005	 +0.1465583333333333E+005	
  
	Minimum Instantaneous Values
	Label not available                                                                                                                                                                                                                                                                                         	Label not available                                                                                                                                                                                                                                                                                         	Label not available                                                                                                                                                                                                                                                                                         	Label not available                                                                                                                                                                                                                                                                                         	
Minimum Value	 +0.7300033333333334E+004	 +0.0000000000000000E+000	 +0.0000000000000000E+000	 +0.0000000000000000E+000	
Time of Minimum	 +0.7300033333333334E+004	 +0.1752000000000000E+005	 +0.1752000000000000E+005	 +0.1752000000000000E+005	
  
	Maximum Integrated Values
	Label not available                                                                                                                                                                                                                                                                                         	Label not available                                                                                                                                                                                                                                                                                         	Label not available                                                                                                                                                                                                                                                                                         	Label not available                                                                                                                                                                                                                                                                                         	
Maximum Value	 +0.1752000000000000E+005	 +0.2047869401447447E+005	 +0.6980977773033303E+004	 +0.2745967178750790E+005	
Time of Maximum	 +0.1752000000000000E+005	 +0.9504000000000000E+004	 +0.9504000000000000E+004	 +0.9504000000000000E+004	
  
	Minimum Integrated Values
	Label not available                                                                                                                                                                                                                                                                                         	Label not available                                                                                                                                                                                                                                                                                         	Label not available                                                                                                                                                                                                                                                                                         	Label not available                                                                                                                                                                                                                                                                                         	
Minimum Value	 +0.8016000000000000E+004	 +0.2436922735983956E+004	 +0.7431090767419279E+003	 +0.3180031812725882E+004	
Time of Minimum	 +0.8016000000000000E+004	 +0.1384800000000000E+005	 +0.1384800000000000E+005	 +0.1384800000000000E+005	
  
	Sum (note: sums are set to zero for inputs that were not integrated.)
	Label not available                                                                                                                                                                                                                                                                                         	Label not available                                                                                                                                                                                                                                                                                         	Label not available                                                                                                                                                                                                                                                                                         	Label not available                                                                                                                                                                                                                                                                                         	
Total	 +0.0000000000000000E+000	 +0.1646809380241212E+006	 +0.5073247243494511E+005	 +0.2154134104590679E+006	
