 	Label not available                                                                                                                                                                                                                                                                                         	Label not available                                                                                                                                                                                                                                                                                         	Label not available                                                                                                                                                                                                                                                                                         	Label not available                                                                                                                                                                                                                                                                                         	
Month 	TIME                     	QSnk579PauxEvap_kW       	QSnk579PelAuxComp_kW     	QSnk579PauxCondSwitch_kW 	
November 	 +0.8016000000000000E+004	 +0.3077721515796830E+005	 +0.8865520889824667E+004	 +0.3964273604779320E+005	
December 	 +0.8760000000000000E+004	 +0.3854890065193193E+005	 +0.1209392618269773E+005	 +0.5064282683462954E+005	
January  	 +0.9504000000000000E+004	 +0.4086522082178650E+005	 +0.1390948199161767E+005	 +0.5477470281340419E+005	
February 	 +0.1017600000000000E+005	 +0.3414130206894398E+005	 +0.1172215782216515E+005	 +0.4586345989110911E+005	
March    	 +0.1092000000000000E+005	 +0.2946672353860298E+005	 +0.9518658207775929E+004	 +0.3898538174637895E+005	
April    	 +0.1164000000000000E+005	 +0.2208898861345184E+005	 +0.6643385649279026E+004	 +0.2873237426273089E+005	
May      	 +0.1238400000000000E+005	 +0.1392762463679473E+005	 +0.4042578589124481E+004	 +0.1797020322591921E+005	
June     	 +0.1310400000000000E+005	 +0.6811349266404545E+004	 +0.2011466239671600E+004	 +0.8822815506076133E+004	
July     	 +0.1384800000000000E+005	 +0.4711966587621732E+004	 +0.1434824243337762E+004	 +0.6146790830959499E+004	
August   	 +0.1459200000000000E+005	 +0.5996932039190086E+004	 +0.1661342163727689E+004	 +0.7658274202917766E+004	
September	 +0.1531200000000000E+005	 +0.1069388230121049E+005	 +0.2710129162424911E+004	 +0.1340401146363535E+005	
October  	 +0.1605600000000000E+005	 +0.2092959060471564E+005	 +0.5403257886047832E+004	 +0.2633284849076344E+005	
November 	 +0.1677600000000000E+005	 +0.3060451328940627E+005	 +0.8780674357814461E+004	 +0.3938518764722055E+005	
December 	 +0.1752000000000000E+005	 +0.3847957301988381E+005	 +0.1208694774976584E+005	 +0.5056652076964951E+005	
  
	Maximum Instantaneous Values
	Label not available                                                                                                                                                                                                                                                                                         	Label not available                                                                                                                                                                                                                                                                                         	Label not available                                                                                                                                                                                                                                                                                         	Label not available                                                                                                                                                                                                                                                                                         	
Maximum Value	 +0.1752000000000000E+005	 +0.2100691568403001E+003	 +0.5982151410768735E+002	 +0.2546761294575245E+003	
Time of Maximum	 +0.1752000000000000E+005	 +0.1477113333333333E+005	 +0.1447140000000000E+005	 +0.1477113333333333E+005	
  
	Minimum Instantaneous Values
	Label not available                                                                                                                                                                                                                                                                                         	Label not available                                                                                                                                                                                                                                                                                         	Label not available                                                                                                                                                                                                                                                                                         	Label not available                                                                                                                                                                                                                                                                                         	
Minimum Value	 +0.7300033333333334E+004	 +0.0000000000000000E+000	 +0.0000000000000000E+000	 +0.0000000000000000E+000	
Time of Minimum	 +0.7300033333333334E+004	 +0.1751986666666667E+005	 +0.1751986666666667E+005	 +0.1751986666666667E+005	
  
	Maximum Integrated Values
	Label not available                                                                                                                                                                                                                                                                                         	Label not available                                                                                                                                                                                                                                                                                         	Label not available                                                                                                                                                                                                                                                                                         	Label not available                                                                                                                                                                                                                                                                                         	
Maximum Value	 +0.1752000000000000E+005	 +0.4086522082178650E+005	 +0.1390948199161767E+005	 +0.5477470281340419E+005	
Time of Maximum	 +0.1752000000000000E+005	 +0.9504000000000000E+004	 +0.9504000000000000E+004	 +0.9504000000000000E+004	
  
	Minimum Integrated Values
	Label not available                                                                                                                                                                                                                                                                                         	Label not available                                                                                                                                                                                                                                                                                         	Label not available                                                                                                                                                                                                                                                                                         	Label not available                                                                                                                                                                                                                                                                                         	
Minimum Value	 +0.8016000000000000E+004	 +0.4711966587621732E+004	 +0.1434824243337762E+004	 +0.6146790830959499E+004	
Time of Minimum	 +0.8016000000000000E+004	 +0.1384800000000000E+005	 +0.1384800000000000E+005	 +0.1384800000000000E+005	
  
	Sum (note: sums are set to zero for inputs that were not integrated.)
	Label not available                                                                                                                                                                                                                                                                                         	Label not available                                                                                                                                                                                                                                                                                         	Label not available                                                                                                                                                                                                                                                                                         	Label not available                                                                                                                                                                                                                                                                                         	
Total	 +0.0000000000000000E+000	 +0.3280437825979098E+006	 +0.1008843511352742E+006	 +0.4289281337331868E+006	
