 	Label not available                                                                                                                                                                                                                                                                                         	Label not available                                                                                                                                                                                                                                                                                         	Label not available                                                                                                                                                                                                                                                                                         	Label not available                                                                                                                                                                                                                                                                                         	
Month 	TIME                     	QSnk558PauxEvap_kW       	QSnk558PelAuxComp_kW     	QSnk558PauxCondSwitch_kW 	
November 	 +0.8016000000000000E+004	 +0.8374973217106832E+005	 +0.2228022805621248E+005	 +0.1060299602272800E+006	
December 	 +0.8760000000000000E+004	 +0.1122552535686641E+006	 +0.3185422720340344E+005	 +0.1441094807720672E+006	
January  	 +0.9504000000000000E+004	 +0.1228775742676455E+006	 +0.3633245730195577E+005	 +0.1592100315696014E+006	
February 	 +0.1017600000000000E+005	 +0.1031694294139176E+006	 +0.3110999542983812E+005	 +0.1342794248437560E+006	
March    	 +0.1092000000000000E+005	 +0.8241455583112089E+005	 +0.2406138780574885E+005	 +0.1064759436368698E+006	
April    	 +0.1164000000000000E+005	 +0.5616067571854846E+005	 +0.1526849729044234E+005	 +0.7142917300899090E+005	
May      	 +0.1238400000000000E+005	 +0.2618700332948516E+005	 +0.6781676814928146E+004	 +0.3296868014441337E+005	
June     	 +0.1310400000000000E+005	 +0.8253732281726867E+004	 +0.2076254550549418E+004	 +0.1032998683227630E+005	
July     	 +0.1384800000000000E+005	 +0.2324677529603252E+004	 +0.6850819755026675E+003	 +0.3009759505105917E+004	
August   	 +0.1459200000000000E+005	 +0.6482192494295283E+004	 +0.1544110200896950E+004	 +0.8026302695192237E+004	
September	 +0.1531200000000000E+005	 +0.1563136487932434E+005	 +0.3601100286738755E+004	 +0.1923246516606311E+005	
October  	 +0.1605600000000000E+005	 +0.4844792410100144E+005	 +0.1160141441549383E+005	 +0.6004933851649526E+005	
November 	 +0.1677600000000000E+005	 +0.8284465090701976E+005	 +0.2199469012581272E+005	 +0.1048393410328318E+006	
December 	 +0.1752000000000000E+005	 +0.1122342307785513E+006	 +0.3186293348660682E+005	 +0.1440971642651566E+006	
  
	Maximum Instantaneous Values
	Label not available                                                                                                                                                                                                                                                                                         	Label not available                                                                                                                                                                                                                                                                                         	Label not available                                                                                                                                                                                                                                                                                         	Label not available                                                                                                                                                                                                                                                                                         	
Maximum Value	 +0.1752000000000000E+005	 +0.4751825677680750E+003	 +0.1338409938859377E+003	 +0.5747637434794591E+003	
Time of Maximum	 +0.1752000000000000E+005	 +0.1467523333333333E+005	 +0.1390796666666667E+005	 +0.1467523333333333E+005	
  
	Minimum Instantaneous Values
	Label not available                                                                                                                                                                                                                                                                                         	Label not available                                                                                                                                                                                                                                                                                         	Label not available                                                                                                                                                                                                                                                                                         	Label not available                                                                                                                                                                                                                                                                                         	
Minimum Value	 +0.7300033333333334E+004	 +0.0000000000000000E+000	 +0.0000000000000000E+000	 +0.0000000000000000E+000	
Time of Minimum	 +0.7300033333333334E+004	 +0.1752000000000000E+005	 +0.1752000000000000E+005	 +0.1752000000000000E+005	
  
	Maximum Integrated Values
	Label not available                                                                                                                                                                                                                                                                                         	Label not available                                                                                                                                                                                                                                                                                         	Label not available                                                                                                                                                                                                                                                                                         	Label not available                                                                                                                                                                                                                                                                                         	
Maximum Value	 +0.1752000000000000E+005	 +0.1228775742676455E+006	 +0.3633245730195577E+005	 +0.1592100315696014E+006	
Time of Maximum	 +0.1752000000000000E+005	 +0.9504000000000000E+004	 +0.9504000000000000E+004	 +0.9504000000000000E+004	
  
	Minimum Integrated Values
	Label not available                                                                                                                                                                                                                                                                                         	Label not available                                                                                                                                                                                                                                                                                         	Label not available                                                                                                                                                                                                                                                                                         	Label not available                                                                                                                                                                                                                                                                                         	
Minimum Value	 +0.8016000000000000E+004	 +0.2324677529603252E+004	 +0.6850819755026675E+003	 +0.3009759505105917E+004	
Time of Minimum	 +0.8016000000000000E+004	 +0.1384800000000000E+005	 +0.1384800000000000E+005	 +0.1384800000000000E+005	
  
	Sum (note: sums are set to zero for inputs that were not integrated.)
	Label not available                                                                                                                                                                                                                                                                                         	Label not available                                                                                                                                                                                                                                                                                         	Label not available                                                                                                                                                                                                                                                                                         	Label not available                                                                                                                                                                                                                                                                                         	
Total	 +0.0000000000000000E+000	 +0.8630329972719779E+006	 +0.2410540549441277E+006	 +0.1104087052216111E+007	
