 	Label not available                                                                                                                                                                                                                                                                                         	Label not available                                                                                                                                                                                                                                                                                         	Label not available                                                                                                                                                                                                                                                                                         	Label not available                                                                                                                                                                                                                                                                                         	
Month 	TIME                     	QSnk60PauxEvap_kW        	QSnk60PelAuxComp_kW      	QSnk60PauxCondSwitch_kW  	
November 	 +0.8016000000000000E+004	 +0.2161812173431187E+005	 +0.5772371991525421E+004	 +0.2739049372583739E+005	
December 	 +0.8760000000000000E+004	 +0.2839914163003660E+005	 +0.8133324487004909E+004	 +0.3653246611704159E+005	
January  	 +0.9504000000000000E+004	 +0.3100012952689967E+005	 +0.9293368190305278E+004	 +0.4029349771720480E+005	
February 	 +0.1017600000000000E+005	 +0.2581895413049282E+005	 +0.7861790882782346E+004	 +0.3368074501327518E+005	
March    	 +0.1092000000000000E+005	 +0.2119561678845150E+005	 +0.6158123958288381E+004	 +0.2735374074673978E+005	
April    	 +0.1164000000000000E+005	 +0.1488152613021793E+005	 +0.3977047079639402E+004	 +0.1885857320985732E+005	
May      	 +0.1238400000000000E+005	 +0.7622545997821879E+004	 +0.1910593560375678E+004	 +0.9533139558197536E+004	
June     	 +0.1310400000000000E+005	 +0.2738230570635740E+004	 +0.6641756438546765E+003	 +0.3402406214490419E+004	
July     	 +0.1384800000000000E+005	 +0.1063794561001413E+004	 +0.2784942253198027E+003	 +0.1342288786321216E+004	
August   	 +0.1459200000000000E+005	 +0.2050194069918922E+004	 +0.4812132170790151E+003	 +0.2531407286997936E+004	
September	 +0.1531200000000000E+005	 +0.4892793390219546E+004	 +0.1108545614592938E+004	 +0.6001339004812466E+004	
October  	 +0.1605600000000000E+005	 +0.1313669543671770E+005	 +0.3128399027407219E+004	 +0.1626509446412497E+005	
November 	 +0.1677600000000000E+005	 +0.2142019052107844E+005	 +0.5711451102393261E+004	 +0.2713164162347178E+005	
December 	 +0.1752000000000000E+005	 +0.2839646961302842E+005	 +0.8134795276639915E+004	 +0.3653126488966824E+005	
  
	Maximum Instantaneous Values
	Label not available                                                                                                                                                                                                                                                                                         	Label not available                                                                                                                                                                                                                                                                                         	Label not available                                                                                                                                                                                                                                                                                         	Label not available                                                                                                                                                                                                                                                                                         	
Maximum Value	 +0.1752000000000000E+005	 +0.1309580453175892E+003	 +0.3577542360048717E+002	 +0.1576854738383641E+003	
Time of Maximum	 +0.1752000000000000E+005	 +0.1455396666666667E+005	 +0.1429576666666667E+005	 +0.1455396666666667E+005	
  
	Minimum Instantaneous Values
	Label not available                                                                                                                                                                                                                                                                                         	Label not available                                                                                                                                                                                                                                                                                         	Label not available                                                                                                                                                                                                                                                                                         	Label not available                                                                                                                                                                                                                                                                                         	
Minimum Value	 +0.7300033333333334E+004	 +0.0000000000000000E+000	 +0.0000000000000000E+000	 +0.0000000000000000E+000	
Time of Minimum	 +0.7300033333333334E+004	 +0.1752000000000000E+005	 +0.1752000000000000E+005	 +0.1752000000000000E+005	
  
	Maximum Integrated Values
	Label not available                                                                                                                                                                                                                                                                                         	Label not available                                                                                                                                                                                                                                                                                         	Label not available                                                                                                                                                                                                                                                                                         	Label not available                                                                                                                                                                                                                                                                                         	
Maximum Value	 +0.1752000000000000E+005	 +0.3100012952689967E+005	 +0.9293368190305278E+004	 +0.4029349771720480E+005	
Time of Maximum	 +0.1752000000000000E+005	 +0.9504000000000000E+004	 +0.9504000000000000E+004	 +0.9504000000000000E+004	
  
	Minimum Integrated Values
	Label not available                                                                                                                                                                                                                                                                                         	Label not available                                                                                                                                                                                                                                                                                         	Label not available                                                                                                                                                                                                                                                                                         	Label not available                                                                                                                                                                                                                                                                                         	
Minimum Value	 +0.8016000000000000E+004	 +0.1063794561001413E+004	 +0.2784942253198027E+003	 +0.1342288786321216E+004	
Time of Minimum	 +0.8016000000000000E+004	 +0.1384800000000000E+005	 +0.1384800000000000E+005	 +0.1384800000000000E+005	
  
	Sum (note: sums are set to zero for inputs that were not integrated.)
	Label not available                                                                                                                                                                                                                                                                                         	Label not available                                                                                                                                                                                                                                                                                         	Label not available                                                                                                                                                                                                                                                                                         	Label not available                                                                                                                                                                                                                                                                                         	
Total	 +0.0000000000000000E+000	 +0.2242344041008341E+006	 +0.6261369425720786E+005	 +0.2868480983580411E+006	
