 	Label not available                                                                                                                                                                                                                                                                                         	Label not available                                                                                                                                                                                                                                                                                         	Label not available                                                                                                                                                                                                                                                                                         	Label not available                                                                                                                                                                                                                                                                                         	
Month 	TIME                     	QSnk448PauxEvap_kW       	QSnk448PelAuxComp_kW     	QSnk448PauxCondSwitch_kW 	
November 	 +0.8016000000000000E+004	 +0.4694326700953393E+005	 +0.1251209274125299E+005	 +0.5945535975078680E+005	
December 	 +0.8760000000000000E+004	 +0.6179093655743726E+005	 +0.1767231678289465E+005	 +0.7946325334033197E+005	
January  	 +0.9504000000000000E+004	 +0.6733929065677260E+005	 +0.2016218296066869E+005	 +0.8750147361744166E+005	
February 	 +0.1017600000000000E+005	 +0.5611023097098173E+005	 +0.1706102258091286E+005	 +0.7317125355189483E+005	
March    	 +0.1092000000000000E+005	 +0.4599814615956997E+005	 +0.1337156356742884E+005	 +0.5936970972699882E+005	
April    	 +0.1164000000000000E+005	 +0.3222846767312714E+005	 +0.8639482185326735E+004	 +0.4086794985845377E+005	
May      	 +0.1238400000000000E+005	 +0.1647685460113372E+005	 +0.4150622450089145E+004	 +0.2062747705122289E+005	
June     	 +0.1310400000000000E+005	 +0.5691794512125628E+004	 +0.1388744572571657E+004	 +0.7080539084697291E+004	
July     	 +0.1384800000000000E+005	 +0.2131301075408567E+004	 +0.5516803927484506E+003	 +0.2682981468157016E+004	
August   	 +0.1459200000000000E+005	 +0.4282199934557121E+004	 +0.1002514120206538E+004	 +0.5284714054763657E+004	
September	 +0.1531200000000000E+005	 +0.1050085003811314E+005	 +0.2376854082636470E+004	 +0.1287770412074961E+005	
October  	 +0.1605600000000000E+005	 +0.2842156633206783E+005	 +0.6769129678872055E+004	 +0.3519069601093995E+005	
November 	 +0.1677600000000000E+005	 +0.4653091768337368E+005	 +0.1238194918931605E+005	 +0.5891286687268990E+005	
December 	 +0.1752000000000000E+005	 +0.6169330489360035E+005	 +0.1765057459916519E+005	 +0.7934387949276576E+005	
  
	Maximum Instantaneous Values
	Label not available                                                                                                                                                                                                                                                                                         	Label not available                                                                                                                                                                                                                                                                                         	Label not available                                                                                                                                                                                                                                                                                         	Label not available                                                                                                                                                                                                                                                                                         	
Maximum Value	 +0.1752000000000000E+005	 +0.2847845066660423E+003	 +0.7807173773466842E+002	 +0.3429406535800618E+003	
Time of Maximum	 +0.1752000000000000E+005	 +0.1385673333333333E+005	 +0.1462633333333333E+005	 +0.1385673333333333E+005	
  
	Minimum Instantaneous Values
	Label not available                                                                                                                                                                                                                                                                                         	Label not available                                                                                                                                                                                                                                                                                         	Label not available                                                                                                                                                                                                                                                                                         	Label not available                                                                                                                                                                                                                                                                                         	
Minimum Value	 +0.7300033333333334E+004	 +0.0000000000000000E+000	 +0.0000000000000000E+000	 +0.0000000000000000E+000	
Time of Minimum	 +0.7300033333333334E+004	 +0.1752000000000000E+005	 +0.1752000000000000E+005	 +0.1752000000000000E+005	
  
	Maximum Integrated Values
	Label not available                                                                                                                                                                                                                                                                                         	Label not available                                                                                                                                                                                                                                                                                         	Label not available                                                                                                                                                                                                                                                                                         	Label not available                                                                                                                                                                                                                                                                                         	
Maximum Value	 +0.1752000000000000E+005	 +0.6733929065677260E+005	 +0.2016218296066869E+005	 +0.8750147361744166E+005	
Time of Maximum	 +0.1752000000000000E+005	 +0.9504000000000000E+004	 +0.9504000000000000E+004	 +0.9504000000000000E+004	
  
	Minimum Integrated Values
	Label not available                                                                                                                                                                                                                                                                                         	Label not available                                                                                                                                                                                                                                                                                         	Label not available                                                                                                                                                                                                                                                                                         	Label not available                                                                                                                                                                                                                                                                                         	
Minimum Value	 +0.8016000000000000E+004	 +0.2131301075408567E+004	 +0.5516803927484506E+003	 +0.2682981468157016E+004	
Time of Minimum	 +0.8016000000000000E+004	 +0.1384800000000000E+005	 +0.1384800000000000E+005	 +0.1384800000000000E+005	
  
	Sum (note: sums are set to zero for inputs that were not integrated.)
	Label not available                                                                                                                                                                                                                                                                                         	Label not available                                                                                                                                                                                                                                                                                         	Label not available                                                                                                                                                                                                                                                                                         	Label not available                                                                                                                                                                                                                                                                                         	
Total	 +0.0000000000000000E+000	 +0.4861391280978099E+006	 +0.1356907299040903E+006	 +0.6218298580018942E+006	
