 	Label not available                                                                                                                                                                                                                                                                                         	Label not available                                                                                                                                                                                                                                                                                         	Label not available                                                                                                                                                                                                                                                                                         	Label not available                                                                                                                                                                                                                                                                                         	
Month 	TIME                     	QSnk417PauxEvap_kW       	QSnk417PelAuxComp_kW     	QSnk417PauxCondSwitch_kW 	
November 	 +0.8016000000000000E+004	 +0.1226418741081398E+005	 +0.3322602773460380E+004	 +0.1558679018427434E+005	
December 	 +0.8760000000000000E+004	 +0.1559212636875852E+005	 +0.4588162717489113E+004	 +0.2018028908624761E+005	
January  	 +0.9504000000000000E+004	 +0.1673104634219732E+005	 +0.5248542676980541E+004	 +0.2197958901917795E+005	
February 	 +0.1017600000000000E+005	 +0.1386803898654059E+005	 +0.4424537262708785E+004	 +0.1829257624924935E+005	
March    	 +0.1092000000000000E+005	 +0.1171252497504753E+005	 +0.3578431044546401E+004	 +0.1529095601959402E+005	
April    	 +0.1164000000000000E+005	 +0.8574013163529298E+004	 +0.2441961276095756E+004	 +0.1101597443962509E+005	
May      	 +0.1238400000000000E+005	 +0.5070384839957847E+004	 +0.1375443056500413E+004	 +0.6445827896458261E+004	
June     	 +0.1310400000000000E+005	 +0.2045451769096652E+004	 +0.5419943893544935E+003	 +0.2587446158451150E+004	
July     	 +0.1384800000000000E+005	 +0.1112083203407914E+004	 +0.2978164987035369E+003	 +0.1409899702111451E+004	
August   	 +0.1459200000000000E+005	 +0.1717291890794587E+004	 +0.4103623980324427E+003	 +0.2127654288827032E+004	
September	 +0.1531200000000000E+005	 +0.3698525624110253E+004	 +0.8496098695100941E+003	 +0.4548135493620330E+004	
October  	 +0.1605600000000000E+005	 +0.7983425416888344E+004	 +0.1925675487488664E+004	 +0.9909100904377052E+004	
November 	 +0.1677600000000000E+005	 +0.1220293811723515E+005	 +0.3296044637504219E+004	 +0.1549898275473943E+005	
December 	 +0.1752000000000000E+005	 +0.1559855789258764E+005	 +0.4591483975679847E+004	 +0.2019004186826770E+005	
  
	Maximum Instantaneous Values
	Label not available                                                                                                                                                                                                                                                                                         	Label not available                                                                                                                                                                                                                                                                                         	Label not available                                                                                                                                                                                                                                                                                         	Label not available                                                                                                                                                                                                                                                                                         	
Maximum Value	 +0.1752000000000000E+005	 +0.7795563291567530E+002	 +0.2225992944612588E+002	 +0.9451390130610402E+002	
Time of Maximum	 +0.1752000000000000E+005	 +0.1467643333333333E+005	 +0.1453480000000000E+005	 +0.1467643333333333E+005	
  
	Minimum Instantaneous Values
	Label not available                                                                                                                                                                                                                                                                                         	Label not available                                                                                                                                                                                                                                                                                         	Label not available                                                                                                                                                                                                                                                                                         	Label not available                                                                                                                                                                                                                                                                                         	
Minimum Value	 +0.7300033333333334E+004	 +0.0000000000000000E+000	 +0.0000000000000000E+000	 +0.0000000000000000E+000	
Time of Minimum	 +0.7300033333333334E+004	 +0.1752000000000000E+005	 +0.1752000000000000E+005	 +0.1752000000000000E+005	
  
	Maximum Integrated Values
	Label not available                                                                                                                                                                                                                                                                                         	Label not available                                                                                                                                                                                                                                                                                         	Label not available                                                                                                                                                                                                                                                                                         	Label not available                                                                                                                                                                                                                                                                                         	
Maximum Value	 +0.1752000000000000E+005	 +0.1673104634219732E+005	 +0.5248542676980541E+004	 +0.2197958901917795E+005	
Time of Maximum	 +0.1752000000000000E+005	 +0.9504000000000000E+004	 +0.9504000000000000E+004	 +0.9504000000000000E+004	
  
	Minimum Integrated Values
	Label not available                                                                                                                                                                                                                                                                                         	Label not available                                                                                                                                                                                                                                                                                         	Label not available                                                                                                                                                                                                                                                                                         	Label not available                                                                                                                                                                                                                                                                                         	
Minimum Value	 +0.8016000000000000E+004	 +0.1112083203407914E+004	 +0.2978164987035369E+003	 +0.1409899702111451E+004	
Time of Minimum	 +0.8016000000000000E+004	 +0.1384800000000000E+005	 +0.1384800000000000E+005	 +0.1384800000000000E+005	
  
	Sum (note: sums are set to zero for inputs that were not integrated.)
	Label not available                                                                                                                                                                                                                                                                                         	Label not available                                                                                                                                                                                                                                                                                         	Label not available                                                                                                                                                                                                                                                                                         	Label not available                                                                                                                                                                                                                                                                                         	
Total	 +0.0000000000000000E+000	 +0.1281705960009652E+006	 +0.3689266806405440E+005	 +0.1650632640650191E+006	
