 	Label not available                                                                                                                                                                                                                                                                                         	Label not available                                                                                                                                                                                                                                                                                         	Label not available                                                                                                                                                                                                                                                                                         	Label not available                                                                                                                                                                                                                                                                                         	
Month 	TIME                     	QSnk266PauxEvap_kW       	QSnk266PelAuxComp_kW     	QSnk266PauxCondSwitch_kW 	
November 	 +0.8016000000000000E+004	 +0.4851577942922323E+005	 +0.1297512668609019E+005	 +0.6149090611531377E+005	
December 	 +0.8760000000000000E+004	 +0.6294657631618103E+005	 +0.1814833189501272E+005	 +0.8109490821119383E+005	
January  	 +0.9504000000000000E+004	 +0.6787408229272727E+005	 +0.2068867561238611E+005	 +0.8856275790511315E+005	
February 	 +0.1017600000000000E+005	 +0.5634851404784248E+005	 +0.1737283268074090E+005	 +0.7372134672858362E+005	
March    	 +0.1092000000000000E+005	 +0.4726199573257381E+005	 +0.1381257820218118E+005	 +0.6107457393475524E+005	
April    	 +0.1164000000000000E+005	 +0.3380206402895860E+005	 +0.9092583470372900E+004	 +0.4289464749933167E+005	
May      	 +0.1238400000000000E+005	 +0.1865969983879651E+005	 +0.4715054503458899E+004	 +0.2337475434225536E+005	
June     	 +0.1310400000000000E+005	 +0.6720795736422020E+004	 +0.1637476147631245E+004	 +0.8358271884053265E+004	
July     	 +0.1384800000000000E+005	 +0.3016174945388895E+004	 +0.7574322058531457E+003	 +0.3773607151242047E+004	
August   	 +0.1459200000000000E+005	 +0.5464967560472949E+004	 +0.1260074448973097E+004	 +0.6725042009446042E+004	
September	 +0.1531200000000000E+005	 +0.1274641016117123E+005	 +0.2857650417141658E+004	 +0.1560406057831290E+005	
October  	 +0.1605600000000000E+005	 +0.3031158040805739E+005	 +0.7198033576488026E+004	 +0.3750961398454529E+005	
November 	 +0.1677600000000000E+005	 +0.4826514630384662E+005	 +0.1287578276585377E+005	 +0.6114092906970019E+005	
December 	 +0.1752000000000000E+005	 +0.6293522921950769E+005	 +0.1815956734602914E+005	 +0.8109479656553641E+005	
  
	Maximum Instantaneous Values
	Label not available                                                                                                                                                                                                                                                                                         	Label not available                                                                                                                                                                                                                                                                                         	Label not available                                                                                                                                                                                                                                                                                         	Label not available                                                                                                                                                                                                                                                                                         	
Maximum Value	 +0.1752000000000000E+005	 +0.3044276623628012E+003	 +0.8485322662405167E+002	 +0.3673676747305479E+003	
Time of Maximum	 +0.1752000000000000E+005	 +0.1469690000000000E+005	 +0.1386576666666667E+005	 +0.1469690000000000E+005	
  
	Minimum Instantaneous Values
	Label not available                                                                                                                                                                                                                                                                                         	Label not available                                                                                                                                                                                                                                                                                         	Label not available                                                                                                                                                                                                                                                                                         	Label not available                                                                                                                                                                                                                                                                                         	
Minimum Value	 +0.7300033333333334E+004	 +0.0000000000000000E+000	 +0.0000000000000000E+000	 +0.0000000000000000E+000	
Time of Minimum	 +0.7300033333333334E+004	 +0.1752000000000000E+005	 +0.1752000000000000E+005	 +0.1752000000000000E+005	
  
	Maximum Integrated Values
	Label not available                                                                                                                                                                                                                                                                                         	Label not available                                                                                                                                                                                                                                                                                         	Label not available                                                                                                                                                                                                                                                                                         	Label not available                                                                                                                                                                                                                                                                                         	
Maximum Value	 +0.1752000000000000E+005	 +0.6787408229272727E+005	 +0.2068867561238611E+005	 +0.8856275790511315E+005	
Time of Maximum	 +0.1752000000000000E+005	 +0.9504000000000000E+004	 +0.9504000000000000E+004	 +0.9504000000000000E+004	
  
	Minimum Integrated Values
	Label not available                                                                                                                                                                                                                                                                                         	Label not available                                                                                                                                                                                                                                                                                         	Label not available                                                                                                                                                                                                                                                                                         	Label not available                                                                                                                                                                                                                                                                                         	
Minimum Value	 +0.8016000000000000E+004	 +0.3016174945388895E+004	 +0.7574322058531457E+003	 +0.3773607151242047E+004	
Time of Minimum	 +0.8016000000000000E+004	 +0.1384800000000000E+005	 +0.1384800000000000E+005	 +0.1384800000000000E+005	
  
	Sum (note: sums are set to zero for inputs that were not integrated.)
	Label not available                                                                                                                                                                                                                                                                                         	Label not available                                                                                                                                                                                                                                                                                         	Label not available                                                                                                                                                                                                                                                                                         	Label not available                                                                                                                                                                                                                                                                                         	
Total	 +0.0000000000000000E+000	 +0.5048690160211753E+006	 +0.1415511999582127E+006	 +0.6464202159793794E+006	
