 	Label not available                                                                                                                                                                                                                                                                                         	Label not available                                                                                                                                                                                                                                                                                         	Label not available                                                                                                                                                                                                                                                                                         	Label not available                                                                                                                                                                                                                                                                                         	
Month 	TIME                     	QSnk579PauxEvap_kW       	QSnk579PelAuxComp_kW     	QSnk579PauxCondSwitch_kW 	
November 	 +0.8016000000000000E+004	 +0.2444554444595454E+005	 +0.6615016641920278E+004	 +0.3106056108787489E+005	
December 	 +0.8760000000000000E+004	 +0.3111212531806619E+005	 +0.9143863232845388E+004	 +0.4025598855091177E+005	
January  	 +0.9504000000000000E+004	 +0.3337393143972100E+005	 +0.1044772512220947E+005	 +0.4382165656193057E+005	
February 	 +0.1017600000000000E+005	 +0.2768224409236837E+005	 +0.8809408715639258E+004	 +0.3649165280800737E+005	
March    	 +0.1092000000000000E+005	 +0.2334133217517453E+005	 +0.7113892441419685E+004	 +0.3045522461659435E+005	
April    	 +0.1164000000000000E+005	 +0.1706678706579259E+005	 +0.4844856757368828E+004	 +0.2191164382316143E+005	
May      	 +0.1238400000000000E+005	 +0.1009614277569796E+005	 +0.2719614725750797E+004	 +0.1281575750144876E+005	
June     	 +0.1310400000000000E+005	 +0.3979356033748661E+004	 +0.1039112428443463E+004	 +0.5018468462192119E+004	
July     	 +0.1384800000000000E+005	 +0.2112452641673098E+004	 +0.5587942342326087E+003	 +0.2671246875905701E+004	
August   	 +0.1459200000000000E+005	 +0.3323989623372074E+004	 +0.7866359374104851E+003	 +0.4110625560782557E+004	
September	 +0.1531200000000000E+005	 +0.7352934745737571E+004	 +0.1685104139842599E+004	 +0.9038038885580154E+004	
October  	 +0.1605600000000000E+005	 +0.1589001567137295E+005	 +0.3829559304631650E+004	 +0.1971957497600463E+005	
November 	 +0.1677600000000000E+005	 +0.2428844725064435E+005	 +0.6557361065285668E+004	 +0.3084580831592991E+005	
December 	 +0.1752000000000000E+005	 +0.3110660846559881E+005	 +0.9146218023644997E+004	 +0.4025282648924387E+005	
  
	Maximum Instantaneous Values
	Label not available                                                                                                                                                                                                                                                                                         	Label not available                                                                                                                                                                                                                                                                                         	Label not available                                                                                                                                                                                                                                                                                         	Label not available                                                                                                                                                                                                                                                                                         	
Maximum Value	 +0.1752000000000000E+005	 +0.1564843734796517E+003	 +0.4454899330340015E+002	 +0.1900863920628795E+003	
Time of Maximum	 +0.1752000000000000E+005	 +0.1390360000000000E+005	 +0.1451516666666667E+005	 +0.1390360000000000E+005	
  
	Minimum Instantaneous Values
	Label not available                                                                                                                                                                                                                                                                                         	Label not available                                                                                                                                                                                                                                                                                         	Label not available                                                                                                                                                                                                                                                                                         	Label not available                                                                                                                                                                                                                                                                                         	
Minimum Value	 +0.7300033333333334E+004	 +0.0000000000000000E+000	 +0.0000000000000000E+000	 +0.0000000000000000E+000	
Time of Minimum	 +0.7300033333333334E+004	 +0.1752000000000000E+005	 +0.1752000000000000E+005	 +0.1752000000000000E+005	
  
	Maximum Integrated Values
	Label not available                                                                                                                                                                                                                                                                                         	Label not available                                                                                                                                                                                                                                                                                         	Label not available                                                                                                                                                                                                                                                                                         	Label not available                                                                                                                                                                                                                                                                                         	
Maximum Value	 +0.1752000000000000E+005	 +0.3337393143972100E+005	 +0.1044772512220947E+005	 +0.4382165656193057E+005	
Time of Maximum	 +0.1752000000000000E+005	 +0.9504000000000000E+004	 +0.9504000000000000E+004	 +0.9504000000000000E+004	
  
	Minimum Integrated Values
	Label not available                                                                                                                                                                                                                                                                                         	Label not available                                                                                                                                                                                                                                                                                         	Label not available                                                                                                                                                                                                                                                                                         	Label not available                                                                                                                                                                                                                                                                                         	
Minimum Value	 +0.8016000000000000E+004	 +0.2112452641673098E+004	 +0.5587942342326087E+003	 +0.2671246875905701E+004	
Time of Minimum	 +0.8016000000000000E+004	 +0.1384800000000000E+005	 +0.1384800000000000E+005	 +0.1384800000000000E+005	
  
	Sum (note: sums are set to zero for inputs that were not integrated.)
	Label not available                                                                                                                                                                                                                                                                                         	Label not available                                                                                                                                                                                                                                                                                         	Label not available                                                                                                                                                                                                                                                                                         	Label not available                                                                                                                                                                                                                                                                                         	
Total	 +0.0000000000000000E+000	 +0.2551719117449237E+006	 +0.7329716277064479E+005	 +0.3284690745155670E+006	
