 	Label not available                                                                                                                                                                                                                                                                                         	Label not available                                                                                                                                                                                                                                                                                         	Label not available                                                                                                                                                                                                                                                                                         	Label not available                                                                                                                                                                                                                                                                                         	
Month 	TIME                     	QSnk243PauxEvap_kW       	QSnk243PelAuxComp_kW     	QSnk243PauxCondSwitch_kW 	
November 	 +0.8016000000000000E+004	 +0.1135251874976162E+006	 +0.3226306288465710E+005	 +0.1457882503822738E+006	
December 	 +0.8760000000000000E+004	 +0.1465615769391267E+006	 +0.4491336215685510E+005	 +0.1914749390959808E+006	
January  	 +0.9504000000000000E+004	 +0.1584978432825782E+006	 +0.5188607538727837E+005	 +0.2103839186698567E+006	
February 	 +0.1017600000000000E+005	 +0.1325616504972035E+006	 +0.4384201762002094E+005	 +0.1764036681172252E+006	
March    	 +0.1092000000000000E+005	 +0.1109521797531198E+006	 +0.3474214290983618E+005	 +0.1456943226629563E+006	
April    	 +0.1164000000000000E+005	 +0.7970402970711878E+005	 +0.2315006676764226E+005	 +0.1028540964747612E+006	
May      	 +0.1238400000000000E+005	 +0.4425907176876844E+005	 +0.1250357924689451E+005	 +0.5676265101566272E+005	
June     	 +0.1310400000000000E+005	 +0.1970464326825552E+005	 +0.5723618068417363E+004	 +0.2542826133667282E+005	
July     	 +0.1384800000000000E+005	 +0.1165074001634528E+005	 +0.3722289645725816E+004	 +0.1537302966207110E+005	
August   	 +0.1459200000000000E+005	 +0.1699485301024192E+005	 +0.4770477129083408E+004	 +0.2176533013932535E+005	
September	 +0.1531200000000000E+005	 +0.3122868826213228E+005	 +0.7968134233258540E+004	 +0.3919682249539067E+005	
October  	 +0.1605600000000000E+005	 +0.7147056774962653E+005	 +0.1830682256332328E+005	 +0.8977739031295046E+005	
November 	 +0.1677600000000000E+005	 +0.1123421849040330E+006	 +0.3183452246729428E+005	 +0.1441767073713286E+006	
December 	 +0.1752000000000000E+005	 +0.1465625828323248E+006	 +0.4491740987970639E+005	 +0.1914799927120324E+006	
  
	Maximum Instantaneous Values
	Label not available                                                                                                                                                                                                                                                                                         	Label not available                                                                                                                                                                                                                                                                                         	Label not available                                                                                                                                                                                                                                                                                         	Label not available                                                                                                                                                                                                                                                                                         	
Maximum Value	 +0.1752000000000000E+005	 +0.7108684757831335E+003	 +0.2017699142318197E+003	 +0.8598856449391916E+003	
Time of Maximum	 +0.1752000000000000E+005	 +0.1472140000000000E+005	 +0.1450510000000000E+005	 +0.1472140000000000E+005	
  
	Minimum Instantaneous Values
	Label not available                                                                                                                                                                                                                                                                                         	Label not available                                                                                                                                                                                                                                                                                         	Label not available                                                                                                                                                                                                                                                                                         	Label not available                                                                                                                                                                                                                                                                                         	
Minimum Value	 +0.7300033333333334E+004	 +0.0000000000000000E+000	 +0.0000000000000000E+000	 +0.0000000000000000E+000	
Time of Minimum	 +0.7300033333333334E+004	 +0.1752000000000000E+005	 +0.1752000000000000E+005	 +0.1752000000000000E+005	
  
	Maximum Integrated Values
	Label not available                                                                                                                                                                                                                                                                                         	Label not available                                                                                                                                                                                                                                                                                         	Label not available                                                                                                                                                                                                                                                                                         	Label not available                                                                                                                                                                                                                                                                                         	
Maximum Value	 +0.1752000000000000E+005	 +0.1584978432825782E+006	 +0.5188607538727837E+005	 +0.2103839186698567E+006	
Time of Maximum	 +0.1752000000000000E+005	 +0.9504000000000000E+004	 +0.9504000000000000E+004	 +0.9504000000000000E+004	
  
	Minimum Integrated Values
	Label not available                                                                                                                                                                                                                                                                                         	Label not available                                                                                                                                                                                                                                                                                         	Label not available                                                                                                                                                                                                                                                                                         	Label not available                                                                                                                                                                                                                                                                                         	
Minimum Value	 +0.8016000000000000E+004	 +0.1165074001634528E+005	 +0.3722289645725816E+004	 +0.1537302966207110E+005	
Time of Minimum	 +0.8016000000000000E+004	 +0.1384800000000000E+005	 +0.1384800000000000E+005	 +0.1384800000000000E+005	
  
	Sum (note: sums are set to zero for inputs that were not integrated.)
	Label not available                                                                                                                                                                                                                                                                                         	Label not available                                                                                                                                                                                                                                                                                         	Label not available                                                                                                                                                                                                                                                                                         	Label not available                                                                                                                                                                                                                                                                                         	
Total	 +0.0000000000000000E+000	 +0.1196015799488503E+007	 +0.3605435809599936E+006	 +0.1556559380448513E+007	
