 	Label not available                                                                                                                                                                                                                                                                                         	Label not available                                                                                                                                                                                                                                                                                         	Label not available                                                                                                                                                                                                                                                                                         	Label not available                                                                                                                                                                                                                                                                                         	
Month 	TIME                     	QSnk322PauxEvap_kW       	QSnk322PelAuxComp_kW     	QSnk322PauxCondSwitch_kW 	
November 	 +0.8016000000000000E+004	 +0.4162953963953661E+005	 +0.1183979728105476E+005	 +0.5346933692059106E+005	
December 	 +0.8760000000000000E+004	 +0.5209941627997074E+005	 +0.1612582381794604E+005	 +0.6822524009791689E+005	
January  	 +0.9504000000000000E+004	 +0.5535833596035960E+005	 +0.1860006411208409E+005	 +0.7395840007244365E+005	
February 	 +0.1017600000000000E+005	 +0.4625861325760853E+005	 +0.1556112558407403E+005	 +0.6181973884168261E+005	
March    	 +0.1092000000000000E+005	 +0.4001453860819815E+005	 +0.1256151989625610E+005	 +0.5257605850445414E+005	
April    	 +0.1164000000000000E+005	 +0.3015422006200124E+005	 +0.8705760921333429E+004	 +0.3885998098333467E+005	
May      	 +0.1238400000000000E+005	 +0.1896409733913491E+005	 +0.5236328544137315E+004	 +0.2420042588327220E+005	
June     	 +0.1310400000000000E+005	 +0.9170186156305710E+004	 +0.2558330055687369E+004	 +0.1172851621199309E+005	
July     	 +0.1384800000000000E+005	 +0.6314449170448012E+004	 +0.1824407472899280E+004	 +0.8138856643347294E+004	
August   	 +0.1459200000000000E+005	 +0.8145916446819559E+004	 +0.2187100208785859E+004	 +0.1033301665560542E+005	
September	 +0.1531200000000000E+005	 +0.1450455726005263E+005	 +0.3602348882535102E+004	 +0.1810690614258777E+005	
October  	 +0.1605600000000000E+005	 +0.2823450134561782E+005	 +0.7167220711165960E+004	 +0.3540172205678373E+005	
November 	 +0.1677600000000000E+005	 +0.4142177934778009E+005	 +0.1174037204653057E+005	 +0.5316215139431059E+005	
December 	 +0.1752000000000000E+005	 +0.5207918223620327E+005	 +0.1612121911235504E+005	 +0.6820040134855823E+005	
  
	Maximum Instantaneous Values
	Label not available                                                                                                                                                                                                                                                                                         	Label not available                                                                                                                                                                                                                                                                                         	Label not available                                                                                                                                                                                                                                                                                         	Label not available                                                                                                                                                                                                                                                                                         	
Maximum Value	 +0.1752000000000000E+005	 +0.2891986847352713E+003	 +0.8107259322438098E+002	 +0.3490789327971298E+003	
Time of Maximum	 +0.1752000000000000E+005	 +0.1450640000000000E+005	 +0.1388266666666667E+005	 +0.1450640000000000E+005	
  
	Minimum Instantaneous Values
	Label not available                                                                                                                                                                                                                                                                                         	Label not available                                                                                                                                                                                                                                                                                         	Label not available                                                                                                                                                                                                                                                                                         	Label not available                                                                                                                                                                                                                                                                                         	
Minimum Value	 +0.7300033333333334E+004	 +0.0000000000000000E+000	 +0.0000000000000000E+000	 +0.0000000000000000E+000	
Time of Minimum	 +0.7300033333333334E+004	 +0.1752000000000000E+005	 +0.1752000000000000E+005	 +0.1752000000000000E+005	
  
	Maximum Integrated Values
	Label not available                                                                                                                                                                                                                                                                                         	Label not available                                                                                                                                                                                                                                                                                         	Label not available                                                                                                                                                                                                                                                                                         	Label not available                                                                                                                                                                                                                                                                                         	
Maximum Value	 +0.1752000000000000E+005	 +0.5535833596035960E+005	 +0.1860006411208409E+005	 +0.7395840007244365E+005	
Time of Maximum	 +0.1752000000000000E+005	 +0.9504000000000000E+004	 +0.9504000000000000E+004	 +0.9504000000000000E+004	
  
	Minimum Integrated Values
	Label not available                                                                                                                                                                                                                                                                                         	Label not available                                                                                                                                                                                                                                                                                         	Label not available                                                                                                                                                                                                                                                                                         	Label not available                                                                                                                                                                                                                                                                                         	
Minimum Value	 +0.8016000000000000E+004	 +0.6314449170448012E+004	 +0.1824407472899280E+004	 +0.8138856643347294E+004	
Time of Minimum	 +0.8016000000000000E+004	 +0.1384800000000000E+005	 +0.1384800000000000E+005	 +0.1384800000000000E+005	
  
	Sum (note: sums are set to zero for inputs that were not integrated.)
	Label not available                                                                                                                                                                                                                                                                                         	Label not available                                                                                                                                                                                                                                                                                         	Label not available                                                                                                                                                                                                                                                                                         	Label not available                                                                                                                                                                                                                                                                                         	
Total	 +0.0000000000000000E+000	 +0.4443493331100405E+006	 +0.1338314186468451E+006	 +0.5781807517568833E+006	
