 	Label not available                                                                                                                                                                                                                                                                                         	Label not available                                                                                                                                                                                                                                                                                         	Label not available                                                                                                                                                                                                                                                                                         	Label not available                                                                                                                                                                                                                                                                                         	
Month 	TIME                     	QSnk183PauxEvap_kW       	QSnk183PelAuxComp_kW     	QSnk183PauxCondSwitch_kW 	
November 	 +0.8016000000000000E+004	 +0.2599737168949353E+004	 +0.7440264696313856E+003	 +0.3343763638580738E+004	
December 	 +0.8760000000000000E+004	 +0.3338315270891087E+004	 +0.1028616417991416E+004	 +0.4366931688882516E+004	
January  	 +0.9504000000000000E+004	 +0.3591329980470290E+004	 +0.1179766515553440E+004	 +0.4771096496023696E+004	
February 	 +0.1017600000000000E+005	 +0.3016536345907328E+004	 +0.9984514075392520E+003	 +0.4014987753446593E+004	
March    	 +0.1092000000000000E+005	 +0.2544268774241051E+004	 +0.7924778578863105E+003	 +0.3336746632127356E+004	
April    	 +0.1164000000000000E+005	 +0.1857134778591809E+004	 +0.5337992096672839E+003	 +0.2390933988259099E+004	
May      	 +0.1238400000000000E+005	 +0.1065777626708885E+004	 +0.2943427412134821E+003	 +0.1360120367922371E+004	
June     	 +0.1310400000000000E+005	 +0.5216855982885426E+003	 +0.1469555349778663E+003	 +0.6686411332664082E+003	
July     	 +0.1384800000000000E+005	 +0.3451766788512541E+003	 +0.1047282321256573E+003	 +0.4499049109769115E+003	
August   	 +0.1459200000000000E+005	 +0.4631316366742696E+003	 +0.1299932825946091E+003	 +0.5931249192688778E+003	
September	 +0.1531200000000000E+005	 +0.7575956196648475E+003	 +0.1966433718182029E+003	 +0.9542389914830511E+003	
October  	 +0.1605600000000000E+005	 +0.1667467304322553E+004	 +0.4300970383985197E+003	 +0.2097564342721069E+004	
November 	 +0.1677600000000000E+005	 +0.2580514806491748E+004	 +0.7360047525384397E+003	 +0.3316519559030195E+004	
December 	 +0.1752000000000000E+005	 +0.3332425310608518E+004	 +0.1026584772972155E+004	 +0.4359010083580696E+004	
  
	Maximum Instantaneous Values
	Label not available                                                                                                                                                                                                                                                                                         	Label not available                                                                                                                                                                                                                                                                                         	Label not available                                                                                                                                                                                                                                                                                         	Label not available                                                                                                                                                                                                                                                                                         	
Maximum Value	 +0.1752000000000000E+005	 +0.1660348803174846E+002	 +0.4510805706330744E+001	 +0.1993383159991538E+002	
Time of Maximum	 +0.1752000000000000E+005	 +0.1390436666666667E+005	 +0.1414610000000000E+005	 +0.1390436666666667E+005	
  
	Minimum Instantaneous Values
	Label not available                                                                                                                                                                                                                                                                                         	Label not available                                                                                                                                                                                                                                                                                         	Label not available                                                                                                                                                                                                                                                                                         	Label not available                                                                                                                                                                                                                                                                                         	
Minimum Value	 +0.7300033333333334E+004	 +0.0000000000000000E+000	 +0.0000000000000000E+000	 +0.0000000000000000E+000	
Time of Minimum	 +0.7300033333333334E+004	 +0.1752000000000000E+005	 +0.1752000000000000E+005	 +0.1752000000000000E+005	
  
	Maximum Integrated Values
	Label not available                                                                                                                                                                                                                                                                                         	Label not available                                                                                                                                                                                                                                                                                         	Label not available                                                                                                                                                                                                                                                                                         	Label not available                                                                                                                                                                                                                                                                                         	
Maximum Value	 +0.1752000000000000E+005	 +0.3591329980470290E+004	 +0.1179766515553440E+004	 +0.4771096496023696E+004	
Time of Maximum	 +0.1752000000000000E+005	 +0.9504000000000000E+004	 +0.9504000000000000E+004	 +0.9504000000000000E+004	
  
	Minimum Integrated Values
	Label not available                                                                                                                                                                                                                                                                                         	Label not available                                                                                                                                                                                                                                                                                         	Label not available                                                                                                                                                                                                                                                                                         	Label not available                                                                                                                                                                                                                                                                                         	
Minimum Value	 +0.8016000000000000E+004	 +0.3451766788512541E+003	 +0.1047282321256573E+003	 +0.4499049109769115E+003	
Time of Minimum	 +0.8016000000000000E+004	 +0.1384800000000000E+005	 +0.1384800000000000E+005	 +0.1384800000000000E+005	
  
	Sum (note: sums are set to zero for inputs that were not integrated.)
	Label not available                                                                                                                                                                                                                                                                                         	Label not available                                                                                                                                                                                                                                                                                         	Label not available                                                                                                                                                                                                                                                                                         	Label not available                                                                                                                                                                                                                                                                                         	
Total	 +0.0000000000000000E+000	 +0.2768109690066199E+005	 +0.8342487604907934E+004	 +0.3602358450556931E+005	
