 	Label not available                                                                                                                                                                                                                                                                                         	Label not available                                                                                                                                                                                                                                                                                         	Label not available                                                                                                                                                                                                                                                                                         	Label not available                                                                                                                                                                                                                                                                                         	
Month 	TIME                     	QSnk358PauxEvap_kW       	QSnk358PelAuxComp_kW     	QSnk358PauxCondSwitch_kW 	
November 	 +0.8016000000000000E+004	 +0.9698021967921848E+004	 +0.2769759761007328E+004	 +0.1246778172892927E+005	
December 	 +0.8760000000000000E+004	 +0.1234498832249328E+005	 +0.3813643212590513E+004	 +0.1615863153508374E+005	
January  	 +0.9504000000000000E+004	 +0.1318140559221518E+005	 +0.4377472493467607E+004	 +0.1755887808568287E+005	
February 	 +0.1017600000000000E+005	 +0.1100952718657074E+005	 +0.3675579028702786E+004	 +0.1468510621527351E+005	
March    	 +0.1092000000000000E+005	 +0.9454006023113388E+004	 +0.2957920530935378E+004	 +0.1241192655404876E+005	
April    	 +0.1164000000000000E+005	 +0.6956541694635897E+004	 +0.2009749077659621E+004	 +0.8966290772295552E+004	
May      	 +0.1238400000000000E+005	 +0.4206926736564549E+004	 +0.1168890438658072E+004	 +0.5375817175222605E+004	
June     	 +0.1310400000000000E+005	 +0.1974229001467770E+004	 +0.5583554718081280E+003	 +0.2532584473275894E+004	
July     	 +0.1384800000000000E+005	 +0.1288243320421512E+004	 +0.3877785477443086E+003	 +0.1676021868165820E+004	
August   	 +0.1459200000000000E+005	 +0.1750339657259512E+004	 +0.4803838523804442E+003	 +0.2230723509639952E+004	
September	 +0.1531200000000000E+005	 +0.3103279503696004E+004	 +0.7845654336171660E+003	 +0.3887844937313162E+004	
October  	 +0.1605600000000000E+005	 +0.6374356124921510E+004	 +0.1633477571056895E+004	 +0.8007833695978387E+004	
November 	 +0.1677600000000000E+005	 +0.9642642866302900E+004	 +0.2743402164157985E+004	 +0.1238604503046086E+005	
December 	 +0.1752000000000000E+005	 +0.1234809176914703E+005	 +0.3814833152189804E+004	 +0.1616292492133685E+005	
  
	Maximum Instantaneous Values
	Label not available                                                                                                                                                                                                                                                                                         	Label not available                                                                                                                                                                                                                                                                                         	Label not available                                                                                                                                                                                                                                                                                         	Label not available                                                                                                                                                                                                                                                                                         	
Maximum Value	 +0.1752000000000000E+005	 +0.6503649345797686E+002	 +0.1801530739347767E+002	 +0.7831740437742759E+002	
Time of Maximum	 +0.1752000000000000E+005	 +0.1388133333333333E+005	 +0.1383460000000000E+005	 +0.1388133333333333E+005	
  
	Minimum Instantaneous Values
	Label not available                                                                                                                                                                                                                                                                                         	Label not available                                                                                                                                                                                                                                                                                         	Label not available                                                                                                                                                                                                                                                                                         	Label not available                                                                                                                                                                                                                                                                                         	
Minimum Value	 +0.7300033333333334E+004	 +0.0000000000000000E+000	 +0.0000000000000000E+000	 +0.0000000000000000E+000	
Time of Minimum	 +0.7300033333333334E+004	 +0.1751986666666667E+005	 +0.1751986666666667E+005	 +0.1751986666666667E+005	
  
	Maximum Integrated Values
	Label not available                                                                                                                                                                                                                                                                                         	Label not available                                                                                                                                                                                                                                                                                         	Label not available                                                                                                                                                                                                                                                                                         	Label not available                                                                                                                                                                                                                                                                                         	
Maximum Value	 +0.1752000000000000E+005	 +0.1318140559221518E+005	 +0.4377472493467607E+004	 +0.1755887808568287E+005	
Time of Maximum	 +0.1752000000000000E+005	 +0.9504000000000000E+004	 +0.9504000000000000E+004	 +0.9504000000000000E+004	
  
	Minimum Integrated Values
	Label not available                                                                                                                                                                                                                                                                                         	Label not available                                                                                                                                                                                                                                                                                         	Label not available                                                                                                                                                                                                                                                                                         	Label not available                                                                                                                                                                                                                                                                                         	
Minimum Value	 +0.8016000000000000E+004	 +0.1288243320421512E+004	 +0.3877785477443086E+003	 +0.1676021868165820E+004	
Time of Minimum	 +0.8016000000000000E+004	 +0.1384800000000000E+005	 +0.1384800000000000E+005	 +0.1384800000000000E+005	
  
	Sum (note: sums are set to zero for inputs that were not integrated.)
	Label not available                                                                                                                                                                                                                                                                                         	Label not available                                                                                                                                                                                                                                                                                         	Label not available                                                                                                                                                                                                                                                                                         	Label not available                                                                                                                                                                                                                                                                                         	
Total	 +0.0000000000000000E+000	 +0.1033325997667317E+006	 +0.3117581073597621E+005	 +0.1345084105027067E+006	
