 	Label not available                                                                                                                                                                                                                                                                                         	Label not available                                                                                                                                                                                                                                                                                         	Label not available                                                                                                                                                                                                                                                                                         	Label not available                                                                                                                                                                                                                                                                                         	
Month 	TIME                     	QSnk417PauxEvap_kW       	QSnk417PelAuxComp_kW     	QSnk417PauxCondSwitch_kW 	
November 	 +0.8016000000000000E+004	 +0.1544046667249543E+005	 +0.4444966014105581E+004	 +0.1988543268660103E+005	
December 	 +0.8760000000000000E+004	 +0.1932004839087341E+005	 +0.6052964299847311E+004	 +0.2537301269072060E+005	
January  	 +0.9504000000000000E+004	 +0.2051006535496271E+005	 +0.6961761745549896E+004	 +0.2747182710051254E+005	
February 	 +0.1017600000000000E+005	 +0.1711412102604819E+005	 +0.5863714752910575E+004	 +0.2297783577895888E+005	
March    	 +0.1092000000000000E+005	 +0.1478562920608450E+005	 +0.4777241648001055E+004	 +0.1956287085408557E+005	
April    	 +0.1164000000000000E+005	 +0.1113843030109838E+005	 +0.3352563652526193E+004	 +0.1449099395362460E+005	
May      	 +0.1238400000000000E+005	 +0.7019725413834571E+004	 +0.2049568754980653E+004	 +0.9069294168815211E+004	
June     	 +0.1310400000000000E+005	 +0.3386841992500951E+004	 +0.1008282328004204E+004	 +0.4395124320505157E+004	
July     	 +0.1384800000000000E+005	 +0.2437083977548185E+004	 +0.7421655953384620E+003	 +0.3179249572886645E+004	
August   	 +0.1459200000000000E+005	 +0.3029831892997172E+004	 +0.8421685133286663E+003	 +0.3872000406325836E+004	
September	 +0.1531200000000000E+005	 +0.5418483119432399E+004	 +0.1375671175707738E+004	 +0.6794154295140137E+004	
October  	 +0.1605600000000000E+005	 +0.1049277849148644E+005	 +0.2711148115167872E+004	 +0.1320392660665436E+005	
November 	 +0.1677600000000000E+005	 +0.1537768632179065E+005	 +0.4411767863217602E+004	 +0.1978945418500818E+005	
December 	 +0.1752000000000000E+005	 +0.1930075732107077E+005	 +0.6045743175430473E+004	 +0.2534650049650151E+005	
  
	Maximum Instantaneous Values
	Label not available                                                                                                                                                                                                                                                                                         	Label not available                                                                                                                                                                                                                                                                                         	Label not available                                                                                                                                                                                                                                                                                         	Label not available                                                                                                                                                                                                                                                                                         	
Maximum Value	 +0.1752000000000000E+005	 +0.1041997420339696E+003	 +0.2993021575400921E+002	 +0.1263416507135963E+003	
Time of Maximum	 +0.1752000000000000E+005	 +0.1452960000000000E+005	 +0.1385783333333333E+005	 +0.1467350000000000E+005	
  
	Minimum Instantaneous Values
	Label not available                                                                                                                                                                                                                                                                                         	Label not available                                                                                                                                                                                                                                                                                         	Label not available                                                                                                                                                                                                                                                                                         	Label not available                                                                                                                                                                                                                                                                                         	
Minimum Value	 +0.7300033333333334E+004	 +0.0000000000000000E+000	 +0.0000000000000000E+000	 +0.0000000000000000E+000	
Time of Minimum	 +0.7300033333333334E+004	 +0.1752000000000000E+005	 +0.1752000000000000E+005	 +0.1752000000000000E+005	
  
	Maximum Integrated Values
	Label not available                                                                                                                                                                                                                                                                                         	Label not available                                                                                                                                                                                                                                                                                         	Label not available                                                                                                                                                                                                                                                                                         	Label not available                                                                                                                                                                                                                                                                                         	
Maximum Value	 +0.1752000000000000E+005	 +0.2051006535496271E+005	 +0.6961761745549896E+004	 +0.2747182710051254E+005	
Time of Maximum	 +0.1752000000000000E+005	 +0.9504000000000000E+004	 +0.9504000000000000E+004	 +0.9504000000000000E+004	
  
	Minimum Integrated Values
	Label not available                                                                                                                                                                                                                                                                                         	Label not available                                                                                                                                                                                                                                                                                         	Label not available                                                                                                                                                                                                                                                                                         	Label not available                                                                                                                                                                                                                                                                                         	
Minimum Value	 +0.8016000000000000E+004	 +0.2437083977548185E+004	 +0.7421655953384620E+003	 +0.3179249572886645E+004	
Time of Minimum	 +0.8016000000000000E+004	 +0.1384800000000000E+005	 +0.1384800000000000E+005	 +0.1384800000000000E+005	
  
	Sum (note: sums are set to zero for inputs that were not integrated.)
	Label not available                                                                                                                                                                                                                                                                                         	Label not available                                                                                                                                                                                                                                                                                         	Label not available                                                                                                                                                                                                                                                                                         	Label not available                                                                                                                                                                                                                                                                                         	
Total	 +0.0000000000000000E+000	 +0.1647719494822259E+006	 +0.5063972763411619E+005	 +0.2154116771163394E+006	
