 	Label not available                                                                                                                                                                                                                                                                                         	Label not available                                                                                                                                                                                                                                                                                         	Label not available                                                                                                                                                                                                                                                                                         	Label not available                                                                                                                                                                                                                                                                                         	
Month 	TIME                     	QSnk60PauxEvap_kW        	QSnk60PelAuxComp_kW      	QSnk60PauxCondSwitch_kW  	
November 	 +0.8016000000000000E+004	 +0.2706099560599902E+005	 +0.7700085282914044E+004	 +0.3476108088891325E+005	
December 	 +0.8760000000000000E+004	 +0.3493677751572488E+005	 +0.1070697843418623E+005	 +0.4564375594991138E+005	
January  	 +0.9504000000000000E+004	 +0.3768864583804814E+005	 +0.1233378112436291E+005	 +0.5002242696241077E+005	
February 	 +0.1017600000000000E+005	 +0.3158363084771503E+005	 +0.1041805731792436E+005	 +0.4200168816563979E+005	
March    	 +0.1092000000000000E+005	 +0.2650439584619913E+005	 +0.8221616126026649E+004	 +0.3472601197222572E+005	
April    	 +0.1164000000000000E+005	 +0.1911635661262510E+005	 +0.5463866621997529E+004	 +0.2458022323462267E+005	
May      	 +0.1238400000000000E+005	 +0.1073660487520779E+005	 +0.2956670743109606E+004	 +0.1369327561831742E+005	
June     	 +0.1310400000000000E+005	 +0.4749537290671716E+004	 +0.1333184393623145E+004	 +0.6082721684294853E+004	
July     	 +0.1384800000000000E+005	 +0.3081430588320171E+004	 +0.9216376429353637E+003	 +0.4003068231255531E+004	
August   	 +0.1459200000000000E+005	 +0.4178616663444444E+004	 +0.1158318968635126E+004	 +0.5336935632079551E+004	
September	 +0.1531200000000000E+005	 +0.7431282570338324E+004	 +0.1883722357392927E+004	 +0.9315004927731241E+004	
October  	 +0.1605600000000000E+005	 +0.1723494320657474E+005	 +0.4402108150685605E+004	 +0.2163705135726025E+005	
November 	 +0.1677600000000000E+005	 +0.2677604217604150E+005	 +0.7594847088894209E+004	 +0.3437088926493558E+005	
December 	 +0.1752000000000000E+005	 +0.3487933453204619E+005	 +0.1069173449788529E+005	 +0.4557106902993139E+005	
  
	Maximum Instantaneous Values
	Label not available                                                                                                                                                                                                                                                                                         	Label not available                                                                                                                                                                                                                                                                                         	Label not available                                                                                                                                                                                                                                                                                         	Label not available                                                                                                                                                                                                                                                                                         	
Maximum Value	 +0.1752000000000000E+005	 +0.1742852641330658E+003	 +0.4803080166681392E+002	 +0.2104750436655862E+003	
Time of Maximum	 +0.1752000000000000E+005	 +0.1385736666666667E+005	 +0.1429006666666667E+005	 +0.1385736666666667E+005	
  
	Minimum Instantaneous Values
	Label not available                                                                                                                                                                                                                                                                                         	Label not available                                                                                                                                                                                                                                                                                         	Label not available                                                                                                                                                                                                                                                                                         	Label not available                                                                                                                                                                                                                                                                                         	
Minimum Value	 +0.7300033333333334E+004	 +0.0000000000000000E+000	 +0.0000000000000000E+000	 +0.0000000000000000E+000	
Time of Minimum	 +0.7300033333333334E+004	 +0.1752000000000000E+005	 +0.1752000000000000E+005	 +0.1752000000000000E+005	
  
	Maximum Integrated Values
	Label not available                                                                                                                                                                                                                                                                                         	Label not available                                                                                                                                                                                                                                                                                         	Label not available                                                                                                                                                                                                                                                                                         	Label not available                                                                                                                                                                                                                                                                                         	
Maximum Value	 +0.1752000000000000E+005	 +0.3768864583804814E+005	 +0.1233378112436291E+005	 +0.5002242696241077E+005	
Time of Maximum	 +0.1752000000000000E+005	 +0.9504000000000000E+004	 +0.9504000000000000E+004	 +0.9504000000000000E+004	
  
	Minimum Integrated Values
	Label not available                                                                                                                                                                                                                                                                                         	Label not available                                                                                                                                                                                                                                                                                         	Label not available                                                                                                                                                                                                                                                                                         	Label not available                                                                                                                                                                                                                                                                                         	
Minimum Value	 +0.8016000000000000E+004	 +0.3081430588320171E+004	 +0.9216376429353637E+003	 +0.4003068231255531E+004	
Time of Minimum	 +0.8016000000000000E+004	 +0.1384800000000000E+005	 +0.1384800000000000E+005	 +0.1384800000000000E+005	
  
	Sum (note: sums are set to zero for inputs that were not integrated.)
	Label not available                                                                                                                                                                                                                                                                                         	Label not available                                                                                                                                                                                                                                                                                         	Label not available                                                                                                                                                                                                                                                                                         	Label not available                                                                                                                                                                                                                                                                                         	
Total	 +0.0000000000000000E+000	 +0.2859585941689580E+006	 +0.8578660875057470E+005	 +0.3717452029195320E+006	
