 	Label not available                                                                                                                                                                                                                                                                                         	Label not available                                                                                                                                                                                                                                                                                         	Label not available                                                                                                                                                                                                                                                                                         	Label not available                                                                                                                                                                                                                                                                                         	
Month 	TIME                     	QSnk524PauxEvap_kW       	QSnk524PelAuxComp_kW     	QSnk524PauxCondSwitch_kW 	
November 	 +0.8016000000000000E+004	 +0.4215549360603733E+005	 +0.1201627990647313E+005	 +0.5417177351251028E+005	
December 	 +0.8760000000000000E+004	 +0.5447742911421238E+005	 +0.1674603677891825E+005	 +0.7122346589313076E+005	
January  	 +0.9504000000000000E+004	 +0.5874148474016533E+005	 +0.1928956171436424E+005	 +0.7803104645452934E+005	
February 	 +0.1017600000000000E+005	 +0.4917738142417417E+005	 +0.1633190231680379E+005	 +0.6550928374097795E+005	
March    	 +0.1092000000000000E+005	 +0.4107186062836925E+005	 +0.1295040296691202E+005	 +0.5402226359528154E+005	
April    	 +0.1164000000000000E+005	 +0.2954048097257057E+005	 +0.8670560272086248E+004	 +0.3821104124465659E+005	
May      	 +0.1238400000000000E+005	 +0.1669623627957597E+005	 +0.4779178533776675E+004	 +0.2147541481335270E+005	
June     	 +0.1310400000000000E+005	 +0.7395177753496205E+004	 +0.2191829645166310E+004	 +0.9587007398662516E+004	
July     	 +0.1384800000000000E+005	 +0.4440508489969628E+004	 +0.1440586472235392E+004	 +0.5881094962205024E+004	
August   	 +0.1459200000000000E+005	 +0.6567562072548933E+004	 +0.1859748833134931E+004	 +0.8427310905683857E+004	
September	 +0.1531200000000000E+005	 +0.1135507477430423E+005	 +0.2937291876948000E+004	 +0.1429236665125223E+005	
October  	 +0.1605600000000000E+005	 +0.2677668081362807E+005	 +0.6885885443629410E+004	 +0.3366256625725747E+005	
November 	 +0.1677600000000000E+005	 +0.4171602631233689E+005	 +0.1185724137628968E+005	 +0.5357326768862647E+005	
December 	 +0.1752000000000000E+005	 +0.5440285548127862E+005	 +0.1672578713301247E+005	 +0.7112864261429096E+005	
  
	Maximum Instantaneous Values
	Label not available                                                                                                                                                                                                                                                                                         	Label not available                                                                                                                                                                                                                                                                                         	Label not available                                                                                                                                                                                                                                                                                         	Label not available                                                                                                                                                                                                                                                                                         	
Maximum Value	 +0.1752000000000000E+005	 +0.2632952357646046E+003	 +0.7467238743147401E+002	 +0.3184316843418513E+003	
Time of Maximum	 +0.1752000000000000E+005	 +0.1465506666666667E+005	 +0.1501046666666667E+005	 +0.1465506666666667E+005	
  
	Minimum Instantaneous Values
	Label not available                                                                                                                                                                                                                                                                                         	Label not available                                                                                                                                                                                                                                                                                         	Label not available                                                                                                                                                                                                                                                                                         	Label not available                                                                                                                                                                                                                                                                                         	
Minimum Value	 +0.7300033333333334E+004	 +0.0000000000000000E+000	 +0.0000000000000000E+000	 +0.0000000000000000E+000	
Time of Minimum	 +0.7300033333333334E+004	 +0.1752000000000000E+005	 +0.1752000000000000E+005	 +0.1752000000000000E+005	
  
	Maximum Integrated Values
	Label not available                                                                                                                                                                                                                                                                                         	Label not available                                                                                                                                                                                                                                                                                         	Label not available                                                                                                                                                                                                                                                                                         	Label not available                                                                                                                                                                                                                                                                                         	
Maximum Value	 +0.1752000000000000E+005	 +0.5874148474016533E+005	 +0.1928956171436424E+005	 +0.7803104645452934E+005	
Time of Maximum	 +0.1752000000000000E+005	 +0.9504000000000000E+004	 +0.9504000000000000E+004	 +0.9504000000000000E+004	
  
	Minimum Integrated Values
	Label not available                                                                                                                                                                                                                                                                                         	Label not available                                                                                                                                                                                                                                                                                         	Label not available                                                                                                                                                                                                                                                                                         	Label not available                                                                                                                                                                                                                                                                                         	
Minimum Value	 +0.8016000000000000E+004	 +0.4440508489969628E+004	 +0.1440586472235392E+004	 +0.5881094962205024E+004	
Time of Minimum	 +0.8016000000000000E+004	 +0.1384800000000000E+005	 +0.1384800000000000E+005	 +0.1384800000000000E+005	
  
	Sum (note: sums are set to zero for inputs that were not integrated.)
	Label not available                                                                                                                                                                                                                                                                                         	Label not available                                                                                                                                                                                                                                                                                         	Label not available                                                                                                                                                                                                                                                                                         	Label not available                                                                                                                                                                                                                                                                                         	
Total	 +0.0000000000000000E+000	 +0.4445142524626678E+006	 +0.1346822932697510E+006	 +0.5791965457324260E+006	
