 	Label not available                                                                                                                                                                                                                                                                                         	Label not available                                                                                                                                                                                                                                                                                         	Label not available                                                                                                                                                                                                                                                                                         	Label not available                                                                                                                                                                                                                                                                                         	
Month 	TIME                     	QSnk539PauxEvap_kW       	QSnk539PelAuxComp_kW     	QSnk539PauxCondSwitch_kW 	
November 	 +0.8016000000000000E+004	 +0.2413314244664222E+005	 +0.6905095142724068E+004	 +0.3103823758936627E+005	
December 	 +0.8760000000000000E+004	 +0.3071910386110737E+005	 +0.9511900279098965E+004	 +0.4023100414020648E+005	
January  	 +0.9504000000000000E+004	 +0.3280484391988351E+005	 +0.1091814005289279E+005	 +0.4372298397277616E+005	
February 	 +0.1017600000000000E+005	 +0.2738497163584183E+005	 +0.9173829117975247E+004	 +0.3655880075381725E+005	
March    	 +0.1092000000000000E+005	 +0.2346084493682409E+005	 +0.7384523752712967E+004	 +0.3084536868953715E+005	
April    	 +0.1164000000000000E+005	 +0.1728111276080940E+005	 +0.5024931448101821E+004	 +0.2230604420891131E+005	
May      	 +0.1238400000000000E+005	 +0.1031874647616869E+005	 +0.2905004435999287E+004	 +0.1322375091216792E+005	
June     	 +0.1310400000000000E+005	 +0.4820458325954534E+004	 +0.1386523770708472E+004	 +0.6206982096663008E+004	
July     	 +0.1384800000000000E+005	 +0.3131880070169596E+004	 +0.9566957720591389E+003	 +0.4088575842228735E+004	
August   	 +0.1459200000000000E+005	 +0.4232224111231689E+004	 +0.1175444693788037E+004	 +0.5407668805019730E+004	
September	 +0.1531200000000000E+005	 +0.7553356977892079E+004	 +0.1920550984788171E+004	 +0.9473907962680261E+004	
October  	 +0.1605600000000000E+005	 +0.1582715059721753E+005	 +0.4064622376445224E+004	 +0.1989177297366283E+005	
November 	 +0.1677600000000000E+005	 +0.2394667312836309E+005	 +0.6833596117201280E+004	 +0.3078026924556434E+005	
December 	 +0.1752000000000000E+005	 +0.3072539098762161E+005	 +0.9508089314302621E+004	 +0.4023348030192430E+005	
  
	Maximum Instantaneous Values
	Label not available                                                                                                                                                                                                                                                                                         	Label not available                                                                                                                                                                                                                                                                                         	Label not available                                                                                                                                                                                                                                                                                         	Label not available                                                                                                                                                                                                                                                                                         	
Maximum Value	 +0.1752000000000000E+005	 +0.1618061040279075E+003	 +0.4488738451793405E+002	 +0.1950834468005487E+003	
Time of Maximum	 +0.1752000000000000E+005	 +0.1385666666666667E+005	 +0.1388133333333333E+005	 +0.1385666666666667E+005	
  
	Minimum Instantaneous Values
	Label not available                                                                                                                                                                                                                                                                                         	Label not available                                                                                                                                                                                                                                                                                         	Label not available                                                                                                                                                                                                                                                                                         	Label not available                                                                                                                                                                                                                                                                                         	
Minimum Value	 +0.7300033333333334E+004	 +0.0000000000000000E+000	 +0.0000000000000000E+000	 +0.0000000000000000E+000	
Time of Minimum	 +0.7300033333333334E+004	 +0.1752000000000000E+005	 +0.1752000000000000E+005	 +0.1752000000000000E+005	
  
	Maximum Integrated Values
	Label not available                                                                                                                                                                                                                                                                                         	Label not available                                                                                                                                                                                                                                                                                         	Label not available                                                                                                                                                                                                                                                                                         	Label not available                                                                                                                                                                                                                                                                                         	
Maximum Value	 +0.1752000000000000E+005	 +0.3280484391988351E+005	 +0.1091814005289279E+005	 +0.4372298397277616E+005	
Time of Maximum	 +0.1752000000000000E+005	 +0.9504000000000000E+004	 +0.9504000000000000E+004	 +0.9504000000000000E+004	
  
	Minimum Integrated Values
	Label not available                                                                                                                                                                                                                                                                                         	Label not available                                                                                                                                                                                                                                                                                         	Label not available                                                                                                                                                                                                                                                                                         	Label not available                                                                                                                                                                                                                                                                                         	
Minimum Value	 +0.8016000000000000E+004	 +0.3131880070169596E+004	 +0.9566957720591389E+003	 +0.4088575842228735E+004	
Time of Minimum	 +0.8016000000000000E+004	 +0.1384800000000000E+005	 +0.1384800000000000E+005	 +0.1384800000000000E+005	
  
	Sum (note: sums are set to zero for inputs that were not integrated.)
	Label not available                                                                                                                                                                                                                                                                                         	Label not available                                                                                                                                                                                                                                                                                         	Label not available                                                                                                                                                                                                                                                                                         	Label not available                                                                                                                                                                                                                                                                                         	
Total	 +0.0000000000000000E+000	 +0.2563399002357292E+006	 +0.7766894725879852E+005	 +0.3340088474945226E+006	
