 	Label not available                                                                                                                                                                                                                                                                                         	Label not available                                                                                                                                                                                                                                                                                         	Label not available                                                                                                                                                                                                                                                                                         	Label not available                                                                                                                                                                                                                                                                                         	
Month 	TIME                     	QSnk266PauxEvap_kW       	QSnk266PelAuxComp_kW     	QSnk266PauxCondSwitch_kW 	
November 	 +0.8016000000000000E+004	 +0.6094007832640860E+005	 +0.1737389730812371E+005	 +0.7831397563453230E+005	
December 	 +0.8760000000000000E+004	 +0.7763284073094076E+005	 +0.2396034928317882E+005	 +0.1015931900141198E+006	
January  	 +0.9504000000000000E+004	 +0.8291086542082985E+005	 +0.2750861659874754E+005	 +0.1104194820195773E+006	
February 	 +0.1017600000000000E+005	 +0.6924497404666663E+005	 +0.2310300022330539E+005	 +0.9234797426997230E+005	
March    	 +0.1092000000000000E+005	 +0.5922467809491198E+005	 +0.1849935883878396E+005	 +0.7772403693369572E+005	
April    	 +0.1164000000000000E+005	 +0.4365352509255190E+005	 +0.1255589946573728E+005	 +0.5620942455828913E+005	
May      	 +0.1238400000000000E+005	 +0.2600262737549085E+005	 +0.7191641387508003E+004	 +0.3319426876299881E+005	
June     	 +0.1310400000000000E+005	 +0.1205365066226330E+005	 +0.3369903880388330E+004	 +0.1542355454265159E+005	
July     	 +0.1384800000000000E+005	 +0.7696128897350981E+004	 +0.2301756707798767E+004	 +0.9997885605149746E+004	
August   	 +0.1459200000000000E+005	 +0.1050178354243571E+005	 +0.2864003669929583E+004	 +0.1336578721236527E+005	
September	 +0.1531200000000000E+005	 +0.1903274706936101E+005	 +0.4782926105379171E+004	 +0.2381567317474016E+005	
October  	 +0.1605600000000000E+005	 +0.3981852787109920E+005	 +0.1017385117229183E+005	 +0.4999237904339091E+005	
November 	 +0.1677600000000000E+005	 +0.6046619724360877E+005	 +0.1718564125288647E+005	 +0.7765183849649517E+005	
December 	 +0.1752000000000000E+005	 +0.7762960858823414E+005	 +0.2395516604429809E+005	 +0.1015847746325320E+006	
  
	Maximum Instantaneous Values
	Label not available                                                                                                                                                                                                                                                                                         	Label not available                                                                                                                                                                                                                                                                                         	Label not available                                                                                                                                                                                                                                                                                         	Label not available                                                                                                                                                                                                                                                                                         	
Maximum Value	 +0.1752000000000000E+005	 +0.4078312708647546E+003	 +0.1139043918977018E+003	 +0.4918443179790177E+003	
Time of Maximum	 +0.1752000000000000E+005	 +0.1465006666666667E+005	 +0.1387106666666667E+005	 +0.1465006666666667E+005	
  
	Minimum Instantaneous Values
	Label not available                                                                                                                                                                                                                                                                                         	Label not available                                                                                                                                                                                                                                                                                         	Label not available                                                                                                                                                                                                                                                                                         	Label not available                                                                                                                                                                                                                                                                                         	
Minimum Value	 +0.7300033333333334E+004	 +0.0000000000000000E+000	 +0.0000000000000000E+000	 +0.0000000000000000E+000	
Time of Minimum	 +0.7300033333333334E+004	 +0.1752000000000000E+005	 +0.1752000000000000E+005	 +0.1752000000000000E+005	
  
	Maximum Integrated Values
	Label not available                                                                                                                                                                                                                                                                                         	Label not available                                                                                                                                                                                                                                                                                         	Label not available                                                                                                                                                                                                                                                                                         	Label not available                                                                                                                                                                                                                                                                                         	
Maximum Value	 +0.1752000000000000E+005	 +0.8291086542082985E+005	 +0.2750861659874754E+005	 +0.1104194820195773E+006	
Time of Maximum	 +0.1752000000000000E+005	 +0.9504000000000000E+004	 +0.9504000000000000E+004	 +0.9504000000000000E+004	
  
	Minimum Integrated Values
	Label not available                                                                                                                                                                                                                                                                                         	Label not available                                                                                                                                                                                                                                                                                         	Label not available                                                                                                                                                                                                                                                                                         	Label not available                                                                                                                                                                                                                                                                                         	
Minimum Value	 +0.8016000000000000E+004	 +0.7696128897350981E+004	 +0.2301756707798767E+004	 +0.9997885605149746E+004	
Time of Minimum	 +0.8016000000000000E+004	 +0.1384800000000000E+005	 +0.1384800000000000E+005	 +0.1384800000000000E+005	
  
	Sum (note: sums are set to zero for inputs that were not integrated.)
	Label not available                                                                                                                                                                                                                                                                                         	Label not available                                                                                                                                                                                                                                                                                         	Label not available                                                                                                                                                                                                                                                                                         	Label not available                                                                                                                                                                                                                                                                                         	
Total	 +0.0000000000000000E+000	 +0.6468082329621466E+006	 +0.1948260119383578E+006	 +0.8416342449005021E+006	
