 	Label not available                                                                                                                                                                                                                                                                                         	Label not available                                                                                                                                                                                                                                                                                         	Label not available                                                                                                                                                                                                                                                                                         	Label not available                                                                                                                                                                                                                                                                                         	
Month 	TIME                     	QSnk131PauxEvap_kW       	QSnk131PelAuxComp_kW     	QSnk131PauxCondSwitch_kW 	
November 	 +0.8016000000000000E+004	 +0.1544593893560497E+005	 +0.4448508007438190E+004	 +0.1989444694304307E+005	
December 	 +0.8760000000000000E+004	 +0.1930228920485108E+005	 +0.6053765160513561E+004	 +0.2535605436536473E+005	
January  	 +0.9504000000000000E+004	 +0.2052399945124485E+005	 +0.6974821684921691E+004	 +0.2749882113616630E+005	
February 	 +0.1017600000000000E+005	 +0.1711901594391908E+005	 +0.5884074025236985E+004	 +0.2300308996915603E+005	
March    	 +0.1092000000000000E+005	 +0.1476044499426574E+005	 +0.4794843583982489E+004	 +0.1955528857824829E+005	
April    	 +0.1164000000000000E+005	 +0.1109641515470631E+005	 +0.3357373765081675E+004	 +0.1445378891978795E+005	
May      	 +0.1238400000000000E+005	 +0.7010771663571220E+004	 +0.2062537956258652E+004	 +0.9073309619829819E+004	
June     	 +0.1310400000000000E+005	 +0.3440305908264640E+004	 +0.1030040140719679E+004	 +0.4470346048984324E+004	
July     	 +0.1384800000000000E+005	 +0.2404932557877055E+004	 +0.7420664825600959E+003	 +0.3146999040437153E+004	
August   	 +0.1459200000000000E+005	 +0.3048537454409411E+004	 +0.8498345208361477E+003	 +0.3898371975245558E+004	
September	 +0.1531200000000000E+005	 +0.5404029651354601E+004	 +0.1374215830207239E+004	 +0.6778245481561857E+004	
October  	 +0.1605600000000000E+005	 +0.1050945772491732E+005	 +0.2716497723081600E+004	 +0.1322595544799893E+005	
November 	 +0.1677600000000000E+005	 +0.1537067298089119E+005	 +0.4412608107877070E+004	 +0.1978328108876823E+005	
December 	 +0.1752000000000000E+005	 +0.1928949996616851E+005	 +0.6048743398566189E+004	 +0.2533824336473468E+005	
  
	Maximum Instantaneous Values
	Label not available                                                                                                                                                                                                                                                                                         	Label not available                                                                                                                                                                                                                                                                                         	Label not available                                                                                                                                                                                                                                                                                         	Label not available                                                                                                                                                                                                                                                                                         	
Maximum Value	 +0.1752000000000000E+005	 +0.1042059861092740E+003	 +0.2992096768497840E+002	 +0.1262326697666449E+003	
Time of Maximum	 +0.1752000000000000E+005	 +0.1465463333333333E+005	 +0.1485560000000000E+005	 +0.1465463333333333E+005	
  
	Minimum Instantaneous Values
	Label not available                                                                                                                                                                                                                                                                                         	Label not available                                                                                                                                                                                                                                                                                         	Label not available                                                                                                                                                                                                                                                                                         	Label not available                                                                                                                                                                                                                                                                                         	
Minimum Value	 +0.7300033333333334E+004	 +0.0000000000000000E+000	 +0.0000000000000000E+000	 +0.0000000000000000E+000	
Time of Minimum	 +0.7300033333333334E+004	 +0.1752000000000000E+005	 +0.1752000000000000E+005	 +0.1752000000000000E+005	
  
	Maximum Integrated Values
	Label not available                                                                                                                                                                                                                                                                                         	Label not available                                                                                                                                                                                                                                                                                         	Label not available                                                                                                                                                                                                                                                                                         	Label not available                                                                                                                                                                                                                                                                                         	
Maximum Value	 +0.1752000000000000E+005	 +0.2052399945124485E+005	 +0.6974821684921691E+004	 +0.2749882113616630E+005	
Time of Maximum	 +0.1752000000000000E+005	 +0.9504000000000000E+004	 +0.9504000000000000E+004	 +0.9504000000000000E+004	
  
	Minimum Integrated Values
	Label not available                                                                                                                                                                                                                                                                                         	Label not available                                                                                                                                                                                                                                                                                         	Label not available                                                                                                                                                                                                                                                                                         	Label not available                                                                                                                                                                                                                                                                                         	
Minimum Value	 +0.8016000000000000E+004	 +0.2404932557877055E+004	 +0.7420664825600959E+003	 +0.3146999040437153E+004	
Time of Minimum	 +0.8016000000000000E+004	 +0.1384800000000000E+005	 +0.1384800000000000E+005	 +0.1384800000000000E+005	
  
	Sum (note: sums are set to zero for inputs that were not integrated.)
	Label not available                                                                                                                                                                                                                                                                                         	Label not available                                                                                                                                                                                                                                                                                         	Label not available                                                                                                                                                                                                                                                                                         	Label not available                                                                                                                                                                                                                                                                                         	
Total	 +0.0000000000000000E+000	 +0.1647263115920458E+006	 +0.5074993038728109E+005	 +0.2154762419793296E+006	
