 	Label not available                                                                                                                                                                                                                                                                                         	Label not available                                                                                                                                                                                                                                                                                         	Label not available                                                                                                                                                                                                                                                                                         	Label not available                                                                                                                                                                                                                                                                                         	
Month 	TIME                     	QSnk469PauxEvap_kW       	QSnk469PelAuxComp_kW     	QSnk469PauxCondSwitch_kW 	
November 	 +0.8016000000000000E+004	 +0.5366399263419722E+005	 +0.1518669001854143E+005	 +0.6885068265273856E+005	
December 	 +0.8760000000000000E+004	 +0.7055895208874813E+005	 +0.2136584651305805E+005	 +0.9192479860180590E+005	
January  	 +0.9504000000000000E+004	 +0.7664479921385643E+005	 +0.2461383271665417E+005	 +0.1012586319305104E+006	
February 	 +0.1017600000000000E+005	 +0.6460796896314554E+005	 +0.2098182409440761E+005	 +0.8558979305755353E+005	
March    	 +0.1092000000000000E+005	 +0.5283093333302671E+005	 +0.1636696161684470E+005	 +0.6919789494987165E+005	
April    	 +0.1164000000000000E+005	 +0.3701349385311882E+005	 +0.1066546049088481E+005	 +0.4767895434400363E+005	
May      	 +0.1238400000000000E+005	 +0.1923277832343540E+005	 +0.5413443952367945E+004	 +0.2464622227580335E+005	
June     	 +0.1310400000000000E+005	 +0.8066758769487490E+004	 +0.2364419845254648E+004	 +0.1043117861474213E+005	
July     	 +0.1384800000000000E+005	 +0.5016507948619359E+004	 +0.1609909512923276E+004	 +0.6626417461542640E+004	
August   	 +0.1459200000000000E+005	 +0.7236899536940100E+004	 +0.2061458376069929E+004	 +0.9298357913010039E+004	
September	 +0.1531200000000000E+005	 +0.1265427189515105E+005	 +0.3298484763835674E+004	 +0.1595275665898673E+005	
October  	 +0.1605600000000000E+005	 +0.3261207567602055E+005	 +0.8384515765165395E+004	 +0.4099659144118598E+005	
November 	 +0.1677600000000000E+005	 +0.5304131809791917E+005	 +0.1498355515161282E+005	 +0.6802487324953169E+005	
December 	 +0.1752000000000000E+005	 +0.7057459766901027E+005	 +0.2137628849907863E+005	 +0.9195088616808888E+005	
  
	Maximum Instantaneous Values
	Label not available                                                                                                                                                                                                                                                                                         	Label not available                                                                                                                                                                                                                                                                                         	Label not available                                                                                                                                                                                                                                                                                         	Label not available                                                                                                                                                                                                                                                                                         	
Maximum Value	 +0.1752000000000000E+005	 +0.3227805842049075E+003	 +0.8974254493406043E+002	 +0.3890973171794988E+003	
Time of Maximum	 +0.1752000000000000E+005	 +0.1390216666666667E+005	 +0.1448266666666667E+005	 +0.1390216666666667E+005	
  
	Minimum Instantaneous Values
	Label not available                                                                                                                                                                                                                                                                                         	Label not available                                                                                                                                                                                                                                                                                         	Label not available                                                                                                                                                                                                                                                                                         	Label not available                                                                                                                                                                                                                                                                                         	
Minimum Value	 +0.7300033333333334E+004	 +0.0000000000000000E+000	 +0.0000000000000000E+000	 +0.0000000000000000E+000	
Time of Minimum	 +0.7300033333333334E+004	 +0.1752000000000000E+005	 +0.1752000000000000E+005	 +0.1752000000000000E+005	
  
	Maximum Integrated Values
	Label not available                                                                                                                                                                                                                                                                                         	Label not available                                                                                                                                                                                                                                                                                         	Label not available                                                                                                                                                                                                                                                                                         	Label not available                                                                                                                                                                                                                                                                                         	
Maximum Value	 +0.1752000000000000E+005	 +0.7664479921385643E+005	 +0.2461383271665417E+005	 +0.1012586319305104E+006	
Time of Maximum	 +0.1752000000000000E+005	 +0.9504000000000000E+004	 +0.9504000000000000E+004	 +0.9504000000000000E+004	
  
	Minimum Integrated Values
	Label not available                                                                                                                                                                                                                                                                                         	Label not available                                                                                                                                                                                                                                                                                         	Label not available                                                                                                                                                                                                                                                                                         	Label not available                                                                                                                                                                                                                                                                                         	
Minimum Value	 +0.8016000000000000E+004	 +0.5016507948619359E+004	 +0.1609909512923276E+004	 +0.6626417461542640E+004	
Time of Minimum	 +0.8016000000000000E+004	 +0.1384800000000000E+005	 +0.1384800000000000E+005	 +0.1384800000000000E+005	
  
	Sum (note: sums are set to zero for inputs that were not integrated.)
	Label not available                                                                                                                                                                                                                                                                                         	Label not available                                                                                                                                                                                                                                                                                         	Label not available                                                                                                                                                                                                                                                                                         	Label not available                                                                                                                                                                                                                                                                                         	
Total	 +0.0000000000000000E+000	 +0.5637553480026772E+006	 +0.1686726913166975E+006	 +0.7324280393193840E+006	
