 	Label not available                                                                                                                                                                                                                                                                                         	Label not available                                                                                                                                                                                                                                                                                         	Label not available                                                                                                                                                                                                                                                                                         	Label not available                                                                                                                                                                                                                                                                                         	
Month 	TIME                     	QSnk191PauxEvap_kW       	QSnk191PelAuxComp_kW     	QSnk191PauxCondSwitch_kW 	
November 	 +0.8016000000000000E+004	 +0.4821585894619441E+005	 +0.1367332985771866E+005	 +0.6188918880391350E+005	
December 	 +0.8760000000000000E+004	 +0.6139205309737377E+005	 +0.1886251153980346E+005	 +0.8025456463717730E+005	
January  	 +0.9504000000000000E+004	 +0.6557592970223290E+005	 +0.2168621560430310E+005	 +0.8726214530653677E+005	
February 	 +0.1017600000000000E+005	 +0.5478453422734341E+005	 +0.1813652979423185E+005	 +0.7292106402157497E+005	
March    	 +0.1092000000000000E+005	 +0.4697269006926598E+005	 +0.1448203116295779E+005	 +0.6145472123222392E+005	
April    	 +0.1164000000000000E+005	 +0.3467450610728018E+005	 +0.9770756402326686E+004	 +0.4444526250960692E+005	
May      	 +0.1238400000000000E+005	 +0.2068777236982503E+005	 +0.5550999275765431E+004	 +0.2623877164559046E+005	
June     	 +0.1310400000000000E+005	 +0.9532809136047506E+004	 +0.2566034243751182E+004	 +0.1209884337979866E+005	
July     	 +0.1384800000000000E+005	 +0.6336035659684749E+004	 +0.1802073714046306E+004	 +0.8138109373731067E+004	
August   	 +0.1459200000000000E+005	 +0.8411623398332893E+004	 +0.2245099234286175E+004	 +0.1065672263261909E+005	
September	 +0.1531200000000000E+005	 +0.1504584627827701E+005	 +0.3737233051700892E+004	 +0.1878307932997789E+005	
October  	 +0.1605600000000000E+005	 +0.3152900167200596E+005	 +0.7992860180311272E+004	 +0.3952186185231710E+005	
November 	 +0.1677600000000000E+005	 +0.4783960089772540E+005	 +0.1352577823190702E+005	 +0.6136537912963251E+005	
December 	 +0.1752000000000000E+005	 +0.6141291510620209E+005	 +0.1886969940212205E+005	 +0.8028261450832432E+005	
  
	Maximum Instantaneous Values
	Label not available                                                                                                                                                                                                                                                                                         	Label not available                                                                                                                                                                                                                                                                                         	Label not available                                                                                                                                                                                                                                                                                         	Label not available                                                                                                                                                                                                                                                                                         	
Maximum Value	 +0.1752000000000000E+005	 +0.3307569835867583E+003	 +0.9018057106250799E+002	 +0.3972466090616623E+003	
Time of Maximum	 +0.1752000000000000E+005	 +0.1390086666666667E+005	 +0.1424260000000000E+005	 +0.1390086666666667E+005	
  
	Minimum Instantaneous Values
	Label not available                                                                                                                                                                                                                                                                                         	Label not available                                                                                                                                                                                                                                                                                         	Label not available                                                                                                                                                                                                                                                                                         	Label not available                                                                                                                                                                                                                                                                                         	
Minimum Value	 +0.7300033333333334E+004	 +0.0000000000000000E+000	 +0.0000000000000000E+000	 +0.0000000000000000E+000	
Time of Minimum	 +0.7300033333333334E+004	 +0.1752000000000000E+005	 +0.1752000000000000E+005	 +0.1752000000000000E+005	
  
	Maximum Integrated Values
	Label not available                                                                                                                                                                                                                                                                                         	Label not available                                                                                                                                                                                                                                                                                         	Label not available                                                                                                                                                                                                                                                                                         	Label not available                                                                                                                                                                                                                                                                                         	
Maximum Value	 +0.1752000000000000E+005	 +0.6557592970223290E+005	 +0.2168621560430310E+005	 +0.8726214530653677E+005	
Time of Maximum	 +0.1752000000000000E+005	 +0.9504000000000000E+004	 +0.9504000000000000E+004	 +0.9504000000000000E+004	
  
	Minimum Integrated Values
	Label not available                                                                                                                                                                                                                                                                                         	Label not available                                                                                                                                                                                                                                                                                         	Label not available                                                                                                                                                                                                                                                                                         	Label not available                                                                                                                                                                                                                                                                                         	
Minimum Value	 +0.8016000000000000E+004	 +0.6336035659684749E+004	 +0.1802073714046306E+004	 +0.8138109373731067E+004	
Time of Minimum	 +0.8016000000000000E+004	 +0.1384800000000000E+005	 +0.1384800000000000E+005	 +0.1384800000000000E+005	
  
	Sum (note: sums are set to zero for inputs that were not integrated.)
	Label not available                                                                                                                                                                                                                                                                                         	Label not available                                                                                                                                                                                                                                                                                         	Label not available                                                                                                                                                                                                                                                                                         	Label not available                                                                                                                                                                                                                                                                                         	
Total	 +0.0000000000000000E+000	 +0.5124111766677886E+006	 +0.1529011516952314E+006	 +0.6653123283630318E+006	
