 	Label not available                                                                                                                                                                                                                                                                                         	Label not available                                                                                                                                                                                                                                                                                         	Label not available                                                                                                                                                                                                                                                                                         	Label not available                                                                                                                                                                                                                                                                                         	
Month 	TIME                     	QSnk488PauxEvap_kW       	QSnk488PelAuxComp_kW     	QSnk488PauxCondSwitch_kW 	
November 	 +0.8016000000000000E+004	 +0.1076224301222085E+006	 +0.3060057731393605E+005	 +0.1382230074361442E+006	
December 	 +0.8760000000000000E+004	 +0.1349322799472871E+006	 +0.4174274844011359E+005	 +0.1766750283874005E+006	
January  	 +0.9504000000000000E+004	 +0.1430484196302796E+006	 +0.4800627564625212E+005	 +0.1910546952765321E+006	
February 	 +0.1017600000000000E+005	 +0.1196798262938754E+006	 +0.4015987943472170E+005	 +0.1598397057285965E+006	
March    	 +0.1092000000000000E+005	 +0.1035495213567271E+006	 +0.3233141722303186E+005	 +0.1358809385797594E+006	
April    	 +0.1164000000000000E+005	 +0.7772272228980029E+005	 +0.2227610255132694E+005	 +0.9999882484112732E+005	
May      	 +0.1238400000000000E+005	 +0.4906174735904585E+005	 +0.1347163002195416E+005	 +0.6253337738100000E+005	
June     	 +0.1310400000000000E+005	 +0.2367361827996545E+005	 +0.6552610384892244E+004	 +0.3022622866485773E+005	
July     	 +0.1384800000000000E+005	 +0.1592138280129933E+005	 +0.4591111196505124E+004	 +0.2051249399780443E+005	
August   	 +0.1459200000000000E+005	 +0.2111822333088521E+005	 +0.5630045596030094E+004	 +0.2674826892691528E+005	
September	 +0.1531200000000000E+005	 +0.3698364460812436E+005	 +0.9191612436463667E+004	 +0.4617525704458801E+005	
October  	 +0.1605600000000000E+005	 +0.7289986682143318E+005	 +0.1849690217286540E+005	 +0.9139676899429817E+005	
November 	 +0.1677600000000000E+005	 +0.1071127034671671E+006	 +0.3036377422728552E+005	 +0.1374764776944518E+006	
December 	 +0.1752000000000000E+005	 +0.1347094485007318E+006	 +0.4167470398058204E+005	 +0.1763841524813127E+006	
  
	Maximum Instantaneous Values
	Label not available                                                                                                                                                                                                                                                                                         	Label not available                                                                                                                                                                                                                                                                                         	Label not available                                                                                                                                                                                                                                                                                         	Label not available                                                                                                                                                                                                                                                                                         	
Maximum Value	 +0.1752000000000000E+005	 +0.7539591687184811E+003	 +0.2099536505857126E+003	 +0.9094569140554004E+003	
Time of Maximum	 +0.1752000000000000E+005	 +0.1452840000000000E+005	 +0.1431446666666667E+005	 +0.1452840000000000E+005	
  
	Minimum Instantaneous Values
	Label not available                                                                                                                                                                                                                                                                                         	Label not available                                                                                                                                                                                                                                                                                         	Label not available                                                                                                                                                                                                                                                                                         	Label not available                                                                                                                                                                                                                                                                                         	
Minimum Value	 +0.7300033333333334E+004	 +0.0000000000000000E+000	 +0.0000000000000000E+000	 +0.0000000000000000E+000	
Time of Minimum	 +0.7300033333333334E+004	 +0.1751986666666667E+005	 +0.1751986666666667E+005	 +0.1751986666666667E+005	
  
	Maximum Integrated Values
	Label not available                                                                                                                                                                                                                                                                                         	Label not available                                                                                                                                                                                                                                                                                         	Label not available                                                                                                                                                                                                                                                                                         	Label not available                                                                                                                                                                                                                                                                                         	
Maximum Value	 +0.1752000000000000E+005	 +0.1430484196302796E+006	 +0.4800627564625212E+005	 +0.1910546952765321E+006	
Time of Maximum	 +0.1752000000000000E+005	 +0.9504000000000000E+004	 +0.9504000000000000E+004	 +0.9504000000000000E+004	
  
	Minimum Integrated Values
	Label not available                                                                                                                                                                                                                                                                                         	Label not available                                                                                                                                                                                                                                                                                         	Label not available                                                                                                                                                                                                                                                                                         	Label not available                                                                                                                                                                                                                                                                                         	
Minimum Value	 +0.8016000000000000E+004	 +0.1592138280129933E+005	 +0.4591111196505124E+004	 +0.2051249399780443E+005	
Time of Minimum	 +0.8016000000000000E+004	 +0.1384800000000000E+005	 +0.1384800000000000E+005	 +0.1384800000000000E+005	
  
	Sum (note: sums are set to zero for inputs that were not integrated.)
	Label not available                                                                                                                                                                                                                                                                                         	Label not available                                                                                                                                                                                                                                                                                         	Label not available                                                                                                                                                                                                                                                                                         	Label not available                                                                                                                                                                                                                                                                                         	
Total	 +0.0000000000000000E+000	 +0.1148035834808825E+007	 +0.3450893906259556E+006	 +0.1493125225434795E+007	
