 	Label not available                                                                                                                                                                                                                                                                                         	Label not available                                                                                                                                                                                                                                                                                         	Label not available                                                                                                                                                                                                                                                                                         	Label not available                                                                                                                                                                                                                                                                                         	
Month 	TIME                     	QSnk448PauxEvap_kW       	QSnk448PelAuxComp_kW     	QSnk448PauxCondSwitch_kW 	
November 	 +0.8016000000000000E+004	 +0.5869374180366873E+005	 +0.1666285983367712E+005	 +0.7535660163734591E+005	
December 	 +0.8760000000000000E+004	 +0.7598451742024116E+005	 +0.2325388728451403E+005	 +0.9923840470475500E+005	
January  	 +0.9504000000000000E+004	 +0.8178171737057864E+005	 +0.2674091946153296E+005	 +0.1085226368321119E+006	
February 	 +0.1017600000000000E+005	 +0.6857636544035829E+005	 +0.2260235408936065E+005	 +0.9117871952971839E+005	
March    	 +0.1092000000000000E+005	 +0.5749226716196668E+005	 +0.1784788232670459E+005	 +0.7534014948867100E+005	
April    	 +0.1164000000000000E+005	 +0.4111600254271836E+005	 +0.1180049068930308E+005	 +0.5291649323202168E+005	
May      	 +0.1238400000000000E+005	 +0.2332233939395755E+005	 +0.6455303261071913E+004	 +0.2977764265502956E+005	
June     	 +0.1310400000000000E+005	 +0.1026144447557932E+005	 +0.2911043858669213E+004	 +0.1317248833424854E+005	
July     	 +0.1384800000000000E+005	 +0.6099995830229868E+004	 +0.1887251712403900E+004	 +0.7987247542633768E+004	
August   	 +0.1459200000000000E+005	 +0.9073134672881220E+004	 +0.2505577683508548E+004	 +0.1157871235638975E+005	
September	 +0.1531200000000000E+005	 +0.1574472839310401E+005	 +0.4011335564523307E+004	 +0.1975606395762729E+005	
October  	 +0.1605600000000000E+005	 +0.3720000439629138E+005	 +0.9527939341021274E+004	 +0.4672794373731250E+005	
November 	 +0.1677600000000000E+005	 +0.5808987921809628E+005	 +0.1645805737753626E+005	 +0.7454793659563256E+005	
December 	 +0.1752000000000000E+005	 +0.7596189431008145E+005	 +0.2324199735756196E+005	 +0.9920389166764331E+005	
  
	Maximum Instantaneous Values
	Label not available                                                                                                                                                                                                                                                                                         	Label not available                                                                                                                                                                                                                                                                                         	Label not available                                                                                                                                                                                                                                                                                         	Label not available                                                                                                                                                                                                                                                                                         	
Maximum Value	 +0.1752000000000000E+005	 +0.3807258028318914E+003	 +0.1048271219643709E+003	 +0.4583912191756787E+003	
Time of Maximum	 +0.1752000000000000E+005	 +0.1385623333333333E+005	 +0.1439983333333333E+005	 +0.1452830000000000E+005	
  
	Minimum Instantaneous Values
	Label not available                                                                                                                                                                                                                                                                                         	Label not available                                                                                                                                                                                                                                                                                         	Label not available                                                                                                                                                                                                                                                                                         	Label not available                                                                                                                                                                                                                                                                                         	
Minimum Value	 +0.7300033333333334E+004	 +0.0000000000000000E+000	 +0.0000000000000000E+000	 +0.0000000000000000E+000	
Time of Minimum	 +0.7300033333333334E+004	 +0.1752000000000000E+005	 +0.1752000000000000E+005	 +0.1752000000000000E+005	
  
	Maximum Integrated Values
	Label not available                                                                                                                                                                                                                                                                                         	Label not available                                                                                                                                                                                                                                                                                         	Label not available                                                                                                                                                                                                                                                                                         	Label not available                                                                                                                                                                                                                                                                                         	
Maximum Value	 +0.1752000000000000E+005	 +0.8178171737057864E+005	 +0.2674091946153296E+005	 +0.1085226368321119E+006	
Time of Maximum	 +0.1752000000000000E+005	 +0.9504000000000000E+004	 +0.9504000000000000E+004	 +0.9504000000000000E+004	
  
	Minimum Integrated Values
	Label not available                                                                                                                                                                                                                                                                                         	Label not available                                                                                                                                                                                                                                                                                         	Label not available                                                                                                                                                                                                                                                                                         	Label not available                                                                                                                                                                                                                                                                                         	
Minimum Value	 +0.8016000000000000E+004	 +0.6099995830229868E+004	 +0.1887251712403900E+004	 +0.7987247542633768E+004	
Time of Minimum	 +0.8016000000000000E+004	 +0.1384800000000000E+005	 +0.1384800000000000E+005	 +0.1384800000000000E+005	
  
	Sum (note: sums are set to zero for inputs that were not integrated.)
	Label not available                                                                                                                                                                                                                                                                                         	Label not available                                                                                                                                                                                                                                                                                         	Label not available                                                                                                                                                                                                                                                                                         	Label not available                                                                                                                                                                                                                                                                                         	
Total	 +0.0000000000000000E+000	 +0.6193980324297559E+006	 +0.1859068998413877E+006	 +0.8053049322711340E+006	
