 	Label not available                                                                                                                                                                                                                                                                                         	Label not available                                                                                                                                                                                                                                                                                         	Label not available                                                                                                                                                                                                                                                                                         	Label not available                                                                                                                                                                                                                                                                                         	
Month 	TIME                     	QSnk579PauxEvap_kW       	QSnk579PelAuxComp_kW     	QSnk579PauxCondSwitch_kW 	
November 	 +0.8016000000000000E+004	 +0.3080043218174664E+005	 +0.8857510878584091E+004	 +0.3965794306033065E+005	
December 	 +0.8760000000000000E+004	 +0.3855666885588531E+005	 +0.1206940677791158E+005	 +0.5062607563379678E+005	
January  	 +0.9504000000000000E+004	 +0.4090747676500925E+005	 +0.1386762221497920E+005	 +0.5477509897998847E+005	
February 	 +0.1017600000000000E+005	 +0.3415999095745300E+005	 +0.1168545585056351E+005	 +0.4584544680801623E+005	
March    	 +0.1092000000000000E+005	 +0.2947428515940248E+005	 +0.9513902845719154E+004	 +0.3898818800512173E+005	
April    	 +0.1164000000000000E+005	 +0.2209105593144511E+005	 +0.6623534243167934E+004	 +0.2871459017461300E+005	
May      	 +0.1238400000000000E+005	 +0.1403910831459161E+005	 +0.4066904901448626E+004	 +0.1810601321604026E+005	
June     	 +0.1310400000000000E+005	 +0.6732615507747240E+004	 +0.1987836269343373E+004	 +0.8720451777090628E+004	
July     	 +0.1384800000000000E+005	 +0.4700579124354730E+004	 +0.1428001559958866E+004	 +0.6128580684313595E+004	
August   	 +0.1459200000000000E+005	 +0.5993054909913069E+004	 +0.1656086878532095E+004	 +0.7649141788445149E+004	
September	 +0.1531200000000000E+005	 +0.1071569455872489E+005	 +0.2715579823158174E+004	 +0.1343127438188309E+005	
October  	 +0.1605600000000000E+005	 +0.2093047463696260E+005	 +0.5398227837778104E+004	 +0.2632870247474074E+005	
November 	 +0.1677600000000000E+005	 +0.3061666126805390E+005	 +0.8774353761207285E+004	 +0.3939101502926087E+005	
December 	 +0.1752000000000000E+005	 +0.3849408459472802E+005	 +0.1205172810216039E+005	 +0.5054581269688819E+005	
  
	Maximum Instantaneous Values
	Label not available                                                                                                                                                                                                                                                                                         	Label not available                                                                                                                                                                                                                                                                                         	Label not available                                                                                                                                                                                                                                                                                         	Label not available                                                                                                                                                                                                                                                                                         	
Maximum Value	 +0.1752000000000000E+005	 +0.2082730559443243E+003	 +0.5984595526512560E+002	 +0.2523014965431540E+003	
Time of Maximum	 +0.1752000000000000E+005	 +0.1453593333333333E+005	 +0.1455436666666667E+005	 +0.1453593333333333E+005	
  
	Minimum Instantaneous Values
	Label not available                                                                                                                                                                                                                                                                                         	Label not available                                                                                                                                                                                                                                                                                         	Label not available                                                                                                                                                                                                                                                                                         	Label not available                                                                                                                                                                                                                                                                                         	
Minimum Value	 +0.7300033333333334E+004	 +0.0000000000000000E+000	 +0.0000000000000000E+000	 +0.0000000000000000E+000	
Time of Minimum	 +0.7300033333333334E+004	 +0.1752000000000000E+005	 +0.1752000000000000E+005	 +0.1752000000000000E+005	
  
	Maximum Integrated Values
	Label not available                                                                                                                                                                                                                                                                                         	Label not available                                                                                                                                                                                                                                                                                         	Label not available                                                                                                                                                                                                                                                                                         	Label not available                                                                                                                                                                                                                                                                                         	
Maximum Value	 +0.1752000000000000E+005	 +0.4090747676500925E+005	 +0.1386762221497920E+005	 +0.5477509897998847E+005	
Time of Maximum	 +0.1752000000000000E+005	 +0.9504000000000000E+004	 +0.9504000000000000E+004	 +0.9504000000000000E+004	
  
	Minimum Integrated Values
	Label not available                                                                                                                                                                                                                                                                                         	Label not available                                                                                                                                                                                                                                                                                         	Label not available                                                                                                                                                                                                                                                                                         	Label not available                                                                                                                                                                                                                                                                                         	
Minimum Value	 +0.8016000000000000E+004	 +0.4700579124354730E+004	 +0.1428001559958866E+004	 +0.6128580684313595E+004	
Time of Minimum	 +0.8016000000000000E+004	 +0.1384800000000000E+005	 +0.1384800000000000E+005	 +0.1384800000000000E+005	
  
	Sum (note: sums are set to zero for inputs that were not integrated.)
	Label not available                                                                                                                                                                                                                                                                                         	Label not available                                                                                                                                                                                                                                                                                         	Label not available                                                                                                                                                                                                                                                                                         	Label not available                                                                                                                                                                                                                                                                                         	
Total	 +0.0000000000000000E+000	 +0.3282121827660177E+006	 +0.1006961519445109E+006	 +0.4289083347105271E+006	
