 	Label not available                                                                                                                                                                                                                                                                                         	Label not available                                                                                                                                                                                                                                                                                         	Label not available                                                                                                                                                                                                                                                                                         	Label not available                                                                                                                                                                                                                                                                                         	
Month 	TIME                     	QSnk558PauxEvap_kW       	QSnk558PelAuxComp_kW     	QSnk558PauxCondSwitch_kW 	
November 	 +0.8016000000000000E+004	 +0.1039256281826170E+006	 +0.2933594668823632E+005	 +0.1332615748708534E+006	
December 	 +0.8760000000000000E+004	 +0.1367857832952876E+006	 +0.4143882217273974E+005	 +0.1782246054680272E+006	
January  	 +0.9504000000000000E+004	 +0.1486654139335380E+006	 +0.4790239431692829E+005	 +0.1965678082504657E+006	
February 	 +0.1017600000000000E+005	 +0.1252031452758371E+006	 +0.4080021805240439E+005	 +0.1660033633282416E+006	
March    	 +0.1092000000000000E+005	 +0.1021294653497471E+006	 +0.3171677080148563E+005	 +0.1338462361512325E+006	
April    	 +0.1164000000000000E+005	 +0.7134410429847562E+005	 +0.2064051285488413E+005	 +0.9198461715335904E+005	
May      	 +0.1238400000000000E+005	 +0.3648713066939427E+005	 +0.1033493704664965E+005	 +0.4682206771604396E+005	
June     	 +0.1310400000000000E+005	 +0.1494496948838121E+005	 +0.4411475120560503E+004	 +0.1935644460894170E+005	
July     	 +0.1384800000000000E+005	 +0.8571523963712218E+004	 +0.2836402594575231E+004	 +0.1140792655828745E+005	
August   	 +0.1459200000000000E+005	 +0.1360772622379827E+005	 +0.3848252949003091E+004	 +0.1745597917280133E+005	
September	 +0.1531200000000000E+005	 +0.2372626526545303E+005	 +0.6146253721701697E+004	 +0.2987251898715477E+005	
October  	 +0.1605600000000000E+005	 +0.6284796003892018E+005	 +0.1607055737164830E+005	 +0.7891851741056840E+005	
November 	 +0.1677600000000000E+005	 +0.1027234770227680E+006	 +0.2892836951676298E+005	 +0.1316518465395310E+006	
December 	 +0.1752000000000000E+005	 +0.1368297793017950E+006	 +0.4143492448665695E+005	 +0.1782647037884527E+006	
  
	Maximum Instantaneous Values
	Label not available                                                                                                                                                                                                                                                                                         	Label not available                                                                                                                                                                                                                                                                                         	Label not available                                                                                                                                                                                                                                                                                         	Label not available                                                                                                                                                                                                                                                                                         	
Maximum Value	 +0.1752000000000000E+005	 +0.6335957057026396E+003	 +0.1791712454477016E+003	 +0.7663265112508745E+003	
Time of Maximum	 +0.1752000000000000E+005	 +0.1455163333333333E+005	 +0.1385733333333333E+005	 +0.1455163333333333E+005	
  
	Minimum Instantaneous Values
	Label not available                                                                                                                                                                                                                                                                                         	Label not available                                                                                                                                                                                                                                                                                         	Label not available                                                                                                                                                                                                                                                                                         	Label not available                                                                                                                                                                                                                                                                                         	
Minimum Value	 +0.7300033333333334E+004	 +0.0000000000000000E+000	 +0.0000000000000000E+000	 +0.0000000000000000E+000	
Time of Minimum	 +0.7300033333333334E+004	 +0.1752000000000000E+005	 +0.1752000000000000E+005	 +0.1752000000000000E+005	
  
	Maximum Integrated Values
	Label not available                                                                                                                                                                                                                                                                                         	Label not available                                                                                                                                                                                                                                                                                         	Label not available                                                                                                                                                                                                                                                                                         	Label not available                                                                                                                                                                                                                                                                                         	
Maximum Value	 +0.1752000000000000E+005	 +0.1486654139335380E+006	 +0.4790239431692829E+005	 +0.1965678082504657E+006	
Time of Maximum	 +0.1752000000000000E+005	 +0.9504000000000000E+004	 +0.9504000000000000E+004	 +0.9504000000000000E+004	
  
	Minimum Integrated Values
	Label not available                                                                                                                                                                                                                                                                                         	Label not available                                                                                                                                                                                                                                                                                         	Label not available                                                                                                                                                                                                                                                                                         	Label not available                                                                                                                                                                                                                                                                                         	
Minimum Value	 +0.8016000000000000E+004	 +0.8571523963712218E+004	 +0.2836402594575231E+004	 +0.1140792655828745E+005	
Time of Minimum	 +0.8016000000000000E+004	 +0.1384800000000000E+005	 +0.1384800000000000E+005	 +0.1384800000000000E+005	
  
	Sum (note: sums are set to zero for inputs that were not integrated.)
	Label not available                                                                                                                                                                                                                                                                                         	Label not available                                                                                                                                                                                                                                                                                         	Label not available                                                                                                                                                                                                                                                                                         	Label not available                                                                                                                                                                                                                                                                                         	
Total	 +0.0000000000000000E+000	 +0.1087792372309735E+007	 +0.3258458376942394E+006	 +0.1413638210003946E+007	
