 	Label not available                                                                                                                                                                                                                                                                                         	Label not available                                                                                                                                                                                                                                                                                         	Label not available                                                                                                                                                                                                                                                                                         	Label not available                                                                                                                                                                                                                                                                                         	
Month 	TIME                     	QSnk225PauxEvap_kW       	QSnk225PelAuxComp_kW     	QSnk225PauxCondSwitch_kW 	
November 	 +0.8016000000000000E+004	 +0.5398176056811326E+005	 +0.1526619957615104E+005	 +0.6924796014426484E+005	
December 	 +0.8760000000000000E+004	 +0.6752678032096721E+005	 +0.2078674999671819E+005	 +0.8831353031768498E+005	
January  	 +0.9504000000000000E+004	 +0.7183973631122088E+005	 +0.2397996611226603E+005	 +0.9581970242348633E+005	
February 	 +0.1017600000000000E+005	 +0.6007539452907887E+005	 +0.1998818276339297E+005	 +0.8006357729247180E+005	
March    	 +0.1092000000000000E+005	 +0.5197672590446514E+005	 +0.1604064883371873E+005	 +0.6801737473818391E+005	
April    	 +0.1164000000000000E+005	 +0.3932466004002190E+005	 +0.1106502163971319E+005	 +0.5038968167973542E+005	
May      	 +0.1238400000000000E+005	 +0.2472068952172873E+005	 +0.6621738112577085E+004	 +0.3134242763430579E+005	
June     	 +0.1310400000000000E+005	 +0.1175676489492814E+005	 +0.3150216246053872E+004	 +0.1490698114098202E+005	
July     	 +0.1384800000000000E+005	 +0.8419220608968024E+004	 +0.2331792097457234E+004	 +0.1075101270642525E+005	
August   	 +0.1459200000000000E+005	 +0.1063396897791918E+005	 +0.2790993169460685E+004	 +0.1342496214737985E+005	
September	 +0.1531200000000000E+005	 +0.1858157466420993E+005	 +0.4574265472405730E+004	 +0.2315584013661569E+005	
October  	 +0.1605600000000000E+005	 +0.3657882224543110E+005	 +0.9232718788184849E+004	 +0.4581154103361571E+005	
November 	 +0.1677600000000000E+005	 +0.5375222386880987E+005	 +0.1514967480805692E+005	 +0.6890189867686701E+005	
December 	 +0.1752000000000000E+005	 +0.6756526912399102E+005	 +0.2079041627914345E+005	 +0.8835568540313512E+005	
  
	Maximum Instantaneous Values
	Label not available                                                                                                                                                                                                                                                                                         	Label not available                                                                                                                                                                                                                                                                                         	Label not available                                                                                                                                                                                                                                                                                         	Label not available                                                                                                                                                                                                                                                                                         	
Maximum Value	 +0.1752000000000000E+005	 +0.3814318862570793E+003	 +0.1052702228464898E+003	 +0.4587932220941336E+003	
Time of Maximum	 +0.1752000000000000E+005	 +0.1385570000000000E+005	 +0.1376220000000000E+005	 +0.1385570000000000E+005	
  
	Minimum Instantaneous Values
	Label not available                                                                                                                                                                                                                                                                                         	Label not available                                                                                                                                                                                                                                                                                         	Label not available                                                                                                                                                                                                                                                                                         	Label not available                                                                                                                                                                                                                                                                                         	
Minimum Value	 +0.7300033333333334E+004	 +0.0000000000000000E+000	 +0.0000000000000000E+000	 +0.0000000000000000E+000	
Time of Minimum	 +0.7300033333333334E+004	 +0.1751993333333333E+005	 +0.1751993333333333E+005	 +0.1751993333333333E+005	
  
	Maximum Integrated Values
	Label not available                                                                                                                                                                                                                                                                                         	Label not available                                                                                                                                                                                                                                                                                         	Label not available                                                                                                                                                                                                                                                                                         	Label not available                                                                                                                                                                                                                                                                                         	
Maximum Value	 +0.1752000000000000E+005	 +0.7183973631122088E+005	 +0.2397996611226603E+005	 +0.9581970242348633E+005	
Time of Maximum	 +0.1752000000000000E+005	 +0.9504000000000000E+004	 +0.9504000000000000E+004	 +0.9504000000000000E+004	
  
	Minimum Integrated Values
	Label not available                                                                                                                                                                                                                                                                                         	Label not available                                                                                                                                                                                                                                                                                         	Label not available                                                                                                                                                                                                                                                                                         	Label not available                                                                                                                                                                                                                                                                                         	
Minimum Value	 +0.8016000000000000E+004	 +0.8419220608968024E+004	 +0.2331792097457234E+004	 +0.1075101270642525E+005	
Time of Minimum	 +0.8016000000000000E+004	 +0.1384800000000000E+005	 +0.1384800000000000E+005	 +0.1384800000000000E+005	
  
	Sum (note: sums are set to zero for inputs that were not integrated.)
	Label not available                                                                                                                                                                                                                                                                                         	Label not available                                                                                                                                                                                                                                                                                         	Label not available                                                                                                                                                                                                                                                                                         	Label not available                                                                                                                                                                                                                                                                                         	
Total	 +0.0000000000000000E+000	 +0.5767335915798470E+006	 +0.1717685838953004E+006	 +0.7485021754751423E+006	
