 	Label not available                                                                                                                                                                                                                                                                                         	Label not available                                                                                                                                                                                                                                                                                         	Label not available                                                                                                                                                                                                                                                                                         	Label not available                                                                                                                                                                                                                                                                                         	
Month 	TIME                     	QSnk335PauxEvap_kW       	QSnk335PelAuxComp_kW     	QSnk335PauxCondSwitch_kW 	
November 	 +0.8016000000000000E+004	 +0.4941620771604700E+005	 +0.1402624671511706E+005	 +0.6344245443116423E+005	
December 	 +0.8760000000000000E+004	 +0.6388303103905237E+005	 +0.1953484694649610E+005	 +0.8341787798554894E+005	
January  	 +0.9504000000000000E+004	 +0.6889376575269902E+005	 +0.2250053348995335E+005	 +0.9139429924265224E+005	
February 	 +0.1017600000000000E+005	 +0.5775562073341902E+005	 +0.1899719925240185E+005	 +0.7675281998582077E+005	
March    	 +0.1092000000000000E+005	 +0.4842726467586811E+005	 +0.1498069834734071E+005	 +0.6340796302320881E+005	
April    	 +0.1164000000000000E+005	 +0.3489540028019697E+005	 +0.9944065681424205E+004	 +0.4483946596162118E+005	
May      	 +0.1238400000000000E+005	 +0.1950190769481009E+005	 +0.5355234968457198E+004	 +0.2485714266326723E+005	
June     	 +0.1310400000000000E+005	 +0.8744978233145965E+004	 +0.2436612120195818E+004	 +0.1118159035334177E+005	
July     	 +0.1384800000000000E+005	 +0.5232250054559826E+004	 +0.1590163889542259E+004	 +0.6822413944102082E+004	
August   	 +0.1459200000000000E+005	 +0.7583007803961246E+004	 +0.2091017261351976E+004	 +0.9674025065313246E+004	
September	 +0.1531200000000000E+005	 +0.1349304906525580E+005	 +0.3424070587002887E+004	 +0.1691711965225867E+005	
October  	 +0.1605600000000000E+005	 +0.3135240285764594E+005	 +0.8025317552199984E+004	 +0.3937772040984603E+005	
November 	 +0.1677600000000000E+005	 +0.4890948037559037E+005	 +0.1385007824647123E+005	 +0.6275955862206144E+005	
December 	 +0.1752000000000000E+005	 +0.6393576636590978E+005	 +0.1955019882543522E+005	 +0.8348596519134498E+005	
  
	Maximum Instantaneous Values
	Label not available                                                                                                                                                                                                                                                                                         	Label not available                                                                                                                                                                                                                                                                                         	Label not available                                                                                                                                                                                                                                                                                         	Label not available                                                                                                                                                                                                                                                                                         	
Maximum Value	 +0.1752000000000000E+005	 +0.3186450812347735E+003	 +0.8791035749744624E+002	 +0.3835538392751872E+003	
Time of Maximum	 +0.1752000000000000E+005	 +0.1450403333333333E+005	 +0.1383430000000000E+005	 +0.1450403333333333E+005	
  
	Minimum Instantaneous Values
	Label not available                                                                                                                                                                                                                                                                                         	Label not available                                                                                                                                                                                                                                                                                         	Label not available                                                                                                                                                                                                                                                                                         	Label not available                                                                                                                                                                                                                                                                                         	
Minimum Value	 +0.7300033333333334E+004	 +0.0000000000000000E+000	 +0.0000000000000000E+000	 +0.0000000000000000E+000	
Time of Minimum	 +0.7300033333333334E+004	 +0.1752000000000000E+005	 +0.1752000000000000E+005	 +0.1752000000000000E+005	
  
	Maximum Integrated Values
	Label not available                                                                                                                                                                                                                                                                                         	Label not available                                                                                                                                                                                                                                                                                         	Label not available                                                                                                                                                                                                                                                                                         	Label not available                                                                                                                                                                                                                                                                                         	
Maximum Value	 +0.1752000000000000E+005	 +0.6889376575269902E+005	 +0.2250053348995335E+005	 +0.9139429924265224E+005	
Time of Maximum	 +0.1752000000000000E+005	 +0.9504000000000000E+004	 +0.9504000000000000E+004	 +0.9504000000000000E+004	
  
	Minimum Integrated Values
	Label not available                                                                                                                                                                                                                                                                                         	Label not available                                                                                                                                                                                                                                                                                         	Label not available                                                                                                                                                                                                                                                                                         	Label not available                                                                                                                                                                                                                                                                                         	
Minimum Value	 +0.8016000000000000E+004	 +0.5232250054559826E+004	 +0.1590163889542259E+004	 +0.6822413944102082E+004	
Time of Minimum	 +0.8016000000000000E+004	 +0.1384800000000000E+005	 +0.1384800000000000E+005	 +0.1384800000000000E+005	
  
	Sum (note: sums are set to zero for inputs that were not integrated.)
	Label not available                                                                                                                                                                                                                                                                                         	Label not available                                                                                                                                                                                                                                                                                         	Label not available                                                                                                                                                                                                                                                                                         	Label not available                                                                                                                                                                                                                                                                                         	
Total	 +0.0000000000000000E+000	 +0.5220241326481560E+006	 +0.1563062838833935E+006	 +0.6783304165315558E+006	
