 	Label not available                                                                                                                                                                                                                                                                                         	Label not available                                                                                                                                                                                                                                                                                         	Label not available                                                                                                                                                                                                                                                                                         	Label not available                                                                                                                                                                                                                                                                                         	
Month 	TIME                     	QSnk85PauxEvap_kW        	QSnk85PelAuxComp_kW      	QSnk85PauxCondSwitch_kW  	
November 	 +0.8016000000000000E+004	 +0.9110352093530222E+005	 +0.2590414786328679E+005	 +0.1170076687985889E+006	
December 	 +0.8760000000000000E+004	 +0.1159323222005469E+006	 +0.3582288907324864E+005	 +0.1517552112737956E+006	
January  	 +0.9504000000000000E+004	 +0.1238734592777340E+006	 +0.4126654710879827E+005	 +0.1651400063865329E+006	
February 	 +0.1017600000000000E+005	 +0.1037824885889810E+006	 +0.3456605222613946E+005	 +0.1383485408151201E+006	
March    	 +0.1092000000000000E+005	 +0.8842378445682183E+005	 +0.2751059220429128E+005	 +0.1159343766611127E+006	
April    	 +0.1164000000000000E+005	 +0.6516663885939794E+005	 +0.1857496918471581E+005	 +0.8374160804411405E+005	
May      	 +0.1238400000000000E+005	 +0.3879885322793887E+005	 +0.1054320987310655E+005	 +0.4934206310104544E+005	
June     	 +0.1310400000000000E+005	 +0.1788328305456546E+005	 +0.4895321991850609E+004	 +0.2277860504641606E+005	
July     	 +0.1384800000000000E+005	 +0.1171649425277134E+005	 +0.3403589571179406E+004	 +0.1512008382395072E+005	
August   	 +0.1459200000000000E+005	 +0.1564633970789595E+005	 +0.4212080854949482E+004	 +0.1985842056284543E+005	
September	 +0.1531200000000000E+005	 +0.2837333962040922E+005	 +0.7060983923730454E+004	 +0.3543432354413968E+005	
October  	 +0.1605600000000000E+005	 +0.5944077185176627E+005	 +0.1508257810397751E+005	 +0.7452334995574389E+005	
November 	 +0.1677600000000000E+005	 +0.9054006480487219E+005	 +0.2567145596327375E+005	 +0.1162115207681456E+006	
December 	 +0.1752000000000000E+005	 +0.1160076471435784E+006	 +0.3581767424550827E+005	 +0.1518253213890871E+006	
  
	Maximum Instantaneous Values
	Label not available                                                                                                                                                                                                                                                                                         	Label not available                                                                                                                                                                                                                                                                                         	Label not available                                                                                                                                                                                                                                                                                         	Label not available                                                                                                                                                                                                                                                                                         	
Maximum Value	 +0.1752000000000000E+005	 +0.6546058961528510E+003	 +0.1802723993567825E+003	 +0.7879587737564379E+003	
Time of Maximum	 +0.1752000000000000E+005	 +0.1450600000000000E+005	 +0.1409823333333333E+005	 +0.1450600000000000E+005	
  
	Minimum Instantaneous Values
	Label not available                                                                                                                                                                                                                                                                                         	Label not available                                                                                                                                                                                                                                                                                         	Label not available                                                                                                                                                                                                                                                                                         	Label not available                                                                                                                                                                                                                                                                                         	
Minimum Value	 +0.7300033333333334E+004	 +0.0000000000000000E+000	 +0.0000000000000000E+000	 +0.0000000000000000E+000	
Time of Minimum	 +0.7300033333333334E+004	 +0.1752000000000000E+005	 +0.1752000000000000E+005	 +0.1752000000000000E+005	
  
	Maximum Integrated Values
	Label not available                                                                                                                                                                                                                                                                                         	Label not available                                                                                                                                                                                                                                                                                         	Label not available                                                                                                                                                                                                                                                                                         	Label not available                                                                                                                                                                                                                                                                                         	
Maximum Value	 +0.1752000000000000E+005	 +0.1238734592777340E+006	 +0.4126654710879827E+005	 +0.1651400063865329E+006	
Time of Maximum	 +0.1752000000000000E+005	 +0.9504000000000000E+004	 +0.9504000000000000E+004	 +0.9504000000000000E+004	
  
	Minimum Integrated Values
	Label not available                                                                                                                                                                                                                                                                                         	Label not available                                                                                                                                                                                                                                                                                         	Label not available                                                                                                                                                                                                                                                                                         	Label not available                                                                                                                                                                                                                                                                                         	
Minimum Value	 +0.8016000000000000E+004	 +0.1171649425277134E+005	 +0.3403589571179406E+004	 +0.1512008382395072E+005	
Time of Minimum	 +0.8016000000000000E+004	 +0.1384800000000000E+005	 +0.1384800000000000E+005	 +0.1384800000000000E+005	
  
	Sum (note: sums are set to zero for inputs that were not integrated.)
	Label not available                                                                                                                                                                                                                                                                                         	Label not available                                                                                                                                                                                                                                                                                         	Label not available                                                                                                                                                                                                                                                                                         	Label not available                                                                                                                                                                                                                                                                                         	
Total	 +0.0000000000000000E+000	 +0.9666890079825877E+006	 +0.2903320921880590E+006	 +0.1257021100170645E+007	
