 	Label not available                                                                                                                                                                                                                                                                                         	Label not available                                                                                                                                                                                                                                                                                         	Label not available                                                                                                                                                                                                                                                                                         	Label not available                                                                                                                                                                                                                                                                                         	
Month 	TIME                     	QSnk243PauxEvap_kW       	QSnk243PelAuxComp_kW     	QSnk243PauxCondSwitch_kW 	
November 	 +0.8016000000000000E+004	 +0.1196148993746552E+006	 +0.3337065027691399E+005	 +0.1529855496515693E+006	
December 	 +0.8760000000000000E+004	 +0.1569473960914592E+006	 +0.4760231802093815E+005	 +0.2045497141123983E+006	
January  	 +0.9504000000000000E+004	 +0.1700500211964039E+006	 +0.5530424695172355E+005	 +0.2253542681481274E+006	
February 	 +0.1017600000000000E+005	 +0.1415612956362762E+006	 +0.4695369903367668E+005	 +0.1885149946699534E+006	
March    	 +0.1092000000000000E+005	 +0.1168277136134843E+006	 +0.3595620857847491E+005	 +0.1527839221919600E+006	
April    	 +0.1164000000000000E+005	 +0.8156426287112848E+005	 +0.2290668015222583E+005	 +0.1044709430233544E+006	
May      	 +0.1238400000000000E+005	 +0.4215672679987314E+005	 +0.1103193127794926E+005	 +0.5318865807782244E+005	
June     	 +0.1310400000000000E+005	 +0.1431191500019844E+005	 +0.3540625201998119E+004	 +0.1785254020219652E+005	
July     	 +0.1384800000000000E+005	 +0.5125350542608936E+004	 +0.1333815873896127E+004	 +0.6459166416505063E+004	
August   	 +0.1459200000000000E+005	 +0.1112600202668974E+005	 +0.2600304151201595E+004	 +0.1372630617789134E+005	
September	 +0.1531200000000000E+005	 +0.2618963534349362E+005	 +0.5970681876067639E+004	 +0.3216031721956130E+005	
October  	 +0.1605600000000000E+005	 +0.7261611256511182E+005	 +0.1779179472564677E+005	 +0.9040790729075824E+005	
November 	 +0.1677600000000000E+005	 +0.1185815483295293E+006	 +0.3297727020250599E+005	 +0.1515588185320348E+006	
December 	 +0.1752000000000000E+005	 +0.1569445817059203E+006	 +0.4760528241590961E+005	 +0.2045498641218290E+006	
  
	Maximum Instantaneous Values
	Label not available                                                                                                                                                                                                                                                                                         	Label not available                                                                                                                                                                                                                                                                                         	Label not available                                                                                                                                                                                                                                                                                         	Label not available                                                                                                                                                                                                                                                                                         	
Maximum Value	 +0.1752000000000000E+005	 +0.7146565596194301E+003	 +0.2006136840660491E+003	 +0.8638173801953278E+003	
Time of Maximum	 +0.1752000000000000E+005	 +0.1472166666666667E+005	 +0.1486530000000000E+005	 +0.1472166666666667E+005	
  
	Minimum Instantaneous Values
	Label not available                                                                                                                                                                                                                                                                                         	Label not available                                                                                                                                                                                                                                                                                         	Label not available                                                                                                                                                                                                                                                                                         	Label not available                                                                                                                                                                                                                                                                                         	
Minimum Value	 +0.7300033333333334E+004	 +0.0000000000000000E+000	 +0.0000000000000000E+000	 +0.0000000000000000E+000	
Time of Minimum	 +0.7300033333333334E+004	 +0.1752000000000000E+005	 +0.1752000000000000E+005	 +0.1752000000000000E+005	
  
	Maximum Integrated Values
	Label not available                                                                                                                                                                                                                                                                                         	Label not available                                                                                                                                                                                                                                                                                         	Label not available                                                                                                                                                                                                                                                                                         	Label not available                                                                                                                                                                                                                                                                                         	
Maximum Value	 +0.1752000000000000E+005	 +0.1700500211964039E+006	 +0.5530424695172355E+005	 +0.2253542681481274E+006	
Time of Maximum	 +0.1752000000000000E+005	 +0.9504000000000000E+004	 +0.9504000000000000E+004	 +0.9504000000000000E+004	
  
	Minimum Integrated Values
	Label not available                                                                                                                                                                                                                                                                                         	Label not available                                                                                                                                                                                                                                                                                         	Label not available                                                                                                                                                                                                                                                                                         	Label not available                                                                                                                                                                                                                                                                                         	
Minimum Value	 +0.8016000000000000E+004	 +0.5125350542608936E+004	 +0.1333815873896127E+004	 +0.6459166416505063E+004	
Time of Minimum	 +0.8016000000000000E+004	 +0.1384800000000000E+005	 +0.1384800000000000E+005	 +0.1384800000000000E+005	
  
	Sum (note: sums are set to zero for inputs that were not integrated.)
	Label not available                                                                                                                                                                                                                                                                                         	Label not available                                                                                                                                                                                                                                                                                         	Label not available                                                                                                                                                                                                                                                                                         	Label not available                                                                                                                                                                                                                                                                                         	
Total	 +0.0000000000000000E+000	 +0.1233617461096823E+007	 +0.3649455087391307E+006	 +0.1598562969835964E+007	
