 	Label not available                                                                                                                                                                                                                                                                                         	Label not available                                                                                                                                                                                                                                                                                         	Label not available                                                                                                                                                                                                                                                                                         	Label not available                                                                                                                                                                                                                                                                                         	
Month 	TIME                     	QSnk225PauxEvap_kW       	QSnk225PelAuxComp_kW     	QSnk225PauxCondSwitch_kW 	
November 	 +0.8016000000000000E+004	 +0.5649607975108895E+005	 +0.1572382314461658E+005	 +0.7221990289570577E+005	
December 	 +0.8760000000000000E+004	 +0.7168661824484999E+005	 +0.2195321365213491E+005	 +0.9363983189698475E+005	
January  	 +0.9504000000000000E+004	 +0.7648134405775575E+005	 +0.2555836357435401E+005	 +0.1020397076321096E+006	
February 	 +0.1017600000000000E+005	 +0.6352550346606277E+005	 +0.2137240266086883E+005	 +0.8489790612693191E+005	
March    	 +0.1092000000000000E+005	 +0.5427880899607298E+005	 +0.1651099320210807E+005	 +0.7078980219818119E+005	
April    	 +0.1164000000000000E+005	 +0.3995358800376781E+005	 +0.1091350815879209E+005	 +0.5086709616255972E+005	
May      	 +0.1238400000000000E+005	 +0.2365617722491305E+005	 +0.5895200025740959E+004	 +0.2955137725065397E+005	
June     	 +0.1310400000000000E+005	 +0.9411524505407744E+004	 +0.2182024237279191E+004	 +0.1159354874268695E+005	
July     	 +0.1384800000000000E+005	 +0.4969156101135676E+004	 +0.1148839171964016E+004	 +0.6117995273099685E+004	
August   	 +0.1459200000000000E+005	 +0.7523936563345717E+004	 +0.1687681947453226E+004	 +0.9211618510798940E+004	
September	 +0.1531200000000000E+005	 +0.1702000160372824E+005	 +0.3796650650757361E+004	 +0.2081665225448558E+005	
October  	 +0.1605600000000000E+005	 +0.3684215489486272E+005	 +0.8901535313900604E+004	 +0.4574369020876341E+005	
November 	 +0.1677600000000000E+005	 +0.5618394037720940E+005	 +0.1558268936897905E+005	 +0.7176662974618872E+005	
December 	 +0.1752000000000000E+005	 +0.7167951693857514E+005	 +0.2195495587613952E+005	 +0.9363447281471452E+005	
  
	Maximum Instantaneous Values
	Label not available                                                                                                                                                                                                                                                                                         	Label not available                                                                                                                                                                                                                                                                                         	Label not available                                                                                                                                                                                                                                                                                         	Label not available                                                                                                                                                                                                                                                                                         	
Maximum Value	 +0.1752000000000000E+005	 +0.3852983500663782E+003	 +0.1043692496772547E+003	 +0.4631832195885370E+003	
Time of Maximum	 +0.1752000000000000E+005	 +0.1390466666666667E+005	 +0.1383800000000000E+005	 +0.1390466666666667E+005	
  
	Minimum Instantaneous Values
	Label not available                                                                                                                                                                                                                                                                                         	Label not available                                                                                                                                                                                                                                                                                         	Label not available                                                                                                                                                                                                                                                                                         	Label not available                                                                                                                                                                                                                                                                                         	
Minimum Value	 +0.7300033333333334E+004	 +0.0000000000000000E+000	 +0.0000000000000000E+000	 +0.0000000000000000E+000	
Time of Minimum	 +0.7300033333333334E+004	 +0.1752000000000000E+005	 +0.1752000000000000E+005	 +0.1752000000000000E+005	
  
	Maximum Integrated Values
	Label not available                                                                                                                                                                                                                                                                                         	Label not available                                                                                                                                                                                                                                                                                         	Label not available                                                                                                                                                                                                                                                                                         	Label not available                                                                                                                                                                                                                                                                                         	
Maximum Value	 +0.1752000000000000E+005	 +0.7648134405775575E+005	 +0.2555836357435401E+005	 +0.1020397076321096E+006	
Time of Maximum	 +0.1752000000000000E+005	 +0.9504000000000000E+004	 +0.9504000000000000E+004	 +0.9504000000000000E+004	
  
	Minimum Integrated Values
	Label not available                                                                                                                                                                                                                                                                                         	Label not available                                                                                                                                                                                                                                                                                         	Label not available                                                                                                                                                                                                                                                                                         	Label not available                                                                                                                                                                                                                                                                                         	
Minimum Value	 +0.8016000000000000E+004	 +0.4969156101135676E+004	 +0.1148839171964016E+004	 +0.6117995273099685E+004	
Time of Minimum	 +0.8016000000000000E+004	 +0.1384800000000000E+005	 +0.1384800000000000E+005	 +0.1384800000000000E+005	
  
	Sum (note: sums are set to zero for inputs that were not integrated.)
	Label not available                                                                                                                                                                                                                                                                                         	Label not available                                                                                                                                                                                                                                                                                         	Label not available                                                                                                                                                                                                                                                                                         	Label not available                                                                                                                                                                                                                                                                                         	
Total	 +0.0000000000000000E+000	 +0.5897083507287732E+006	 +0.1731818809850892E+006	 +0.7628902317138723E+006	
