 	Label not available                                                                                                                                                                                                                                                                                         	Label not available                                                                                                                                                                                                                                                                                         	Label not available                                                                                                                                                                                                                                                                                         	Label not available                                                                                                                                                                                                                                                                                         	
Month 	TIME                     	QSnk417PauxEvap_kW       	QSnk417PelAuxComp_kW     	QSnk417PauxCondSwitch_kW 	
November 	 +0.8016000000000000E+004	 +0.1617160481502082E+005	 +0.4565395082542547E+004	 +0.2073699989756336E+005	
December 	 +0.8760000000000000E+004	 +0.2052101156401079E+005	 +0.6373983153079659E+004	 +0.2689499471709045E+005	
January  	 +0.9504000000000000E+004	 +0.2185129128674443E+005	 +0.7393292556915030E+004	 +0.2924458384365947E+005	
February 	 +0.1017600000000000E+005	 +0.1812712703183039E+005	 +0.6243112968727225E+004	 +0.2437024000055759E+005	
March    	 +0.1092000000000000E+005	 +0.1543862682389425E+005	 +0.4899980165168656E+004	 +0.2033860698906283E+005	
April    	 +0.1164000000000000E+005	 +0.1135652133225874E+005	 +0.3296171823500115E+004	 +0.1465269315575883E+005	
May      	 +0.1238400000000000E+005	 +0.6722645814110833E+004	 +0.1828796907708652E+004	 +0.8551442721819507E+004	
June     	 +0.1310400000000000E+005	 +0.2707993779368782E+004	 +0.7029800873508874E+003	 +0.3410973866719674E+004	
July     	 +0.1384800000000000E+005	 +0.1454869859658937E+004	 +0.3810798363736126E+003	 +0.1835949696032550E+004	
August   	 +0.1459200000000000E+005	 +0.2267966117635425E+004	 +0.5402653375558149E+003	 +0.2808231455191236E+004	
September	 +0.1531200000000000E+005	 +0.4899831420839690E+004	 +0.1128443925858030E+004	 +0.6028275346697719E+004	
October  	 +0.1605600000000000E+005	 +0.1057478210448698E+005	 +0.2604886326215904E+004	 +0.1317966843070291E+005	
November 	 +0.1677600000000000E+005	 +0.1608909780206171E+005	 +0.4523772215394013E+004	 +0.2061287001745568E+005	
December 	 +0.1752000000000000E+005	 +0.2050913788847180E+005	 +0.6367524286622263E+004	 +0.2687666217509410E+005	
  
	Maximum Instantaneous Values
	Label not available                                                                                                                                                                                                                                                                                         	Label not available                                                                                                                                                                                                                                                                                         	Label not available                                                                                                                                                                                                                                                                                         	Label not available                                                                                                                                                                                                                                                                                         	
Maximum Value	 +0.1752000000000000E+005	 +0.1040058305094882E+003	 +0.2968215164811571E+002	 +0.1260491678923323E+003	
Time of Maximum	 +0.1752000000000000E+005	 +0.1472543333333333E+005	 +0.1389113333333333E+005	 +0.1472543333333333E+005	
  
	Minimum Instantaneous Values
	Label not available                                                                                                                                                                                                                                                                                         	Label not available                                                                                                                                                                                                                                                                                         	Label not available                                                                                                                                                                                                                                                                                         	Label not available                                                                                                                                                                                                                                                                                         	
Minimum Value	 +0.7300033333333334E+004	 +0.0000000000000000E+000	 +0.0000000000000000E+000	 +0.0000000000000000E+000	
Time of Minimum	 +0.7300033333333334E+004	 +0.1752000000000000E+005	 +0.1752000000000000E+005	 +0.1752000000000000E+005	
  
	Maximum Integrated Values
	Label not available                                                                                                                                                                                                                                                                                         	Label not available                                                                                                                                                                                                                                                                                         	Label not available                                                                                                                                                                                                                                                                                         	Label not available                                                                                                                                                                                                                                                                                         	
Maximum Value	 +0.1752000000000000E+005	 +0.2185129128674443E+005	 +0.7393292556915030E+004	 +0.2924458384365947E+005	
Time of Maximum	 +0.1752000000000000E+005	 +0.9504000000000000E+004	 +0.9504000000000000E+004	 +0.9504000000000000E+004	
  
	Minimum Integrated Values
	Label not available                                                                                                                                                                                                                                                                                         	Label not available                                                                                                                                                                                                                                                                                         	Label not available                                                                                                                                                                                                                                                                                         	Label not available                                                                                                                                                                                                                                                                                         	
Minimum Value	 +0.8016000000000000E+004	 +0.1454869859658937E+004	 +0.3810798363736126E+003	 +0.1835949696032550E+004	
Time of Minimum	 +0.8016000000000000E+004	 +0.1384800000000000E+005	 +0.1384800000000000E+005	 +0.1384800000000000E+005	
  
	Sum (note: sums are set to zero for inputs that were not integrated.)
	Label not available                                                                                                                                                                                                                                                                                         	Label not available                                                                                                                                                                                                                                                                                         	Label not available                                                                                                                                                                                                                                                                                         	Label not available                                                                                                                                                                                                                                                                                         	
Total	 +0.0000000000000000E+000	 +0.1686925076403927E+006	 +0.5084968467301237E+005	 +0.2195421923134056E+006	
