 	Label not available                                                                                                                                                                                                                                                                                         	Label not available                                                                                                                                                                                                                                                                                         	Label not available                                                                                                                                                                                                                                                                                         	Label not available                                                                                                                                                                                                                                                                                         	
Month 	TIME                     	QSnk539PauxEvap_kW       	QSnk539PelAuxComp_kW     	QSnk539PauxCondSwitch_kW 	
November 	 +0.8016000000000000E+004	 +0.2535179643713737E+005	 +0.7120128723268011E+004	 +0.3247192516040551E+005	
December 	 +0.8760000000000000E+004	 +0.3272968857580997E+005	 +0.1004324712559353E+005	 +0.4277293570140337E+005	
January  	 +0.9504000000000000E+004	 +0.3508321560112129E+005	 +0.1162250136474048E+005	 +0.4670571696586104E+005	
February 	 +0.1017600000000000E+005	 +0.2910326743713109E+005	 +0.9798909225749801E+004	 +0.3890217666288089E+005	
March    	 +0.1092000000000000E+005	 +0.2456403014633969E+005	 +0.7594264873365173E+004	 +0.3215829501970496E+005	
April    	 +0.1164000000000000E+005	 +0.1773567392537549E+005	 +0.4990917360795765E+004	 +0.2272659128617115E+005	
May      	 +0.1238400000000000E+005	 +0.9832918422490211E+004	 +0.2575059133713701E+004	 +0.1240797755620394E+005	
June     	 +0.1310400000000000E+005	 +0.3630532277265307E+004	 +0.9126111234766112E+003	 +0.4543143400741922E+004	
July     	 +0.1384800000000000E+005	 +0.1642150802679676E+004	 +0.4270819834775698E+003	 +0.2069232786157245E+004	
August   	 +0.1459200000000000E+005	 +0.2940736298614023E+004	 +0.6984429817458997E+003	 +0.3639179280359932E+004	
September	 +0.1531200000000000E+005	 +0.6731629144302693E+004	 +0.1543672061930451E+004	 +0.8275301206233133E+004	
October  	 +0.1605600000000000E+005	 +0.1593945695267504E+005	 +0.3914814849669722E+004	 +0.1985427180234476E+005	
November 	 +0.1677600000000000E+005	 +0.2518820886307523E+005	 +0.7052507947262193E+004	 +0.3224071681033750E+005	
December 	 +0.1752000000000000E+005	 +0.3272916923196523E+005	 +0.1004363974129708E+005	 +0.4277280897326220E+005	
  
	Maximum Instantaneous Values
	Label not available                                                                                                                                                                                                                                                                                         	Label not available                                                                                                                                                                                                                                                                                         	Label not available                                                                                                                                                                                                                                                                                         	Label not available                                                                                                                                                                                                                                                                                         	
Maximum Value	 +0.1752000000000000E+005	 +0.1601870613216550E+003	 +0.4456608968333704E+002	 +0.1934174688404339E+003	
Time of Maximum	 +0.1752000000000000E+005	 +0.1450430000000000E+005	 +0.1488110000000000E+005	 +0.1450430000000000E+005	
  
	Minimum Instantaneous Values
	Label not available                                                                                                                                                                                                                                                                                         	Label not available                                                                                                                                                                                                                                                                                         	Label not available                                                                                                                                                                                                                                                                                         	Label not available                                                                                                                                                                                                                                                                                         	
Minimum Value	 +0.7300033333333334E+004	 +0.0000000000000000E+000	 +0.0000000000000000E+000	 +0.0000000000000000E+000	
Time of Minimum	 +0.7300033333333334E+004	 +0.1752000000000000E+005	 +0.1752000000000000E+005	 +0.1752000000000000E+005	
  
	Maximum Integrated Values
	Label not available                                                                                                                                                                                                                                                                                         	Label not available                                                                                                                                                                                                                                                                                         	Label not available                                                                                                                                                                                                                                                                                         	Label not available                                                                                                                                                                                                                                                                                         	
Maximum Value	 +0.1752000000000000E+005	 +0.3508321560112129E+005	 +0.1162250136474048E+005	 +0.4670571696586104E+005	
Time of Maximum	 +0.1752000000000000E+005	 +0.9504000000000000E+004	 +0.9504000000000000E+004	 +0.9504000000000000E+004	
  
	Minimum Integrated Values
	Label not available                                                                                                                                                                                                                                                                                         	Label not available                                                                                                                                                                                                                                                                                         	Label not available                                                                                                                                                                                                                                                                                         	Label not available                                                                                                                                                                                                                                                                                         	
Minimum Value	 +0.8016000000000000E+004	 +0.1642150802679676E+004	 +0.4270819834775698E+003	 +0.2069232786157245E+004	
Time of Minimum	 +0.8016000000000000E+004	 +0.1384800000000000E+005	 +0.1384800000000000E+005	 +0.1384800000000000E+005	
  
	Sum (note: sums are set to zero for inputs that were not integrated.)
	Label not available                                                                                                                                                                                                                                                                                         	Label not available                                                                                                                                                                                                                                                                                         	Label not available                                                                                                                                                                                                                                                                                         	Label not available                                                                                                                                                                                                                                                                                         	
Total	 +0.0000000000000000E+000	 +0.2632024741159804E+006	 +0.7833779849608631E+005	 +0.3415402726120690E+006	
