 	Label not available                                                                                                                                                                                                                                                                                         	Label not available                                                                                                                                                                                                                                                                                         	Label not available                                                                                                                                                                                                                                                                                         	Label not available                                                                                                                                                                                                                                                                                         	
Month 	TIME                     	QSnk558PauxEvap_kW       	QSnk558PelAuxComp_kW     	QSnk558PauxCondSwitch_kW 	
November 	 +0.8016000000000000E+004	 +0.1105442559467173E+006	 +0.3072813488801764E+005	 +0.1412723908347352E+006	
December 	 +0.8760000000000000E+004	 +0.1476506536028532E+006	 +0.4433873538140327E+005	 +0.1919893889842567E+006	
January  	 +0.9504000000000000E+004	 +0.1607596430959127E+006	 +0.5144229223354303E+005	 +0.2122019353294564E+006	
February 	 +0.1017600000000000E+005	 +0.1348337223109046E+006	 +0.4404551405384023E+005	 +0.1788792363647457E+006	
March    	 +0.1092000000000000E+005	 +0.1086392776900665E+006	 +0.3323147396447671E+005	 +0.1418707516545433E+006	
April    	 +0.1164000000000000E+005	 +0.7433839484726681E+005	 +0.2086892434526611E+005	 +0.9520731919253290E+005	
May      	 +0.1238400000000000E+005	 +0.3462441901445902E+005	 +0.9102438199240944E+004	 +0.4372685721370001E+005	
June     	 +0.1310400000000000E+005	 +0.1095818380090457E+005	 +0.2739334175769563E+004	 +0.1369751797667414E+005	
July     	 +0.1384800000000000E+005	 +0.3004431481965128E+004	 +0.8580277212133121E+003	 +0.3862459203178440E+004	
August   	 +0.1459200000000000E+005	 +0.8616533470314887E+004	 +0.2053584281804344E+004	 +0.1067011775211921E+005	
September	 +0.1531200000000000E+005	 +0.2068495104049154E+005	 +0.4791590103070419E+004	 +0.2547654114356200E+005	
October  	 +0.1605600000000000E+005	 +0.6421344328943015E+005	 +0.1577256092706402E+005	 +0.7998600421649389E+005	
November 	 +0.1677600000000000E+005	 +0.1093431212021777E+006	 +0.3031991505244298E+005	 +0.1396630362546201E+006	
December 	 +0.1752000000000000E+005	 +0.1476655102998214E+006	 +0.4434615496787192E+005	 +0.1920116652676922E+006	
  
	Maximum Instantaneous Values
	Label not available                                                                                                                                                                                                                                                                                         	Label not available                                                                                                                                                                                                                                                                                         	Label not available                                                                                                                                                                                                                                                                                         	Label not available                                                                                                                                                                                                                                                                                         	
Maximum Value	 +0.1752000000000000E+005	 +0.6282261434637442E+003	 +0.1782739964007028E+003	 +0.7606215230564191E+003	
Time of Maximum	 +0.1752000000000000E+005	 +0.1450420000000000E+005	 +0.1469556666666667E+005	 +0.1450420000000000E+005	
  
	Minimum Instantaneous Values
	Label not available                                                                                                                                                                                                                                                                                         	Label not available                                                                                                                                                                                                                                                                                         	Label not available                                                                                                                                                                                                                                                                                         	Label not available                                                                                                                                                                                                                                                                                         	
Minimum Value	 +0.7300033333333334E+004	 +0.0000000000000000E+000	 +0.0000000000000000E+000	 +0.0000000000000000E+000	
Time of Minimum	 +0.7300033333333334E+004	 +0.1752000000000000E+005	 +0.1752000000000000E+005	 +0.1752000000000000E+005	
  
	Maximum Integrated Values
	Label not available                                                                                                                                                                                                                                                                                         	Label not available                                                                                                                                                                                                                                                                                         	Label not available                                                                                                                                                                                                                                                                                         	Label not available                                                                                                                                                                                                                                                                                         	
Maximum Value	 +0.1752000000000000E+005	 +0.1607596430959127E+006	 +0.5144229223354303E+005	 +0.2122019353294564E+006	
Time of Maximum	 +0.1752000000000000E+005	 +0.9504000000000000E+004	 +0.9504000000000000E+004	 +0.9504000000000000E+004	
  
	Minimum Integrated Values
	Label not available                                                                                                                                                                                                                                                                                         	Label not available                                                                                                                                                                                                                                                                                         	Label not available                                                                                                                                                                                                                                                                                         	Label not available                                                                                                                                                                                                                                                                                         	
Minimum Value	 +0.8016000000000000E+004	 +0.3004431481965128E+004	 +0.8580277212133121E+003	 +0.3862459203178440E+004	
Time of Minimum	 +0.8016000000000000E+004	 +0.1384800000000000E+005	 +0.1384800000000000E+005	 +0.1384800000000000E+005	
  
	Sum (note: sums are set to zero for inputs that were not integrated.)
	Label not available                                                                                                                                                                                                                                                                                         	Label not available                                                                                                                                                                                                                                                                                         	Label not available                                                                                                                                                                                                                                                                                         	Label not available                                                                                                                                                                                                                                                                                         	
Total	 +0.0000000000000000E+000	 +0.1135876541093274E+007	 +0.3346386802950270E+006	 +0.1470515221388314E+007	
