 	Label not available                                                                                                                                                                                                                                                                                         	Label not available                                                                                                                                                                                                                                                                                         	Label not available                                                                                                                                                                                                                                                                                         	Label not available                                                                                                                                                                                                                                                                                         	
Month 	TIME                     	QSnk322PauxEvap_kW       	QSnk322PelAuxComp_kW     	QSnk322PauxCondSwitch_kW 	
November 	 +0.8016000000000000E+004	 +0.4359346742395773E+005	 +0.1218748987156645E+005	 +0.5578095729552423E+005	
December 	 +0.8760000000000000E+004	 +0.5529663756109126E+005	 +0.1700049578305747E+005	 +0.7229713334414855E+005	
January  	 +0.9504000000000000E+004	 +0.5897889351920833E+005	 +0.1978056839688151E+005	 +0.7875946191609015E+005	
February 	 +0.1017600000000000E+005	 +0.4894694155240874E+005	 +0.1662613578883264E+005	 +0.6557307734124143E+005	
March    	 +0.1092000000000000E+005	 +0.4175542061819182E+005	 +0.1289440862493057E+005	 +0.5464982924312213E+005	
April    	 +0.1164000000000000E+005	 +0.3070366662095198E+005	 +0.8593148894221986E+004	 +0.3929681551517390E+005	
May      	 +0.1238400000000000E+005	 +0.1820612550630135E+005	 +0.4695579527142984E+004	 +0.2290170503344441E+005	
June     	 +0.1310400000000000E+005	 +0.7209438840534859E+004	 +0.1744854934386613E+004	 +0.8954293774921456E+004	
July     	 +0.1384800000000000E+005	 +0.3874097854663071E+004	 +0.9357644722560777E+003	 +0.4809862326919151E+004	
August   	 +0.1459200000000000E+005	 +0.5765682590363433E+004	 +0.1316555795519356E+004	 +0.7082238385882770E+004	
September	 +0.1531200000000000E+005	 +0.1318707159130200E+005	 +0.2971873125964132E+004	 +0.1615894471726620E+005	
October  	 +0.1605600000000000E+005	 +0.2844981050797831E+005	 +0.6909808228122766E+004	 +0.3535961873610107E+005	
November 	 +0.1677600000000000E+005	 +0.4331300448531538E+005	 +0.1207549133795092E+005	 +0.5538849582326644E+005	
December 	 +0.1752000000000000E+005	 +0.5533842045797781E+005	 +0.1702339243435197E+005	 +0.7236181289232952E+005	
  
	Maximum Instantaneous Values
	Label not available                                                                                                                                                                                                                                                                                         	Label not available                                                                                                                                                                                                                                                                                         	Label not available                                                                                                                                                                                                                                                                                         	Label not available                                                                                                                                                                                                                                                                                         	
Maximum Value	 +0.1752000000000000E+005	 +0.2882332866863790E+003	 +0.8030693905707918E+002	 +0.3481397150110225E+003	
Time of Maximum	 +0.1752000000000000E+005	 +0.1469826666666667E+005	 +0.1450913333333333E+005	 +0.1469826666666667E+005	
  
	Minimum Instantaneous Values
	Label not available                                                                                                                                                                                                                                                                                         	Label not available                                                                                                                                                                                                                                                                                         	Label not available                                                                                                                                                                                                                                                                                         	Label not available                                                                                                                                                                                                                                                                                         	
Minimum Value	 +0.7300033333333334E+004	 +0.0000000000000000E+000	 +0.0000000000000000E+000	 +0.0000000000000000E+000	
Time of Minimum	 +0.7300033333333334E+004	 +0.1752000000000000E+005	 +0.1752000000000000E+005	 +0.1752000000000000E+005	
  
	Maximum Integrated Values
	Label not available                                                                                                                                                                                                                                                                                         	Label not available                                                                                                                                                                                                                                                                                         	Label not available                                                                                                                                                                                                                                                                                         	Label not available                                                                                                                                                                                                                                                                                         	
Maximum Value	 +0.1752000000000000E+005	 +0.5897889351920833E+005	 +0.1978056839688151E+005	 +0.7875946191609015E+005	
Time of Maximum	 +0.1752000000000000E+005	 +0.9504000000000000E+004	 +0.9504000000000000E+004	 +0.9504000000000000E+004	
  
	Minimum Integrated Values
	Label not available                                                                                                                                                                                                                                                                                         	Label not available                                                                                                                                                                                                                                                                                         	Label not available                                                                                                                                                                                                                                                                                         	Label not available                                                                                                                                                                                                                                                                                         	
Minimum Value	 +0.8016000000000000E+004	 +0.3874097854663071E+004	 +0.9357644722560777E+003	 +0.4809862326919151E+004	
Time of Minimum	 +0.8016000000000000E+004	 +0.1384800000000000E+005	 +0.1384800000000000E+005	 +0.1384800000000000E+005	
  
	Sum (note: sums are set to zero for inputs that were not integrated.)
	Label not available                                                                                                                                                                                                                                                                                         	Label not available                                                                                                                                                                                                                                                                                         	Label not available                                                                                                                                                                                                                                                                                         	Label not available                                                                                                                                                                                                                                                                                         	
Total	 +0.0000000000000000E+000	 +0.4546186791302431E+006	 +0.1347555672151843E+006	 +0.5893742463454277E+006	
