 	Label not available                                                                                                                                                                                                                                                                                         	Label not available                                                                                                                                                                                                                                                                                         	Label not available                                                                                                                                                                                                                                                                                         	Label not available                                                                                                                                                                                                                                                                                         	
Month 	TIME                     	QSnk335PauxEvap_kW       	QSnk335PelAuxComp_kW     	QSnk335PauxCondSwitch_kW 	
November 	 +0.8016000000000000E+004	 +0.5203673221188375E+005	 +0.1453417117763824E+005	 +0.6657090338952205E+005	
December 	 +0.8760000000000000E+004	 +0.6821811251134118E+005	 +0.2070571303346527E+005	 +0.8892382554480602E+005	
January  	 +0.9504000000000000E+004	 +0.7404003028045944E+005	 +0.2404176036400732E+005	 +0.9808179064446753E+005	
February 	 +0.1017600000000000E+005	 +0.6159577927541518E+005	 +0.2036489810585435E+005	 +0.8196067738126927E+005	
March    	 +0.1092000000000000E+005	 +0.5093355812664327E+005	 +0.1555635712651069E+005	 +0.6648991525315391E+005	
April    	 +0.1164000000000000E+005	 +0.3563710088620822E+005	 +0.9872798520321832E+004	 +0.4550989940653005E+005	
May      	 +0.1238400000000000E+005	 +0.1858144035721564E+005	 +0.4740024055115436E+004	 +0.2332146441233109E+005	
June     	 +0.1310400000000000E+005	 +0.6354073300191286E+004	 +0.1521114324600634E+004	 +0.7875187624791908E+004	
July     	 +0.1384800000000000E+005	 +0.2388731271401864E+004	 +0.6024515055723549E+003	 +0.2991182776974218E+004	
August   	 +0.1459200000000000E+005	 +0.4987363472247474E+004	 +0.1164642931671563E+004	 +0.6152006403919037E+004	
September	 +0.1531200000000000E+005	 +0.1150414788859553E+005	 +0.2621589640846892E+004	 +0.1412573752944242E+005	
October  	 +0.1605600000000000E+005	 +0.3167550693729266E+005	 +0.7754247058360374E+004	 +0.3942975399565305E+005	
November 	 +0.1677600000000000E+005	 +0.5156621228162844E+005	 +0.1436716952687528E+005	 +0.6593338180850385E+005	
December 	 +0.1752000000000000E+005	 +0.6822142030257477E+005	 +0.2069881679080271E+005	 +0.8892023709337690E+005	
  
	Maximum Instantaneous Values
	Label not available                                                                                                                                                                                                                                                                                         	Label not available                                                                                                                                                                                                                                                                                         	Label not available                                                                                                                                                                                                                                                                                         	Label not available                                                                                                                                                                                                                                                                                         	
Maximum Value	 +0.1752000000000000E+005	 +0.3204548275928084E+003	 +0.8742627390858269E+002	 +0.3852442003109228E+003	
Time of Maximum	 +0.1752000000000000E+005	 +0.1392820000000000E+005	 +0.1407260000000000E+005	 +0.1392820000000000E+005	
  
	Minimum Instantaneous Values
	Label not available                                                                                                                                                                                                                                                                                         	Label not available                                                                                                                                                                                                                                                                                         	Label not available                                                                                                                                                                                                                                                                                         	Label not available                                                                                                                                                                                                                                                                                         	
Minimum Value	 +0.7300033333333334E+004	 +0.0000000000000000E+000	 +0.0000000000000000E+000	 +0.0000000000000000E+000	
Time of Minimum	 +0.7300033333333334E+004	 +0.1752000000000000E+005	 +0.1752000000000000E+005	 +0.1752000000000000E+005	
  
	Maximum Integrated Values
	Label not available                                                                                                                                                                                                                                                                                         	Label not available                                                                                                                                                                                                                                                                                         	Label not available                                                                                                                                                                                                                                                                                         	Label not available                                                                                                                                                                                                                                                                                         	
Maximum Value	 +0.1752000000000000E+005	 +0.7404003028045944E+005	 +0.2404176036400732E+005	 +0.9808179064446753E+005	
Time of Maximum	 +0.1752000000000000E+005	 +0.9504000000000000E+004	 +0.9504000000000000E+004	 +0.9504000000000000E+004	
  
	Minimum Integrated Values
	Label not available                                                                                                                                                                                                                                                                                         	Label not available                                                                                                                                                                                                                                                                                         	Label not available                                                                                                                                                                                                                                                                                         	Label not available                                                                                                                                                                                                                                                                                         	
Minimum Value	 +0.8016000000000000E+004	 +0.2388731271401864E+004	 +0.6024515055723549E+003	 +0.2991182776974218E+004	
Time of Minimum	 +0.8016000000000000E+004	 +0.1384800000000000E+005	 +0.1384800000000000E+005	 +0.1384800000000000E+005	
  
	Sum (note: sums are set to zero for inputs that were not integrated.)
	Label not available                                                                                                                                                                                                                                                                                         	Label not available                                                                                                                                                                                                                                                                                         	Label not available                                                                                                                                                                                                                                                                                         	Label not available                                                                                                                                                                                                                                                                                         	
Total	 +0.0000000000000000E+000	 +0.5377402091031057E+006	 +0.1585457541616454E+006	 +0.6962859632647409E+006	
