 	Label not available                                                                                                                                                                                                                                                                                         	Label not available                                                                                                                                                                                                                                                                                         	Label not available                                                                                                                                                                                                                                                                                         	Label not available                                                                                                                                                                                                                                                                                         	
Month 	TIME                     	QSnk488PauxEvap_kW       	QSnk488PelAuxComp_kW     	QSnk488PauxCondSwitch_kW 	
November 	 +0.8016000000000000E+004	 +0.1126395261098248E+006	 +0.3150795370223209E+005	 +0.1441474798120566E+006	
December 	 +0.8760000000000000E+004	 +0.1430084361008187E+006	 +0.4400245289615067E+005	 +0.1870108889969681E+006	
January  	 +0.9504000000000000E+004	 +0.1526417618395401E+006	 +0.5117718903326913E+005	 +0.2038189508728099E+006	
February 	 +0.1017600000000000E+005	 +0.1266667595360136E+006	 +0.4293439354108847E+005	 +0.1696011530771019E+006	
March    	 +0.1092000000000000E+005	 +0.1080262460254866E+006	 +0.3324928584392021E+005	 +0.1412755318694065E+006	
April    	 +0.1164000000000000E+005	 +0.7937266236562641E+005	 +0.2204252351548603E+005	 +0.1014151858811127E+006	
May      	 +0.1238400000000000E+005	 +0.4701166965557733E+005	 +0.1200609600336185E+005	 +0.5901776565893930E+005	
June     	 +0.1310400000000000E+005	 +0.1832133010273656E+005	 +0.4398916956651244E+004	 +0.2272024705938780E+005	
July     	 +0.1384800000000000E+005	 +0.9666396209398381E+004	 +0.2314078511751600E+004	 +0.1198047472114998E+005	
August   	 +0.1459200000000000E+005	 +0.1477413714150084E+005	 +0.3352256982480634E+004	 +0.1812639412398148E+005	
September	 +0.1531200000000000E+005	 +0.3381296184909184E+005	 +0.7593426784348092E+004	 +0.4140638863344005E+005	
October  	 +0.1605600000000000E+005	 +0.7341822211740029E+005	 +0.1778534617924058E+005	 +0.9120356829664091E+005	
November 	 +0.1677600000000000E+005	 +0.1120097922493201E+006	 +0.3124137320602858E+005	 +0.1432511654553484E+006	
December 	 +0.1752000000000000E+005	 +0.1429743172912660E+006	 +0.4398182101153438E+005	 +0.1869561383028007E+006	
  
	Maximum Instantaneous Values
	Label not available                                                                                                                                                                                                                                                                                         	Label not available                                                                                                                                                                                                                                                                                         	Label not available                                                                                                                                                                                                                                                                                         	Label not available                                                                                                                                                                                                                                                                                         	
Maximum Value	 +0.1752000000000000E+005	 +0.7506264529006983E+003	 +0.2081747421135796E+003	 +0.9051732712841065E+003	
Time of Maximum	 +0.1752000000000000E+005	 +0.1386273333333333E+005	 +0.1449713333333333E+005	 +0.1386273333333333E+005	
  
	Minimum Instantaneous Values
	Label not available                                                                                                                                                                                                                                                                                         	Label not available                                                                                                                                                                                                                                                                                         	Label not available                                                                                                                                                                                                                                                                                         	Label not available                                                                                                                                                                                                                                                                                         	
Minimum Value	 +0.7300033333333334E+004	 +0.0000000000000000E+000	 +0.0000000000000000E+000	 +0.0000000000000000E+000	
Time of Minimum	 +0.7300033333333334E+004	 +0.1752000000000000E+005	 +0.1752000000000000E+005	 +0.1752000000000000E+005	
  
	Maximum Integrated Values
	Label not available                                                                                                                                                                                                                                                                                         	Label not available                                                                                                                                                                                                                                                                                         	Label not available                                                                                                                                                                                                                                                                                         	Label not available                                                                                                                                                                                                                                                                                         	
Maximum Value	 +0.1752000000000000E+005	 +0.1526417618395401E+006	 +0.5117718903326913E+005	 +0.2038189508728099E+006	
Time of Maximum	 +0.1752000000000000E+005	 +0.9504000000000000E+004	 +0.9504000000000000E+004	 +0.9504000000000000E+004	
  
	Minimum Integrated Values
	Label not available                                                                                                                                                                                                                                                                                         	Label not available                                                                                                                                                                                                                                                                                         	Label not available                                                                                                                                                                                                                                                                                         	Label not available                                                                                                                                                                                                                                                                                         	
Minimum Value	 +0.8016000000000000E+004	 +0.9666396209398381E+004	 +0.2314078511751600E+004	 +0.1198047472114998E+005	
Time of Minimum	 +0.8016000000000000E+004	 +0.1384800000000000E+005	 +0.1384800000000000E+005	 +0.1384800000000000E+005	
  
	Sum (note: sums are set to zero for inputs that were not integrated.)
	Label not available                                                                                                                                                                                                                                                                                         	Label not available                                                                                                                                                                                                                                                                                         	Label not available                                                                                                                                                                                                                                                                                         	Label not available                                                                                                                                                                                                                                                                                         	
Total	 +0.0000000000000000E+000	 +0.1174344218593608E+007	 +0.3475871141675412E+006	 +0.1521931332761134E+007	
