 	Label not available                                                                                                                                                                                                                                                                                         	Label not available                                                                                                                                                                                                                                                                                         	Label not available                                                                                                                                                                                                                                                                                         	Label not available                                                                                                                                                                                                                                                                                         	
Month 	TIME                     	QSnk579PauxEvap_kW       	QSnk579PelAuxComp_kW     	QSnk579PauxCondSwitch_kW 	
November 	 +0.8016000000000000E+004	 +0.3225793447298187E+005	 +0.9091533272274351E+004	 +0.4134946774525614E+005	
December 	 +0.8760000000000000E+004	 +0.4091859431023775E+005	 +0.1270098160744466E+005	 +0.5361957591768224E+005	
January  	 +0.9504000000000000E+004	 +0.4364806565309988E+005	 +0.1474503408276658E+005	 +0.5839309973586653E+005	
February 	 +0.1017600000000000E+005	 +0.3618130733897587E+005	 +0.1243168812197362E+005	 +0.4861299546094928E+005	
March    	 +0.1092000000000000E+005	 +0.3078790667514970E+005	 +0.9743601962705578E+004	 +0.4053150863785541E+005	
April    	 +0.1164000000000000E+005	 +0.2263049026567842E+005	 +0.6550371408135050E+004	 +0.2918086167381358E+005	
May      	 +0.1238400000000000E+005	 +0.1338254153884311E+005	 +0.3620567569572692E+004	 +0.1700310910841577E+005	
June     	 +0.1310400000000000E+005	 +0.5193064807182200E+004	 +0.1339017121258647E+004	 +0.6532081928440830E+004	
July     	 +0.1384800000000000E+005	 +0.2868964985965527E+004	 +0.7426887435382971E+003	 +0.3611653729503828E+004	
August   	 +0.1459200000000000E+005	 +0.4394967361827554E+004	 +0.1040018371035075E+004	 +0.5434985732862635E+004	
September	 +0.1531200000000000E+005	 +0.9755188112108479E+004	 +0.2240518668536769E+004	 +0.1199570678064527E+005	
October  	 +0.1605600000000000E+005	 +0.2105118434474365E+005	 +0.5177957512381752E+004	 +0.2622914185712550E+005	
November 	 +0.1677600000000000E+005	 +0.3206899557615226E+005	 +0.9012953679662263E+004	 +0.4108194925581441E+005	
December 	 +0.1752000000000000E+005	 +0.4091812864205382E+005	 +0.1270030653610625E+005	 +0.5361843517815991E+005	
  
	Maximum Instantaneous Values
	Label not available                                                                                                                                                                                                                                                                                         	Label not available                                                                                                                                                                                                                                                                                         	Label not available                                                                                                                                                                                                                                                                                         	Label not available                                                                                                                                                                                                                                                                                         	
Maximum Value	 +0.1752000000000000E+005	 +0.2084123395938258E+003	 +0.5935961930701910E+002	 +0.2527413176557031E+003	
Time of Maximum	 +0.1752000000000000E+005	 +0.1467600000000000E+005	 +0.1464993333333333E+005	 +0.1467600000000000E+005	
  
	Minimum Instantaneous Values
	Label not available                                                                                                                                                                                                                                                                                         	Label not available                                                                                                                                                                                                                                                                                         	Label not available                                                                                                                                                                                                                                                                                         	Label not available                                                                                                                                                                                                                                                                                         	
Minimum Value	 +0.7300033333333334E+004	 +0.0000000000000000E+000	 +0.0000000000000000E+000	 +0.0000000000000000E+000	
Time of Minimum	 +0.7300033333333334E+004	 +0.1752000000000000E+005	 +0.1752000000000000E+005	 +0.1752000000000000E+005	
  
	Maximum Integrated Values
	Label not available                                                                                                                                                                                                                                                                                         	Label not available                                                                                                                                                                                                                                                                                         	Label not available                                                                                                                                                                                                                                                                                         	Label not available                                                                                                                                                                                                                                                                                         	
Maximum Value	 +0.1752000000000000E+005	 +0.4364806565309988E+005	 +0.1474503408276658E+005	 +0.5839309973586653E+005	
Time of Maximum	 +0.1752000000000000E+005	 +0.9504000000000000E+004	 +0.9504000000000000E+004	 +0.9504000000000000E+004	
  
	Minimum Integrated Values
	Label not available                                                                                                                                                                                                                                                                                         	Label not available                                                                                                                                                                                                                                                                                         	Label not available                                                                                                                                                                                                                                                                                         	Label not available                                                                                                                                                                                                                                                                                         	
Minimum Value	 +0.8016000000000000E+004	 +0.2868964985965527E+004	 +0.7426887435382971E+003	 +0.3611653729503828E+004	
Time of Minimum	 +0.8016000000000000E+004	 +0.1384800000000000E+005	 +0.1384800000000000E+005	 +0.1384800000000000E+005	
  
	Sum (note: sums are set to zero for inputs that were not integrated.)
	Label not available                                                                                                                                                                                                                                                                                         	Label not available                                                                                                                                                                                                                                                                                         	Label not available                                                                                                                                                                                                                                                                                         	Label not available                                                                                                                                                                                                                                                                                         	
Total	 +0.0000000000000000E+000	 +0.3360573340849979E+006	 +0.1011372386573936E+006	 +0.4371945727423946E+006	
