 	Label not available                                                                                                                                                                                                                                                                                         	Label not available                                                                                                                                                                                                                                                                                         	Label not available                                                                                                                                                                                                                                                                                         	Label not available                                                                                                                                                                                                                                                                                         	
Month 	TIME                     	QSnk60PauxEvap_kW        	QSnk60PelAuxComp_kW      	QSnk60PauxCondSwitch_kW  	
November 	 +0.8016000000000000E+004	 +0.2848501985388447E+005	 +0.7976323815133653E+004	 +0.3646134366901817E+005	
December 	 +0.8760000000000000E+004	 +0.3734028775963467E+005	 +0.1135523540215702E+005	 +0.4869552316179165E+005	
January  	 +0.9504000000000000E+004	 +0.4044946080599954E+005	 +0.1317142875641452E+005	 +0.5362088956241390E+005	
February 	 +0.1017600000000000E+005	 +0.3367992361058628E+005	 +0.1117943876632008E+005	 +0.4485936237690620E+005	
March    	 +0.1092000000000000E+005	 +0.2782391998605841E+005	 +0.8532910513683839E+004	 +0.3635683049974195E+005	
April    	 +0.1164000000000000E+005	 +0.1956906590663101E+005	 +0.5441766774252259E+004	 +0.2501083268088325E+005	
May      	 +0.1238400000000000E+005	 +0.1018463383287935E+005	 +0.2611511720618928E+004	 +0.1279614555349830E+005	
June     	 +0.1310400000000000E+005	 +0.3590941036187930E+004	 +0.8677966937522331E+003	 +0.4458737729940167E+004	
July     	 +0.1384800000000000E+005	 +0.1279000296850351E+004	 +0.3364076726376857E+003	 +0.1615407969488038E+004	
August   	 +0.1459200000000000E+005	 +0.2887781363972993E+004	 +0.6735599878353652E+003	 +0.3561341351808356E+004	
September	 +0.1531200000000000E+005	 +0.6374021907297524E+004	 +0.1458072586460162E+004	 +0.7832094493757691E+004	
October  	 +0.1605600000000000E+005	 +0.1736951707201158E+005	 +0.4257009586448476E+004	 +0.2162652665846004E+005	
November 	 +0.1677600000000000E+005	 +0.2823859609615598E+005	 +0.7890303665481951E+004	 +0.3612889976163801E+005	
December 	 +0.1752000000000000E+005	 +0.3730141301005075E+005	 +0.1134526387233987E+005	 +0.4864667688239066E+005	
  
	Maximum Instantaneous Values
	Label not available                                                                                                                                                                                                                                                                                         	Label not available                                                                                                                                                                                                                                                                                         	Label not available                                                                                                                                                                                                                                                                                         	Label not available                                                                                                                                                                                                                                                                                         	
Maximum Value	 +0.1752000000000000E+005	 +0.1739094399677201E+003	 +0.4774757453854949E+002	 +0.2093095981394045E+003	
Time of Maximum	 +0.1752000000000000E+005	 +0.1385746666666667E+005	 +0.1390583333333333E+005	 +0.1385746666666667E+005	
  
	Minimum Instantaneous Values
	Label not available                                                                                                                                                                                                                                                                                         	Label not available                                                                                                                                                                                                                                                                                         	Label not available                                                                                                                                                                                                                                                                                         	Label not available                                                                                                                                                                                                                                                                                         	
Minimum Value	 +0.7300033333333334E+004	 +0.0000000000000000E+000	 +0.0000000000000000E+000	 +0.0000000000000000E+000	
Time of Minimum	 +0.7300033333333334E+004	 +0.1752000000000000E+005	 +0.1752000000000000E+005	 +0.1752000000000000E+005	
  
	Maximum Integrated Values
	Label not available                                                                                                                                                                                                                                                                                         	Label not available                                                                                                                                                                                                                                                                                         	Label not available                                                                                                                                                                                                                                                                                         	Label not available                                                                                                                                                                                                                                                                                         	
Maximum Value	 +0.1752000000000000E+005	 +0.4044946080599954E+005	 +0.1317142875641452E+005	 +0.5362088956241390E+005	
Time of Maximum	 +0.1752000000000000E+005	 +0.9504000000000000E+004	 +0.9504000000000000E+004	 +0.9504000000000000E+004	
  
	Minimum Integrated Values
	Label not available                                                                                                                                                                                                                                                                                         	Label not available                                                                                                                                                                                                                                                                                         	Label not available                                                                                                                                                                                                                                                                                         	Label not available                                                                                                                                                                                                                                                                                         	
Minimum Value	 +0.8016000000000000E+004	 +0.1279000296850351E+004	 +0.3364076726376857E+003	 +0.1615407969488038E+004	
Time of Minimum	 +0.8016000000000000E+004	 +0.1384800000000000E+005	 +0.1384800000000000E+005	 +0.1384800000000000E+005	
  
	Sum (note: sums are set to zero for inputs that were not integrated.)
	Label not available                                                                                                                                                                                                                                                                                         	Label not available                                                                                                                                                                                                                                                                                         	Label not available                                                                                                                                                                                                                                                                                         	Label not available                                                                                                                                                                                                                                                                                         	
Total	 +0.0000000000000000E+000	 +0.2945735825382057E+006	 +0.8709702981353554E+005	 +0.3816706123517366E+006	
