 	Label not available                                                                                                                                                                                                                                                                                         	Label not available                                                                                                                                                                                                                                                                                         	Label not available                                                                                                                                                                                                                                                                                         	Label not available                                                                                                                                                                                                                                                                                         	
Month 	TIME                     	QSnk469PauxEvap_kW       	QSnk469PelAuxComp_kW     	QSnk469PauxCondSwitch_kW 	
November 	 +0.8016000000000000E+004	 +0.5675111776574308E+005	 +0.1578466109238210E+005	 +0.7253577885812515E+005	
December 	 +0.8760000000000000E+004	 +0.7580738198022853E+005	 +0.2271416272614993E+005	 +0.9852154470637864E+005	
January  	 +0.9504000000000000E+004	 +0.8256404142742636E+005	 +0.2628764104934917E+005	 +0.1088516824767755E+006	
February 	 +0.1017600000000000E+005	 +0.6931735630823104E+005	 +0.2252694840710309E+005	 +0.9184430471533387E+005	
March    	 +0.1092000000000000E+005	 +0.5582137992184761E+005	 +0.1700027220382165E+005	 +0.7282165212566932E+005	
April    	 +0.1164000000000000E+005	 +0.3822535659414413E+005	 +0.1066786816551526E+005	 +0.4889322475965911E+005	
May      	 +0.1238400000000000E+005	 +0.1794483083697189E+005	 +0.4672917986665282E+004	 +0.2261774882363716E+005	
June     	 +0.1310400000000000E+005	 +0.5731984989822823E+004	 +0.1421577673688863E+004	 +0.7153562663511691E+004	
July     	 +0.1384800000000000E+005	 +0.1666648686605028E+004	 +0.4714916269483981E+003	 +0.2138140313553424E+004	
August   	 +0.1459200000000000E+005	 +0.4576013662961459E+004	 +0.1095446387872068E+004	 +0.5671460050833522E+004	
September	 +0.1531200000000000E+005	 +0.1069146837191894E+005	 +0.2471741233419350E+004	 +0.1316320960533831E+005	
October  	 +0.1605600000000000E+005	 +0.3300024386858167E+005	 +0.8123858910023810E+004	 +0.4112410277860563E+005	
November 	 +0.1677600000000000E+005	 +0.5613388807766946E+005	 +0.1557976208754189E+005	 +0.7171365016521129E+005	
December 	 +0.1752000000000000E+005	 +0.7580669214567504E+005	 +0.2271429810750053E+005	 +0.9852099025317594E+005	
  
	Maximum Instantaneous Values
	Label not available                                                                                                                                                                                                                                                                                         	Label not available                                                                                                                                                                                                                                                                                         	Label not available                                                                                                                                                                                                                                                                                         	Label not available                                                                                                                                                                                                                                                                                         	
Maximum Value	 +0.1752000000000000E+005	 +0.3235870699601742E+003	 +0.8927230877153897E+002	 +0.3898995100840031E+003	
Time of Maximum	 +0.1752000000000000E+005	 +0.1450423333333333E+005	 +0.1449256666666667E+005	 +0.1450423333333333E+005	
  
	Minimum Instantaneous Values
	Label not available                                                                                                                                                                                                                                                                                         	Label not available                                                                                                                                                                                                                                                                                         	Label not available                                                                                                                                                                                                                                                                                         	Label not available                                                                                                                                                                                                                                                                                         	
Minimum Value	 +0.7300033333333334E+004	 +0.0000000000000000E+000	 +0.0000000000000000E+000	 +0.0000000000000000E+000	
Time of Minimum	 +0.7300033333333334E+004	 +0.1752000000000000E+005	 +0.1752000000000000E+005	 +0.1752000000000000E+005	
  
	Maximum Integrated Values
	Label not available                                                                                                                                                                                                                                                                                         	Label not available                                                                                                                                                                                                                                                                                         	Label not available                                                                                                                                                                                                                                                                                         	Label not available                                                                                                                                                                                                                                                                                         	
Maximum Value	 +0.1752000000000000E+005	 +0.8256404142742636E+005	 +0.2628764104934917E+005	 +0.1088516824767755E+006	
Time of Maximum	 +0.1752000000000000E+005	 +0.9504000000000000E+004	 +0.9504000000000000E+004	 +0.9504000000000000E+004	
  
	Minimum Integrated Values
	Label not available                                                                                                                                                                                                                                                                                         	Label not available                                                                                                                                                                                                                                                                                         	Label not available                                                                                                                                                                                                                                                                                         	Label not available                                                                                                                                                                                                                                                                                         	
Minimum Value	 +0.8016000000000000E+004	 +0.1666648686605028E+004	 +0.4714916269483981E+003	 +0.2138140313553424E+004	
Time of Minimum	 +0.8016000000000000E+004	 +0.1384800000000000E+005	 +0.1384800000000000E+005	 +0.1384800000000000E+005	
  
	Sum (note: sums are set to zero for inputs that were not integrated.)
	Label not available                                                                                                                                                                                                                                                                                         	Label not available                                                                                                                                                                                                                                                                                         	Label not available                                                                                                                                                                                                                                                                                         	Label not available                                                                                                                                                                                                                                                                                         	
Total	 +0.0000000000000000E+000	 +0.5840384046378274E+006	 +0.1715326476579803E+006	 +0.7555710522958138E+006	
