 	Label not available                                                                                                                                                                                                                                                                                         	Label not available                                                                                                                                                                                                                                                                                         	Label not available                                                                                                                                                                                                                                                                                         	Label not available                                                                                                                                                                                                                                                                                         	
Month 	TIME                     	QSnk266PauxEvap_kW       	QSnk266PelAuxComp_kW     	QSnk266PauxCondSwitch_kW 	
November 	 +0.8016000000000000E+004	 +0.6400935813336493E+005	 +0.1791515630120921E+005	 +0.8192451443457397E+005	
December 	 +0.8760000000000000E+004	 +0.8269820199268423E+005	 +0.2530761692226981E+005	 +0.1080058189149537E+006	
January  	 +0.9504000000000000E+004	 +0.8871299560859644E+005	 +0.2933249113165381E+005	 +0.1180454867402501E+006	
February 	 +0.1017600000000000E+005	 +0.7354111875995873E+005	 +0.2468880644159271E+005	 +0.9822992520155084E+005	
March    	 +0.1092000000000000E+005	 +0.6200795513942804E+005	 +0.1906543883744201E+005	 +0.8107339397686998E+005	
April    	 +0.1164000000000000E+005	 +0.4486583339077653E+005	 +0.1249727924776973E+005	 +0.5736311263854618E+005	
May      	 +0.1238400000000000E+005	 +0.2469662282573016E+005	 +0.6345664248524200E+004	 +0.3104228707425431E+005	
June     	 +0.1310400000000000E+005	 +0.9071605555807317E+004	 +0.2186144757581762E+004	 +0.1125775031338906E+005	
July     	 +0.1384800000000000E+005	 +0.3832909266486090E+004	 +0.9475327821887219E+003	 +0.4780442048674813E+004	
August   	 +0.1459200000000000E+005	 +0.7276299025359060E+004	 +0.1673661217345136E+004	 +0.8949960242704186E+004	
September	 +0.1531200000000000E+005	 +0.1690749008410349E+005	 +0.3825615228003075E+004	 +0.2073310531210662E+005	
October  	 +0.1605600000000000E+005	 +0.4008707804018950E+005	 +0.9771105028834150E+004	 +0.4985818306902375E+005	
November 	 +0.1677600000000000E+005	 +0.6369480704348678E+005	 +0.1776328038941366E+005	 +0.8145808743290033E+005	
December 	 +0.1752000000000000E+005	 +0.8272323696652478E+005	 +0.2533453189724334E+005	 +0.1080577688637681E+006	
  
	Maximum Instantaneous Values
	Label not available                                                                                                                                                                                                                                                                                         	Label not available                                                                                                                                                                                                                                                                                         	Label not available                                                                                                                                                                                                                                                                                         	Label not available                                                                                                                                                                                                                                                                                         	
Maximum Value	 +0.1752000000000000E+005	 +0.4067679695008671E+003	 +0.1131503077726533E+003	 +0.4911594555053001E+003	
Time of Maximum	 +0.1752000000000000E+005	 +0.1455370000000000E+005	 +0.1450473333333333E+005	 +0.1455370000000000E+005	
  
	Minimum Instantaneous Values
	Label not available                                                                                                                                                                                                                                                                                         	Label not available                                                                                                                                                                                                                                                                                         	Label not available                                                                                                                                                                                                                                                                                         	Label not available                                                                                                                                                                                                                                                                                         	
Minimum Value	 +0.7300033333333334E+004	 +0.0000000000000000E+000	 +0.0000000000000000E+000	 +0.0000000000000000E+000	
Time of Minimum	 +0.7300033333333334E+004	 +0.1752000000000000E+005	 +0.1752000000000000E+005	 +0.1752000000000000E+005	
  
	Maximum Integrated Values
	Label not available                                                                                                                                                                                                                                                                                         	Label not available                                                                                                                                                                                                                                                                                         	Label not available                                                                                                                                                                                                                                                                                         	Label not available                                                                                                                                                                                                                                                                                         	
Maximum Value	 +0.1752000000000000E+005	 +0.8871299560859644E+005	 +0.2933249113165381E+005	 +0.1180454867402501E+006	
Time of Maximum	 +0.1752000000000000E+005	 +0.9504000000000000E+004	 +0.9504000000000000E+004	 +0.9504000000000000E+004	
  
	Minimum Integrated Values
	Label not available                                                                                                                                                                                                                                                                                         	Label not available                                                                                                                                                                                                                                                                                         	Label not available                                                                                                                                                                                                                                                                                         	Label not available                                                                                                                                                                                                                                                                                         	
Minimum Value	 +0.8016000000000000E+004	 +0.3832909266486090E+004	 +0.9475327821887219E+003	 +0.4780442048674813E+004	
Time of Minimum	 +0.8016000000000000E+004	 +0.1384800000000000E+005	 +0.1384800000000000E+005	 +0.1384800000000000E+005	
  
	Sum (note: sums are set to zero for inputs that were not integrated.)
	Label not available                                                                                                                                                                                                                                                                                         	Label not available                                                                                                                                                                                                                                                                                         	Label not available                                                                                                                                                                                                                                                                                         	Label not available                                                                                                                                                                                                                                                                                         	
Total	 +0.0000000000000000E+000	 +0.6641255118325009E+006	 +0.1966543244310725E+006	 +0.8607798362635818E+006	
