 	Label not available                                                                                                                                                                                                                                                                                         	Label not available                                                                                                                                                                                                                                                                                         	Label not available                                                                                                                                                                                                                                                                                         	Label not available                                                                                                                                                                                                                                                                                         	
Month 	TIME                     	QSnk524PauxEvap_kW       	QSnk524PelAuxComp_kW     	QSnk524PauxCondSwitch_kW 	
November 	 +0.8016000000000000E+004	 +0.4443074828682189E+005	 +0.1242502397832285E+005	 +0.5685577226514475E+005	
December 	 +0.8760000000000000E+004	 +0.5831101702733878E+005	 +0.1773229646097387E+005	 +0.7604331348831260E+005	
January  	 +0.9504000000000000E+004	 +0.6303629167787789E+005	 +0.2054500764686536E+005	 +0.8358129932474306E+005	
February 	 +0.1017600000000000E+005	 +0.5253149121667137E+005	 +0.1746979495212002E+005	 +0.7000128616879119E+005	
March    	 +0.1092000000000000E+005	 +0.4334407816571958E+005	 +0.1340958021867585E+005	 +0.5675365838439520E+005	
April    	 +0.1164000000000000E+005	 +0.3030570104176778E+005	 +0.8589951714467461E+004	 +0.3889565275623502E+005	
May      	 +0.1238400000000000E+005	 +0.1569068659819830E+005	 +0.4156760666936567E+004	 +0.1984744726513487E+005	
June     	 +0.1310400000000000E+005	 +0.5463883758751446E+004	 +0.1393523086475982E+004	 +0.6857406845227429E+004	
July     	 +0.1384800000000000E+005	 +0.1880362448085727E+004	 +0.5227130914586619E+003	 +0.2403075539544388E+004	
August   	 +0.1459200000000000E+005	 +0.4386508221108988E+004	 +0.1048555277221628E+004	 +0.5435063498330625E+004	
September	 +0.1531200000000000E+005	 +0.9843232103743147E+004	 +0.2272895607972474E+004	 +0.1211612771171561E+005	
October  	 +0.1605600000000000E+005	 +0.2702696199240289E+005	 +0.6648894340637908E+004	 +0.3367585633304067E+005	
November 	 +0.1677600000000000E+005	 +0.4403276049181709E+005	 +0.1227323163851446E+005	 +0.5630599213033159E+005	
December 	 +0.1752000000000000E+005	 +0.5830347699094800E+005	 +0.1773408364818168E+005	 +0.7603756063912984E+005	
  
	Maximum Instantaneous Values
	Label not available                                                                                                                                                                                                                                                                                         	Label not available                                                                                                                                                                                                                                                                                         	Label not available                                                                                                                                                                                                                                                                                         	Label not available                                                                                                                                                                                                                                                                                         	
Maximum Value	 +0.1752000000000000E+005	 +0.2657734206370407E+003	 +0.7422454202670183E+002	 +0.3212738564339958E+003	
Time of Maximum	 +0.1752000000000000E+005	 +0.1469770000000000E+005	 +0.1463850000000000E+005	 +0.1469770000000000E+005	
  
	Minimum Instantaneous Values
	Label not available                                                                                                                                                                                                                                                                                         	Label not available                                                                                                                                                                                                                                                                                         	Label not available                                                                                                                                                                                                                                                                                         	Label not available                                                                                                                                                                                                                                                                                         	
Minimum Value	 +0.7300033333333334E+004	 +0.0000000000000000E+000	 +0.0000000000000000E+000	 +0.0000000000000000E+000	
Time of Minimum	 +0.7300033333333334E+004	 +0.1752000000000000E+005	 +0.1752000000000000E+005	 +0.1752000000000000E+005	
  
	Maximum Integrated Values
	Label not available                                                                                                                                                                                                                                                                                         	Label not available                                                                                                                                                                                                                                                                                         	Label not available                                                                                                                                                                                                                                                                                         	Label not available                                                                                                                                                                                                                                                                                         	
Maximum Value	 +0.1752000000000000E+005	 +0.6303629167787789E+005	 +0.2054500764686536E+005	 +0.8358129932474306E+005	
Time of Maximum	 +0.1752000000000000E+005	 +0.9504000000000000E+004	 +0.9504000000000000E+004	 +0.9504000000000000E+004	
  
	Minimum Integrated Values
	Label not available                                                                                                                                                                                                                                                                                         	Label not available                                                                                                                                                                                                                                                                                         	Label not available                                                                                                                                                                                                                                                                                         	Label not available                                                                                                                                                                                                                                                                                         	
Minimum Value	 +0.8016000000000000E+004	 +0.1880362448085727E+004	 +0.5227130914586619E+003	 +0.2403075539544388E+004	
Time of Minimum	 +0.8016000000000000E+004	 +0.1384800000000000E+005	 +0.1384800000000000E+005	 +0.1384800000000000E+005	
  
	Sum (note: sums are set to zero for inputs that were not integrated.)
	Label not available                                                                                                                                                                                                                                                                                         	Label not available                                                                                                                                                                                                                                                                                         	Label not available                                                                                                                                                                                                                                                                                         	Label not available                                                                                                                                                                                                                                                                                         	
Total	 +0.0000000000000000E+000	 +0.4585872000212530E+006	 +0.1362223123288259E+006	 +0.5948095123500795E+006	
