 	Label not available                                                                                                                                                                                                                                                                                         	Label not available                                                                                                                                                                                                                                                                                         	Label not available                                                                                                                                                                                                                                                                                         	Label not available                                                                                                                                                                                                                                                                                         	
Month 	TIME                     	QSnk85PauxEvap_kW        	QSnk85PelAuxComp_kW      	QSnk85PauxCondSwitch_kW  	
November 	 +0.8016000000000000E+004	 +0.9561752785487830E+005	 +0.2676991743486949E+005	 +0.1223874452897475E+006	
December 	 +0.8760000000000000E+004	 +0.1235281042015926E+006	 +0.3791855380369876E+005	 +0.1614466580052898E+006	
January  	 +0.9504000000000000E+004	 +0.1323394274046193E+006	 +0.4409037325248209E+005	 +0.1764298006571004E+006	
February 	 +0.1017600000000000E+005	 +0.1097298842430378E+006	 +0.3702335463494108E+005	 +0.1467532388779790E+006	
March    	 +0.1092000000000000E+005	 +0.9300516024098059E+005	 +0.2853411034748622E+005	 +0.1215392705884665E+006	
April    	 +0.1164000000000000E+005	 +0.6679185966632691E+005	 +0.1847390975430269E+005	 +0.8526576942062988E+005	
May      	 +0.1238400000000000E+005	 +0.3695198174514439E+005	 +0.9343351205352785E+004	 +0.4629533295049715E+005	
June     	 +0.1310400000000000E+005	 +0.1351137444889106E+005	 +0.3193984002142126E+004	 +0.1670535845103316E+005	
July     	 +0.1384800000000000E+005	 +0.5703329519068646E+004	 +0.1374441716821674E+004	 +0.7077771235890315E+004	
August   	 +0.1459200000000000E+005	 +0.1061149291782844E+005	 +0.2399964718867696E+004	 +0.1301145763669615E+005	
September	 +0.1531200000000000E+005	 +0.2531170229651967E+005	 +0.5657695048661819E+004	 +0.3096939734518135E+005	
October  	 +0.1605600000000000E+005	 +0.6032048420825514E+005	 +0.1457702140731596E+005	 +0.7489750561557111E+005	
November 	 +0.1677600000000000E+005	 +0.9490404336721095E+005	 +0.2647026811103933E+005	 +0.1213743114782498E+006	
December 	 +0.1752000000000000E+005	 +0.1235193900973361E+006	 +0.3792450483963923E+005	 +0.1614438949369746E+006	
  
	Maximum Instantaneous Values
	Label not available                                                                                                                                                                                                                                                                                         	Label not available                                                                                                                                                                                                                                                                                         	Label not available                                                                                                                                                                                                                                                                                         	Label not available                                                                                                                                                                                                                                                                                         	
Maximum Value	 +0.1752000000000000E+005	 +0.6561021794542559E+003	 +0.1788822101690327E+003	 +0.7895376089723464E+003	
Time of Maximum	 +0.1752000000000000E+005	 +0.1388050000000000E+005	 +0.1389496666666667E+005	 +0.1388050000000000E+005	
  
	Minimum Instantaneous Values
	Label not available                                                                                                                                                                                                                                                                                         	Label not available                                                                                                                                                                                                                                                                                         	Label not available                                                                                                                                                                                                                                                                                         	Label not available                                                                                                                                                                                                                                                                                         	
Minimum Value	 +0.7300033333333334E+004	 +0.0000000000000000E+000	 +0.0000000000000000E+000	 +0.0000000000000000E+000	
Time of Minimum	 +0.7300033333333334E+004	 +0.1752000000000000E+005	 +0.1752000000000000E+005	 +0.1752000000000000E+005	
  
	Maximum Integrated Values
	Label not available                                                                                                                                                                                                                                                                                         	Label not available                                                                                                                                                                                                                                                                                         	Label not available                                                                                                                                                                                                                                                                                         	Label not available                                                                                                                                                                                                                                                                                         	
Maximum Value	 +0.1752000000000000E+005	 +0.1323394274046193E+006	 +0.4409037325248209E+005	 +0.1764298006571004E+006	
Time of Maximum	 +0.1752000000000000E+005	 +0.9504000000000000E+004	 +0.9504000000000000E+004	 +0.9504000000000000E+004	
  
	Minimum Integrated Values
	Label not available                                                                                                                                                                                                                                                                                         	Label not available                                                                                                                                                                                                                                                                                         	Label not available                                                                                                                                                                                                                                                                                         	Label not available                                                                                                                                                                                                                                                                                         	
Minimum Value	 +0.8016000000000000E+004	 +0.5703329519068646E+004	 +0.1374441716821674E+004	 +0.7077771235890315E+004	
Time of Minimum	 +0.8016000000000000E+004	 +0.1384800000000000E+005	 +0.1384800000000000E+005	 +0.1384800000000000E+005	
  
	Sum (note: sums are set to zero for inputs that were not integrated.)
	Label not available                                                                                                                                                                                                                                                                                         	Label not available                                                                                                                                                                                                                                                                                         	Label not available                                                                                                                                                                                                                                                                                         	Label not available                                                                                                                                                                                                                                                                                         	
Total	 +0.0000000000000000E+000	 +0.9918457622116883E+006	 +0.2937514502776171E+006	 +0.1285597212489304E+007	
