 	Label not available                                                                                                                                                                                                                                                                                         	Label not available                                                                                                                                                                                                                                                                                         	Label not available                                                                                                                                                                                                                                                                                         	Label not available                                                                                                                                                                                                                                                                                         	
Month 	TIME                     	QSnk131PauxEvap_kW       	QSnk131PelAuxComp_kW     	QSnk131PauxCondSwitch_kW 	
November 	 +0.8016000000000000E+004	 +0.1618278435067241E+005	 +0.4570175286689120E+004	 +0.2075295963736164E+005	
December 	 +0.8760000000000000E+004	 +0.2051332852520657E+005	 +0.6374073673873404E+004	 +0.2688740219907992E+005	
January  	 +0.9504000000000000E+004	 +0.2185490935914319E+005	 +0.7405067894872572E+004	 +0.2925997725401575E+005	
February 	 +0.1017600000000000E+005	 +0.1811984290153810E+005	 +0.6254295167694370E+004	 +0.2437413806923246E+005	
March    	 +0.1092000000000000E+005	 +0.1542421373886004E+005	 +0.4914714883711648E+004	 +0.2033892862257176E+005	
April    	 +0.1164000000000000E+005	 +0.1134865675454443E+005	 +0.3313186572485986E+004	 +0.1466184332703046E+005	
May      	 +0.1238400000000000E+005	 +0.6740837020075757E+004	 +0.1844125796717917E+004	 +0.8584962816793692E+004	
June     	 +0.1310400000000000E+005	 +0.2688041129974243E+004	 +0.7043169665433944E+003	 +0.3392358096517646E+004	
July     	 +0.1384800000000000E+005	 +0.1441262791240928E+004	 +0.3810048644613468E+003	 +0.1822267655702274E+004	
August   	 +0.1459200000000000E+005	 +0.2256641588779809E+004	 +0.5405256038277064E+003	 +0.2797167192607513E+004	
September	 +0.1531200000000000E+005	 +0.4925224241213663E+004	 +0.1135489985428819E+004	 +0.6060714226642489E+004	
October  	 +0.1605600000000000E+005	 +0.1059277065723351E+005	 +0.2610159988567450E+004	 +0.1320293064580104E+005	
November 	 +0.1677600000000000E+005	 +0.1608238164036747E+005	 +0.4524729422473155E+004	 +0.2060711106284067E+005	
December 	 +0.1752000000000000E+005	 +0.2051016421433180E+005	 +0.6374423761900976E+004	 +0.2688458797623263E+005	
  
	Maximum Instantaneous Values
	Label not available                                                                                                                                                                                                                                                                                         	Label not available                                                                                                                                                                                                                                                                                         	Label not available                                                                                                                                                                                                                                                                                         	Label not available                                                                                                                                                                                                                                                                                         	
Maximum Value	 +0.1752000000000000E+005	 +0.1033187001767121E+003	 +0.2966591564538814E+002	 +0.1253961610239769E+003	
Time of Maximum	 +0.1752000000000000E+005	 +0.1469993333333333E+005	 +0.1452180000000000E+005	 +0.1469993333333333E+005	
  
	Minimum Instantaneous Values
	Label not available                                                                                                                                                                                                                                                                                         	Label not available                                                                                                                                                                                                                                                                                         	Label not available                                                                                                                                                                                                                                                                                         	Label not available                                                                                                                                                                                                                                                                                         	
Minimum Value	 +0.7300033333333334E+004	 +0.0000000000000000E+000	 +0.0000000000000000E+000	 +0.0000000000000000E+000	
Time of Minimum	 +0.7300033333333334E+004	 +0.1752000000000000E+005	 +0.1752000000000000E+005	 +0.1752000000000000E+005	
  
	Maximum Integrated Values
	Label not available                                                                                                                                                                                                                                                                                         	Label not available                                                                                                                                                                                                                                                                                         	Label not available                                                                                                                                                                                                                                                                                         	Label not available                                                                                                                                                                                                                                                                                         	
Maximum Value	 +0.1752000000000000E+005	 +0.2185490935914319E+005	 +0.7405067894872572E+004	 +0.2925997725401575E+005	
Time of Maximum	 +0.1752000000000000E+005	 +0.9504000000000000E+004	 +0.9504000000000000E+004	 +0.9504000000000000E+004	
  
	Minimum Integrated Values
	Label not available                                                                                                                                                                                                                                                                                         	Label not available                                                                                                                                                                                                                                                                                         	Label not available                                                                                                                                                                                                                                                                                         	Label not available                                                                                                                                                                                                                                                                                         	
Minimum Value	 +0.8016000000000000E+004	 +0.1441262791240928E+004	 +0.3810048644613468E+003	 +0.1822267655702274E+004	
Time of Minimum	 +0.8016000000000000E+004	 +0.1384800000000000E+005	 +0.1384800000000000E+005	 +0.1384800000000000E+005	
  
	Sum (note: sums are set to zero for inputs that were not integrated.)
	Label not available                                                                                                                                                                                                                                                                                         	Label not available                                                                                                                                                                                                                                                                                         	Label not available                                                                                                                                                                                                                                                                                         	Label not available                                                                                                                                                                                                                                                                                         	
Total	 +0.0000000000000000E+000	 +0.1686810589131810E+006	 +0.5094628986924746E+005	 +0.2196273487824283E+006	
