 	Label not available                                                                                                                                                                                                                                                                                         	Label not available                                                                                                                                                                                                                                                                                         	Label not available                                                                                                                                                                                                                                                                                         	Label not available                                                                                                                                                                                                                                                                                         	
Month 	TIME                     	QSnk448PauxEvap_kW       	QSnk448PelAuxComp_kW     	QSnk448PauxCondSwitch_kW 	
November 	 +0.8016000000000000E+004	 +0.6190146666708551E+005	 +0.1728583095851582E+005	 +0.7918729762560158E+005	
December 	 +0.8760000000000000E+004	 +0.8115455830911794E+005	 +0.2463508735591879E+005	 +0.1057896456650364E+006	
January  	 +0.9504000000000000E+004	 +0.8802226733998122E+005	 +0.2861552536938492E+005	 +0.1166377927093666E+006	
February 	 +0.1017600000000000E+005	 +0.7326085564635765E+005	 +0.2424443893891886E+005	 +0.9750529458527596E+005	
March    	 +0.1092000000000000E+005	 +0.6056805638655889E+005	 +0.1853945223493100E+005	 +0.7910750862148993E+005	
April    	 +0.1164000000000000E+005	 +0.4232899228213372E+005	 +0.1177360053419527E+005	 +0.5410259281632895E+005	
May      	 +0.1238400000000000E+005	 +0.2214828883063797E+005	 +0.5696851688714535E+004	 +0.2784514051935263E+005	
June     	 +0.1310400000000000E+005	 +0.7389319912035724E+004	 +0.1782329634738530E+004	 +0.9171649546774257E+004	
July     	 +0.1384800000000000E+005	 +0.2811428136599292E+004	 +0.7208772923671758E+003	 +0.3532305428966465E+004	
August   	 +0.1459200000000000E+005	 +0.5898618811974309E+004	 +0.1382319315497688E+004	 +0.7280938127471991E+004	
September	 +0.1531200000000000E+005	 +0.1365635307151229E+005	 +0.3117355250501895E+004	 +0.1677370832201418E+005	
October  	 +0.1605600000000000E+005	 +0.3763085572631112E+005	 +0.9220129395632031E+004	 +0.4685098512194319E+005	
November 	 +0.1677600000000000E+005	 +0.6133540536912122E+005	 +0.1708412526119630E+005	 +0.7841953063031733E+005	
December 	 +0.1752000000000000E+005	 +0.8116765113255821E+005	 +0.2462805480358838E+005	 +0.1057957059361461E+006	
  
	Maximum Instantaneous Values
	Label not available                                                                                                                                                                                                                                                                                         	Label not available                                                                                                                                                                                                                                                                                         	Label not available                                                                                                                                                                                                                                                                                         	Label not available                                                                                                                                                                                                                                                                                         	
Maximum Value	 +0.1752000000000000E+005	 +0.3788685961943259E+003	 +0.1041683217430250E+003	 +0.4564921058267633E+003	
Time of Maximum	 +0.1752000000000000E+005	 +0.1390470000000000E+005	 +0.1390200000000000E+005	 +0.1390470000000000E+005	
  
	Minimum Instantaneous Values
	Label not available                                                                                                                                                                                                                                                                                         	Label not available                                                                                                                                                                                                                                                                                         	Label not available                                                                                                                                                                                                                                                                                         	Label not available                                                                                                                                                                                                                                                                                         	
Minimum Value	 +0.7300033333333334E+004	 +0.0000000000000000E+000	 +0.0000000000000000E+000	 +0.0000000000000000E+000	
Time of Minimum	 +0.7300033333333334E+004	 +0.1752000000000000E+005	 +0.1752000000000000E+005	 +0.1752000000000000E+005	
  
	Maximum Integrated Values
	Label not available                                                                                                                                                                                                                                                                                         	Label not available                                                                                                                                                                                                                                                                                         	Label not available                                                                                                                                                                                                                                                                                         	Label not available                                                                                                                                                                                                                                                                                         	
Maximum Value	 +0.1752000000000000E+005	 +0.8802226733998122E+005	 +0.2861552536938492E+005	 +0.1166377927093666E+006	
Time of Maximum	 +0.1752000000000000E+005	 +0.9504000000000000E+004	 +0.9504000000000000E+004	 +0.9504000000000000E+004	
  
	Minimum Integrated Values
	Label not available                                                                                                                                                                                                                                                                                         	Label not available                                                                                                                                                                                                                                                                                         	Label not available                                                                                                                                                                                                                                                                                         	Label not available                                                                                                                                                                                                                                                                                         	
Minimum Value	 +0.8016000000000000E+004	 +0.2811428136599292E+004	 +0.7208772923671758E+003	 +0.3532305428966465E+004	
Time of Minimum	 +0.8016000000000000E+004	 +0.1384800000000000E+005	 +0.1384800000000000E+005	 +0.1384800000000000E+005	
  
	Sum (note: sums are set to zero for inputs that were not integrated.)
	Label not available                                                                                                                                                                                                                                                                                         	Label not available                                                                                                                                                                                                                                                                                         	Label not available                                                                                                                                                                                                                                                                                         	Label not available                                                                                                                                                                                                                                                                                         	
Total	 +0.0000000000000000E+000	 +0.6392741176219889E+006	 +0.1887259780340972E+006	 +0.8280000956560828E+006	
