 	Label not available                                                                                                                                                                                                                                                                                         	Label not available                                                                                                                                                                                                                                                                                         	Label not available                                                                                                                                                                                                                                                                                         	Label not available                                                                                                                                                                                                                                                                                         	
Month 	TIME                     	QSnk183PauxEvap_kW       	QSnk183PelAuxComp_kW     	QSnk183PauxCondSwitch_kW 	
November 	 +0.8016000000000000E+004	 +0.2732654745821473E+004	 +0.7707842659513572E+003	 +0.3503439011772829E+004	
December 	 +0.8760000000000000E+004	 +0.3558255916217998E+004	 +0.1088699399781762E+004	 +0.4646955315999751E+004	
January  	 +0.9504000000000000E+004	 +0.3853215473808345E+004	 +0.1261610931892310E+004	 +0.5114826405700639E+004	
February 	 +0.1017600000000000E+005	 +0.3213852472763659E+004	 +0.1070765056597893E+004	 +0.4284617529361542E+004	
March    	 +0.1092000000000000E+005	 +0.2668945258229437E+004	 +0.8220587504328755E+003	 +0.3491004008662322E+004	
April    	 +0.1164000000000000E+005	 +0.1896578962864989E+004	 +0.5319541195352388E+003	 +0.2428533082400226E+004	
May      	 +0.1238400000000000E+005	 +0.1021539277001354E+004	 +0.2648077339396401E+003	 +0.1286347010940995E+004	
June     	 +0.1310400000000000E+005	 +0.3974198138782331E+003	 +0.1012785584137371E+003	 +0.4986983722919705E+003	
July     	 +0.1384800000000000E+005	 +0.1868876464606488E+003	 +0.5252075133191516E+002	 +0.2394083977925640E+003	
August   	 +0.1459200000000000E+005	 +0.3327619094079716E+003	 +0.8315171388219341E+002	 +0.4159136232901640E+003	
September	 +0.1531200000000000E+005	 +0.6618424129586482E+003	 +0.1573204023267526E+003	 +0.8191628152854014E+003	
October  	 +0.1605600000000000E+005	 +0.1690708299864096E+004	 +0.4193070008363924E+003	 +0.2110015300700494E+004	
November 	 +0.1677600000000000E+005	 +0.2705252374098346E+004	 +0.7618385149874179E+003	 +0.3467090889085758E+004	
December 	 +0.1752000000000000E+005	 +0.3557394863083724E+004	 +0.1088831013486530E+004	 +0.4646225876570258E+004	
  
	Maximum Instantaneous Values
	Label not available                                                                                                                                                                                                                                                                                         	Label not available                                                                                                                                                                                                                                                                                         	Label not available                                                                                                                                                                                                                                                                                         	Label not available                                                                                                                                                                                                                                                                                         	
Maximum Value	 +0.1752000000000000E+005	 +0.1656995992898172E+002	 +0.4484278345803945E+001	 +0.1989257353998878E+002	
Time of Maximum	 +0.1752000000000000E+005	 +0.1387546666666667E+005	 +0.1388593333333333E+005	 +0.1387546666666667E+005	
  
	Minimum Instantaneous Values
	Label not available                                                                                                                                                                                                                                                                                         	Label not available                                                                                                                                                                                                                                                                                         	Label not available                                                                                                                                                                                                                                                                                         	Label not available                                                                                                                                                                                                                                                                                         	
Minimum Value	 +0.7300033333333334E+004	 +0.0000000000000000E+000	 +0.0000000000000000E+000	 +0.0000000000000000E+000	
Time of Minimum	 +0.7300033333333334E+004	 +0.1752000000000000E+005	 +0.1752000000000000E+005	 +0.1752000000000000E+005	
  
	Maximum Integrated Values
	Label not available                                                                                                                                                                                                                                                                                         	Label not available                                                                                                                                                                                                                                                                                         	Label not available                                                                                                                                                                                                                                                                                         	Label not available                                                                                                                                                                                                                                                                                         	
Maximum Value	 +0.1752000000000000E+005	 +0.3853215473808345E+004	 +0.1261610931892310E+004	 +0.5114826405700639E+004	
Time of Maximum	 +0.1752000000000000E+005	 +0.9504000000000000E+004	 +0.9504000000000000E+004	 +0.9504000000000000E+004	
  
	Minimum Integrated Values
	Label not available                                                                                                                                                                                                                                                                                         	Label not available                                                                                                                                                                                                                                                                                         	Label not available                                                                                                                                                                                                                                                                                         	Label not available                                                                                                                                                                                                                                                                                         	
Minimum Value	 +0.8016000000000000E+004	 +0.1868876464606488E+003	 +0.5252075133191516E+002	 +0.2394083977925640E+003	
Time of Minimum	 +0.8016000000000000E+004	 +0.1384800000000000E+005	 +0.1384800000000000E+005	 +0.1384800000000000E+005	
  
	Sum (note: sums are set to zero for inputs that were not integrated.)
	Label not available                                                                                                                                                                                                                                                                                         	Label not available                                                                                                                                                                                                                                                                                         	Label not available                                                                                                                                                                                                                                                                                         	Label not available                                                                                                                                                                                                                                                                                         	
Total	 +0.0000000000000000E+000	 +0.2847730942645836E+005	 +0.8474928213395964E+004	 +0.3695223763985521E+005	
