 	Label not available                                                                                                                                                                                                                                                                                         	Label not available                                                                                                                                                                                                                                                                                         	Label not available                                                                                                                                                                                                                                                                                         	Label not available                                                                                                                                                                                                                                                                                         	
Month 	TIME                     	QSnk358PauxEvap_kW       	QSnk358PelAuxComp_kW     	QSnk358PauxCondSwitch_kW 	
November 	 +0.8016000000000000E+004	 +0.1018313466253838E+005	 +0.2856486901303039E+004	 +0.1303962156384146E+005	
December 	 +0.8760000000000000E+004	 +0.1314585102872356E+005	 +0.4029030519681335E+004	 +0.1717488154840495E+005	
January  	 +0.9504000000000000E+004	 +0.1408875055860994E+005	 +0.4661675332816090E+004	 +0.1875042589142609E+005	
February 	 +0.1017600000000000E+005	 +0.1169057013580550E+005	 +0.3930824471695975E+004	 +0.1562139460750139E+005	
March    	 +0.1092000000000000E+005	 +0.9904658092089747E+004	 +0.3048405641901330E+004	 +0.1295306373399109E+005	
April    	 +0.1164000000000000E+005	 +0.7140335395643807E+004	 +0.1996890142313567E+004	 +0.9137225537957351E+004	
May      	 +0.1238400000000000E+005	 +0.3974894077804401E+004	 +0.1031060559308299E+004	 +0.5005954637112720E+004	
June     	 +0.1310400000000000E+005	 +0.1517893851492085E+004	 +0.3756865326749677E+003	 +0.1893580384167054E+004	
July     	 +0.1384800000000000E+005	 +0.7393884914145292E+003	 +0.1884900631648664E+003	 +0.9278785545793958E+003	
August   	 +0.1459200000000000E+005	 +0.1198711211824451E+004	 +0.2837728532497799E+003	 +0.1482484065074230E+004	
September	 +0.1531200000000000E+005	 +0.2753616858590938E+004	 +0.6322031496620659E+003	 +0.3385820008252994E+004	
October  	 +0.1605600000000000E+005	 +0.6454333065513537E+004	 +0.1583710605499364E+004	 +0.8038043671012897E+004	
November 	 +0.1677600000000000E+005	 +0.1010837704629635E+005	 +0.2827739647998790E+004	 +0.1293611669429520E+005	
December 	 +0.1752000000000000E+005	 +0.1314463057345753E+005	 +0.4031433537641273E+004	 +0.1717606411109875E+005	
  
	Maximum Instantaneous Values
	Label not available                                                                                                                                                                                                                                                                                         	Label not available                                                                                                                                                                                                                                                                                         	Label not available                                                                                                                                                                                                                                                                                         	Label not available                                                                                                                                                                                                                                                                                         	
Maximum Value	 +0.1752000000000000E+005	 +0.6489735455973616E+002	 +0.1788505812391159E+002	 +0.7815830077197737E+002	
Time of Maximum	 +0.1752000000000000E+005	 +0.1383403333333333E+005	 +0.1389083333333333E+005	 +0.1383403333333333E+005	
  
	Minimum Instantaneous Values
	Label not available                                                                                                                                                                                                                                                                                         	Label not available                                                                                                                                                                                                                                                                                         	Label not available                                                                                                                                                                                                                                                                                         	Label not available                                                                                                                                                                                                                                                                                         	
Minimum Value	 +0.7300033333333334E+004	 +0.0000000000000000E+000	 +0.0000000000000000E+000	 +0.0000000000000000E+000	
Time of Minimum	 +0.7300033333333334E+004	 +0.1752000000000000E+005	 +0.1752000000000000E+005	 +0.1752000000000000E+005	
  
	Maximum Integrated Values
	Label not available                                                                                                                                                                                                                                                                                         	Label not available                                                                                                                                                                                                                                                                                         	Label not available                                                                                                                                                                                                                                                                                         	Label not available                                                                                                                                                                                                                                                                                         	
Maximum Value	 +0.1752000000000000E+005	 +0.1408875055860994E+005	 +0.4661675332816090E+004	 +0.1875042589142609E+005	
Time of Maximum	 +0.1752000000000000E+005	 +0.9504000000000000E+004	 +0.9504000000000000E+004	 +0.9504000000000000E+004	
  
	Minimum Integrated Values
	Label not available                                                                                                                                                                                                                                                                                         	Label not available                                                                                                                                                                                                                                                                                         	Label not available                                                                                                                                                                                                                                                                                         	Label not available                                                                                                                                                                                                                                                                                         	
Minimum Value	 +0.8016000000000000E+004	 +0.7393884914145292E+003	 +0.1884900631648664E+003	 +0.9278785545793958E+003	
Time of Minimum	 +0.8016000000000000E+004	 +0.1384800000000000E+005	 +0.1384800000000000E+005	 +0.1384800000000000E+005	
  
	Sum (note: sums are set to zero for inputs that were not integrated.)
	Label not available                                                                                                                                                                                                                                                                                         	Label not available                                                                                                                                                                                                                                                                                         	Label not available                                                                                                                                                                                                                                                                                         	Label not available                                                                                                                                                                                                                                                                                         	
Total	 +0.0000000000000000E+000	 +0.1060451450498048E+006	 +0.3147740995891095E+005	 +0.1375225550087161E+006	
