 	Label not available                                                                                                                                                                                                                                                                                         	Label not available                                                                                                                                                                                                                                                                                         	Label not available                                                                                                                                                                                                                                                                                         	Label not available                                                                                                                                                                                                                                                                                         	
Month 	TIME                     	QSnk191PauxEvap_kW       	QSnk191PelAuxComp_kW     	QSnk191PauxCondSwitch_kW 	
November 	 +0.8016000000000000E+004	 +0.5060367973717043E+005	 +0.1413178886415047E+005	 +0.6473546860132058E+005	
December 	 +0.8760000000000000E+004	 +0.6537717431174825E+005	 +0.1997473013645575E+005	 +0.8535190444820307E+005	
January  	 +0.9504000000000000E+004	 +0.7008403096670182E+005	 +0.2315007165199895E+005	 +0.9323410261870039E+005	
February 	 +0.1017600000000000E+005	 +0.5815073339176624E+005	 +0.1946588507196231E+005	 +0.7761661846372843E+005	
March    	 +0.1092000000000000E+005	 +0.4913723127279298E+005	 +0.1495457460673227E+005	 +0.6409180587952527E+005	
April    	 +0.1164000000000000E+005	 +0.3556440791235254E+005	 +0.9745175831264976E+004	 +0.4530958374361751E+005	
May      	 +0.1238400000000000E+005	 +0.1969776609835800E+005	 +0.4922482661851337E+004	 +0.2462024876020928E+005	
June     	 +0.1310400000000000E+005	 +0.7180396870753766E+004	 +0.1665758279550714E+004	 +0.8846155150304479E+004	
July     	 +0.1384800000000000E+005	 +0.3167698578388065E+004	 +0.7484367921468923E+003	 +0.3916135370534956E+004	
August   	 +0.1459200000000000E+005	 +0.5818902656053112E+004	 +0.1320907803081166E+004	 +0.7139810459134274E+004	
September	 +0.1531200000000000E+005	 +0.1337119119750109E+005	 +0.2997091596396421E+004	 +0.1636828279389748E+005	
October  	 +0.1605600000000000E+005	 +0.3179714335957331E+005	 +0.7715883718604772E+004	 +0.3951302707817787E+005	
November 	 +0.1677600000000000E+005	 +0.5029795559647026E+005	 +0.1400342749543636E+005	 +0.6430138309190648E+005	
December 	 +0.1752000000000000E+005	 +0.6537530733840726E+005	 +0.1997721327477358E+005	 +0.8535252061318047E+005	
  
	Maximum Instantaneous Values
	Label not available                                                                                                                                                                                                                                                                                         	Label not available                                                                                                                                                                                                                                                                                         	Label not available                                                                                                                                                                                                                                                                                         	Label not available                                                                                                                                                                                                                                                                                         	
Maximum Value	 +0.1752000000000000E+005	 +0.3310783458950760E+003	 +0.8951158144985196E+002	 +0.3975740547855126E+003	
Time of Maximum	 +0.1752000000000000E+005	 +0.1389976666666667E+005	 +0.1407193333333333E+005	 +0.1389976666666667E+005	
  
	Minimum Instantaneous Values
	Label not available                                                                                                                                                                                                                                                                                         	Label not available                                                                                                                                                                                                                                                                                         	Label not available                                                                                                                                                                                                                                                                                         	Label not available                                                                                                                                                                                                                                                                                         	
Minimum Value	 +0.7300033333333334E+004	 +0.0000000000000000E+000	 +0.0000000000000000E+000	 +0.0000000000000000E+000	
Time of Minimum	 +0.7300033333333334E+004	 +0.1752000000000000E+005	 +0.1752000000000000E+005	 +0.1752000000000000E+005	
  
	Maximum Integrated Values
	Label not available                                                                                                                                                                                                                                                                                         	Label not available                                                                                                                                                                                                                                                                                         	Label not available                                                                                                                                                                                                                                                                                         	Label not available                                                                                                                                                                                                                                                                                         	
Maximum Value	 +0.1752000000000000E+005	 +0.7008403096670182E+005	 +0.2315007165199895E+005	 +0.9323410261870039E+005	
Time of Maximum	 +0.1752000000000000E+005	 +0.9504000000000000E+004	 +0.9504000000000000E+004	 +0.9504000000000000E+004	
  
	Minimum Integrated Values
	Label not available                                                                                                                                                                                                                                                                                         	Label not available                                                                                                                                                                                                                                                                                         	Label not available                                                                                                                                                                                                                                                                                         	Label not available                                                                                                                                                                                                                                                                                         	
Minimum Value	 +0.8016000000000000E+004	 +0.3167698578388065E+004	 +0.7484367921468923E+003	 +0.3916135370534956E+004	
Time of Minimum	 +0.8016000000000000E+004	 +0.1384800000000000E+005	 +0.1384800000000000E+005	 +0.1384800000000000E+005	
  
	Sum (note: sums are set to zero for inputs that were not integrated.)
	Label not available                                                                                                                                                                                                                                                                                         	Label not available                                                                                                                                                                                                                                                                                         	Label not available                                                                                                                                                                                                                                                                                         	Label not available                                                                                                                                                                                                                                                                                         	
Total	 +0.0000000000000000E+000	 +0.5256236192880323E+006	 +0.1547734277844049E+006	 +0.6803970470724411E+006	
