 	Label not available                                                                                                                                                                                                                                                                                         	Label not available                                                                                                                                                                                                                                                                                         	Label not available                                                                                                                                                                                                                                                                                         	Label not available                                                                                                                                                                                                                                                                                         	
Month 	TIME                     	QSnk191PauxEvap_kW       	QSnk191PelAuxComp_kW     	QSnk191PauxCondSwitch_kW 	
November 	 +0.8016000000000000E+004	 +0.7522885738022914E+005	 +0.2176980245517274E+005	 +0.9699865983540181E+005	
December 	 +0.8760000000000000E+004	 +0.9654181049501992E+005	 +0.3112645409202539E+005	 +0.1276682645870453E+006	
January  	 +0.9504000000000000E+004	 +0.1041180839810341E+006	 +0.3579481594802876E+005	 +0.1399128999290633E+006	
February 	 +0.1017600000000000E+005	 +0.8582900769383680E+005	 +0.3054336037414274E+005	 +0.1163723680679800E+006	
March    	 +0.1092000000000000E+005	 +0.7170018890950804E+005	 +0.2426946765522777E+005	 +0.9596965656473540E+005	
April    	 +0.1164000000000000E+005	 +0.5307535949623112E+005	 +0.1474691193849011E+005	 +0.6782227143472160E+005	
May      	 +0.1238400000000000E+005	 +0.2938427255320108E+005	 +0.7400183617847360E+004	 +0.3678445617104846E+005	
June     	 +0.1310400000000000E+005	 +0.1071215639231994E+005	 +0.2472548252431248E+004	 +0.1318470464475118E+005	
July     	 +0.1384800000000000E+005	 +0.4662716697589516E+004	 +0.1084535779057408E+004	 +0.5747252476646927E+004	
August   	 +0.1459200000000000E+005	 +0.8628719356028663E+004	 +0.1931265864216093E+004	 +0.1055998522024475E+005	
September	 +0.1531200000000000E+005	 +0.1993347468224165E+005	 +0.4472409384987477E+004	 +0.2440588406722914E+005	
October  	 +0.1605600000000000E+005	 +0.4749091971827995E+005	 +0.1171255091187852E+005	 +0.5920347063015844E+005	
November 	 +0.1677600000000000E+005	 +0.7474215621759341E+005	 +0.2151004029629395E+005	 +0.9625219651388712E+005	
December 	 +0.1752000000000000E+005	 +0.9654297413802712E+005	 +0.3113107311896516E+005	 +0.1276740472569916E+006	
  
	Maximum Instantaneous Values
	Label not available                                                                                                                                                                                                                                                                                         	Label not available                                                                                                                                                                                                                                                                                         	Label not available                                                                                                                                                                                                                                                                                         	Label not available                                                                                                                                                                                                                                                                                         	
Maximum Value	 +0.1752000000000000E+005	 +0.4985119054491019E+003	 +0.1343460980683359E+003	 +0.5982957078540836E+003	
Time of Maximum	 +0.1752000000000000E+005	 +0.1407306666666667E+005	 +0.1395483333333333E+005	 +0.1407306666666667E+005	
  
	Minimum Instantaneous Values
	Label not available                                                                                                                                                                                                                                                                                         	Label not available                                                                                                                                                                                                                                                                                         	Label not available                                                                                                                                                                                                                                                                                         	Label not available                                                                                                                                                                                                                                                                                         	
Minimum Value	 +0.7300033333333334E+004	 +0.0000000000000000E+000	 +0.0000000000000000E+000	 +0.0000000000000000E+000	
Time of Minimum	 +0.7300033333333334E+004	 +0.1752000000000000E+005	 +0.1752000000000000E+005	 +0.1752000000000000E+005	
  
	Maximum Integrated Values
	Label not available                                                                                                                                                                                                                                                                                         	Label not available                                                                                                                                                                                                                                                                                         	Label not available                                                                                                                                                                                                                                                                                         	Label not available                                                                                                                                                                                                                                                                                         	
Maximum Value	 +0.1752000000000000E+005	 +0.1041180839810341E+006	 +0.3579481594802876E+005	 +0.1399128999290633E+006	
Time of Maximum	 +0.1752000000000000E+005	 +0.9504000000000000E+004	 +0.9504000000000000E+004	 +0.9504000000000000E+004	
  
	Minimum Integrated Values
	Label not available                                                                                                                                                                                                                                                                                         	Label not available                                                                                                                                                                                                                                                                                         	Label not available                                                                                                                                                                                                                                                                                         	Label not available                                                                                                                                                                                                                                                                                         	
Minimum Value	 +0.8016000000000000E+004	 +0.4662716697589516E+004	 +0.1084535779057408E+004	 +0.5747252476646927E+004	
Time of Minimum	 +0.8016000000000000E+004	 +0.1384800000000000E+005	 +0.1384800000000000E+005	 +0.1384800000000000E+005	
  
	Sum (note: sums are set to zero for inputs that were not integrated.)
	Label not available                                                                                                                                                                                                                                                                                         	Label not available                                                                                                                                                                                                                                                                                         	Label not available                                                                                                                                                                                                                                                                                         	Label not available                                                                                                                                                                                                                                                                                         	
Total	 +0.0000000000000000E+000	 +0.7785906977111258E+006	 +0.2399654196887622E+006	 +0.1018556117399903E+007	
