 	Label not available                                                                                                                                                                                                                                                                                         	Label not available                                                                                                                                                                                                                                                                                         	Label not available                                                                                                                                                                                                                                                                                         	Label not available                                                                                                                                                                                                                                                                                         	
Month 	TIME                     	QSnk335PauxEvap_kW       	QSnk335PelAuxComp_kW     	QSnk335PauxCondSwitch_kW 	
November 	 +0.8016000000000000E+004	 +0.7738072139111655E+005	 +0.2236447037157353E+005	 +0.9974519176269039E+005	
December 	 +0.8760000000000000E+004	 +0.1011469382432248E+006	 +0.3234826956044338E+005	 +0.1334952078036676E+006	
January  	 +0.9504000000000000E+004	 +0.1096817431180476E+006	 +0.3703370290102861E+005	 +0.1467154460190775E+006	
February 	 +0.1017600000000000E+005	 +0.9096666946668080E+005	 +0.3189187868140992E+005	 +0.1228585481480903E+006	
March    	 +0.1092000000000000E+005	 +0.7440584546783751E+005	 +0.2517222767708348E+005	 +0.9957807314492096E+005	
April    	 +0.1164000000000000E+005	 +0.5327007463695630E+005	 +0.1490685256731527E+005	 +0.6817692720427169E+005	
May      	 +0.1238400000000000E+005	 +0.2757242757571569E+005	 +0.7083630064845959E+004	 +0.3465605764056167E+005	
June     	 +0.1310400000000000E+005	 +0.9546559051431306E+004	 +0.2270778717680522E+004	 +0.1181733776911185E+005	
July     	 +0.1384800000000000E+005	 +0.3462541027966667E+004	 +0.8488436486440203E+003	 +0.4311384676610692E+004	
August   	 +0.1459200000000000E+005	 +0.7392115860997779E+004	 +0.1690241759422303E+004	 +0.9082357620420096E+004	
September	 +0.1531200000000000E+005	 +0.1719944660849654E+005	 +0.3910798909531977E+004	 +0.2111024551802851E+005	
October  	 +0.1605600000000000E+005	 +0.4724337675518519E+005	 +0.1175522042406075E+005	 +0.5899859717924585E+005	
November 	 +0.1677600000000000E+005	 +0.7668405873587979E+005	 +0.2205264773267048E+005	 +0.9873670646854980E+005	
December 	 +0.1752000000000000E+005	 +0.1011426436016352E+006	 +0.3235377195233122E+005	 +0.1334964155539668E+006	
  
	Maximum Instantaneous Values
	Label not available                                                                                                                                                                                                                                                                                         	Label not available                                                                                                                                                                                                                                                                                         	Label not available                                                                                                                                                                                                                                                                                         	Label not available                                                                                                                                                                                                                                                                                         	
Maximum Value	 +0.1752000000000000E+005	 +0.4787839630305697E+003	 +0.1310560644228361E+003	 +0.5761153808602855E+003	
Time of Maximum	 +0.1752000000000000E+005	 +0.1450220000000000E+005	 +0.1388640000000000E+005	 +0.1450220000000000E+005	
  
	Minimum Instantaneous Values
	Label not available                                                                                                                                                                                                                                                                                         	Label not available                                                                                                                                                                                                                                                                                         	Label not available                                                                                                                                                                                                                                                                                         	Label not available                                                                                                                                                                                                                                                                                         	
Minimum Value	 +0.7300033333333334E+004	 +0.0000000000000000E+000	 +0.0000000000000000E+000	 +0.0000000000000000E+000	
Time of Minimum	 +0.7300033333333334E+004	 +0.1752000000000000E+005	 +0.1752000000000000E+005	 +0.1752000000000000E+005	
  
	Maximum Integrated Values
	Label not available                                                                                                                                                                                                                                                                                         	Label not available                                                                                                                                                                                                                                                                                         	Label not available                                                                                                                                                                                                                                                                                         	Label not available                                                                                                                                                                                                                                                                                         	
Maximum Value	 +0.1752000000000000E+005	 +0.1096817431180476E+006	 +0.3703370290102861E+005	 +0.1467154460190775E+006	
Time of Maximum	 +0.1752000000000000E+005	 +0.9504000000000000E+004	 +0.9504000000000000E+004	 +0.9504000000000000E+004	
  
	Minimum Integrated Values
	Label not available                                                                                                                                                                                                                                                                                         	Label not available                                                                                                                                                                                                                                                                                         	Label not available                                                                                                                                                                                                                                                                                         	Label not available                                                                                                                                                                                                                                                                                         	
Minimum Value	 +0.8016000000000000E+004	 +0.3462541027966667E+004	 +0.8488436486440203E+003	 +0.4311384676610692E+004	
Time of Minimum	 +0.8016000000000000E+004	 +0.1384800000000000E+005	 +0.1384800000000000E+005	 +0.1384800000000000E+005	
  
	Sum (note: sums are set to zero for inputs that were not integrated.)
	Label not available                                                                                                                                                                                                                                                                                         	Label not available                                                                                                                                                                                                                                                                                         	Label not available                                                                                                                                                                                                                                                                                         	Label not available                                                                                                                                                                                                                                                                                         	
Total	 +0.0000000000000000E+000	 +0.7970951615411714E+006	 +0.2456833349680414E+006	 +0.1042778496509218E+007	
