 	Label not available                                                                                                                                                                                                                                                                                         	Label not available                                                                                                                                                                                                                                                                                         	Label not available                                                                                                                                                                                                                                                                                         	Label not available                                                                                                                                                                                                                                                                                         	
Month 	TIME                     	QSnk322PauxEvap_kW       	QSnk322PelAuxComp_kW     	QSnk322PauxCondSwitch_kW 	
November 	 +0.8016000000000000E+004	 +0.6481229045367085E+005	 +0.1874684662987995E+005	 +0.8355913708355076E+005	
December 	 +0.8760000000000000E+004	 +0.8193438143278680E+005	 +0.2658320835267078E+005	 +0.1085175897854572E+006	
January  	 +0.9504000000000000E+004	 +0.8734595004514494E+005	 +0.3050807279674545E+005	 +0.1178540228418913E+006	
February 	 +0.1017600000000000E+005	 +0.7224442892117855E+005	 +0.2600911171183216E+005	 +0.9825354063301116E+005	
March    	 +0.1092000000000000E+005	 +0.6103532796592572E+005	 +0.2081780486027430E+005	 +0.8185313282620040E+005	
April    	 +0.1164000000000000E+005	 +0.4595181548350024E+005	 +0.1293039202679923E+005	 +0.5888220751029967E+005	
May      	 +0.1238400000000000E+005	 +0.2709627873653315E+005	 +0.6954765380614018E+004	 +0.3405104411714712E+005	
June     	 +0.1310400000000000E+005	 +0.1066780341522768E+005	 +0.2531119187310087E+004	 +0.1319892260253776E+005	
July     	 +0.1384800000000000E+005	 +0.5948602561000777E+004	 +0.1390994606817522E+004	 +0.7339597167818300E+004	
August   	 +0.1459200000000000E+005	 +0.8591441655469005E+004	 +0.1925680528107312E+004	 +0.1051712218357632E+005	
September	 +0.1531200000000000E+005	 +0.1968685825999938E+005	 +0.4425710640572118E+004	 +0.2411256890057147E+005	
October  	 +0.1605600000000000E+005	 +0.4245273079122063E+005	 +0.1048576497315553E+005	 +0.5293849576437626E+005	
November 	 +0.1677600000000000E+005	 +0.6442762211451747E+005	 +0.1854106201940962E+005	 +0.8296868413392705E+005	
December 	 +0.1752000000000000E+005	 +0.8192089254715753E+005	 +0.2657364122566859E+005	 +0.1084945337728265E+006	
  
	Maximum Instantaneous Values
	Label not available                                                                                                                                                                                                                                                                                         	Label not available                                                                                                                                                                                                                                                                                         	Label not available                                                                                                                                                                                                                                                                                         	Label not available                                                                                                                                                                                                                                                                                         	
Maximum Value	 +0.1752000000000000E+005	 +0.4378229631266760E+003	 +0.1206851491586361E+003	 +0.5275307410475879E+003	
Time of Maximum	 +0.1752000000000000E+005	 +0.1390683333333333E+005	 +0.1429173333333333E+005	 +0.1390683333333333E+005	
  
	Minimum Instantaneous Values
	Label not available                                                                                                                                                                                                                                                                                         	Label not available                                                                                                                                                                                                                                                                                         	Label not available                                                                                                                                                                                                                                                                                         	Label not available                                                                                                                                                                                                                                                                                         	
Minimum Value	 +0.7300033333333334E+004	 +0.0000000000000000E+000	 +0.0000000000000000E+000	 +0.0000000000000000E+000	
Time of Minimum	 +0.7300033333333334E+004	 +0.1752000000000000E+005	 +0.1752000000000000E+005	 +0.1752000000000000E+005	
  
	Maximum Integrated Values
	Label not available                                                                                                                                                                                                                                                                                         	Label not available                                                                                                                                                                                                                                                                                         	Label not available                                                                                                                                                                                                                                                                                         	Label not available                                                                                                                                                                                                                                                                                         	
Maximum Value	 +0.1752000000000000E+005	 +0.8734595004514494E+005	 +0.3050807279674545E+005	 +0.1178540228418913E+006	
Time of Maximum	 +0.1752000000000000E+005	 +0.9504000000000000E+004	 +0.9504000000000000E+004	 +0.9504000000000000E+004	
  
	Minimum Integrated Values
	Label not available                                                                                                                                                                                                                                                                                         	Label not available                                                                                                                                                                                                                                                                                         	Label not available                                                                                                                                                                                                                                                                                         	Label not available                                                                                                                                                                                                                                                                                         	
Minimum Value	 +0.8016000000000000E+004	 +0.5948602561000777E+004	 +0.1390994606817522E+004	 +0.7339597167818300E+004	
Time of Minimum	 +0.8016000000000000E+004	 +0.1384800000000000E+005	 +0.1384800000000000E+005	 +0.1384800000000000E+005	
  
	Sum (note: sums are set to zero for inputs that were not integrated.)
	Label not available                                                                                                                                                                                                                                                                                         	Label not available                                                                                                                                                                                                                                                                                         	Label not available                                                                                                                                                                                                                                                                                         	Label not available                                                                                                                                                                                                                                                                                         	
Total	 +0.0000000000000000E+000	 +0.6741164243833333E+006	 +0.2084241749398565E+006	 +0.8825405993231813E+006	
