 	Label not available                                                                                                                                                                                                                                                                                         	Label not available                                                                                                                                                                                                                                                                                         	Label not available                                                                                                                                                                                                                                                                                         	Label not available                                                                                                                                                                                                                                                                                         	
Month 	TIME                     	QSnk266PauxEvap_kW       	QSnk266PelAuxComp_kW     	QSnk266PauxCondSwitch_kW 	
November 	 +0.8016000000000000E+004	 +0.9516681098072544E+005	 +0.2756003206225709E+005	 +0.1227268430429830E+006	
December 	 +0.8760000000000000E+004	 +0.1222028645064097E+006	 +0.3943192313426702E+005	 +0.1616347876406770E+006	
January  	 +0.9504000000000000E+004	 +0.1318267012557220E+006	 +0.4533724806954797E+005	 +0.1771639493252702E+006	
February 	 +0.1017600000000000E+005	 +0.1086421879464322E+006	 +0.3868232512201861E+005	 +0.1473245130684498E+006	
March    	 +0.1092000000000000E+005	 +0.9062817308903587E+005	 +0.3082154466347502E+005	 +0.1214497177525105E+006	
April    	 +0.1164000000000000E+005	 +0.6694626054040801E+005	 +0.1883843818976275E+005	 +0.8578469873017084E+005	
May      	 +0.1238400000000000E+005	 +0.3697758620840816E+005	 +0.9505675165282355E+004	 +0.4648326137369058E+005	
June     	 +0.1310400000000000E+005	 +0.1346896741904297E+005	 +0.3200627418248250E+004	 +0.1666959483729121E+005	
July     	 +0.1384800000000000E+005	 +0.5705803838619770E+004	 +0.1372684908203413E+004	 +0.7078488746823194E+004	
August   	 +0.1459200000000000E+005	 +0.1085309011533158E+005	 +0.2457097389065529E+004	 +0.1331018750439712E+005	
September	 +0.1531200000000000E+005	 +0.2522852154978471E+005	 +0.5693006304345485E+004	 +0.3092152785413018E+005	
October  	 +0.1605600000000000E+005	 +0.5994252108357776E+005	 +0.1484453187368797E+005	 +0.7478705295726549E+005	
November 	 +0.1677600000000000E+005	 +0.9463146268012370E+005	 +0.2725626960978712E+005	 +0.1218877322899112E+006	
December 	 +0.1752000000000000E+005	 +0.1222089366814940E+006	 +0.3941819054137055E+005	 +0.1616271272228643E+006	
  
	Maximum Instantaneous Values
	Label not available                                                                                                                                                                                                                                                                                         	Label not available                                                                                                                                                                                                                                                                                         	Label not available                                                                                                                                                                                                                                                                                         	Label not available                                                                                                                                                                                                                                                                                         	
Maximum Value	 +0.1752000000000000E+005	 +0.6107401920156869E+003	 +0.1697030135260825E+003	 +0.7367415532187214E+003	
Time of Maximum	 +0.1752000000000000E+005	 +0.1450876666666667E+005	 +0.1455103333333333E+005	 +0.1450876666666667E+005	
  
	Minimum Instantaneous Values
	Label not available                                                                                                                                                                                                                                                                                         	Label not available                                                                                                                                                                                                                                                                                         	Label not available                                                                                                                                                                                                                                                                                         	Label not available                                                                                                                                                                                                                                                                                         	
Minimum Value	 +0.7300033333333334E+004	 +0.0000000000000000E+000	 +0.0000000000000000E+000	 +0.0000000000000000E+000	
Time of Minimum	 +0.7300033333333334E+004	 +0.1752000000000000E+005	 +0.1752000000000000E+005	 +0.1752000000000000E+005	
  
	Maximum Integrated Values
	Label not available                                                                                                                                                                                                                                                                                         	Label not available                                                                                                                                                                                                                                                                                         	Label not available                                                                                                                                                                                                                                                                                         	Label not available                                                                                                                                                                                                                                                                                         	
Maximum Value	 +0.1752000000000000E+005	 +0.1318267012557220E+006	 +0.4533724806954797E+005	 +0.1771639493252702E+006	
Time of Maximum	 +0.1752000000000000E+005	 +0.9504000000000000E+004	 +0.9504000000000000E+004	 +0.9504000000000000E+004	
  
	Minimum Integrated Values
	Label not available                                                                                                                                                                                                                                                                                         	Label not available                                                                                                                                                                                                                                                                                         	Label not available                                                                                                                                                                                                                                                                                         	Label not available                                                                                                                                                                                                                                                                                         	
Minimum Value	 +0.8016000000000000E+004	 +0.5705803838619770E+004	 +0.1372684908203413E+004	 +0.7078488746823194E+004	
Time of Minimum	 +0.8016000000000000E+004	 +0.1384800000000000E+005	 +0.1384800000000000E+005	 +0.1384800000000000E+005	
  
	Sum (note: sums are set to zero for inputs that were not integrated.)
	Label not available                                                                                                                                                                                                                                                                                         	Label not available                                                                                                                                                                                                                                                                                         	Label not available                                                                                                                                                                                                                                                                                         	Label not available                                                                                                                                                                                                                                                                                         	
Total	 +0.0000000000000000E+000	 +0.9844298878951183E+006	 +0.3044195944513167E+006	 +0.1288849482346419E+007	
