 	Label not available                                                                                                                                                                                                                                                                                         	Label not available                                                                                                                                                                                                                                                                                         	Label not available                                                                                                                                                                                                                                                                                         	Label not available                                                                                                                                                                                                                                                                                         	
Month 	TIME                     	QSnk539PauxEvap_kW       	QSnk539PelAuxComp_kW     	QSnk539PauxCondSwitch_kW 	
November 	 +0.8016000000000000E+004	 +0.3767799768494653E+005	 +0.1093224015345179E+005	 +0.4861023783839848E+005	
December 	 +0.8760000000000000E+004	 +0.4834258906285590E+005	 +0.1563773445679890E+005	 +0.6398032351965503E+005	
January  	 +0.9504000000000000E+004	 +0.5214970983263362E+005	 +0.1791128887485521E+005	 +0.7006099870748918E+005	
February 	 +0.1017600000000000E+005	 +0.4297235248713775E+005	 +0.1532729797821635E+005	 +0.5829965046535446E+005	
March    	 +0.1092000000000000E+005	 +0.3585987507658867E+005	 +0.1225785417203871E+005	 +0.4811772924862774E+005	
April    	 +0.1164000000000000E+005	 +0.2649995503101535E+005	 +0.7504945993818768E+004	 +0.3400490102483406E+005	
May      	 +0.1238400000000000E+005	 +0.1467706154016978E+005	 +0.3829132211777527E+004	 +0.1850619375194732E+005	
June     	 +0.1310400000000000E+005	 +0.5408428704215372E+004	 +0.1322372039939933E+004	 +0.6730800744155310E+004	
July     	 +0.1384800000000000E+005	 +0.2384482368246313E+004	 +0.5946404687155347E+003	 +0.2979122836961849E+004	
August   	 +0.1459200000000000E+005	 +0.4380809454031668E+004	 +0.1015050239270645E+004	 +0.5395859693302311E+004	
September	 +0.1531200000000000E+005	 +0.1003304296738608E+005	 +0.2291384533899635E+004	 +0.1232442750128566E+005	
October  	 +0.1605600000000000E+005	 +0.2378320754119329E+005	 +0.5914456080496837E+004	 +0.2969766362169010E+005	
November 	 +0.1677600000000000E+005	 +0.3746230493774958E+005	 +0.1081354964574727E+005	 +0.4827585458349704E+005	
December 	 +0.1752000000000000E+005	 +0.4835274496149082E+005	 +0.1563245691666696E+005	 +0.6398520187815783E+005	
  
	Maximum Instantaneous Values
	Label not available                                                                                                                                                                                                                                                                                         	Label not available                                                                                                                                                                                                                                                                                         	Label not available                                                                                                                                                                                                                                                                                         	Label not available                                                                                                                                                                                                                                                                                         	
Maximum Value	 +0.1752000000000000E+005	 +0.2439285869947300E+003	 +0.6698956909289539E+002	 +0.2937759812739962E+003	
Time of Maximum	 +0.1752000000000000E+005	 +0.1450430000000000E+005	 +0.1393013333333333E+005	 +0.1450430000000000E+005	
  
	Minimum Instantaneous Values
	Label not available                                                                                                                                                                                                                                                                                         	Label not available                                                                                                                                                                                                                                                                                         	Label not available                                                                                                                                                                                                                                                                                         	Label not available                                                                                                                                                                                                                                                                                         	
Minimum Value	 +0.7300033333333334E+004	 +0.0000000000000000E+000	 +0.0000000000000000E+000	 +0.0000000000000000E+000	
Time of Minimum	 +0.7300033333333334E+004	 +0.1752000000000000E+005	 +0.1752000000000000E+005	 +0.1752000000000000E+005	
  
	Maximum Integrated Values
	Label not available                                                                                                                                                                                                                                                                                         	Label not available                                                                                                                                                                                                                                                                                         	Label not available                                                                                                                                                                                                                                                                                         	Label not available                                                                                                                                                                                                                                                                                         	
Maximum Value	 +0.1752000000000000E+005	 +0.5214970983263362E+005	 +0.1791128887485521E+005	 +0.7006099870748918E+005	
Time of Maximum	 +0.1752000000000000E+005	 +0.9504000000000000E+004	 +0.9504000000000000E+004	 +0.9504000000000000E+004	
  
	Minimum Integrated Values
	Label not available                                                                                                                                                                                                                                                                                         	Label not available                                                                                                                                                                                                                                                                                         	Label not available                                                                                                                                                                                                                                                                                         	Label not available                                                                                                                                                                                                                                                                                         	
Minimum Value	 +0.8016000000000000E+004	 +0.2384482368246313E+004	 +0.5946404687155347E+003	 +0.2979122836961849E+004	
Time of Minimum	 +0.8016000000000000E+004	 +0.1384800000000000E+005	 +0.1384800000000000E+005	 +0.1384800000000000E+005	
  
	Sum (note: sums are set to zero for inputs that were not integrated.)
	Label not available                                                                                                                                                                                                                                                                                         	Label not available                                                                                                                                                                                                                                                                                         	Label not available                                                                                                                                                                                                                                                                                         	Label not available                                                                                                                                                                                                                                                                                         	
Total	 +0.0000000000000000E+000	 +0.3899845616496642E+006	 +0.1209844037656949E+006	 +0.5109689654153532E+006	
