 	Label not available                                                                                                                                                                                                                                                                                         	Label not available                                                                                                                                                                                                                                                                                         	Label not available                                                                                                                                                                                                                                                                                         	Label not available                                                                                                                                                                                                                                                                                         	
Month 	TIME                     	QSnk448PauxEvap_kW       	QSnk448PelAuxComp_kW     	QSnk448PauxCondSwitch_kW 	
November 	 +0.8016000000000000E+004	 +0.9204886276851167E+005	 +0.2659519403884014E+005	 +0.1186440568073516E+006	
December 	 +0.8760000000000000E+004	 +0.1203101425668954E+006	 +0.3848486833360024E+005	 +0.1587950109004961E+006	
January  	 +0.9504000000000000E+004	 +0.1304576844557281E+006	 +0.4406755452387357E+005	 +0.1745252389796016E+006	
February 	 +0.1017600000000000E+005	 +0.1082331585335634E+006	 +0.3795152453875477E+005	 +0.1461846830723183E+006	
March    	 +0.1092000000000000E+005	 +0.8847328652835413E+005	 +0.2995114523440940E+005	 +0.1184244317627643E+006	
April    	 +0.1164000000000000E+005	 +0.6335028154350589E+005	 +0.1777288335694546E+005	 +0.8112316490045151E+005	
May      	 +0.1238400000000000E+005	 +0.3270904194900725E+005	 +0.8467449856361200E+004	 +0.4117649180536847E+005	
June     	 +0.1310400000000000E+005	 +0.1127021048770865E+005	 +0.2703327538704885E+004	 +0.1397353802641356E+005	
July     	 +0.1384800000000000E+005	 +0.4101337018357431E+004	 +0.1019951696143360E+004	 +0.5121288714500793E+004	
August   	 +0.1459200000000000E+005	 +0.8732735846955289E+004	 +0.2004428445708422E+004	 +0.1073716429266370E+005	
September	 +0.1531200000000000E+005	 +0.2040238588632851E+005	 +0.4654077093404895E+004	 +0.2505646297973345E+005	
October  	 +0.1605600000000000E+005	 +0.5613381287430487E+005	 +0.1396413062262375E+005	 +0.7009794349692867E+005	
November 	 +0.1677600000000000E+005	 +0.9129821116705834E+005	 +0.2625768192877302E+005	 +0.1175558930958313E+006	
December 	 +0.1752000000000000E+005	 +0.1203046532710858E+006	 +0.3848648815484099E+005	 +0.1587911414259265E+006	
  
	Maximum Instantaneous Values
	Label not available                                                                                                                                                                                                                                                                                         	Label not available                                                                                                                                                                                                                                                                                         	Label not available                                                                                                                                                                                                                                                                                         	Label not available                                                                                                                                                                                                                                                                                         	
Maximum Value	 +0.1752000000000000E+005	 +0.5701481199913990E+003	 +0.1564326572016852E+003	 +0.6862084151592404E+003	
Time of Maximum	 +0.1752000000000000E+005	 +0.1392803333333333E+005	 +0.1407856666666667E+005	 +0.1392803333333333E+005	
  
	Minimum Instantaneous Values
	Label not available                                                                                                                                                                                                                                                                                         	Label not available                                                                                                                                                                                                                                                                                         	Label not available                                                                                                                                                                                                                                                                                         	Label not available                                                                                                                                                                                                                                                                                         	
Minimum Value	 +0.7300033333333334E+004	 +0.0000000000000000E+000	 +0.0000000000000000E+000	 +0.0000000000000000E+000	
Time of Minimum	 +0.7300033333333334E+004	 +0.1752000000000000E+005	 +0.1752000000000000E+005	 +0.1752000000000000E+005	
  
	Maximum Integrated Values
	Label not available                                                                                                                                                                                                                                                                                         	Label not available                                                                                                                                                                                                                                                                                         	Label not available                                                                                                                                                                                                                                                                                         	Label not available                                                                                                                                                                                                                                                                                         	
Maximum Value	 +0.1752000000000000E+005	 +0.1304576844557281E+006	 +0.4406755452387357E+005	 +0.1745252389796016E+006	
Time of Maximum	 +0.1752000000000000E+005	 +0.9504000000000000E+004	 +0.9504000000000000E+004	 +0.9504000000000000E+004	
  
	Minimum Integrated Values
	Label not available                                                                                                                                                                                                                                                                                         	Label not available                                                                                                                                                                                                                                                                                         	Label not available                                                                                                                                                                                                                                                                                         	Label not available                                                                                                                                                                                                                                                                                         	
Minimum Value	 +0.8016000000000000E+004	 +0.4101337018357431E+004	 +0.1019951696143360E+004	 +0.5121288714500793E+004	
Time of Minimum	 +0.8016000000000000E+004	 +0.1384800000000000E+005	 +0.1384800000000000E+005	 +0.1384800000000000E+005	
  
	Sum (note: sums are set to zero for inputs that were not integrated.)
	Label not available                                                                                                                                                                                                                                                                                         	Label not available                                                                                                                                                                                                                                                                                         	Label not available                                                                                                                                                                                                                                                                                         	Label not available                                                                                                                                                                                                                                                                                         	
Total	 +0.0000000000000000E+000	 +0.9478258048973604E+006	 +0.2923807053629835E+006	 +0.1240206510260353E+007	
