 	Label not available                                                                                                                                                                                                                                                                                         	Label not available                                                                                                                                                                                                                                                                                         	Label not available                                                                                                                                                                                                                                                                                         	Label not available                                                                                                                                                                                                                                                                                         	
Month 	TIME                     	QSnk60PauxEvap_kW        	QSnk60PelAuxComp_kW      	QSnk60PauxCondSwitch_kW  	
November 	 +0.8016000000000000E+004	 +0.4233813984435378E+005	 +0.1225777324146695E+005	 +0.5459591308582079E+005	
December 	 +0.8760000000000000E+004	 +0.5531476932677734E+005	 +0.1772789691638579E+005	 +0.7304266624316291E+005	
January  	 +0.9504000000000000E+004	 +0.5996035130890981E+005	 +0.2026660966907900E+005	 +0.8022696097798912E+005	
February 	 +0.1017600000000000E+005	 +0.4975328385051476E+005	 +0.1747754291593334E+005	 +0.6723082676644756E+005	
March    	 +0.1092000000000000E+005	 +0.4057124974586334E+005	 +0.1376507990310351E+005	 +0.5433632964896669E+005	
April    	 +0.1164000000000000E+005	 +0.2930198478391837E+005	 +0.8219261114378653E+004	 +0.3752124589829720E+005	
May      	 +0.1238400000000000E+005	 +0.1515363469227841E+005	 +0.3893396871752921E+004	 +0.1904703156403134E+005	
June     	 +0.1310400000000000E+005	 +0.5319893765563383E+004	 +0.1261497624443776E+004	 +0.6581391390007169E+004	
July     	 +0.1384800000000000E+005	 +0.2003493591731395E+004	 +0.5029195952774527E+003	 +0.2506413187008849E+004	
August   	 +0.1459200000000000E+005	 +0.4006522974074859E+004	 +0.9226593987994698E+003	 +0.4929182372874327E+004	
September	 +0.1531200000000000E+005	 +0.9591680421546469E+004	 +0.2182097303393686E+004	 +0.1177377772494018E+005	
October  	 +0.1605600000000000E+005	 +0.2589679870502267E+005	 +0.6436283980516204E+004	 +0.3233308268553890E+005	
November 	 +0.1677600000000000E+005	 +0.4198708117512810E+005	 +0.1209828228654049E+005	 +0.5408536346166841E+005	
December 	 +0.1752000000000000E+005	 +0.5529279004810308E+005	 +0.1771857116703954E+005	 +0.7301136121514281E+005	
  
	Maximum Instantaneous Values
	Label not available                                                                                                                                                                                                                                                                                         	Label not available                                                                                                                                                                                                                                                                                         	Label not available                                                                                                                                                                                                                                                                                         	Label not available                                                                                                                                                                                                                                                                                         	
Maximum Value	 +0.1752000000000000E+005	 +0.2632969780839053E+003	 +0.7160262677714252E+002	 +0.3164639133483003E+003	
Time of Maximum	 +0.1752000000000000E+005	 +0.1392970000000000E+005	 +0.1390186666666667E+005	 +0.1392970000000000E+005	
  
	Minimum Instantaneous Values
	Label not available                                                                                                                                                                                                                                                                                         	Label not available                                                                                                                                                                                                                                                                                         	Label not available                                                                                                                                                                                                                                                                                         	Label not available                                                                                                                                                                                                                                                                                         	
Minimum Value	 +0.7300033333333334E+004	 +0.0000000000000000E+000	 +0.0000000000000000E+000	 +0.0000000000000000E+000	
Time of Minimum	 +0.7300033333333334E+004	 +0.1752000000000000E+005	 +0.1752000000000000E+005	 +0.1752000000000000E+005	
  
	Maximum Integrated Values
	Label not available                                                                                                                                                                                                                                                                                         	Label not available                                                                                                                                                                                                                                                                                         	Label not available                                                                                                                                                                                                                                                                                         	Label not available                                                                                                                                                                                                                                                                                         	
Maximum Value	 +0.1752000000000000E+005	 +0.5996035130890981E+005	 +0.2026660966907900E+005	 +0.8022696097798912E+005	
Time of Maximum	 +0.1752000000000000E+005	 +0.9504000000000000E+004	 +0.9504000000000000E+004	 +0.9504000000000000E+004	
  
	Minimum Integrated Values
	Label not available                                                                                                                                                                                                                                                                                         	Label not available                                                                                                                                                                                                                                                                                         	Label not available                                                                                                                                                                                                                                                                                         	Label not available                                                                                                                                                                                                                                                                                         	
Minimum Value	 +0.8016000000000000E+004	 +0.2003493591731395E+004	 +0.5029195952774527E+003	 +0.2506413187008849E+004	
Time of Minimum	 +0.8016000000000000E+004	 +0.1384800000000000E+005	 +0.1384800000000000E+005	 +0.1384800000000000E+005	
  
	Sum (note: sums are set to zero for inputs that were not integrated.)
	Label not available                                                                                                                                                                                                                                                                                         	Label not available                                                                                                                                                                                                                                                                                         	Label not available                                                                                                                                                                                                                                                                                         	Label not available                                                                                                                                                                                                                                                                                         	
Total	 +0.0000000000000000E+000	 +0.4364916742337842E+006	 +0.1347298719881099E+006	 +0.5712215462218964E+006	
