 	Label not available                                                                                                                                                                                                                                                                                         	Label not available                                                                                                                                                                                                                                                                                         	Label not available                                                                                                                                                                                                                                                                                         	Label not available                                                                                                                                                                                                                                                                                         	
Month 	TIME                     	QSnk579PauxEvap_kW       	QSnk579PelAuxComp_kW     	QSnk579PauxCondSwitch_kW 	
November 	 +0.8016000000000000E+004	 +0.4797957776283876E+005	 +0.1395413954085554E+005	 +0.6193371730369413E+005	
December 	 +0.8760000000000000E+004	 +0.6066527931489677E+005	 +0.1978793178400698E+005	 +0.8045321109890385E+005	
January  	 +0.9504000000000000E+004	 +0.6467304886739578E+005	 +0.2267254761375299E+005	 +0.8734559648114911E+005	
February 	 +0.1017600000000000E+005	 +0.5346583651949005E+005	 +0.1936380365658467E+005	 +0.7282964017607487E+005	
March    	 +0.1092000000000000E+005	 +0.4512396889702832E+005	 +0.1559830965878484E+005	 +0.6072227855581386E+005	
April    	 +0.1164000000000000E+005	 +0.3389923755463780E+005	 +0.9759149650838155E+004	 +0.4365838720547589E+005	
May      	 +0.1238400000000000E+005	 +0.2000765376879777E+005	 +0.5331686050229440E+004	 +0.2533933981902724E+005	
June     	 +0.1310400000000000E+005	 +0.7972799896315743E+004	 +0.1997228356215532E+004	 +0.9970028252531292E+004	
July     	 +0.1384800000000000E+005	 +0.4236184100789078E+004	 +0.1050899975667580E+004	 +0.5287084076456661E+004	
August   	 +0.1459200000000000E+005	 +0.6371672880600197E+004	 +0.1473229295711390E+004	 +0.7844902176311592E+004	
September	 +0.1531200000000000E+005	 +0.1460050042674236E+005	 +0.3331562105655050E+004	 +0.1793206253239741E+005	
October  	 +0.1605600000000000E+005	 +0.3145604385786827E+005	 +0.7818356698682306E+004	 +0.3927440055655052E+005	
November 	 +0.1677600000000000E+005	 +0.4771157800727565E+005	 +0.1380922481340177E+005	 +0.6152080282067747E+005	
December 	 +0.1752000000000000E+005	 +0.6064212715540464E+005	 +0.1977560897791580E+005	 +0.8041773613332098E+005	
  
	Maximum Instantaneous Values
	Label not available                                                                                                                                                                                                                                                                                         	Label not available                                                                                                                                                                                                                                                                                         	Label not available                                                                                                                                                                                                                                                                                         	Label not available                                                                                                                                                                                                                                                                                         	
Maximum Value	 +0.1752000000000000E+005	 +0.3216493213478256E+003	 +0.8911222267475020E+002	 +0.3882597179322007E+003	
Time of Maximum	 +0.1752000000000000E+005	 +0.1385926666666667E+005	 +0.1465300000000000E+005	 +0.1385926666666667E+005	
  
	Minimum Instantaneous Values
	Label not available                                                                                                                                                                                                                                                                                         	Label not available                                                                                                                                                                                                                                                                                         	Label not available                                                                                                                                                                                                                                                                                         	Label not available                                                                                                                                                                                                                                                                                         	
Minimum Value	 +0.7300033333333334E+004	 +0.0000000000000000E+000	 +0.0000000000000000E+000	 +0.0000000000000000E+000	
Time of Minimum	 +0.7300033333333334E+004	 +0.1752000000000000E+005	 +0.1752000000000000E+005	 +0.1752000000000000E+005	
  
	Maximum Integrated Values
	Label not available                                                                                                                                                                                                                                                                                         	Label not available                                                                                                                                                                                                                                                                                         	Label not available                                                                                                                                                                                                                                                                                         	Label not available                                                                                                                                                                                                                                                                                         	
Maximum Value	 +0.1752000000000000E+005	 +0.6467304886739578E+005	 +0.2267254761375299E+005	 +0.8734559648114911E+005	
Time of Maximum	 +0.1752000000000000E+005	 +0.9504000000000000E+004	 +0.9504000000000000E+004	 +0.9504000000000000E+004	
  
	Minimum Integrated Values
	Label not available                                                                                                                                                                                                                                                                                         	Label not available                                                                                                                                                                                                                                                                                         	Label not available                                                                                                                                                                                                                                                                                         	Label not available                                                                                                                                                                                                                                                                                         	
Minimum Value	 +0.8016000000000000E+004	 +0.4236184100789078E+004	 +0.1050899975667580E+004	 +0.5287084076456661E+004	
Time of Minimum	 +0.8016000000000000E+004	 +0.1384800000000000E+005	 +0.1384800000000000E+005	 +0.1384800000000000E+005	
  
	Sum (note: sums are set to zero for inputs that were not integrated.)
	Label not available                                                                                                                                                                                                                                                                                         	Label not available                                                                                                                                                                                                                                                                                         	Label not available                                                                                                                                                                                                                                                                                         	Label not available                                                                                                                                                                                                                                                                                         	
Total	 +0.0000000000000000E+000	 +0.4988055090100823E+006	 +0.1557236781783033E+006	 +0.6545291871883784E+006	
