 	Label not available                                                                                                                                                                                                                                                                                         	Label not available                                                                                                                                                                                                                                                                                         	Label not available                                                                                                                                                                                                                                                                                         	Label not available                                                                                                                                                                                                                                                                                         	
Month 	TIME                     	QSnk183PauxEvap_kW       	QSnk183PelAuxComp_kW     	QSnk183PauxCondSwitch_kW 	
November 	 +0.8016000000000000E+004	 +0.4044566115483737E+004	 +0.1178368823133915E+004	 +0.5222934938617622E+004	
December 	 +0.8760000000000000E+004	 +0.5258591413059583E+004	 +0.1693679116664896E+004	 +0.6952270529724454E+004	
January  	 +0.9504000000000000E+004	 +0.5691350366036216E+004	 +0.1934781687594329E+004	 +0.7626132053630529E+004	
February 	 +0.1017600000000000E+005	 +0.4727641289679758E+004	 +0.1669334159589774E+004	 +0.6396975449269518E+004	
March    	 +0.1092000000000000E+005	 +0.3884840498572597E+004	 +0.1325804445644173E+004	 +0.5210644944216766E+004	
April    	 +0.1164000000000000E+005	 +0.2811627267394141E+004	 +0.7959532631157505E+003	 +0.3607580530509913E+004	
May      	 +0.1238400000000000E+005	 +0.1503787401219229E+004	 +0.3912832790343033E+003	 +0.1895070680253534E+004	
June     	 +0.1310400000000000E+005	 +0.5704607048055043E+003	 +0.1424570807096371E+003	 +0.7129177855151408E+003	
July     	 +0.1384800000000000E+005	 +0.2559970211473619E+003	 +0.7020844856190421E+002	 +0.3262054697092660E+003	
August   	 +0.1459200000000000E+005	 +0.4761856251236024E+003	 +0.1165423579884618E+003	 +0.5927279831120650E+003	
September	 +0.1531200000000000E+005	 +0.9663156125762134E+003	 +0.2272984478180384E+003	 +0.1193614060394253E+004	
October  	 +0.1605600000000000E+005	 +0.2491263487460313E+004	 +0.6261486163975433E+003	 +0.3117412103857869E+004	
November 	 +0.1677600000000000E+005	 +0.4021958378556653E+004	 +0.1165324151015721E+004	 +0.5187282529572382E+004	
December 	 +0.1752000000000000E+005	 +0.5257714919896969E+004	 +0.1692617868811534E+004	 +0.6950332788708517E+004	
  
	Maximum Instantaneous Values
	Label not available                                                                                                                                                                                                                                                                                         	Label not available                                                                                                                                                                                                                                                                                         	Label not available                                                                                                                                                                                                                                                                                         	Label not available                                                                                                                                                                                                                                                                                         	
Maximum Value	 +0.1752000000000000E+005	 +0.2491695604203913E+002	 +0.6728023268344849E+001	 +0.2990627917356239E+002	
Time of Maximum	 +0.1752000000000000E+005	 +0.1387610000000000E+005	 +0.1405043333333333E+005	 +0.1387610000000000E+005	
  
	Minimum Instantaneous Values
	Label not available                                                                                                                                                                                                                                                                                         	Label not available                                                                                                                                                                                                                                                                                         	Label not available                                                                                                                                                                                                                                                                                         	Label not available                                                                                                                                                                                                                                                                                         	
Minimum Value	 +0.7300033333333334E+004	 +0.0000000000000000E+000	 +0.0000000000000000E+000	 +0.0000000000000000E+000	
Time of Minimum	 +0.7300033333333334E+004	 +0.1752000000000000E+005	 +0.1752000000000000E+005	 +0.1752000000000000E+005	
  
	Maximum Integrated Values
	Label not available                                                                                                                                                                                                                                                                                         	Label not available                                                                                                                                                                                                                                                                                         	Label not available                                                                                                                                                                                                                                                                                         	Label not available                                                                                                                                                                                                                                                                                         	
Maximum Value	 +0.1752000000000000E+005	 +0.5691350366036216E+004	 +0.1934781687594329E+004	 +0.7626132053630529E+004	
Time of Maximum	 +0.1752000000000000E+005	 +0.9504000000000000E+004	 +0.9504000000000000E+004	 +0.9504000000000000E+004	
  
	Minimum Integrated Values
	Label not available                                                                                                                                                                                                                                                                                         	Label not available                                                                                                                                                                                                                                                                                         	Label not available                                                                                                                                                                                                                                                                                         	Label not available                                                                                                                                                                                                                                                                                         	
Minimum Value	 +0.8016000000000000E+004	 +0.2559970211473619E+003	 +0.7020844856190421E+002	 +0.3262054697092660E+003	
Time of Minimum	 +0.8016000000000000E+004	 +0.1384800000000000E+005	 +0.1384800000000000E+005	 +0.1384800000000000E+005	
  
	Sum (note: sums are set to zero for inputs that were not integrated.)
	Label not available                                                                                                                                                                                                                                                                                         	Label not available                                                                                                                                                                                                                                                                                         	Label not available                                                                                                                                                                                                                                                                                         	Label not available                                                                                                                                                                                                                                                                                         	
Total	 +0.0000000000000000E+000	 +0.4196230010101141E+005	 +0.1302980174607990E+005	 +0.5499210184709180E+005	
