 	Label not available                                                                                                                                                                                                                                                                                         	Label not available                                                                                                                                                                                                                                                                                         	Label not available                                                                                                                                                                                                                                                                                         	Label not available                                                                                                                                                                                                                                                                                         	
Month 	TIME                     	QSnk488PauxEvap_kW       	QSnk488PelAuxComp_kW     	QSnk488PauxCondSwitch_kW 	
November 	 +0.8016000000000000E+004	 +0.1675734448891262E+006	 +0.4847583434993663E+005	 +0.2160492792390620E+006	
December 	 +0.8760000000000000E+004	 +0.2119975221187982E+006	 +0.6881529566772428E+005	 +0.2808128177865235E+006	
January  	 +0.9504000000000000E+004	 +0.2261637881575817E+006	 +0.7892711102866568E+005	 +0.3050908991862484E+006	
February 	 +0.1017600000000000E+005	 +0.1869726151385862E+006	 +0.6724132264103448E+005	 +0.2542139377796209E+006	
March    	 +0.1092000000000000E+005	 +0.1579202750758700E+006	 +0.5375754559229990E+005	 +0.2116778206681703E+006	
April    	 +0.1164000000000000E+005	 +0.1190066750071481E+006	 +0.3325733506694356E+005	 +0.1522640100740911E+006	
May      	 +0.1238400000000000E+005	 +0.7015832916360068E+005	 +0.1789888621772006E+005	 +0.8805721538132093E+005	
June     	 +0.1310400000000000E+005	 +0.2752042058869936E+005	 +0.6439159434984182E+004	 +0.3395958002368356E+005	
July     	 +0.1384800000000000E+005	 +0.1433897322596393E+005	 +0.3330939354212012E+004	 +0.1766991258017595E+005	
August   	 +0.1459200000000000E+005	 +0.2203556721069717E+005	 +0.4902900986702255E+004	 +0.2693846819739944E+005	
September	 +0.1531200000000000E+005	 +0.5066421828649090E+005	 +0.1133431149788990E+005	 +0.6199852978438089E+005	
October  	 +0.1605600000000000E+005	 +0.1097558697371083E+006	 +0.2697372881066070E+005	 +0.1367295985477695E+006	
November 	 +0.1677600000000000E+005	 +0.1666013446159686E+006	 +0.4796160980944133E+005	 +0.2145629544254102E+006	
December 	 +0.1752000000000000E+005	 +0.2119901997981559E+006	 +0.6882763384189529E+005	 +0.2808178336400519E+006	
  
	Maximum Instantaneous Values
	Label not available                                                                                                                                                                                                                                                                                         	Label not available                                                                                                                                                                                                                                                                                         	Label not available                                                                                                                                                                                                                                                                                         	Label not available                                                                                                                                                                                                                                                                                         	
Maximum Value	 +0.1752000000000000E+005	 +0.1130899225790070E+004	 +0.3125250121291621E+003	 +0.1363370867845372E+004	
Time of Maximum	 +0.1752000000000000E+005	 +0.1451180000000000E+005	 +0.1408706666666667E+005	 +0.1451180000000000E+005	
  
	Minimum Instantaneous Values
	Label not available                                                                                                                                                                                                                                                                                         	Label not available                                                                                                                                                                                                                                                                                         	Label not available                                                                                                                                                                                                                                                                                         	Label not available                                                                                                                                                                                                                                                                                         	
Minimum Value	 +0.7300033333333334E+004	 +0.0000000000000000E+000	 +0.0000000000000000E+000	 +0.0000000000000000E+000	
Time of Minimum	 +0.7300033333333334E+004	 +0.1752000000000000E+005	 +0.1752000000000000E+005	 +0.1752000000000000E+005	
  
	Maximum Integrated Values
	Label not available                                                                                                                                                                                                                                                                                         	Label not available                                                                                                                                                                                                                                                                                         	Label not available                                                                                                                                                                                                                                                                                         	Label not available                                                                                                                                                                                                                                                                                         	
Maximum Value	 +0.1752000000000000E+005	 +0.2261637881575817E+006	 +0.7892711102866568E+005	 +0.3050908991862484E+006	
Time of Maximum	 +0.1752000000000000E+005	 +0.9504000000000000E+004	 +0.9504000000000000E+004	 +0.9504000000000000E+004	
  
	Minimum Integrated Values
	Label not available                                                                                                                                                                                                                                                                                         	Label not available                                                                                                                                                                                                                                                                                         	Label not available                                                                                                                                                                                                                                                                                         	Label not available                                                                                                                                                                                                                                                                                         	
Minimum Value	 +0.8016000000000000E+004	 +0.1433897322596393E+005	 +0.3330939354212012E+004	 +0.1766991258017595E+005	
Time of Minimum	 +0.8016000000000000E+004	 +0.1384800000000000E+005	 +0.1384800000000000E+005	 +0.1384800000000000E+005	
  
	Sum (note: sums are set to zero for inputs that were not integrated.)
	Label not available                                                                                                                                                                                                                                                                                         	Label not available                                                                                                                                                                                                                                                                                         	Label not available                                                                                                                                                                                                                                                                                         	Label not available                                                                                                                                                                                                                                                                                         	
Total	 +0.0000000000000000E+000	 +0.1742699243013795E+007	 +0.5381436143001026E+006	 +0.2280842857313918E+007	
