 	Label not available                                                                                                                                                                                                                                                                                         	Label not available                                                                                                                                                                                                                                                                                         	Label not available                                                                                                                                                                                                                                                                                         	Label not available                                                                                                                                                                                                                                                                                         	
Month 	TIME                     	QSnk469PauxEvap_kW       	QSnk469PelAuxComp_kW     	QSnk469PauxCondSwitch_kW 	
November 	 +0.8016000000000000E+004	 +0.8437741561171762E+005	 +0.2425814287889539E+005	 +0.1086355584906128E+006	
December 	 +0.8760000000000000E+004	 +0.1122656925667148E+006	 +0.3534548433685664E+005	 +0.1476111769035720E+006	
January  	 +0.9504000000000000E+004	 +0.1227198330993199E+006	 +0.4048258496222782E+005	 +0.1632024180615477E+006	
February 	 +0.1017600000000000E+005	 +0.1024718408328734E+006	 +0.3515989023030853E+005	 +0.1376317310631821E+006	
March    	 +0.1092000000000000E+005	 +0.8162128607486250E+005	 +0.2742375235625264E+005	 +0.1090450384311152E+006	
April    	 +0.1164000000000000E+005	 +0.5719562222865350E+005	 +0.1609335725737582E+005	 +0.7328897948602954E+005	
May      	 +0.1238400000000000E+005	 +0.2668536469144599E+005	 +0.6963671766594854E+004	 +0.3364903645804078E+005	
June     	 +0.1310400000000000E+005	 +0.8531501124375762E+004	 +0.2087304661769155E+004	 +0.1061880578614492E+005	
July     	 +0.1384800000000000E+005	 +0.2388104501191133E+004	 +0.6559295143380132E+003	 +0.3044034015529145E+004	
August   	 +0.1459200000000000E+005	 +0.6735064455787766E+004	 +0.1580050702427281E+004	 +0.8315115158215054E+004	
September	 +0.1531200000000000E+005	 +0.1595581221646836E+005	 +0.3686565016169544E+004	 +0.1964237723263786E+005	
October  	 +0.1605600000000000E+005	 +0.4923696259540838E+005	 +0.1228993828517284E+005	 +0.6152690088058107E+005	
November 	 +0.1677600000000000E+005	 +0.8350941003842400E+005	 +0.2389779593894285E+005	 +0.1074072059773670E+006	
December 	 +0.1752000000000000E+005	 +0.1122687536340151E+006	 +0.3534760669344354E+005	 +0.1476163603274589E+006	
  
	Maximum Instantaneous Values
	Label not available                                                                                                                                                                                                                                                                                         	Label not available                                                                                                                                                                                                                                                                                         	Label not available                                                                                                                                                                                                                                                                                         	Label not available                                                                                                                                                                                                                                                                                         	
Maximum Value	 +0.1752000000000000E+005	 +0.4896966709234944E+003	 +0.1339653859346552E+003	 +0.5894567462180662E+003	
Time of Maximum	 +0.1752000000000000E+005	 +0.1390463333333333E+005	 +0.1328236666666667E+005	 +0.1390463333333333E+005	
  
	Minimum Instantaneous Values
	Label not available                                                                                                                                                                                                                                                                                         	Label not available                                                                                                                                                                                                                                                                                         	Label not available                                                                                                                                                                                                                                                                                         	Label not available                                                                                                                                                                                                                                                                                         	
Minimum Value	 +0.7300033333333334E+004	 +0.0000000000000000E+000	 +0.0000000000000000E+000	 +0.0000000000000000E+000	
Time of Minimum	 +0.7300033333333334E+004	 +0.1752000000000000E+005	 +0.1752000000000000E+005	 +0.1752000000000000E+005	
  
	Maximum Integrated Values
	Label not available                                                                                                                                                                                                                                                                                         	Label not available                                                                                                                                                                                                                                                                                         	Label not available                                                                                                                                                                                                                                                                                         	Label not available                                                                                                                                                                                                                                                                                         	
Maximum Value	 +0.1752000000000000E+005	 +0.1227198330993199E+006	 +0.4048258496222782E+005	 +0.1632024180615477E+006	
Time of Maximum	 +0.1752000000000000E+005	 +0.9504000000000000E+004	 +0.9504000000000000E+004	 +0.9504000000000000E+004	
  
	Minimum Integrated Values
	Label not available                                                                                                                                                                                                                                                                                         	Label not available                                                                                                                                                                                                                                                                                         	Label not available                                                                                                                                                                                                                                                                                         	Label not available                                                                                                                                                                                                                                                                                         	
Minimum Value	 +0.8016000000000000E+004	 +0.2388104501191133E+004	 +0.6559295143380132E+003	 +0.3044034015529145E+004	
Time of Minimum	 +0.8016000000000000E+004	 +0.1384800000000000E+005	 +0.1384800000000000E+005	 +0.1384800000000000E+005	
  
	Sum (note: sums are set to zero for inputs that were not integrated.)
	Label not available                                                                                                                                                                                                                                                                                         	Label not available                                                                                                                                                                                                                                                                                         	Label not available                                                                                                                                                                                                                                                                                         	Label not available                                                                                                                                                                                                                                                                                         	
Total	 +0.0000000000000000E+000	 +0.8659626636712578E+006	 +0.2652720746007768E+006	 +0.1131234738272005E+007	
