 	Label not available                                                                                                                                                                                                                                                                                         	Label not available                                                                                                                                                                                                                                                                                         	Label not available                                                                                                                                                                                                                                                                                         	Label not available                                                                                                                                                                                                                                                                                         	
Month 	TIME                     	QSnk225PauxEvap_kW       	QSnk225PelAuxComp_kW     	QSnk225PauxCondSwitch_kW 	
November 	 +0.8016000000000000E+004	 +0.8396629584821318E+005	 +0.2422646861734441E+005	 +0.1081927644655573E+006	
December 	 +0.8760000000000000E+004	 +0.1061820852525605E+006	 +0.3440237865431087E+005	 +0.1405844639068705E+006	
January  	 +0.9504000000000000E+004	 +0.1132423738485255E+006	 +0.3946507127166582E+005	 +0.1527074451201917E+006	
February 	 +0.1017600000000000E+005	 +0.9367150612068303E+005	 +0.3358843959822844E+005	 +0.1272599457189119E+006	
March    	 +0.1092000000000000E+005	 +0.7919734414377861E+005	 +0.2681647044873195E+005	 +0.1060138145925113E+006	
April    	 +0.1164000000000000E+005	 +0.5969076989342445E+005	 +0.1654524504590444E+005	 +0.7623601493932882E+005	
May      	 +0.1238400000000000E+005	 +0.3543334014359873E+005	 +0.8877630178319758E+004	 +0.4431097032191850E+005	
June     	 +0.1310400000000000E+005	 +0.1378986784261810E+005	 +0.3187453185484402E+004	 +0.1697732102810255E+005	
July     	 +0.1384800000000000E+005	 +0.7266992356496015E+004	 +0.1650239181254285E+004	 +0.8917231537750289E+004	
August   	 +0.1459200000000000E+005	 +0.1154034931131216E+005	 +0.2536344291193668E+004	 +0.1407669360250582E+005	
September	 +0.1531200000000000E+005	 +0.2530123756623337E+005	 +0.5630543456169200E+004	 +0.3093178102240250E+005	
October  	 +0.1605600000000000E+005	 +0.5500064243237729E+005	 +0.1352418723192062E+005	 +0.6852482966429777E+005	
November 	 +0.1677600000000000E+005	 +0.8351398800308695E+005	 +0.2397797446723786E+005	 +0.1074919624703248E+006	
December 	 +0.1752000000000000E+005	 +0.1061567451102006E+006	 +0.3438715894608037E+005	 +0.1405439040562809E+006	
  
	Maximum Instantaneous Values
	Label not available                                                                                                                                                                                                                                                                                         	Label not available                                                                                                                                                                                                                                                                                         	Label not available                                                                                                                                                                                                                                                                                         	Label not available                                                                                                                                                                                                                                                                                         	
Maximum Value	 +0.1752000000000000E+005	 +0.5787969375346931E+003	 +0.1565784272462906E+003	 +0.6954194459762997E+003	
Time of Maximum	 +0.1752000000000000E+005	 +0.1392760000000000E+005	 +0.1407990000000000E+005	 +0.1392760000000000E+005	
  
	Minimum Instantaneous Values
	Label not available                                                                                                                                                                                                                                                                                         	Label not available                                                                                                                                                                                                                                                                                         	Label not available                                                                                                                                                                                                                                                                                         	Label not available                                                                                                                                                                                                                                                                                         	
Minimum Value	 +0.7300033333333334E+004	 +0.0000000000000000E+000	 +0.0000000000000000E+000	 +0.0000000000000000E+000	
Time of Minimum	 +0.7300033333333334E+004	 +0.1752000000000000E+005	 +0.1752000000000000E+005	 +0.1752000000000000E+005	
  
	Maximum Integrated Values
	Label not available                                                                                                                                                                                                                                                                                         	Label not available                                                                                                                                                                                                                                                                                         	Label not available                                                                                                                                                                                                                                                                                         	Label not available                                                                                                                                                                                                                                                                                         	
Maximum Value	 +0.1752000000000000E+005	 +0.1132423738485255E+006	 +0.3946507127166582E+005	 +0.1527074451201917E+006	
Time of Maximum	 +0.1752000000000000E+005	 +0.9504000000000000E+004	 +0.9504000000000000E+004	 +0.9504000000000000E+004	
  
	Minimum Integrated Values
	Label not available                                                                                                                                                                                                                                                                                         	Label not available                                                                                                                                                                                                                                                                                         	Label not available                                                                                                                                                                                                                                                                                         	Label not available                                                                                                                                                                                                                                                                                         	
Minimum Value	 +0.8016000000000000E+004	 +0.7266992356496015E+004	 +0.1650239181254285E+004	 +0.8917231537750289E+004	
Time of Minimum	 +0.8016000000000000E+004	 +0.1384800000000000E+005	 +0.1384800000000000E+005	 +0.1384800000000000E+005	
  
	Sum (note: sums are set to zero for inputs that were not integrated.)
	Label not available                                                                                                                                                                                                                                                                                         	Label not available                                                                                                                                                                                                                                                                                         	Label not available                                                                                                                                                                                                                                                                                         	Label not available                                                                                                                                                                                                                                                                                         	
Total	 +0.0000000000000000E+000	 +0.8739535378731051E+006	 +0.2688156045738453E+006	 +0.1142769142446965E+007	
