 	Label not available                                                                                                                                                                                                                                                                                         	Label not available                                                                                                                                                                                                                                                                                         	Label not available                                                                                                                                                                                                                                                                                         	Label not available                                                                                                                                                                                                                                                                                         	
Month 	TIME                     	QSnk558PauxEvap_kW       	QSnk558PelAuxComp_kW     	QSnk558PauxCondSwitch_kW 	
November 	 +0.8016000000000000E+004	 +0.1644483061374576E+006	 +0.4727457569836451E+005	 +0.2117228818358217E+006	
December 	 +0.8760000000000000E+004	 +0.2187522983122062E+006	 +0.6902634396184274E+005	 +0.2877786422740486E+006	
January  	 +0.9504000000000000E+004	 +0.2388849508613177E+006	 +0.7916406498053709E+005	 +0.3180490158418565E+006	
February 	 +0.1017600000000000E+005	 +0.1995119036500848E+006	 +0.6872852231596796E+005	 +0.2682404259660520E+006	
March    	 +0.1092000000000000E+005	 +0.1589834269488034E+006	 +0.5352765103217532E+005	 +0.2125110779809791E+006	
April    	 +0.1164000000000000E+005	 +0.1112695710421166E+006	 +0.3143218261124575E+005	 +0.1427017536533621E+006	
May      	 +0.1238400000000000E+005	 +0.5170508816419733E+005	 +0.1356777143562362E+005	 +0.6527285959982080E+005	
June     	 +0.1310400000000000E+005	 +0.1629577132306827E+005	 +0.3992522515745252E+004	 +0.2028829383881352E+005	
July     	 +0.1384800000000000E+005	 +0.4407774757204573E+004	 +0.1213688576934391E+004	 +0.5621463334138963E+004	
August   	 +0.1459200000000000E+005	 +0.1334234684772655E+005	 +0.3108065409426121E+004	 +0.1645041225715268E+005	
September	 +0.1531200000000000E+005	 +0.3029988303392579E+005	 +0.6996312427380914E+004	 +0.3729619546130662E+005	
October  	 +0.1605600000000000E+005	 +0.9586904310335290E+005	 +0.2391148907294317E+005	 +0.1197805321762962E+006	
November 	 +0.1677600000000000E+005	 +0.1627895011906443E+006	 +0.4658829365837941E+005	 +0.2093777948490237E+006	
December 	 +0.1752000000000000E+005	 +0.2187706302567324E+006	 +0.6900576070368350E+005	 +0.2877763909604158E+006	
  
	Maximum Instantaneous Values
	Label not available                                                                                                                                                                                                                                                                                         	Label not available                                                                                                                                                                                                                                                                                         	Label not available                                                                                                                                                                                                                                                                                         	Label not available                                                                                                                                                                                                                                                                                         	
Maximum Value	 +0.1752000000000000E+005	 +0.9558177329356735E+003	 +0.2676587627581916E+003	 +0.1154288290124109E+004	
Time of Maximum	 +0.1752000000000000E+005	 +0.1390450000000000E+005	 +0.1386540000000000E+005	 +0.1390450000000000E+005	
  
	Minimum Instantaneous Values
	Label not available                                                                                                                                                                                                                                                                                         	Label not available                                                                                                                                                                                                                                                                                         	Label not available                                                                                                                                                                                                                                                                                         	Label not available                                                                                                                                                                                                                                                                                         	
Minimum Value	 +0.7300033333333334E+004	 +0.0000000000000000E+000	 +0.0000000000000000E+000	 +0.0000000000000000E+000	
Time of Minimum	 +0.7300033333333334E+004	 +0.1752000000000000E+005	 +0.1752000000000000E+005	 +0.1752000000000000E+005	
  
	Maximum Integrated Values
	Label not available                                                                                                                                                                                                                                                                                         	Label not available                                                                                                                                                                                                                                                                                         	Label not available                                                                                                                                                                                                                                                                                         	Label not available                                                                                                                                                                                                                                                                                         	
Maximum Value	 +0.1752000000000000E+005	 +0.2388849508613177E+006	 +0.7916406498053709E+005	 +0.3180490158418565E+006	
Time of Maximum	 +0.1752000000000000E+005	 +0.9504000000000000E+004	 +0.9504000000000000E+004	 +0.9504000000000000E+004	
  
	Minimum Integrated Values
	Label not available                                                                                                                                                                                                                                                                                         	Label not available                                                                                                                                                                                                                                                                                         	Label not available                                                                                                                                                                                                                                                                                         	Label not available                                                                                                                                                                                                                                                                                         	
Minimum Value	 +0.8016000000000000E+004	 +0.4407774757204573E+004	 +0.1213688576934391E+004	 +0.5621463334138963E+004	
Time of Minimum	 +0.8016000000000000E+004	 +0.1384800000000000E+005	 +0.1384800000000000E+005	 +0.1384800000000000E+005	
  
	Sum (note: sums are set to zero for inputs that were not integrated.)
	Label not available                                                                                                                                                                                                                                                                                         	Label not available                                                                                                                                                                                                                                                                                         	Label not available                                                                                                                                                                                                                                                                                         	Label not available                                                                                                                                                                                                                                                                                         	
Total	 +0.0000000000000000E+000	 +0.1685330495628865E+007	 +0.5175372444002529E+006	 +0.2202867740029100E+007	
