 	Label not available                                                                                                                                                                                                                                                                                         	Label not available                                                                                                                                                                                                                                                                                         	Label not available                                                                                                                                                                                                                                                                                         	Label not available                                                                                                                                                                                                                                                                                         	
Month 	TIME                     	QSnk358PauxEvap_kW       	QSnk358PelAuxComp_kW     	QSnk358PauxCondSwitch_kW 	
November 	 +0.8016000000000000E+004	 +0.1511638016185346E+005	 +0.4384998638001883E+004	 +0.1950137879985536E+005	
December 	 +0.8760000000000000E+004	 +0.1940695533919048E+005	 +0.6272303152325147E+004	 +0.2567925849151552E+005	
January  	 +0.9504000000000000E+004	 +0.2090930539619215E+005	 +0.7188595352327757E+004	 +0.2809790074852014E+005	
February 	 +0.1017600000000000E+005	 +0.1725501542336700E+005	 +0.6145042547960164E+004	 +0.2340005797132710E+005	
March    	 +0.1092000000000000E+005	 +0.1443527023045945E+005	 +0.4920506171747423E+004	 +0.1935577640220682E+005	
April    	 +0.1164000000000000E+005	 +0.1063805097314599E+005	 +0.3005525236751560E+004	 +0.1364357620989760E+005	
May      	 +0.1238400000000000E+005	 +0.5914929500519183E+004	 +0.1538008473579711E+004	 +0.7452937974098928E+004	
June     	 +0.1310400000000000E+005	 +0.2249400222228074E+004	 +0.5484553477877992E+003	 +0.2797855570015874E+004	
July     	 +0.1384800000000000E+005	 +0.1061451446206065E+004	 +0.2625284472805406E+003	 +0.1323979893486605E+004	
August   	 +0.1459200000000000E+005	 +0.1764309594552370E+004	 +0.4089529580470189E+003	 +0.2173262552599392E+004	
September	 +0.1531200000000000E+005	 +0.4086958648184472E+004	 +0.9331445820320672E+003	 +0.5020103230216539E+004	
October  	 +0.1605600000000000E+005	 +0.9554744957509101E+004	 +0.2383478857261215E+004	 +0.1193822381477039E+005	
November 	 +0.1677600000000000E+005	 +0.1506640474339939E+005	 +0.4347631591769487E+004	 +0.1941403633516886E+005	
December 	 +0.1752000000000000E+005	 +0.1940979545349135E+005	 +0.6269540438262229E+004	 +0.2567933589175363E+005	
  
	Maximum Instantaneous Values
	Label not available                                                                                                                                                                                                                                                                                         	Label not available                                                                                                                                                                                                                                                                                         	Label not available                                                                                                                                                                                                                                                                                         	Label not available                                                                                                                                                                                                                                                                                         	
Maximum Value	 +0.1752000000000000E+005	 +0.9805059592633748E+002	 +0.2683731318313166E+002	 +0.1180230463972341E+003	
Time of Maximum	 +0.1752000000000000E+005	 +0.1387930000000000E+005	 +0.1448920000000000E+005	 +0.1387930000000000E+005	
  
	Minimum Instantaneous Values
	Label not available                                                                                                                                                                                                                                                                                         	Label not available                                                                                                                                                                                                                                                                                         	Label not available                                                                                                                                                                                                                                                                                         	Label not available                                                                                                                                                                                                                                                                                         	
Minimum Value	 +0.7300033333333334E+004	 +0.0000000000000000E+000	 +0.0000000000000000E+000	 +0.0000000000000000E+000	
Time of Minimum	 +0.7300033333333334E+004	 +0.1752000000000000E+005	 +0.1752000000000000E+005	 +0.1752000000000000E+005	
  
	Maximum Integrated Values
	Label not available                                                                                                                                                                                                                                                                                         	Label not available                                                                                                                                                                                                                                                                                         	Label not available                                                                                                                                                                                                                                                                                         	Label not available                                                                                                                                                                                                                                                                                         	
Maximum Value	 +0.1752000000000000E+005	 +0.2090930539619215E+005	 +0.7188595352327757E+004	 +0.2809790074852014E+005	
Time of Maximum	 +0.1752000000000000E+005	 +0.9504000000000000E+004	 +0.9504000000000000E+004	 +0.9504000000000000E+004	
  
	Minimum Integrated Values
	Label not available                                                                                                                                                                                                                                                                                         	Label not available                                                                                                                                                                                                                                                                                         	Label not available                                                                                                                                                                                                                                                                                         	Label not available                                                                                                                                                                                                                                                                                         	
Minimum Value	 +0.8016000000000000E+004	 +0.1061451446206065E+004	 +0.2625284472805406E+003	 +0.1323979893486605E+004	
Time of Minimum	 +0.8016000000000000E+004	 +0.1384800000000000E+005	 +0.1384800000000000E+005	 +0.1384800000000000E+005	
  
	Sum (note: sums are set to zero for inputs that were not integrated.)
	Label not available                                                                                                                                                                                                                                                                                         	Label not available                                                                                                                                                                                                                                                                                         	Label not available                                                                                                                                                                                                                                                                                         	Label not available                                                                                                                                                                                                                                                                                         	
Total	 +0.0000000000000000E+000	 +0.1568689720902973E+006	 +0.4860871179513489E+005	 +0.2054776838854347E+006	
