 	Label not available                                                                                                                                                                                                                                                                                         	Label not available                                                                                                                                                                                                                                                                                         	Label not available                                                                                                                                                                                                                                                                                         	Label not available                                                                                                                                                                                                                                                                                         	
Month 	TIME                     	QSnk85PauxEvap_kW        	QSnk85PelAuxComp_kW      	QSnk85PauxCondSwitch_kW  	
November 	 +0.8016000000000000E+004	 +0.1422280372825933E+006	 +0.4119840862823486E+005	 +0.1834264459108289E+006	
December 	 +0.8760000000000000E+004	 +0.1827791202118676E+006	 +0.5922510891854869E+005	 +0.2420042291304183E+006	
January  	 +0.9504000000000000E+004	 +0.1963433315507812E+006	 +0.6802735911692146E+005	 +0.2643706906677029E+006	
February 	 +0.1017600000000000E+005	 +0.1621408718398292E+006	 +0.5806100873454066E+005	 +0.2202018805743695E+006	
March    	 +0.1092000000000000E+005	 +0.1358191089584809E+006	 +0.4609917429961999E+005	 +0.1819182832581019E+006	
April    	 +0.1164000000000000E+005	 +0.9985613583977154E+005	 +0.2794534348510156E+005	 +0.1278014793248732E+006	
May      	 +0.1238400000000000E+005	 +0.5516612788993314E+005	 +0.1400612404174173E+005	 +0.6917225193167462E+005	
June     	 +0.1310400000000000E+005	 +0.2023785036655216E+005	 +0.4737171774632320E+004	 +0.2497502214118442E+005	
July     	 +0.1384800000000000E+005	 +0.8435328136844753E+004	 +0.1989630965273922E+004	 +0.1042495910211868E+005	
August   	 +0.1459200000000000E+005	 +0.1623668822382206E+005	 +0.3625578011488290E+004	 +0.1986226623531036E+005	
September	 +0.1531200000000000E+005	 +0.3741120858158695E+005	 +0.8371842846320873E+004	 +0.4578305142790787E+005	
October  	 +0.1605600000000000E+005	 +0.8953479748260822E+005	 +0.2202607469780637E+005	 +0.1115608721804143E+006	
November 	 +0.1677600000000000E+005	 +0.1416430451412971E+006	 +0.4080498746735390E+005	 +0.1824480326086506E+006	
December 	 +0.1752000000000000E+005	 +0.1828053111009107E+006	 +0.5920279336792401E+005	 +0.2420081044688345E+006	
  
	Maximum Instantaneous Values
	Label not available                                                                                                                                                                                                                                                                                         	Label not available                                                                                                                                                                                                                                                                                         	Label not available                                                                                                                                                                                                                                                                                         	Label not available                                                                                                                                                                                                                                                                                         	
Maximum Value	 +0.1752000000000000E+005	 +0.9860714395356838E+003	 +0.2681759972731572E+003	 +0.1186189738499854E+004	
Time of Maximum	 +0.1752000000000000E+005	 +0.1450563333333333E+005	 +0.1387676666666667E+005	 +0.1450563333333333E+005	
  
	Minimum Instantaneous Values
	Label not available                                                                                                                                                                                                                                                                                         	Label not available                                                                                                                                                                                                                                                                                         	Label not available                                                                                                                                                                                                                                                                                         	Label not available                                                                                                                                                                                                                                                                                         	
Minimum Value	 +0.7300033333333334E+004	 +0.0000000000000000E+000	 +0.0000000000000000E+000	 +0.0000000000000000E+000	
Time of Minimum	 +0.7300033333333334E+004	 +0.1752000000000000E+005	 +0.1752000000000000E+005	 +0.1752000000000000E+005	
  
	Maximum Integrated Values
	Label not available                                                                                                                                                                                                                                                                                         	Label not available                                                                                                                                                                                                                                                                                         	Label not available                                                                                                                                                                                                                                                                                         	Label not available                                                                                                                                                                                                                                                                                         	
Maximum Value	 +0.1752000000000000E+005	 +0.1963433315507812E+006	 +0.6802735911692146E+005	 +0.2643706906677029E+006	
Time of Maximum	 +0.1752000000000000E+005	 +0.9504000000000000E+004	 +0.9504000000000000E+004	 +0.9504000000000000E+004	
  
	Minimum Integrated Values
	Label not available                                                                                                                                                                                                                                                                                         	Label not available                                                                                                                                                                                                                                                                                         	Label not available                                                                                                                                                                                                                                                                                         	Label not available                                                                                                                                                                                                                                                                                         	
Minimum Value	 +0.8016000000000000E+004	 +0.8435328136844753E+004	 +0.1989630965273922E+004	 +0.1042495910211868E+005	
Time of Minimum	 +0.8016000000000000E+004	 +0.1384800000000000E+005	 +0.1384800000000000E+005	 +0.1384800000000000E+005	
  
	Sum (note: sums are set to zero for inputs that were not integrated.)
	Label not available                                                                                                                                                                                                                                                                                         	Label not available                                                                                                                                                                                                                                                                                         	Label not available                                                                                                                                                                                                                                                                                         	Label not available                                                                                                                                                                                                                                                                                         	
Total	 +0.0000000000000000E+000	 +0.1470636962606859E+007	 +0.4553206063555040E+006	 +0.1925957568962374E+007	
