 	Label not available                                                                                                                                                                                                                                                                                         	Label not available                                                                                                                                                                                                                                                                                         	Label not available                                                                                                                                                                                                                                                                                         	Label not available                                                                                                                                                                                                                                                                                         	
Month 	TIME                     	QSnk243PauxEvap_kW       	QSnk243PelAuxComp_kW     	QSnk243PauxCondSwitch_kW 	
November 	 +0.8016000000000000E+004	 +0.1779432686631454E+006	 +0.5131265829886471E+005	 +0.2292559269620094E+006	
December 	 +0.8760000000000000E+004	 +0.2327257709972642E+006	 +0.7430951452522623E+005	 +0.3070352855224912E+006	
January  	 +0.9504000000000000E+004	 +0.2523298479348908E+006	 +0.8513928025824801E+005	 +0.3374691281931378E+006	
February 	 +0.1017600000000000E+005	 +0.2092716158182569E+006	 +0.7334552251527586E+005	 +0.2826171383335328E+006	
March    	 +0.1092000000000000E+005	 +0.1708996473238134E+006	 +0.5790476966818020E+005	 +0.2288044169919938E+006	
April    	 +0.1164000000000000E+005	 +0.1222162033179222E+006	 +0.3451278140142312E+005	 +0.1567289847193459E+006	
May      	 +0.1238400000000000E+005	 +0.6283534518963772E+005	 +0.1634476072912218E+005	 +0.7918010591875955E+005	
June     	 +0.1310400000000000E+005	 +0.2148411177923749E+005	 +0.5198439870909940E+004	 +0.2668255165014743E+005	
July     	 +0.1384800000000000E+005	 +0.7484500096171500E+004	 +0.1887318033941121E+004	 +0.9371818130112622E+004	
August   	 +0.1459200000000000E+005	 +0.1670082409165265E+005	 +0.3818290376430080E+004	 +0.2051911446808273E+005	
September	 +0.1531200000000000E+005	 +0.3926800237548412E+005	 +0.8918257126300050E+004	 +0.4818625950178428E+005	
October  	 +0.1605600000000000E+005	 +0.1083950414829146E+006	 +0.2692568187060583E+005	 +0.1353207233535208E+006	
November 	 +0.1677600000000000E+005	 +0.1764676329811829E+006	 +0.5062590726735433E+005	 +0.2270935402485385E+006	
December 	 +0.1752000000000000E+005	 +0.2327108750032535E+006	 +0.7431318267823118E+005	 +0.3070240576814858E+006	
  
	Maximum Instantaneous Values
	Label not available                                                                                                                                                                                                                                                                                         	Label not available                                                                                                                                                                                                                                                                                         	Label not available                                                                                                                                                                                                                                                                                         	Label not available                                                                                                                                                                                                                                                                                         	
Maximum Value	 +0.1752000000000000E+005	 +0.1081518681872835E+004	 +0.3010444800382710E+003	 +0.1306062197632069E+004	
Time of Maximum	 +0.1752000000000000E+005	 +0.1450560000000000E+005	 +0.1452983333333333E+005	 +0.1450560000000000E+005	
  
	Minimum Instantaneous Values
	Label not available                                                                                                                                                                                                                                                                                         	Label not available                                                                                                                                                                                                                                                                                         	Label not available                                                                                                                                                                                                                                                                                         	Label not available                                                                                                                                                                                                                                                                                         	
Minimum Value	 +0.7300033333333334E+004	 +0.0000000000000000E+000	 +0.0000000000000000E+000	 +0.0000000000000000E+000	
Time of Minimum	 +0.7300033333333334E+004	 +0.1752000000000000E+005	 +0.1752000000000000E+005	 +0.1752000000000000E+005	
  
	Maximum Integrated Values
	Label not available                                                                                                                                                                                                                                                                                         	Label not available                                                                                                                                                                                                                                                                                         	Label not available                                                                                                                                                                                                                                                                                         	Label not available                                                                                                                                                                                                                                                                                         	
Maximum Value	 +0.1752000000000000E+005	 +0.2523298479348908E+006	 +0.8513928025824801E+005	 +0.3374691281931378E+006	
Time of Maximum	 +0.1752000000000000E+005	 +0.9504000000000000E+004	 +0.9504000000000000E+004	 +0.9504000000000000E+004	
  
	Minimum Integrated Values
	Label not available                                                                                                                                                                                                                                                                                         	Label not available                                                                                                                                                                                                                                                                                         	Label not available                                                                                                                                                                                                                                                                                         	Label not available                                                                                                                                                                                                                                                                                         	
Minimum Value	 +0.8016000000000000E+004	 +0.7484500096171500E+004	 +0.1887318033941121E+004	 +0.9371818130112622E+004	
Time of Minimum	 +0.8016000000000000E+004	 +0.1384800000000000E+005	 +0.1384800000000000E+005	 +0.1384800000000000E+005	
  
	Sum (note: sums are set to zero for inputs that were not integrated.)
	Label not available                                                                                                                                                                                                                                                                                         	Label not available                                                                                                                                                                                                                                                                                         	Label not available                                                                                                                                                                                                                                                                                         	Label not available                                                                                                                                                                                                                                                                                         	
Total	 +0.0000000000000000E+000	 +0.1830732687054826E+007	 +0.5645563646201178E+006	 +0.2395289051674975E+007	
