 	Label not available                                                                                                                                                                                                                                                                                         	Label not available                                                                                                                                                                                                                                                                                         	Label not available                                                                                                                                                                                                                                                                                         	Label not available                                                                                                                                                                                                                                                                                         	
Month 	TIME                     	QSnk524PauxEvap_kW       	QSnk524PelAuxComp_kW     	QSnk524PauxCondSwitch_kW 	
November 	 +0.8016000000000000E+004	 +0.6607358612313187E+005	 +0.1908881544419274E+005	 +0.8516240156732463E+005	
December 	 +0.8760000000000000E+004	 +0.8633942462366380E+005	 +0.2760706762235807E+005	 +0.1139464922460214E+006	
January  	 +0.9504000000000000E+004	 +0.9361073024273322E+005	 +0.3163691417207848E+005	 +0.1252476444148119E+006	
February 	 +0.1017600000000000E+005	 +0.7761490370102455E+005	 +0.2726876726568411E+005	 +0.1048836709667086E+006	
March    	 +0.1092000000000000E+005	 +0.6341482610285364E+005	 +0.2157678430191376E+005	 +0.8499161040476739E+005	
April    	 +0.1164000000000000E+005	 +0.4535621977654074E+005	 +0.1289837609548003E+005	 +0.5825459587202088E+005	
May      	 +0.1238400000000000E+005	 +0.2341553264283991E+005	 +0.6185619170574651E+004	 +0.2960115181341457E+005	
June     	 +0.1310400000000000E+005	 +0.8105783701495210E+004	 +0.2020079732655195E+004	 +0.1012586343415040E+005	
July     	 +0.1384800000000000E+005	 +0.2753259371852832E+004	 +0.7364968380138429E+003	 +0.3489756209866675E+004	
August   	 +0.1459200000000000E+005	 +0.6315236963750368E+004	 +0.1481563131684122E+004	 +0.7796800095434481E+004	
September	 +0.1531200000000000E+005	 +0.1489794477592657E+005	 +0.3427142476920028E+004	 +0.1832508725284655E+005	
October  	 +0.1605600000000000E+005	 +0.4029064102020243E+005	 +0.1005599772323917E+005	 +0.5034663874344129E+005	
November 	 +0.1677600000000000E+005	 +0.6550520843876812E+005	 +0.1882893287261155E+005	 +0.8433414131137964E+005	
December 	 +0.1752000000000000E+005	 +0.8633773940460384E+005	 +0.2761575984602558E+005	 +0.1139534992506296E+006	
  
	Maximum Instantaneous Values
	Label not available                                                                                                                                                                                                                                                                                         	Label not available                                                                                                                                                                                                                                                                                         	Label not available                                                                                                                                                                                                                                                                                         	Label not available                                                                                                                                                                                                                                                                                         	
Maximum Value	 +0.1752000000000000E+005	 +0.4036921504080569E+003	 +0.1114618430735425E+003	 +0.4866055976090648E+003	
Time of Maximum	 +0.1752000000000000E+005	 +0.1450920000000000E+005	 +0.1386896666666667E+005	 +0.1450920000000000E+005	
  
	Minimum Instantaneous Values
	Label not available                                                                                                                                                                                                                                                                                         	Label not available                                                                                                                                                                                                                                                                                         	Label not available                                                                                                                                                                                                                                                                                         	Label not available                                                                                                                                                                                                                                                                                         	
Minimum Value	 +0.7300033333333334E+004	 +0.0000000000000000E+000	 +0.0000000000000000E+000	 +0.0000000000000000E+000	
Time of Minimum	 +0.7300033333333334E+004	 +0.1752000000000000E+005	 +0.1752000000000000E+005	 +0.1752000000000000E+005	
  
	Maximum Integrated Values
	Label not available                                                                                                                                                                                                                                                                                         	Label not available                                                                                                                                                                                                                                                                                         	Label not available                                                                                                                                                                                                                                                                                         	Label not available                                                                                                                                                                                                                                                                                         	
Maximum Value	 +0.1752000000000000E+005	 +0.9361073024273322E+005	 +0.3163691417207848E+005	 +0.1252476444148119E+006	
Time of Maximum	 +0.1752000000000000E+005	 +0.9504000000000000E+004	 +0.9504000000000000E+004	 +0.9504000000000000E+004	
  
	Minimum Integrated Values
	Label not available                                                                                                                                                                                                                                                                                         	Label not available                                                                                                                                                                                                                                                                                         	Label not available                                                                                                                                                                                                                                                                                         	Label not available                                                                                                                                                                                                                                                                                         	
Minimum Value	 +0.8016000000000000E+004	 +0.2753259371852832E+004	 +0.7364968380138429E+003	 +0.3489756209866675E+004	
Time of Minimum	 +0.8016000000000000E+004	 +0.1384800000000000E+005	 +0.1384800000000000E+005	 +0.1384800000000000E+005	
  
	Sum (note: sums are set to zero for inputs that were not integrated.)
	Label not available                                                                                                                                                                                                                                                                                         	Label not available                                                                                                                                                                                                                                                                                         	Label not available                                                                                                                                                                                                                                                                                         	Label not available                                                                                                                                                                                                                                                                                         	
Total	 +0.0000000000000000E+000	 +0.6800310368893635E+006	 +0.2104283166934326E+006	 +0.8904593535828232E+006	
