 	Label not available                                                                                                                                                                                                                                                                                         	Label not available                                                                                                                                                                                                                                                                                         	Label not available                                                                                                                                                                                                                                                                                         	Label not available                                                                                                                                                                                                                                                                                         	
Month 	TIME                     	QSnk131PauxEvap_kW       	QSnk131PelAuxComp_kW     	QSnk131PauxCondSwitch_kW 	
November 	 +0.8016000000000000E+004	 +0.2405515091438187E+005	 +0.7005845628810399E+004	 +0.3106099654319230E+005	
December 	 +0.8760000000000000E+004	 +0.3039361252541092E+005	 +0.9917147773052993E+004	 +0.4031076029846381E+005	
January  	 +0.9504000000000000E+004	 +0.3239223636581874E+005	 +0.1137189892833732E+005	 +0.4376413529415635E+005	
February 	 +0.1017600000000000E+005	 +0.2678377951810444E+005	 +0.9721549151275380E+004	 +0.3650532866937983E+005	
March    	 +0.1092000000000000E+005	 +0.2260099175866967E+005	 +0.7841820022593001E+004	 +0.3044281178126291E+005	
April    	 +0.1164000000000000E+005	 +0.1700333021519563E+005	 +0.4923077499484629E+004	 +0.2192640771468027E+005	
May      	 +0.1238400000000000E+005	 +0.1004761420447023E+005	 +0.2712152771267355E+004	 +0.1275976697573761E+005	
June     	 +0.1310400000000000E+005	 +0.4039667855987983E+004	 +0.1031189241269768E+004	 +0.5070857097257744E+004	
July     	 +0.1384800000000000E+005	 +0.2183019608621248E+004	 +0.5529850322631111E+003	 +0.2736004640884358E+004	
August   	 +0.1459200000000000E+005	 +0.3252416249011603E+004	 +0.7618556577496627E+003	 +0.4014271906761265E+004	
September	 +0.1531200000000000E+005	 +0.7365700069388836E+004	 +0.1691005934251083E+004	 +0.9056706003639933E+004	
October  	 +0.1605600000000000E+005	 +0.1579029625957234E+005	 +0.3937657391162549E+004	 +0.1972795365073489E+005	
November 	 +0.1677600000000000E+005	 +0.2391781025458951E+005	 +0.6926004392349168E+004	 +0.3084381464693862E+005	
December 	 +0.1752000000000000E+005	 +0.3039408194547553E+005	 +0.9917375564675742E+004	 +0.4031145751015142E+005	
  
	Maximum Instantaneous Values
	Label not available                                                                                                                                                                                                                                                                                         	Label not available                                                                                                                                                                                                                                                                                         	Label not available                                                                                                                                                                                                                                                                                         	Label not available                                                                                                                                                                                                                                                                                         	
Maximum Value	 +0.1752000000000000E+005	 +0.1582205241579458E+003	 +0.4456424595371593E+002	 +0.1914097311004099E+003	
Time of Maximum	 +0.1752000000000000E+005	 +0.1453220000000000E+005	 +0.1388850000000000E+005	 +0.1453220000000000E+005	
  
	Minimum Instantaneous Values
	Label not available                                                                                                                                                                                                                                                                                         	Label not available                                                                                                                                                                                                                                                                                         	Label not available                                                                                                                                                                                                                                                                                         	Label not available                                                                                                                                                                                                                                                                                         	
Minimum Value	 +0.7300033333333334E+004	 +0.0000000000000000E+000	 +0.0000000000000000E+000	 +0.0000000000000000E+000	
Time of Minimum	 +0.7300033333333334E+004	 +0.1752000000000000E+005	 +0.1752000000000000E+005	 +0.1752000000000000E+005	
  
	Maximum Integrated Values
	Label not available                                                                                                                                                                                                                                                                                         	Label not available                                                                                                                                                                                                                                                                                         	Label not available                                                                                                                                                                                                                                                                                         	Label not available                                                                                                                                                                                                                                                                                         	
Maximum Value	 +0.1752000000000000E+005	 +0.3239223636581874E+005	 +0.1137189892833732E+005	 +0.4376413529415635E+005	
Time of Maximum	 +0.1752000000000000E+005	 +0.9504000000000000E+004	 +0.9504000000000000E+004	 +0.9504000000000000E+004	
  
	Minimum Integrated Values
	Label not available                                                                                                                                                                                                                                                                                         	Label not available                                                                                                                                                                                                                                                                                         	Label not available                                                                                                                                                                                                                                                                                         	Label not available                                                                                                                                                                                                                                                                                         	
Minimum Value	 +0.8016000000000000E+004	 +0.2183019608621248E+004	 +0.5529850322631111E+003	 +0.2736004640884358E+004	
Time of Minimum	 +0.8016000000000000E+004	 +0.1384800000000000E+005	 +0.1384800000000000E+005	 +0.1384800000000000E+005	
  
	Sum (note: sums are set to zero for inputs that were not integrated.)
	Label not available                                                                                                                                                                                                                                                                                         	Label not available                                                                                                                                                                                                                                                                                         	Label not available                                                                                                                                                                                                                                                                                         	Label not available                                                                                                                                                                                                                                                                                         	
Total	 +0.0000000000000000E+000	 +0.2502197077446970E+006	 +0.7831156498854204E+005	 +0.3285312727332414E+006	
