 	Label not available                                                                                                                                                                                                                                                                                         	Label not available                                                                                                                                                                                                                                                                                         	Label not available                                                                                                                                                                                                                                                                                         	Label not available                                                                                                                                                                                                                                                                                         	
Month 	TIME                     	QSnk417PauxEvap_kW       	QSnk417PelAuxComp_kW     	QSnk417PauxCondSwitch_kW 	
November 	 +0.8016000000000000E+004	 +0.2404282116569938E+005	 +0.7002907708063229E+004	 +0.3104572887376263E+005	
December 	 +0.8760000000000000E+004	 +0.3038868141725973E+005	 +0.9912951888621394E+004	 +0.4030163330588149E+005	
January  	 +0.9504000000000000E+004	 +0.3239739567275816E+005	 +0.1137188071521414E+005	 +0.4376927638797228E+005	
February 	 +0.1017600000000000E+005	 +0.2678152964413050E+005	 +0.9714033080845775E+004	 +0.3649556272497630E+005	
March    	 +0.1092000000000000E+005	 +0.2260144443018644E+005	 +0.7827764281119138E+004	 +0.3042920871130571E+005	
April    	 +0.1164000000000000E+005	 +0.1701446649062473E+005	 +0.4913154397333322E+004	 +0.2192762088795800E+005	
May      	 +0.1238400000000000E+005	 +0.1006572167301324E+005	 +0.2703584542494205E+004	 +0.1276930621550747E+005	
June     	 +0.1310400000000000E+005	 +0.3996601096012986E+004	 +0.1014129154526428E+004	 +0.5010730250539414E+004	
July     	 +0.1384800000000000E+005	 +0.2139202392258378E+004	 +0.5419386030911533E+003	 +0.2681140995349531E+004	
August   	 +0.1459200000000000E+005	 +0.3332520772327574E+004	 +0.7759468941471230E+003	 +0.4108467666474698E+004	
September	 +0.1531200000000000E+005	 +0.7344700906861289E+004	 +0.1683213051857127E+004	 +0.9027913958718425E+004	
October  	 +0.1605600000000000E+005	 +0.1577725267457093E+005	 +0.3932899361754015E+004	 +0.1971015203632493E+005	
November 	 +0.1677600000000000E+005	 +0.2391288060665036E+005	 +0.6926301619706500E+004	 +0.3083918222635666E+005	
December 	 +0.1752000000000000E+005	 +0.3039225468684641E+005	 +0.9918442993611103E+004	 +0.4031069768045757E+005	
  
	Maximum Instantaneous Values
	Label not available                                                                                                                                                                                                                                                                                         	Label not available                                                                                                                                                                                                                                                                                         	Label not available                                                                                                                                                                                                                                                                                         	Label not available                                                                                                                                                                                                                                                                                         	
Maximum Value	 +0.1752000000000000E+005	 +0.1601126333522193E+003	 +0.4461066628420434E+002	 +0.1934012936998864E+003	
Time of Maximum	 +0.1752000000000000E+005	 +0.1388146666666667E+005	 +0.1386036666666667E+005	 +0.1388146666666667E+005	
  
	Minimum Instantaneous Values
	Label not available                                                                                                                                                                                                                                                                                         	Label not available                                                                                                                                                                                                                                                                                         	Label not available                                                                                                                                                                                                                                                                                         	Label not available                                                                                                                                                                                                                                                                                         	
Minimum Value	 +0.7300033333333334E+004	 +0.0000000000000000E+000	 +0.0000000000000000E+000	 +0.0000000000000000E+000	
Time of Minimum	 +0.7300033333333334E+004	 +0.1752000000000000E+005	 +0.1752000000000000E+005	 +0.1752000000000000E+005	
  
	Maximum Integrated Values
	Label not available                                                                                                                                                                                                                                                                                         	Label not available                                                                                                                                                                                                                                                                                         	Label not available                                                                                                                                                                                                                                                                                         	Label not available                                                                                                                                                                                                                                                                                         	
Maximum Value	 +0.1752000000000000E+005	 +0.3239739567275816E+005	 +0.1137188071521414E+005	 +0.4376927638797228E+005	
Time of Maximum	 +0.1752000000000000E+005	 +0.9504000000000000E+004	 +0.9504000000000000E+004	 +0.9504000000000000E+004	
  
	Minimum Integrated Values
	Label not available                                                                                                                                                                                                                                                                                         	Label not available                                                                                                                                                                                                                                                                                         	Label not available                                                                                                                                                                                                                                                                                         	Label not available                                                                                                                                                                                                                                                                                         	
Minimum Value	 +0.8016000000000000E+004	 +0.2139202392258378E+004	 +0.5419386030911533E+003	 +0.2681140995349531E+004	
Time of Minimum	 +0.8016000000000000E+004	 +0.1384800000000000E+005	 +0.1384800000000000E+005	 +0.1384800000000000E+005	
  
	Sum (note: sums are set to zero for inputs that were not integrated.)
	Label not available                                                                                                                                                                                                                                                                                         	Label not available                                                                                                                                                                                                                                                                                         	Label not available                                                                                                                                                                                                                                                                                         	Label not available                                                                                                                                                                                                                                                                                         	
Total	 +0.0000000000000000E+000	 +0.2501874736291998E+006	 +0.7823914829238380E+005	 +0.3284266219215837E+006	
