 	Label not available                                                                                                                                                                                                                                                                                         	Label not available                                                                                                                                                                                                                                                                                         	Label not available                                                                                                                                                                                                                                                                                         	Label not available                                                                                                                                                                                                                                                                                         	
Month 	TIME                     	QSnk322PauxEvap_kW       	QSnk322PelAuxComp_kW     	QSnk322PauxCondSwitch_kW 	
November 	 +0.8016000000000000E+004	 +0.6166327252157792E+005	 +0.1843593722406983E+005	 +0.8009920974564746E+005	
December 	 +0.8760000000000000E+004	 +0.7662025941629836E+005	 +0.2561532295982143E+005	 +0.1022355823761192E+006	
January  	 +0.9504000000000000E+004	 +0.8013276590684392E+005	 +0.3064353891431005E+005	 +0.1107763048211551E+006	
February 	 +0.1017600000000000E+005	 +0.6690667954277023E+005	 +0.2578201430304887E+005	 +0.9268869384581914E+005	
March    	 +0.1092000000000000E+005	 +0.5886859082774217E+005	 +0.1984038275750766E+005	 +0.7870897358524973E+005	
April    	 +0.1164000000000000E+005	 +0.4471991247976304E+005	 +0.1327179454321336E+005	 +0.5799170702297649E+005	
May      	 +0.1238400000000000E+005	 +0.2833477211144682E+005	 +0.7886091229269658E+004	 +0.3622086334071666E+005	
June     	 +0.1310400000000000E+005	 +0.1375521192516047E+005	 +0.3810960269366175E+004	 +0.1756617219452661E+005	
July     	 +0.1384800000000000E+005	 +0.9442277673909924E+004	 +0.2687185549898167E+004	 +0.1212946322380806E+005	
August   	 +0.1459200000000000E+005	 +0.1218460139674998E+005	 +0.3246413794408464E+004	 +0.1543101519115844E+005	
September	 +0.1531200000000000E+005	 +0.2159068787429166E+005	 +0.5404006723536763E+004	 +0.2699469459782842E+005	
October  	 +0.1605600000000000E+005	 +0.4204992558035195E+005	 +0.1100382031816256E+005	 +0.5305374589851440E+005	
November 	 +0.1677600000000000E+005	 +0.6136576487191176E+005	 +0.1824016854067091E+005	 +0.7960593341258277E+005	
December 	 +0.1752000000000000E+005	 +0.7669683947547693E+005	 +0.2561552532686204E+005	 +0.1023123648023386E+006	
  
	Maximum Instantaneous Values
	Label not available                                                                                                                                                                                                                                                                                         	Label not available                                                                                                                                                                                                                                                                                         	Label not available                                                                                                                                                                                                                                                                                         	Label not available                                                                                                                                                                                                                                                                                         	
Maximum Value	 +0.1752000000000000E+005	 +0.4379558250510690E+003	 +0.1215166119927658E+003	 +0.5283100334026161E+003	
Time of Maximum	 +0.1752000000000000E+005	 +0.1450656666666667E+005	 +0.1449630000000000E+005	 +0.1450283333333333E+005	
  
	Minimum Instantaneous Values
	Label not available                                                                                                                                                                                                                                                                                         	Label not available                                                                                                                                                                                                                                                                                         	Label not available                                                                                                                                                                                                                                                                                         	Label not available                                                                                                                                                                                                                                                                                         	
Minimum Value	 +0.7300033333333334E+004	 +0.0000000000000000E+000	 +0.0000000000000000E+000	 +0.0000000000000000E+000	
Time of Minimum	 +0.7300033333333334E+004	 +0.1752000000000000E+005	 +0.1752000000000000E+005	 +0.1752000000000000E+005	
  
	Maximum Integrated Values
	Label not available                                                                                                                                                                                                                                                                                         	Label not available                                                                                                                                                                                                                                                                                         	Label not available                                                                                                                                                                                                                                                                                         	Label not available                                                                                                                                                                                                                                                                                         	
Maximum Value	 +0.1752000000000000E+005	 +0.8013276590684392E+005	 +0.3064353891431005E+005	 +0.1107763048211551E+006	
Time of Maximum	 +0.1752000000000000E+005	 +0.9504000000000000E+004	 +0.9504000000000000E+004	 +0.9504000000000000E+004	
  
	Minimum Integrated Values
	Label not available                                                                                                                                                                                                                                                                                         	Label not available                                                                                                                                                                                                                                                                                         	Label not available                                                                                                                                                                                                                                                                                         	Label not available                                                                                                                                                                                                                                                                                         	
Minimum Value	 +0.8016000000000000E+004	 +0.9442277673909924E+004	 +0.2687185549898167E+004	 +0.1212946322380806E+005	
Time of Minimum	 +0.8016000000000000E+004	 +0.1384800000000000E+005	 +0.1384800000000000E+005	 +0.1384800000000000E+005	
  
	Sum (note: sums are set to zero for inputs that were not integrated.)
	Label not available                                                                                                                                                                                                                                                                                         	Label not available                                                                                                                                                                                                                                                                                         	Label not available                                                                                                                                                                                                                                                                                         	Label not available                                                                                                                                                                                                                                                                                         	
Total	 +0.0000000000000000E+000	 +0.6543315616042964E+006	 +0.2114831624541463E+006	 +0.8658147240584443E+006	
