 	Label not available                                                                                                                                                                                                                                                                                         	Label not available                                                                                                                                                                                                                                                                                         	Label not available                                                                                                                                                                                                                                                                                         	Label not available                                                                                                                                                                                                                                                                                         	
Month 	TIME                     	QSnk183PauxEvap_kW       	QSnk183PelAuxComp_kW     	QSnk183PauxCondSwitch_kW 	
November 	 +0.8016000000000000E+004	 +0.3830642980942011E+004	 +0.1152204823536586E+004	 +0.4982847804478614E+004	
December 	 +0.8760000000000000E+004	 +0.4883403227288713E+004	 +0.1622901189901319E+004	 +0.6506304417190010E+004	
January  	 +0.9504000000000000E+004	 +0.5195055917501673E+004	 +0.1942091005075019E+004	 +0.7137146922576715E+004	
February 	 +0.1017600000000000E+005	 +0.4345566861754471E+004	 +0.1648925599668881E+004	 +0.5994492461423336E+004	
March    	 +0.1092000000000000E+005	 +0.3723170002796180E+004	 +0.1250310191451660E+004	 +0.4973480194247809E+004	
April    	 +0.1164000000000000E+005	 +0.2725603598489107E+004	 +0.8096789838841183E+003	 +0.3535282582373236E+004	
May      	 +0.1238400000000000E+005	 +0.1584862714709161E+004	 +0.4425236885282803E+003	 +0.2027386403237438E+004	
June     	 +0.1310400000000000E+005	 +0.7459988019245216E+003	 +0.2107692496204426E+003	 +0.9567680515449646E+003	
July     	 +0.1384800000000000E+005	 +0.4987784547627874E+003	 +0.1500980630831522E+003	 +0.6488765178459410E+003	
August   	 +0.1459200000000000E+005	 +0.6726750890644698E+003	 +0.1879035150469598E+003	 +0.8605786041114292E+003	
September	 +0.1531200000000000E+005	 +0.1111314399911751E+004	 +0.2892762099493982E+003	 +0.1400590609861148E+004	
October  	 +0.1605600000000000E+005	 +0.2461508773072062E+004	 +0.6515858611345599E+003	 +0.3113094634206613E+004	
November 	 +0.1677600000000000E+005	 +0.3805345608061469E+004	 +0.1139536365184475E+004	 +0.4944881973245933E+004	
December 	 +0.1752000000000000E+005	 +0.4885860980037092E+004	 +0.1622311149391016E+004	 +0.6508172129428150E+004	
  
	Maximum Instantaneous Values
	Label not available                                                                                                                                                                                                                                                                                         	Label not available                                                                                                                                                                                                                                                                                         	Label not available                                                                                                                                                                                                                                                                                         	Label not available                                                                                                                                                                                                                                                                                         	
Maximum Value	 +0.1752000000000000E+005	 +0.2494761585042761E+002	 +0.6759948795486054E+001	 +0.2994277303523738E+002	
Time of Maximum	 +0.1752000000000000E+005	 +0.1392743333333333E+005	 +0.1365600000000000E+005	 +0.1392743333333333E+005	
  
	Minimum Instantaneous Values
	Label not available                                                                                                                                                                                                                                                                                         	Label not available                                                                                                                                                                                                                                                                                         	Label not available                                                                                                                                                                                                                                                                                         	Label not available                                                                                                                                                                                                                                                                                         	
Minimum Value	 +0.7300033333333334E+004	 +0.0000000000000000E+000	 +0.0000000000000000E+000	 +0.0000000000000000E+000	
Time of Minimum	 +0.7300033333333334E+004	 +0.1752000000000000E+005	 +0.1752000000000000E+005	 +0.1752000000000000E+005	
  
	Maximum Integrated Values
	Label not available                                                                                                                                                                                                                                                                                         	Label not available                                                                                                                                                                                                                                                                                         	Label not available                                                                                                                                                                                                                                                                                         	Label not available                                                                                                                                                                                                                                                                                         	
Maximum Value	 +0.1752000000000000E+005	 +0.5195055917501673E+004	 +0.1942091005075019E+004	 +0.7137146922576715E+004	
Time of Maximum	 +0.1752000000000000E+005	 +0.9504000000000000E+004	 +0.9504000000000000E+004	 +0.9504000000000000E+004	
  
	Minimum Integrated Values
	Label not available                                                                                                                                                                                                                                                                                         	Label not available                                                                                                                                                                                                                                                                                         	Label not available                                                                                                                                                                                                                                                                                         	Label not available                                                                                                                                                                                                                                                                                         	
Minimum Value	 +0.8016000000000000E+004	 +0.4987784547627874E+003	 +0.1500980630831522E+003	 +0.6488765178459410E+003	
Time of Minimum	 +0.8016000000000000E+004	 +0.1384800000000000E+005	 +0.1384800000000000E+005	 +0.1384800000000000E+005	
  
	Sum (note: sums are set to zero for inputs that were not integrated.)
	Label not available                                                                                                                                                                                                                                                                                         	Label not available                                                                                                                                                                                                                                                                                         	Label not available                                                                                                                                                                                                                                                                                         	Label not available                                                                                                                                                                                                                                                                                         	
Total	 +0.0000000000000000E+000	 +0.4046978741031523E+005	 +0.1312011589545600E+005	 +0.5358990330577161E+005	
