 	Label not available                                                                                                                                                                                                                                                                                         	Label not available                                                                                                                                                                                                                                                                                         	Label not available                                                                                                                                                                                                                                                                                         	Label not available                                                                                                                                                                                                                                                                                         	
Month 	TIME                     	QSnk417PauxEvap_kW       	QSnk417PelAuxComp_kW     	QSnk417PauxCondSwitch_kW 	
November 	 +0.8016000000000000E+004	 +0.2288193297361673E+005	 +0.6885679406125466E+004	 +0.2976761237974234E+005	
December 	 +0.8760000000000000E+004	 +0.2841719911477044E+005	 +0.9558548387293355E+004	 +0.3797574750206379E+005	
January  	 +0.9504000000000000E+004	 +0.2973438249534056E+005	 +0.1140993400878046E+005	 +0.4114431650412064E+005	
February 	 +0.1017600000000000E+005	 +0.2480257511496369E+005	 +0.9629523918119670E+004	 +0.3443209903308332E+005	
March    	 +0.1092000000000000E+005	 +0.2178433235729500E+005	 +0.7472320046137061E+004	 +0.2925665240343198E+005	
April    	 +0.1164000000000000E+005	 +0.1654568979338936E+005	 +0.5046191548496412E+004	 +0.2159188134188582E+005	
May      	 +0.1238400000000000E+005	 +0.1055857756969148E+005	 +0.3057084022024402E+004	 +0.1361566159171593E+005	
June     	 +0.1310400000000000E+005	 +0.5101443328408327E+004	 +0.1481772380126635E+004	 +0.6583215708534959E+004	
July     	 +0.1384800000000000E+005	 +0.3491954584070471E+004	 +0.1045077914662459E+004	 +0.4537032498732926E+004	
August   	 +0.1459200000000000E+005	 +0.4587622828519422E+004	 +0.1258384564658270E+004	 +0.5846007393177691E+004	
September	 +0.1531200000000000E+005	 +0.8061748971483931E+004	 +0.2050653614556432E+004	 +0.1011240258604035E+005	
October  	 +0.1605600000000000E+005	 +0.1561158218338233E+005	 +0.4129269607300067E+004	 +0.1974085179068235E+005	
November 	 +0.1677600000000000E+005	 +0.2279198593017869E+005	 +0.6822895069343431E+004	 +0.2961488099952221E+005	
December 	 +0.1752000000000000E+005	 +0.2841499126300809E+005	 +0.9554003921512653E+004	 +0.3796899518452072E+005	
  
	Maximum Instantaneous Values
	Label not available                                                                                                                                                                                                                                                                                         	Label not available                                                                                                                                                                                                                                                                                         	Label not available                                                                                                                                                                                                                                                                                         	Label not available                                                                                                                                                                                                                                                                                         	
Maximum Value	 +0.1752000000000000E+005	 +0.1592049700648242E+003	 +0.4496116306594845E+002	 +0.1924640302439749E+003	
Time of Maximum	 +0.1752000000000000E+005	 +0.1450800000000000E+005	 +0.1484290000000000E+005	 +0.1455390000000000E+005	
  
	Minimum Instantaneous Values
	Label not available                                                                                                                                                                                                                                                                                         	Label not available                                                                                                                                                                                                                                                                                         	Label not available                                                                                                                                                                                                                                                                                         	Label not available                                                                                                                                                                                                                                                                                         	
Minimum Value	 +0.7300033333333334E+004	 +0.0000000000000000E+000	 +0.0000000000000000E+000	 +0.0000000000000000E+000	
Time of Minimum	 +0.7300033333333334E+004	 +0.1752000000000000E+005	 +0.1752000000000000E+005	 +0.1752000000000000E+005	
  
	Maximum Integrated Values
	Label not available                                                                                                                                                                                                                                                                                         	Label not available                                                                                                                                                                                                                                                                                         	Label not available                                                                                                                                                                                                                                                                                         	Label not available                                                                                                                                                                                                                                                                                         	
Maximum Value	 +0.1752000000000000E+005	 +0.2973438249534056E+005	 +0.1140993400878046E+005	 +0.4114431650412064E+005	
Time of Maximum	 +0.1752000000000000E+005	 +0.9504000000000000E+004	 +0.9504000000000000E+004	 +0.9504000000000000E+004	
  
	Minimum Integrated Values
	Label not available                                                                                                                                                                                                                                                                                         	Label not available                                                                                                                                                                                                                                                                                         	Label not available                                                                                                                                                                                                                                                                                         	Label not available                                                                                                                                                                                                                                                                                         	
Minimum Value	 +0.8016000000000000E+004	 +0.3491954584070471E+004	 +0.1045077914662459E+004	 +0.4537032498732926E+004	
Time of Minimum	 +0.8016000000000000E+004	 +0.1384800000000000E+005	 +0.1384800000000000E+005	 +0.1384800000000000E+005	
  
	Sum (note: sums are set to zero for inputs that were not integrated.)
	Label not available                                                                                                                                                                                                                                                                                         	Label not available                                                                                                                                                                                                                                                                                         	Label not available                                                                                                                                                                                                                                                                                         	Label not available                                                                                                                                                                                                                                                                                         	
Total	 +0.0000000000000000E+000	 +0.2427860185081178E+006	 +0.7940133840913681E+005	 +0.3221873569172543E+006	
