 	Label not available                                                                                                                                                                                                                                                                                         	Label not available                                                                                                                                                                                                                                                                                         	Label not available                                                                                                                                                                                                                                                                                         	Label not available                                                                                                                                                                                                                                                                                         	
Month 	TIME                     	QSnk539PauxEvap_kW       	QSnk539PelAuxComp_kW     	QSnk539PauxCondSwitch_kW 	
November 	 +0.8016000000000000E+004	 +0.3573962036642332E+005	 +0.1073947211035248E+005	 +0.4647909247677563E+005	
December 	 +0.8760000000000000E+004	 +0.4516192208174553E+005	 +0.1507704791148845E+005	 +0.6023896999323424E+005	
January  	 +0.9504000000000000E+004	 +0.4752747913885059E+005	 +0.1797380562294176E+005	 +0.6550128476179210E+005	
February 	 +0.1017600000000000E+005	 +0.3962714349406860E+005	 +0.1516875282214032E+005	 +0.5479589631620891E+005	
March    	 +0.1092000000000000E+005	 +0.3450515924550074E+005	 +0.1163965883054690E+005	 +0.4614481807604757E+005	
April    	 +0.1164000000000000E+005	 +0.2568143930399684E+005	 +0.7673731565810046E+004	 +0.3335517086980694E+005	
May      	 +0.1238400000000000E+005	 +0.1537855994670973E+005	 +0.4341155639624356E+004	 +0.1971971558633407E+005	
June     	 +0.1310400000000000E+005	 +0.7191540443323401E+004	 +0.2049116717009131E+004	 +0.9240657160332530E+004	
July     	 +0.1384800000000000E+005	 +0.4641410406290926E+004	 +0.1389440613207915E+004	 +0.6030851019498827E+004	
August   	 +0.1459200000000000E+005	 +0.6290852436116390E+004	 +0.1732387234782179E+004	 +0.8023239670898563E+004	
September	 +0.1531200000000000E+005	 +0.1127837237482476E+005	 +0.2882291890666422E+004	 +0.1416066426549125E+005	
October  	 +0.1605600000000000E+005	 +0.2352569114236531E+005	 +0.6201579774093204E+004	 +0.2972727091645861E+005	
November 	 +0.1677600000000000E+005	 +0.3545580206620317E+005	 +0.1060300820705286E+005	 +0.4605881027325593E+005	
December 	 +0.1752000000000000E+005	 +0.4519285962669914E+005	 +0.1506486697212215E+005	 +0.6025772659882081E+005	
  
	Maximum Instantaneous Values
	Label not available                                                                                                                                                                                                                                                                                         	Label not available                                                                                                                                                                                                                                                                                         	Label not available                                                                                                                                                                                                                                                                                         	Label not available                                                                                                                                                                                                                                                                                         	
Maximum Value	 +0.1752000000000000E+005	 +0.2455490339184937E+003	 +0.6742718376725210E+002	 +0.2954824159104608E+003	
Time of Maximum	 +0.1752000000000000E+005	 +0.1392846666666667E+005	 +0.1462643333333333E+005	 +0.1392846666666667E+005	
  
	Minimum Instantaneous Values
	Label not available                                                                                                                                                                                                                                                                                         	Label not available                                                                                                                                                                                                                                                                                         	Label not available                                                                                                                                                                                                                                                                                         	Label not available                                                                                                                                                                                                                                                                                         	
Minimum Value	 +0.7300033333333334E+004	 +0.0000000000000000E+000	 +0.0000000000000000E+000	 +0.0000000000000000E+000	
Time of Minimum	 +0.7300033333333334E+004	 +0.1752000000000000E+005	 +0.1752000000000000E+005	 +0.1752000000000000E+005	
  
	Maximum Integrated Values
	Label not available                                                                                                                                                                                                                                                                                         	Label not available                                                                                                                                                                                                                                                                                         	Label not available                                                                                                                                                                                                                                                                                         	Label not available                                                                                                                                                                                                                                                                                         	
Maximum Value	 +0.1752000000000000E+005	 +0.4752747913885059E+005	 +0.1797380562294176E+005	 +0.6550128476179210E+005	
Time of Maximum	 +0.1752000000000000E+005	 +0.9504000000000000E+004	 +0.9504000000000000E+004	 +0.9504000000000000E+004	
  
	Minimum Integrated Values
	Label not available                                                                                                                                                                                                                                                                                         	Label not available                                                                                                                                                                                                                                                                                         	Label not available                                                                                                                                                                                                                                                                                         	Label not available                                                                                                                                                                                                                                                                                         	
Minimum Value	 +0.8016000000000000E+004	 +0.4641410406290926E+004	 +0.1389440613207915E+004	 +0.6030851019498827E+004	
Time of Minimum	 +0.8016000000000000E+004	 +0.1384800000000000E+005	 +0.1384800000000000E+005	 +0.1384800000000000E+005	
  
	Sum (note: sums are set to zero for inputs that were not integrated.)
	Label not available                                                                                                                                                                                                                                                                                         	Label not available                                                                                                                                                                                                                                                                                         	Label not available                                                                                                                                                                                                                                                                                         	Label not available                                                                                                                                                                                                                                                                                         	
Total	 +0.0000000000000000E+000	 +0.3771978520731170E+006	 +0.1225363159118394E+006	 +0.4997341679849544E+006	
