 	Label not available                                                                                                                                                                                                                                                                                         	Label not available                                                                                                                                                                                                                                                                                         	Label not available                                                                                                                                                                                                                                                                                         	Label not available                                                                                                                                                                                                                                                                                         	
Month 	TIME                     	QSnk558PauxEvap_kW       	QSnk558PelAuxComp_kW     	QSnk558PauxCondSwitch_kW 	
November 	 +0.8016000000000000E+004	 +0.1540470020804484E+006	 +0.4566367013965574E+005	 +0.1997106722201034E+006	
December 	 +0.8760000000000000E+004	 +0.2016993030915458E+006	 +0.6571792276030553E+005	 +0.2674172258518488E+006	
January  	 +0.9504000000000000E+004	 +0.2156638190465632E+006	 +0.7866989490721803E+005	 +0.2943337139537800E+006	
February 	 +0.1017600000000000E+005	 +0.1815709312567062E+006	 +0.6733149108886442E+005	 +0.2489024223455701E+006	
March    	 +0.1092000000000000E+005	 +0.1504253003974321E+006	 +0.5010805598669988E+005	 +0.2005333563841323E+006	
April    	 +0.1164000000000000E+005	 +0.1061176603038253E+006	 +0.3159889790604479E+005	 +0.1377165582098698E+006	
May      	 +0.1238400000000000E+005	 +0.5444045315141627E+005	 +0.1553594624435665E+005	 +0.6997639939577285E+005	
June     	 +0.1310400000000000E+005	 +0.2222977069197262E+005	 +0.6507460750604012E+004	 +0.2873723144257665E+005	
July     	 +0.1384800000000000E+005	 +0.1329847983277449E+005	 +0.4260437521346773E+004	 +0.1755891735412125E+005	
August   	 +0.1459200000000000E+005	 +0.1973508997649868E+005	 +0.5582366017865235E+004	 +0.2531745599436388E+005	
September	 +0.1531200000000000E+005	 +0.3551017254771926E+005	 +0.9247022933219429E+004	 +0.4475719548093866E+005	
October  	 +0.1605600000000000E+005	 +0.9348887466172077E+005	 +0.2460007119891203E+005	 +0.1180889458606324E+006	
November 	 +0.1677600000000000E+005	 +0.1522510646906375E+006	 +0.4497135705130343E+005	 +0.1972224217419416E+006	
December 	 +0.1752000000000000E+005	 +0.2017669531404194E+006	 +0.6569847924442614E+005	 +0.2674654323848460E+006	
  
	Maximum Instantaneous Values
	Label not available                                                                                                                                                                                                                                                                                         	Label not available                                                                                                                                                                                                                                                                                         	Label not available                                                                                                                                                                                                                                                                                         	Label not available                                                                                                                                                                                                                                                                                         	
Maximum Value	 +0.1752000000000000E+005	 +0.9564397025515102E+003	 +0.2689542219032687E+003	 +0.1155160189315210E+004	
Time of Maximum	 +0.1752000000000000E+005	 +0.1390230000000000E+005	 +0.1443443333333333E+005	 +0.1390230000000000E+005	
  
	Minimum Instantaneous Values
	Label not available                                                                                                                                                                                                                                                                                         	Label not available                                                                                                                                                                                                                                                                                         	Label not available                                                                                                                                                                                                                                                                                         	Label not available                                                                                                                                                                                                                                                                                         	
Minimum Value	 +0.7300033333333334E+004	 +0.0000000000000000E+000	 +0.0000000000000000E+000	 +0.0000000000000000E+000	
Time of Minimum	 +0.7300033333333334E+004	 +0.1752000000000000E+005	 +0.1752000000000000E+005	 +0.1752000000000000E+005	
  
	Maximum Integrated Values
	Label not available                                                                                                                                                                                                                                                                                         	Label not available                                                                                                                                                                                                                                                                                         	Label not available                                                                                                                                                                                                                                                                                         	Label not available                                                                                                                                                                                                                                                                                         	
Maximum Value	 +0.1752000000000000E+005	 +0.2156638190465632E+006	 +0.7866989490721803E+005	 +0.2943337139537800E+006	
Time of Maximum	 +0.1752000000000000E+005	 +0.9504000000000000E+004	 +0.9504000000000000E+004	 +0.9504000000000000E+004	
  
	Minimum Integrated Values
	Label not available                                                                                                                                                                                                                                                                                         	Label not available                                                                                                                                                                                                                                                                                         	Label not available                                                                                                                                                                                                                                                                                         	Label not available                                                                                                                                                                                                                                                                                         	
Minimum Value	 +0.8016000000000000E+004	 +0.1329847983277449E+005	 +0.4260437521346773E+004	 +0.1755891735412125E+005	
Time of Minimum	 +0.8016000000000000E+004	 +0.1384800000000000E+005	 +0.1384800000000000E+005	 +0.1384800000000000E+005	
  
	Sum (note: sums are set to zero for inputs that were not integrated.)
	Label not available                                                                                                                                                                                                                                                                                         	Label not available                                                                                                                                                                                                                                                                                         	Label not available                                                                                                                                                                                                                                                                                         	Label not available                                                                                                                                                                                                                                                                                         	
Total	 +0.0000000000000000E+000	 +0.1602244874869678E+007	 +0.5154930737508214E+006	 +0.2117737948620482E+007	
