 	Label not available                                                                                                                                                                                                                                                                                         	Label not available                                                                                                                                                                                                                                                                                         	Label not available                                                                                                                                                                                                                                                                                         	Label not available                                                                                                                                                                                                                                                                                         	
Month 	TIME                     	QSnk243PauxEvap_kW       	QSnk243PelAuxComp_kW     	QSnk243PauxCondSwitch_kW 	
November 	 +0.8016000000000000E+004	 +0.1682761742059934E+006	 +0.5018913326155421E+005	 +0.2184653074675470E+006	
December 	 +0.8760000000000000E+004	 +0.2160154031714951E+006	 +0.7120950969484152E+005	 +0.2872249128663358E+006	
January  	 +0.9504000000000000E+004	 +0.2298786660735638E+006	 +0.8528983425064669E+005	 +0.3151685003242090E+006	
February 	 +0.1017600000000000E+005	 +0.1921205720870727E+006	 +0.7239702167145348E+005	 +0.2645175937585265E+006	
March    	 +0.1092000000000000E+005	 +0.1629967446815461E+006	 +0.5467592482654362E+005	 +0.2176726695080892E+006	
April    	 +0.1164000000000000E+005	 +0.1185650270889084E+006	 +0.3535175947902686E+005	 +0.1539167865679358E+006	
May      	 +0.1238400000000000E+005	 +0.6654935609766826E+005	 +0.1890589116909486E+005	 +0.8545524726676320E+005	
June     	 +0.1310400000000000E+005	 +0.2904666354553409E+005	 +0.8397323924943594E+004	 +0.3744398747047770E+005	
July     	 +0.1384800000000000E+005	 +0.1805793522879637E+005	 +0.5588257268734203E+004	 +0.2364619249753060E+005	
August   	 +0.1459200000000000E+005	 +0.2596642040381155E+005	 +0.7221655791240705E+004	 +0.3318807619505222E+005	
September	 +0.1531200000000000E+005	 +0.4532608431691008E+005	 +0.1167659846887490E+005	 +0.5700268278578483E+005	
October  	 +0.1605600000000000E+005	 +0.1070195337063120E+006	 +0.2817996846300228E+005	 +0.1351995021693146E+006	
November 	 +0.1677600000000000E+005	 +0.1666165562148256E+006	 +0.4949060634730657E+005	 +0.2161071625621331E+006	
December 	 +0.1752000000000000E+005	 +0.2160794058190275E+006	 +0.7120918699672230E+005	 +0.2872885928157501E+006	
  
	Maximum Instantaneous Values
	Label not available                                                                                                                                                                                                                                                                                         	Label not available                                                                                                                                                                                                                                                                                         	Label not available                                                                                                                                                                                                                                                                                         	Label not available                                                                                                                                                                                                                                                                                         	
Maximum Value	 +0.1752000000000000E+005	 +0.1076021956510620E+004	 +0.3031801933935344E+003	 +0.1299698603016600E+004	
Time of Maximum	 +0.1752000000000000E+005	 +0.1450400000000000E+005	 +0.1429003333333333E+005	 +0.1450400000000000E+005	
  
	Minimum Instantaneous Values
	Label not available                                                                                                                                                                                                                                                                                         	Label not available                                                                                                                                                                                                                                                                                         	Label not available                                                                                                                                                                                                                                                                                         	Label not available                                                                                                                                                                                                                                                                                         	
Minimum Value	 +0.7300033333333334E+004	 +0.0000000000000000E+000	 +0.0000000000000000E+000	 +0.0000000000000000E+000	
Time of Minimum	 +0.7300033333333334E+004	 +0.1752000000000000E+005	 +0.1752000000000000E+005	 +0.1752000000000000E+005	
  
	Maximum Integrated Values
	Label not available                                                                                                                                                                                                                                                                                         	Label not available                                                                                                                                                                                                                                                                                         	Label not available                                                                                                                                                                                                                                                                                         	Label not available                                                                                                                                                                                                                                                                                         	
Maximum Value	 +0.1752000000000000E+005	 +0.2298786660735638E+006	 +0.8528983425064669E+005	 +0.3151685003242090E+006	
Time of Maximum	 +0.1752000000000000E+005	 +0.9504000000000000E+004	 +0.9504000000000000E+004	 +0.9504000000000000E+004	
  
	Minimum Integrated Values
	Label not available                                                                                                                                                                                                                                                                                         	Label not available                                                                                                                                                                                                                                                                                         	Label not available                                                                                                                                                                                                                                                                                         	Label not available                                                                                                                                                                                                                                                                                         	
Minimum Value	 +0.8016000000000000E+004	 +0.1805793522879637E+005	 +0.5588257268734203E+004	 +0.2364619249753060E+005	
Time of Minimum	 +0.8016000000000000E+004	 +0.1384800000000000E+005	 +0.1384800000000000E+005	 +0.1384800000000000E+005	
  
	Sum (note: sums are set to zero for inputs that were not integrated.)
	Label not available                                                                                                                                                                                                                                                                                         	Label not available                                                                                                                                                                                                                                                                                         	Label not available                                                                                                                                                                                                                                                                                         	Label not available                                                                                                                                                                                                                                                                                         	
Total	 +0.0000000000000000E+000	 +0.1762514542641458E+007	 +0.5697826716139974E+006	 +0.2332297214255473E+007	
