 	Label not available                                                                                                                                                                                                                                                                                         	Label not available                                                                                                                                                                                                                                                                                         	Label not available                                                                                                                                                                                                                                                                                         	Label not available                                                                                                                                                                                                                                                                                         	
Month 	TIME                     	QSnk225PauxEvap_kW       	QSnk225PelAuxComp_kW     	QSnk225PauxCondSwitch_kW 	
November 	 +0.8016000000000000E+004	 +0.7990108652916891E+005	 +0.2382303099260468E+005	 +0.1037241175217731E+006	
December 	 +0.8760000000000000E+004	 +0.9928964543155658E+005	 +0.3311904624585432E+005	 +0.1324086916774106E+006	
January  	 +0.9504000000000000E+004	 +0.1038535935424806E+006	 +0.3969605252253198E+005	 +0.1435496460650125E+006	
February 	 +0.1017600000000000E+005	 +0.8679039170914868E+005	 +0.3326287218727416E+005	 +0.1200532638964228E+006	
March    	 +0.1092000000000000E+005	 +0.7645191009877244E+005	 +0.2547215193366914E+005	 +0.1019240620324415E+006	
April    	 +0.1164000000000000E+005	 +0.5808812197843703E+005	 +0.1693733996288314E+005	 +0.7502546194131977E+005	
May      	 +0.1238400000000000E+005	 +0.3709616406352312E+005	 +0.1009020781955228E+005	 +0.4718637188307523E+005	
June     	 +0.1310400000000000E+005	 +0.1762264395636975E+005	 +0.4745550013712291E+004	 +0.2236819397008204E+005	
July     	 +0.1384800000000000E+005	 +0.1252362455971545E+005	 +0.3444851318807889E+004	 +0.1596847587852336E+005	
August   	 +0.1459200000000000E+005	 +0.1566684310561582E+005	 +0.4123633250760862E+004	 +0.1979047635637672E+005	
September	 +0.1531200000000000E+005	 +0.2784729795492559E+005	 +0.6928446729019128E+004	 +0.3477574468394485E+005	
October  	 +0.1605600000000000E+005	 +0.5450652441943880E+005	 +0.1417950161838298E+005	 +0.6868602603782204E+005	
November 	 +0.1677600000000000E+005	 +0.7952289976721017E+005	 +0.2355018143795202E+005	 +0.1030730812051623E+006	
December 	 +0.1752000000000000E+005	 +0.9937431008839456E+005	 +0.3310853368250821E+005	 +0.1324828437709023E+006	
  
	Maximum Instantaneous Values
	Label not available                                                                                                                                                                                                                                                                                         	Label not available                                                                                                                                                                                                                                                                                         	Label not available                                                                                                                                                                                                                                                                                         	Label not available                                                                                                                                                                                                                                                                                         	
Maximum Value	 +0.1752000000000000E+005	 +0.5748980470225141E+003	 +0.1579184692745093E+003	 +0.6911388498459936E+003	
Time of Maximum	 +0.1752000000000000E+005	 +0.1392716666666667E+005	 +0.1402693333333333E+005	 +0.1392716666666667E+005	
  
	Minimum Instantaneous Values
	Label not available                                                                                                                                                                                                                                                                                         	Label not available                                                                                                                                                                                                                                                                                         	Label not available                                                                                                                                                                                                                                                                                         	Label not available                                                                                                                                                                                                                                                                                         	
Minimum Value	 +0.7300033333333334E+004	 +0.0000000000000000E+000	 +0.0000000000000000E+000	 +0.0000000000000000E+000	
Time of Minimum	 +0.7300033333333334E+004	 +0.1752000000000000E+005	 +0.1752000000000000E+005	 +0.1752000000000000E+005	
  
	Maximum Integrated Values
	Label not available                                                                                                                                                                                                                                                                                         	Label not available                                                                                                                                                                                                                                                                                         	Label not available                                                                                                                                                                                                                                                                                         	Label not available                                                                                                                                                                                                                                                                                         	
Maximum Value	 +0.1752000000000000E+005	 +0.1038535935424806E+006	 +0.3969605252253198E+005	 +0.1435496460650125E+006	
Time of Maximum	 +0.1752000000000000E+005	 +0.9504000000000000E+004	 +0.9504000000000000E+004	 +0.9504000000000000E+004	
  
	Minimum Integrated Values
	Label not available                                                                                                                                                                                                                                                                                         	Label not available                                                                                                                                                                                                                                                                                         	Label not available                                                                                                                                                                                                                                                                                         	Label not available                                                                                                                                                                                                                                                                                         	
Minimum Value	 +0.8016000000000000E+004	 +0.1252362455971545E+005	 +0.3444851318807889E+004	 +0.1596847587852336E+005	
Time of Minimum	 +0.8016000000000000E+004	 +0.1384800000000000E+005	 +0.1384800000000000E+005	 +0.1384800000000000E+005	
  
	Sum (note: sums are set to zero for inputs that were not integrated.)
	Label not available                                                                                                                                                                                                                                                                                         	Label not available                                                                                                                                                                                                                                                                                         	Label not available                                                                                                                                                                                                                                                                                         	Label not available                                                                                                                                                                                                                                                                                         	
Total	 +0.0000000000000000E+000	 +0.8485350572047514E+006	 +0.2724813997155111E+006	 +0.1121016456920280E+007	
