 	Label not available                                                                                                                                                                                                                                                                                         	Label not available                                                                                                                                                                                                                                                                                         	Label not available                                                                                                                                                                                                                                                                                         	Label not available                                                                                                                                                                                                                                                                                         	
Month 	TIME                     	QSnk60PauxEvap_kW        	QSnk60PelAuxComp_kW      	QSnk60PauxCondSwitch_kW  	
November 	 +0.8016000000000000E+004	 +0.4005154735143170E+005	 +0.1198367651079865E+005	 +0.5203522386223041E+005	
December 	 +0.8760000000000000E+004	 +0.5136316071758235E+005	 +0.1697448828943001E+005	 +0.6833764900701244E+005	
January  	 +0.9504000000000000E+004	 +0.5462577528899485E+005	 +0.2032762664182662E+005	 +0.7495340193082170E+005	
February 	 +0.1017600000000000E+005	 +0.4569275580236861E+005	 +0.1724829987117944E+005	 +0.6294105567354817E+005	
March    	 +0.1092000000000000E+005	 +0.3888786575926634E+005	 +0.1300351172659965E+005	 +0.5189137748586638E+005	
April    	 +0.1164000000000000E+005	 +0.2832379566144974E+005	 +0.8373521948164313E+004	 +0.3669731760961421E+005	
May      	 +0.1238400000000000E+005	 +0.1608356679323937E+005	 +0.4488138791393707E+004	 +0.2057170558463303E+005	
June     	 +0.1310400000000000E+005	 +0.7033112248638202E+004	 +0.1979098848183564E+004	 +0.9012211096821769E+004	
July     	 +0.1384800000000000E+005	 +0.4582440007606015E+004	 +0.1362597511202862E+004	 +0.5945037518808876E+004	
August   	 +0.1459200000000000E+005	 +0.6137456812303915E+004	 +0.1695893257814771E+004	 +0.7833350070118689E+004	
September	 +0.1531200000000000E+005	 +0.1111247534675082E+005	 +0.2836960951277662E+004	 +0.1394943629802848E+005	
October  	 +0.1605600000000000E+005	 +0.2558019402145303E+005	 +0.6729797712764071E+004	 +0.3230999173421712E+005	
November 	 +0.1677600000000000E+005	 +0.3964168988874919E+005	 +0.1181594945774312E+005	 +0.5145763934649215E+005	
December 	 +0.1752000000000000E+005	 +0.5132846054739732E+005	 +0.1695472731613429E+005	 +0.6828318786353186E+005	
  
	Maximum Instantaneous Values
	Label not available                                                                                                                                                                                                                                                                                         	Label not available                                                                                                                                                                                                                                                                                         	Label not available                                                                                                                                                                                                                                                                                         	Label not available                                                                                                                                                                                                                                                                                         	
Maximum Value	 +0.1752000000000000E+005	 +0.2616977275549959E+003	 +0.7206550264246783E+002	 +0.3147732356441387E+003	
Time of Maximum	 +0.1752000000000000E+005	 +0.1390396666666667E+005	 +0.1383463333333333E+005	 +0.1390396666666667E+005	
  
	Minimum Instantaneous Values
	Label not available                                                                                                                                                                                                                                                                                         	Label not available                                                                                                                                                                                                                                                                                         	Label not available                                                                                                                                                                                                                                                                                         	Label not available                                                                                                                                                                                                                                                                                         	
Minimum Value	 +0.7300033333333334E+004	 +0.0000000000000000E+000	 +0.0000000000000000E+000	 +0.0000000000000000E+000	
Time of Minimum	 +0.7300033333333334E+004	 +0.1752000000000000E+005	 +0.1752000000000000E+005	 +0.1752000000000000E+005	
  
	Maximum Integrated Values
	Label not available                                                                                                                                                                                                                                                                                         	Label not available                                                                                                                                                                                                                                                                                         	Label not available                                                                                                                                                                                                                                                                                         	Label not available                                                                                                                                                                                                                                                                                         	
Maximum Value	 +0.1752000000000000E+005	 +0.5462577528899485E+005	 +0.2032762664182662E+005	 +0.7495340193082170E+005	
Time of Maximum	 +0.1752000000000000E+005	 +0.9504000000000000E+004	 +0.9504000000000000E+004	 +0.9504000000000000E+004	
  
	Minimum Integrated Values
	Label not available                                                                                                                                                                                                                                                                                         	Label not available                                                                                                                                                                                                                                                                                         	Label not available                                                                                                                                                                                                                                                                                         	Label not available                                                                                                                                                                                                                                                                                         	
Minimum Value	 +0.8016000000000000E+004	 +0.4582440007606015E+004	 +0.1362597511202862E+004	 +0.5945037518808876E+004	
Time of Minimum	 +0.8016000000000000E+004	 +0.1384800000000000E+005	 +0.1384800000000000E+005	 +0.1384800000000000E+005	
  
	Sum (note: sums are set to zero for inputs that were not integrated.)
	Label not available                                                                                                                                                                                                                                                                                         	Label not available                                                                                                                                                                                                                                                                                         	Label not available                                                                                                                                                                                                                                                                                         	Label not available                                                                                                                                                                                                                                                                                         	
Total	 +0.0000000000000000E+000	 +0.4204442962472322E+006	 +0.1357742888345103E+006	 +0.5562185850817454E+006	
