 	Label not available                                                                                                                                                                                                                                                                                         	Label not available                                                                                                                                                                                                                                                                                         	Label not available                                                                                                                                                                                                                                                                                         	Label not available                                                                                                                                                                                                                                                                                         	
Month 	TIME                     	QSnk358PauxEvap_kW       	QSnk358PelAuxComp_kW     	QSnk358PauxCondSwitch_kW 	
November 	 +0.8016000000000000E+004	 +0.1434703079469488E+005	 +0.4306334132023016E+004	 +0.1865336492671787E+005	
December 	 +0.8760000000000000E+004	 +0.1814017173413033E+005	 +0.6040536613359552E+004	 +0.2418070834748978E+005	
January  	 +0.9504000000000000E+004	 +0.1908091959074459E+005	 +0.7196254974197272E+004	 +0.2627717456494190E+005	
February 	 +0.1017600000000000E+005	 +0.1591387690103416E+005	 +0.6073822721515836E+004	 +0.2198769962254995E+005	
March    	 +0.1092000000000000E+005	 +0.1384680544667378E+005	 +0.4657274182760315E+004	 +0.1850407962943415E+005	
April    	 +0.1164000000000000E+005	 +0.1037553035007567E+005	 +0.3086406500620652E+004	 +0.1346193685069632E+005	
May      	 +0.1238400000000000E+005	 +0.6236288533724266E+004	 +0.1751992491428403E+004	 +0.7988281025152649E+004	
June     	 +0.1310400000000000E+005	 +0.2920085497709483E+004	 +0.8218571780113044E+003	 +0.3741942675720780E+004	
July     	 +0.1384800000000000E+005	 +0.1893558229333697E+004	 +0.5617941518673880E+003	 +0.2455352381201079E+004	
August   	 +0.1459200000000000E+005	 +0.2599467784094154E+004	 +0.7081760170605393E+003	 +0.3307643801154689E+004	
September	 +0.1531200000000000E+005	 +0.4596493888397194E+004	 +0.1170345792782164E+004	 +0.5766839681179361E+004	
October  	 +0.1605600000000000E+005	 +0.9460427664454533E+004	 +0.2496369860013320E+004	 +0.1195679752446781E+005	
November 	 +0.1677600000000000E+005	 +0.1425897267874489E+005	 +0.4257897057620112E+004	 +0.1851686973636493E+005	
December 	 +0.1752000000000000E+005	 +0.1814822480021877E+005	 +0.6034619293482965E+004	 +0.2418284409370178E+005	
  
	Maximum Instantaneous Values
	Label not available                                                                                                                                                                                                                                                                                         	Label not available                                                                                                                                                                                                                                                                                         	Label not available                                                                                                                                                                                                                                                                                         	Label not available                                                                                                                                                                                                                                                                                         	
Maximum Value	 +0.1752000000000000E+005	 +0.9846257996840616E+002	 +0.2702811935748892E+002	 +0.1188802188292819E+003	
Time of Maximum	 +0.1752000000000000E+005	 +0.1457676666666667E+005	 +0.1383483333333333E+005	 +0.1457676666666667E+005	
  
	Minimum Instantaneous Values
	Label not available                                                                                                                                                                                                                                                                                         	Label not available                                                                                                                                                                                                                                                                                         	Label not available                                                                                                                                                                                                                                                                                         	Label not available                                                                                                                                                                                                                                                                                         	
Minimum Value	 +0.7300033333333334E+004	 +0.0000000000000000E+000	 +0.0000000000000000E+000	 +0.0000000000000000E+000	
Time of Minimum	 +0.7300033333333334E+004	 +0.1752000000000000E+005	 +0.1752000000000000E+005	 +0.1752000000000000E+005	
  
	Maximum Integrated Values
	Label not available                                                                                                                                                                                                                                                                                         	Label not available                                                                                                                                                                                                                                                                                         	Label not available                                                                                                                                                                                                                                                                                         	Label not available                                                                                                                                                                                                                                                                                         	
Maximum Value	 +0.1752000000000000E+005	 +0.1908091959074459E+005	 +0.7196254974197272E+004	 +0.2627717456494190E+005	
Time of Maximum	 +0.1752000000000000E+005	 +0.9504000000000000E+004	 +0.9504000000000000E+004	 +0.9504000000000000E+004	
  
	Minimum Integrated Values
	Label not available                                                                                                                                                                                                                                                                                         	Label not available                                                                                                                                                                                                                                                                                         	Label not available                                                                                                                                                                                                                                                                                         	Label not available                                                                                                                                                                                                                                                                                         	
Minimum Value	 +0.8016000000000000E+004	 +0.1893558229333697E+004	 +0.5617941518673880E+003	 +0.2455352381201079E+004	
Time of Minimum	 +0.8016000000000000E+004	 +0.1384800000000000E+005	 +0.1384800000000000E+005	 +0.1384800000000000E+005	
  
	Sum (note: sums are set to zero for inputs that were not integrated.)
	Label not available                                                                                                                                                                                                                                                                                         	Label not available                                                                                                                                                                                                                                                                                         	Label not available                                                                                                                                                                                                                                                                                         	Label not available                                                                                                                                                                                                                                                                                         	
Total	 +0.0000000000000000E+000	 +0.1518178538940296E+006	 +0.4916368096674320E+005	 +0.2009815348607751E+006	
