 	Label not available                                                                                                                                                                                                                                                                                         	Label not available                                                                                                                                                                                                                                                                                         	Label not available                                                                                                                                                                                                                                                                                         	Label not available                                                                                                                                                                                                                                                                                         	
Month 	TIME                     	QSnk335PauxEvap_kW       	QSnk335PelAuxComp_kW     	QSnk335PauxCondSwitch_kW 	
November 	 +0.8016000000000000E+004	 +0.7316741918043628E+005	 +0.2184708091488268E+005	 +0.9501450009531893E+005	
December 	 +0.8760000000000000E+004	 +0.9392666762564240E+005	 +0.3099192200804269E+005	 +0.1249185896336851E+006	
January  	 +0.9504000000000000E+004	 +0.9991958734458394E+005	 +0.3712539950835836E+005	 +0.1370449868529419E+006	
February 	 +0.1017600000000000E+005	 +0.8356489787272608E+005	 +0.3148715696424059E+005	 +0.1150520548369664E+006	
March    	 +0.1092000000000000E+005	 +0.7092726011506042E+005	 +0.2367785447006238E+005	 +0.9460511458512311E+005	
April    	 +0.1164000000000000E+005	 +0.5177778234881476E+005	 +0.1526011268278107E+005	 +0.6703789503159557E+005	
May      	 +0.1238400000000000E+005	 +0.2935617396575876E+005	 +0.8191106985738869E+004	 +0.3754728095149747E+005	
June     	 +0.1310400000000000E+005	 +0.1301951449832923E+005	 +0.3621126226034656E+004	 +0.1664064072436390E+005	
July     	 +0.1384800000000000E+005	 +0.7749410728761769E+004	 +0.2334602745937041E+004	 +0.1008401347469879E+005	
August   	 +0.1459200000000000E+005	 +0.1122534625799288E+005	 +0.3095505702678806E+004	 +0.1432085196067166E+005	
September	 +0.1531200000000000E+005	 +0.2014851885454918E+005	 +0.5151253248363217E+004	 +0.2529977210291235E+005	
October  	 +0.1605600000000000E+005	 +0.4663319509995377E+005	 +0.1227555487892479E+005	 +0.5890874997887845E+005	
November 	 +0.1677600000000000E+005	 +0.7247280981319281E+005	 +0.2155238410830048E+005	 +0.9402519392149340E+005	
December 	 +0.1752000000000000E+005	 +0.9385074662990979E+005	 +0.3094603208535568E+005	 +0.1247967787152652E+006	
  
	Maximum Instantaneous Values
	Label not available                                                                                                                                                                                                                                                                                         	Label not available                                                                                                                                                                                                                                                                                         	Label not available                                                                                                                                                                                                                                                                                         	Label not available                                                                                                                                                                                                                                                                                         	
Maximum Value	 +0.1752000000000000E+005	 +0.4791445982788060E+003	 +0.1318980926724213E+003	 +0.5763683679393299E+003	
Time of Maximum	 +0.1752000000000000E+005	 +0.1390506666666667E+005	 +0.1404003333333333E+005	 +0.1450406666666667E+005	
  
	Minimum Instantaneous Values
	Label not available                                                                                                                                                                                                                                                                                         	Label not available                                                                                                                                                                                                                                                                                         	Label not available                                                                                                                                                                                                                                                                                         	Label not available                                                                                                                                                                                                                                                                                         	
Minimum Value	 +0.7300033333333334E+004	 +0.0000000000000000E+000	 +0.0000000000000000E+000	 +0.0000000000000000E+000	
Time of Minimum	 +0.7300033333333334E+004	 +0.1752000000000000E+005	 +0.1752000000000000E+005	 +0.1752000000000000E+005	
  
	Maximum Integrated Values
	Label not available                                                                                                                                                                                                                                                                                         	Label not available                                                                                                                                                                                                                                                                                         	Label not available                                                                                                                                                                                                                                                                                         	Label not available                                                                                                                                                                                                                                                                                         	
Maximum Value	 +0.1752000000000000E+005	 +0.9991958734458394E+005	 +0.3712539950835836E+005	 +0.1370449868529419E+006	
Time of Maximum	 +0.1752000000000000E+005	 +0.9504000000000000E+004	 +0.9504000000000000E+004	 +0.9504000000000000E+004	
  
	Minimum Integrated Values
	Label not available                                                                                                                                                                                                                                                                                         	Label not available                                                                                                                                                                                                                                                                                         	Label not available                                                                                                                                                                                                                                                                                         	Label not available                                                                                                                                                                                                                                                                                         	
Minimum Value	 +0.8016000000000000E+004	 +0.7749410728761769E+004	 +0.2334602745937041E+004	 +0.1008401347469879E+005	
Time of Minimum	 +0.8016000000000000E+004	 +0.1384800000000000E+005	 +0.1384800000000000E+005	 +0.1384800000000000E+005	
  
	Sum (note: sums are set to zero for inputs that were not integrated.)
	Label not available                                                                                                                                                                                                                                                                                         	Label not available                                                                                                                                                                                                                                                                                         	Label not available                                                                                                                                                                                                                                                                                         	Label not available                                                                                                                                                                                                                                                                                         	
Total	 +0.0000000000000000E+000	 +0.7677393303357081E+006	 +0.2475570925296995E+006	 +0.1015296422865395E+007	
