 	Label not available                                                                                                                                                                                                                                                                                         	Label not available                                                                                                                                                                                                                                                                                         	Label not available                                                                                                                                                                                                                                                                                         	Label not available                                                                                                                                                                                                                                                                                         	
Month 	TIME                     	QSnk488PauxEvap_kW       	QSnk488PelAuxComp_kW     	QSnk488PauxCondSwitch_kW 	
November 	 +0.8016000000000000E+004	 +0.1594722994444706E+006	 +0.4763043843521239E+005	 +0.2071027378796826E+006	
December 	 +0.8760000000000000E+004	 +0.1982889105369234E+006	 +0.6630996463230008E+005	 +0.2645988751692233E+006	
January  	 +0.9504000000000000E+004	 +0.2073070069457769E+006	 +0.7932684099284008E+005	 +0.2866338479386162E+006	
February 	 +0.1017600000000000E+005	 +0.1732079621642988E+006	 +0.6664626347283265E+005	 +0.2398542256371312E+006	
March    	 +0.1092000000000000E+005	 +0.1523126505134527E+006	 +0.5113045745940237E+005	 +0.2034431079728548E+006	
April    	 +0.1164000000000000E+005	 +0.1157532535123079E+006	 +0.3411686820782778E+005	 +0.1498701217201354E+006	
May      	 +0.1238400000000000E+005	 +0.7312904912550795E+005	 +0.2019783302353451E+005	 +0.9332688214904233E+005	
June     	 +0.1310400000000000E+005	 +0.3527121504828044E+005	 +0.9667563305157249E+004	 +0.4493877835343773E+005	
July     	 +0.1384800000000000E+005	 +0.2473993230334939E+005	 +0.6953112853175275E+004	 +0.3169304515652461E+005	
August   	 +0.1459200000000000E+005	 +0.3075116866721066E+005	 +0.8182717281574178E+004	 +0.3893388594878474E+005	
September	 +0.1531200000000000E+005	 +0.5553702316501080E+005	 +0.1384452377993681E+005	 +0.6938154694494762E+005	
October  	 +0.1605600000000000E+005	 +0.1086267259328571E+006	 +0.2828426626406628E+005	 +0.1369109921969237E+006	
November 	 +0.1677600000000000E+005	 +0.1588145509012799E+006	 +0.4720153680937766E+005	 +0.2060160877106575E+006	
December 	 +0.1752000000000000E+005	 +0.1982683392402719E+006	 +0.6621618039144091E+005	 +0.2644845196317129E+006	
  
	Maximum Instantaneous Values
	Label not available                                                                                                                                                                                                                                                                                         	Label not available                                                                                                                                                                                                                                                                                         	Label not available                                                                                                                                                                                                                                                                                         	Label not available                                                                                                                                                                                                                                                                                         	
Maximum Value	 +0.1752000000000000E+005	 +0.1134141306885593E+004	 +0.3150545297971354E+003	 +0.1366059631723925E+004	
Time of Maximum	 +0.1752000000000000E+005	 +0.1390473333333333E+005	 +0.1418446666666667E+005	 +0.1390473333333333E+005	
  
	Minimum Instantaneous Values
	Label not available                                                                                                                                                                                                                                                                                         	Label not available                                                                                                                                                                                                                                                                                         	Label not available                                                                                                                                                                                                                                                                                         	Label not available                                                                                                                                                                                                                                                                                         	
Minimum Value	 +0.7300033333333334E+004	 +0.0000000000000000E+000	 +0.0000000000000000E+000	 +0.0000000000000000E+000	
Time of Minimum	 +0.7300033333333334E+004	 +0.1752000000000000E+005	 +0.1752000000000000E+005	 +0.1752000000000000E+005	
  
	Maximum Integrated Values
	Label not available                                                                                                                                                                                                                                                                                         	Label not available                                                                                                                                                                                                                                                                                         	Label not available                                                                                                                                                                                                                                                                                         	Label not available                                                                                                                                                                                                                                                                                         	
Maximum Value	 +0.1752000000000000E+005	 +0.2073070069457769E+006	 +0.7932684099284008E+005	 +0.2866338479386162E+006	
Time of Maximum	 +0.1752000000000000E+005	 +0.9504000000000000E+004	 +0.9504000000000000E+004	 +0.9504000000000000E+004	
  
	Minimum Integrated Values
	Label not available                                                                                                                                                                                                                                                                                         	Label not available                                                                                                                                                                                                                                                                                         	Label not available                                                                                                                                                                                                                                                                                         	Label not available                                                                                                                                                                                                                                                                                         	
Minimum Value	 +0.8016000000000000E+004	 +0.2473993230334939E+005	 +0.6953112853175275E+004	 +0.3169304515652461E+005	
Time of Minimum	 +0.8016000000000000E+004	 +0.1384800000000000E+005	 +0.1384800000000000E+005	 +0.1384800000000000E+005	
  
	Sum (note: sums are set to zero for inputs that were not integrated.)
	Label not available                                                                                                                                                                                                                                                                                         	Label not available                                                                                                                                                                                                                                                                                         	Label not available                                                                                                                                                                                                                                                                                         	Label not available                                                                                                                                                                                                                                                                                         	
Total	 +0.0000000000000000E+000	 +0.1691480087500982E+007	 +0.5457085669086810E+006	 +0.2237188654409715E+007	
