 	Label not available                                                                                                                                                                                                                                                                                         	Label not available                                                                                                                                                                                                                                                                                         	Label not available                                                                                                                                                                                                                                                                                         	Label not available                                                                                                                                                                                                                                                                                         	
Month 	TIME                     	QSnk469PauxEvap_kW       	QSnk469PelAuxComp_kW     	QSnk469PauxCondSwitch_kW 	
November 	 +0.8016000000000000E+004	 +0.7948361933980278E+005	 +0.2364143900402367E+005	 +0.1031250583438264E+006	
December 	 +0.8760000000000000E+004	 +0.1039882597129015E+006	 +0.3388956836096954E+005	 +0.1378778280738711E+006	
January  	 +0.9504000000000000E+004	 +0.1111757961184058E+006	 +0.4046248746621619E+005	 +0.1516382835846224E+006	
February 	 +0.1017600000000000E+005	 +0.9364363249465574E+005	 +0.3465260098890424E+005	 +0.1282962334835598E+006	
March    	 +0.1092000000000000E+005	 +0.7768013528840161E+005	 +0.2586685537079575E+005	 +0.1035469906591979E+006	
April    	 +0.1164000000000000E+005	 +0.5504898141174571E+005	 +0.1637655913256794E+005	 +0.7142554054431409E+005	
May      	 +0.1238400000000000E+005	 +0.2856615830910979E+005	 +0.8130151843973517E+004	 +0.3669631015308328E+005	
June     	 +0.1310400000000000E+005	 +0.1201788182373524E+005	 +0.3516984851184445E+004	 +0.1553486667491968E+005	
July     	 +0.1384800000000000E+005	 +0.7463067116988012E+004	 +0.2358039769196339E+004	 +0.9821106886184343E+004	
August   	 +0.1459200000000000E+005	 +0.1076133870173789E+005	 +0.3050074749819095E+004	 +0.1381141345155694E+005	
September	 +0.1531200000000000E+005	 +0.1881779422342108E+005	 +0.4941564543379549E+004	 +0.2375935876680062E+005	
October  	 +0.1605600000000000E+005	 +0.4818819862405879E+005	 +0.1274922501075727E+005	 +0.6093742363481608E+005	
November 	 +0.1677600000000000E+005	 +0.7893328463450984E+005	 +0.2336704205580287E+005	 +0.1023003266903123E+006	
December 	 +0.1752000000000000E+005	 +0.1039804566038082E+006	 +0.3384634626251426E+005	 +0.1378268028663220E+006	
  
	Maximum Instantaneous Values
	Label not available                                                                                                                                                                                                                                                                                         	Label not available                                                                                                                                                                                                                                                                                         	Label not available                                                                                                                                                                                                                                                                                         	Label not available                                                                                                                                                                                                                                                                                         	
Maximum Value	 +0.1752000000000000E+005	 +0.4919272616243676E+003	 +0.1346251074357676E+003	 +0.5915343799206369E+003	
Time of Maximum	 +0.1752000000000000E+005	 +0.1392820000000000E+005	 +0.1363130000000000E+005	 +0.1392820000000000E+005	
  
	Minimum Instantaneous Values
	Label not available                                                                                                                                                                                                                                                                                         	Label not available                                                                                                                                                                                                                                                                                         	Label not available                                                                                                                                                                                                                                                                                         	Label not available                                                                                                                                                                                                                                                                                         	
Minimum Value	 +0.7300033333333334E+004	 +0.0000000000000000E+000	 +0.0000000000000000E+000	 +0.0000000000000000E+000	
Time of Minimum	 +0.7300033333333334E+004	 +0.1752000000000000E+005	 +0.1752000000000000E+005	 +0.1752000000000000E+005	
  
	Maximum Integrated Values
	Label not available                                                                                                                                                                                                                                                                                         	Label not available                                                                                                                                                                                                                                                                                         	Label not available                                                                                                                                                                                                                                                                                         	Label not available                                                                                                                                                                                                                                                                                         	
Maximum Value	 +0.1752000000000000E+005	 +0.1111757961184058E+006	 +0.4046248746621619E+005	 +0.1516382835846224E+006	
Time of Maximum	 +0.1752000000000000E+005	 +0.9504000000000000E+004	 +0.9504000000000000E+004	 +0.9504000000000000E+004	
  
	Minimum Integrated Values
	Label not available                                                                                                                                                                                                                                                                                         	Label not available                                                                                                                                                                                                                                                                                         	Label not available                                                                                                                                                                                                                                                                                         	Label not available                                                                                                                                                                                                                                                                                         	
Minimum Value	 +0.8016000000000000E+004	 +0.7463067116988012E+004	 +0.2358039769196339E+004	 +0.9821106886184343E+004	
Time of Minimum	 +0.8016000000000000E+004	 +0.1384800000000000E+005	 +0.1384800000000000E+005	 +0.1384800000000000E+005	
  
	Sum (note: sums are set to zero for inputs that were not integrated.)
	Label not available                                                                                                                                                                                                                                                                                         	Label not available                                                                                                                                                                                                                                                                                         	Label not available                                                                                                                                                                                                                                                                                         	Label not available                                                                                                                                                                                                                                                                                         	
Total	 +0.0000000000000000E+000	 +0.8297486044032900E+006	 +0.2668489394101042E+006	 +0.1096597543813380E+007	
