 	Label not available                                                                                                                                                                                                                                                                                         	Label not available                                                                                                                                                                                                                                                                                         	Label not available                                                                                                                                                                                                                                                                                         	Label not available                                                                                                                                                                                                                                                                                         	
Month 	TIME                     	QSnk131PauxEvap_kW       	QSnk131PelAuxComp_kW     	QSnk131PauxCondSwitch_kW 	
November 	 +0.8016000000000000E+004	 +0.2288957422262632E+005	 +0.6889159802991560E+004	 +0.2977873402561786E+005	
December 	 +0.8760000000000000E+004	 +0.2843848428856497E+005	 +0.9563939302409652E+004	 +0.3800242359097461E+005	
January  	 +0.9504000000000000E+004	 +0.2973200392554337E+005	 +0.1140543686543282E+005	 +0.4113744079097626E+005	
February 	 +0.1017600000000000E+005	 +0.2480262102437017E+005	 +0.9632325171102228E+004	 +0.3443494619547211E+005	
March    	 +0.1092000000000000E+005	 +0.2178122249055043E+005	 +0.7489254940648741E+004	 +0.2927047743119919E+005	
April    	 +0.1164000000000000E+005	 +0.1653926903574599E+005	 +0.5063514873272516E+004	 +0.2160278390901864E+005	
May      	 +0.1238400000000000E+005	 +0.1046600325060855E+005	 +0.3049198002964761E+004	 +0.1351520125357334E+005	
June     	 +0.1310400000000000E+005	 +0.5156650566528597E+004	 +0.1507876447857547E+004	 +0.6664527014386155E+004	
July     	 +0.1384800000000000E+005	 +0.3558795691068325E+004	 +0.1067889071892857E+004	 +0.4626684762961179E+004	
August   	 +0.1459200000000000E+005	 +0.4544974143890850E+004	 +0.1253944583588072E+004	 +0.5798918727478934E+004	
September	 +0.1531200000000000E+005	 +0.8065383674924278E+004	 +0.2053268456165719E+004	 +0.1011865213108997E+005	
October  	 +0.1605600000000000E+005	 +0.1563693373449533E+005	 +0.4135516912763137E+004	 +0.1977245064725848E+005	
November 	 +0.1677600000000000E+005	 +0.2278073750915508E+005	 +0.6811860124510627E+004	 +0.2959259763366568E+005	
December 	 +0.1752000000000000E+005	 +0.2842418866469037E+005	 +0.9554256481605786E+004	 +0.3797844514629630E+005	
  
	Maximum Instantaneous Values
	Label not available                                                                                                                                                                                                                                                                                         	Label not available                                                                                                                                                                                                                                                                                         	Label not available                                                                                                                                                                                                                                                                                         	Label not available                                                                                                                                                                                                                                                                                         	
Maximum Value	 +0.1752000000000000E+005	 +0.1586757698012598E+003	 +0.4490014090101887E+002	 +0.1924890925763331E+003	
Time of Maximum	 +0.1752000000000000E+005	 +0.1472090000000000E+005	 +0.1438640000000000E+005	 +0.1472090000000000E+005	
  
	Minimum Instantaneous Values
	Label not available                                                                                                                                                                                                                                                                                         	Label not available                                                                                                                                                                                                                                                                                         	Label not available                                                                                                                                                                                                                                                                                         	Label not available                                                                                                                                                                                                                                                                                         	
Minimum Value	 +0.7300033333333334E+004	 +0.0000000000000000E+000	 +0.0000000000000000E+000	 +0.0000000000000000E+000	
Time of Minimum	 +0.7300033333333334E+004	 +0.1752000000000000E+005	 +0.1752000000000000E+005	 +0.1752000000000000E+005	
  
	Maximum Integrated Values
	Label not available                                                                                                                                                                                                                                                                                         	Label not available                                                                                                                                                                                                                                                                                         	Label not available                                                                                                                                                                                                                                                                                         	Label not available                                                                                                                                                                                                                                                                                         	
Maximum Value	 +0.1752000000000000E+005	 +0.2973200392554337E+005	 +0.1140543686543282E+005	 +0.4113744079097626E+005	
Time of Maximum	 +0.1752000000000000E+005	 +0.9504000000000000E+004	 +0.9504000000000000E+004	 +0.9504000000000000E+004	
  
	Minimum Integrated Values
	Label not available                                                                                                                                                                                                                                                                                         	Label not available                                                                                                                                                                                                                                                                                         	Label not available                                                                                                                                                                                                                                                                                         	Label not available                                                                                                                                                                                                                                                                                         	
Minimum Value	 +0.8016000000000000E+004	 +0.3558795691068325E+004	 +0.1067889071892857E+004	 +0.4626684762961179E+004	
Time of Minimum	 +0.8016000000000000E+004	 +0.1384800000000000E+005	 +0.1384800000000000E+005	 +0.1384800000000000E+005	
  
	Sum (note: sums are set to zero for inputs that were not integrated.)
	Label not available                                                                                                                                                                                                                                                                                         	Label not available                                                                                                                                                                                                                                                                                         	Label not available                                                                                                                                                                                                                                                                                         	Label not available                                                                                                                                                                                                                                                                                         	
Total	 +0.0000000000000000E+000	 +0.2428168422227629E+006	 +0.7947744103720610E+005	 +0.3222942832599655E+006	
