 	Label not available                                                                                                                                                                                                                                                                                         	Label not available                                                                                                                                                                                                                                                                                         	Label not available                                                                                                                                                                                                                                                                                         	Label not available                                                                                                                                                                                                                                                                                         	
Month 	TIME                     	QSnk85PauxEvap_kW        	QSnk85PelAuxComp_kW      	QSnk85PauxCondSwitch_kW  	
November 	 +0.8016000000000000E+004	 +0.1349329279907727E+006	 +0.4035550626844056E+005	 +0.1752884342592137E+006	
December 	 +0.8760000000000000E+004	 +0.1706553675060909E+006	 +0.5698063497409966E+005	 +0.2276360024801914E+006	
January  	 +0.9504000000000000E+004	 +0.1792474755459588E+006	 +0.6812909987332163E+005	 +0.2473765754192813E+006	
February 	 +0.1017600000000000E+005	 +0.1495483087648702E+006	 +0.5734674537119170E+005	 +0.2068950541360630E+006	
March    	 +0.1092000000000000E+005	 +0.1306380229774835E+006	 +0.4361193195064949E+005	 +0.1742499549281327E+006	
April    	 +0.1164000000000000E+005	 +0.9692600574241084E+005	 +0.2850892125278647E+005	 +0.1254349269951969E+006	
May      	 +0.1238400000000000E+005	 +0.5780993861540821E+005	 +0.1590277969786494E+005	 +0.7371271831327306E+005	
June     	 +0.1310400000000000E+005	 +0.2666598326422751E+005	 +0.7308462905172097E+004	 +0.3397444616939961E+005	
July     	 +0.1384800000000000E+005	 +0.1755122762653840E+005	 +0.5057627159799809E+004	 +0.2260885478633823E+005	
August   	 +0.1459200000000000E+005	 +0.2333879355462846E+005	 +0.6266499704144830E+004	 +0.2960529325877322E+005	
September	 +0.1531200000000000E+005	 +0.4241055245850115E+005	 +0.1063717914864171E+005	 +0.5304773160714296E+005	
October  	 +0.1605600000000000E+005	 +0.8852959373920705E+005	 +0.2309174814956374E+005	 +0.1116213418887704E+006	
November 	 +0.1677600000000000E+005	 +0.1341407265633279E+006	 +0.3991288083299642E+005	 +0.1740536073963254E+006	
December 	 +0.1752000000000000E+005	 +0.1706821965324206E+006	 +0.5691964227072703E+005	 +0.2276018388031477E+006	
  
	Maximum Instantaneous Values
	Label not available                                                                                                                                                                                                                                                                                         	Label not available                                                                                                                                                                                                                                                                                         	Label not available                                                                                                                                                                                                                                                                                         	Label not available                                                                                                                                                                                                                                                                                         	
Maximum Value	 +0.1752000000000000E+005	 +0.9820955276145382E+003	 +0.2702540726324160E+003	 +0.1181699763487318E+004	
Time of Maximum	 +0.1752000000000000E+005	 +0.1450566666666667E+005	 +0.1409730000000000E+005	 +0.1450566666666667E+005	
  
	Minimum Instantaneous Values
	Label not available                                                                                                                                                                                                                                                                                         	Label not available                                                                                                                                                                                                                                                                                         	Label not available                                                                                                                                                                                                                                                                                         	Label not available                                                                                                                                                                                                                                                                                         	
Minimum Value	 +0.7300033333333334E+004	 +0.0000000000000000E+000	 +0.0000000000000000E+000	 +0.0000000000000000E+000	
Time of Minimum	 +0.7300033333333334E+004	 +0.1752000000000000E+005	 +0.1752000000000000E+005	 +0.1752000000000000E+005	
  
	Maximum Integrated Values
	Label not available                                                                                                                                                                                                                                                                                         	Label not available                                                                                                                                                                                                                                                                                         	Label not available                                                                                                                                                                                                                                                                                         	Label not available                                                                                                                                                                                                                                                                                         	
Maximum Value	 +0.1752000000000000E+005	 +0.1792474755459588E+006	 +0.6812909987332163E+005	 +0.2473765754192813E+006	
Time of Maximum	 +0.1752000000000000E+005	 +0.9504000000000000E+004	 +0.9504000000000000E+004	 +0.9504000000000000E+004	
  
	Minimum Integrated Values
	Label not available                                                                                                                                                                                                                                                                                         	Label not available                                                                                                                                                                                                                                                                                         	Label not available                                                                                                                                                                                                                                                                                         	Label not available                                                                                                                                                                                                                                                                                         	
Minimum Value	 +0.8016000000000000E+004	 +0.1755122762653840E+005	 +0.5057627159799809E+004	 +0.2260885478633823E+005	
Time of Minimum	 +0.8016000000000000E+004	 +0.1384800000000000E+005	 +0.1384800000000000E+005	 +0.1384800000000000E+005	
  
	Sum (note: sums are set to zero for inputs that were not integrated.)
	Label not available                                                                                                                                                                                                                                                                                         	Label not available                                                                                                                                                                                                                                                                                         	Label not available                                                                                                                                                                                                                                                                                         	Label not available                                                                                                                                                                                                                                                                                         	
Total	 +0.0000000000000000E+000	 +0.1423077120881842E+007	 +0.4600296595593973E+006	 +0.1883106780441246E+007	
