 	Label not available                                                                                                                                                                                                                                                                                         	Label not available                                                                                                                                                                                                                                                                                         	Label not available                                                                                                                                                                                                                                                                                         	Label not available                                                                                                                                                                                                                                                                                         	
Month 	TIME                     	QSnk448PauxEvap_kW       	QSnk448PelAuxComp_kW     	QSnk448PauxCondSwitch_kW 	
November 	 +0.8016000000000000E+004	 +0.8696287873839604E+005	 +0.2597455765961143E+005	 +0.1129374363980081E+006	
December 	 +0.8760000000000000E+004	 +0.1115571510394417E+006	 +0.3681836090106894E+005	 +0.1483755119405103E+006	
January  	 +0.9504000000000000E+004	 +0.1187826522503858E+006	 +0.4412127150937237E+005	 +0.1629039237597583E+006	
February 	 +0.1017600000000000E+005	 +0.9928190452725723E+005	 +0.3743617134032509E+005	 +0.1367180758675831E+006	
March    	 +0.1092000000000000E+005	 +0.8457370741146003E+005	 +0.2823837852479587E+005	 +0.1128120859362554E+006	
April    	 +0.1164000000000000E+005	 +0.6110798392036778E+005	 +0.1808353123664404E+005	 +0.7919151515701166E+005	
May      	 +0.1238400000000000E+005	 +0.3473115826732053E+005	 +0.9744898043038489E+004	 +0.4447605631035901E+005	
June     	 +0.1310400000000000E+005	 +0.1531235386289757E+005	 +0.4317593667372499E+004	 +0.1962994753027005E+005	
July     	 +0.1384800000000000E+005	 +0.9089413992152064E+004	 +0.2777620477799278E+004	 +0.1186703446995133E+005	
August   	 +0.1459200000000000E+005	 +0.1348014721883999E+005	 +0.3718384566669919E+004	 +0.1719853178550992E+005	
September	 +0.1531200000000000E+005	 +0.2349159399350931E+005	 +0.6042650580111392E+004	 +0.2953424457362070E+005	
October  	 +0.1605600000000000E+005	 +0.5531613354942020E+005	 +0.1457785999954788E+005	 +0.6989399354896817E+005	
November 	 +0.1677600000000000E+005	 +0.8609694138230807E+005	 +0.2559897671730922E+005	 +0.1116959180996169E+006	
December 	 +0.1752000000000000E+005	 +0.1116530916241026E+006	 +0.3679808587148252E+005	 +0.1484511774955845E+006	
  
	Maximum Instantaneous Values
	Label not available                                                                                                                                                                                                                                                                                         	Label not available                                                                                                                                                                                                                                                                                         	Label not available                                                                                                                                                                                                                                                                                         	Label not available                                                                                                                                                                                                                                                                                         	
Maximum Value	 +0.1752000000000000E+005	 +0.5738638381517362E+003	 +0.1573455211876371E+003	 +0.6900690733252139E+003	
Time of Maximum	 +0.1752000000000000E+005	 +0.1389970000000000E+005	 +0.1399300000000000E+005	 +0.1389970000000000E+005	
  
	Minimum Instantaneous Values
	Label not available                                                                                                                                                                                                                                                                                         	Label not available                                                                                                                                                                                                                                                                                         	Label not available                                                                                                                                                                                                                                                                                         	Label not available                                                                                                                                                                                                                                                                                         	
Minimum Value	 +0.7300033333333334E+004	 +0.0000000000000000E+000	 +0.0000000000000000E+000	 +0.0000000000000000E+000	
Time of Minimum	 +0.7300033333333334E+004	 +0.1752000000000000E+005	 +0.1752000000000000E+005	 +0.1752000000000000E+005	
  
	Maximum Integrated Values
	Label not available                                                                                                                                                                                                                                                                                         	Label not available                                                                                                                                                                                                                                                                                         	Label not available                                                                                                                                                                                                                                                                                         	Label not available                                                                                                                                                                                                                                                                                         	
Maximum Value	 +0.1752000000000000E+005	 +0.1187826522503858E+006	 +0.4412127150937237E+005	 +0.1629039237597583E+006	
Time of Maximum	 +0.1752000000000000E+005	 +0.9504000000000000E+004	 +0.9504000000000000E+004	 +0.9504000000000000E+004	
  
	Minimum Integrated Values
	Label not available                                                                                                                                                                                                                                                                                         	Label not available                                                                                                                                                                                                                                                                                         	Label not available                                                                                                                                                                                                                                                                                         	Label not available                                                                                                                                                                                                                                                                                         	
Minimum Value	 +0.8016000000000000E+004	 +0.9089413992152064E+004	 +0.2777620477799278E+004	 +0.1186703446995133E+005	
Time of Minimum	 +0.8016000000000000E+004	 +0.1384800000000000E+005	 +0.1384800000000000E+005	 +0.1384800000000000E+005	
  
	Sum (note: sums are set to zero for inputs that were not integrated.)
	Label not available                                                                                                                                                                                                                                                                                         	Label not available                                                                                                                                                                                                                                                                                         	Label not available                                                                                                                                                                                                                                                                                         	Label not available                                                                                                                                                                                                                                                                                         	
Total	 +0.0000000000000000E+000	 +0.9114371117778636E+006	 +0.2942483410951485E+006	 +0.1205685452873028E+007	
