 	Label not available                                                                                                                                                                                                                                                                                         	Label not available                                                                                                                                                                                                                                                                                         	Label not available                                                                                                                                                                                                                                                                                         	Label not available                                                                                                                                                                                                                                                                                         	
Month 	TIME                     	QSnk266PauxEvap_kW       	QSnk266PelAuxComp_kW     	QSnk266PauxCondSwitch_kW 	
November 	 +0.8016000000000000E+004	 +0.9025495399548995E+005	 +0.2705848939089185E+005	 +0.1173134433863814E+006	
December 	 +0.8760000000000000E+004	 +0.1142102460866704E+006	 +0.3801805983296369E+005	 +0.1522283059196344E+006	
January  	 +0.9504000000000000E+004	 +0.1201408461334152E+006	 +0.4538775098267553E+005	 +0.1655285971160909E+006	
February 	 +0.1017600000000000E+005	 +0.1002188245073669E+006	 +0.3826066413218019E+005	 +0.1384794886395470E+006	
March    	 +0.1092000000000000E+005	 +0.8713889557784460E+005	 +0.2922595758775226E+005	 +0.1163648531655969E+006	
April    	 +0.1164000000000000E+005	 +0.6497353244126408E+005	 +0.1927948955918827E+005	 +0.8425302200045258E+005	
May      	 +0.1238400000000000E+005	 +0.3866205118318852E+005	 +0.1079547932966859E+005	 +0.4945753051285700E+005	
June     	 +0.1310400000000000E+005	 +0.1771572937976027E+005	 +0.4950127486671455E+004	 +0.2266585686643170E+005	
July     	 +0.1384800000000000E+005	 +0.1179728002332627E+005	 +0.3453213652615577E+004	 +0.1525049367594186E+005	
August   	 +0.1459200000000000E+005	 +0.1568417053384057E+005	 +0.4264010942391365E+004	 +0.1994818147623193E+005	
September	 +0.1531200000000000E+005	 +0.2827915047922745E+005	 +0.7154686450413318E+004	 +0.3543383692964081E+005	
October  	 +0.1605600000000000E+005	 +0.5939096571386122E+005	 +0.1560595189694132E+005	 +0.7499691761080245E+005	
November 	 +0.1677600000000000E+005	 +0.8957400882467336E+005	 +0.2670045139138351E+005	 +0.1162744602160565E+006	
December 	 +0.1752000000000000E+005	 +0.1142589805839120E+006	 +0.3800179237558682E+005	 +0.1522607729594988E+006	
  
	Maximum Instantaneous Values
	Label not available                                                                                                                                                                                                                                                                                         	Label not available                                                                                                                                                                                                                                                                                         	Label not available                                                                                                                                                                                                                                                                                         	Label not available                                                                                                                                                                                                                                                                                         	
Maximum Value	 +0.1752000000000000E+005	 +0.6179179254553778E+003	 +0.1709521922111040E+003	 +0.7450354239553047E+003	
Time of Maximum	 +0.1752000000000000E+005	 +0.1450143333333333E+005	 +0.1383386666666667E+005	 +0.1450143333333333E+005	
  
	Minimum Instantaneous Values
	Label not available                                                                                                                                                                                                                                                                                         	Label not available                                                                                                                                                                                                                                                                                         	Label not available                                                                                                                                                                                                                                                                                         	Label not available                                                                                                                                                                                                                                                                                         	
Minimum Value	 +0.7300033333333334E+004	 +0.0000000000000000E+000	 +0.0000000000000000E+000	 +0.0000000000000000E+000	
Time of Minimum	 +0.7300033333333334E+004	 +0.1752000000000000E+005	 +0.1752000000000000E+005	 +0.1752000000000000E+005	
  
	Maximum Integrated Values
	Label not available                                                                                                                                                                                                                                                                                         	Label not available                                                                                                                                                                                                                                                                                         	Label not available                                                                                                                                                                                                                                                                                         	Label not available                                                                                                                                                                                                                                                                                         	
Maximum Value	 +0.1752000000000000E+005	 +0.1201408461334152E+006	 +0.4538775098267553E+005	 +0.1655285971160909E+006	
Time of Maximum	 +0.1752000000000000E+005	 +0.9504000000000000E+004	 +0.9504000000000000E+004	 +0.9504000000000000E+004	
  
	Minimum Integrated Values
	Label not available                                                                                                                                                                                                                                                                                         	Label not available                                                                                                                                                                                                                                                                                         	Label not available                                                                                                                                                                                                                                                                                         	Label not available                                                                                                                                                                                                                                                                                         	
Minimum Value	 +0.8016000000000000E+004	 +0.1179728002332627E+005	 +0.3453213652615577E+004	 +0.1525049367594186E+005	
Time of Minimum	 +0.8016000000000000E+004	 +0.1384800000000000E+005	 +0.1384800000000000E+005	 +0.1384800000000000E+005	
  
	Sum (note: sums are set to zero for inputs that were not integrated.)
	Label not available                                                                                                                                                                                                                                                                                         	Label not available                                                                                                                                                                                                                                                                                         	Label not available                                                                                                                                                                                                                                                                                         	Label not available                                                                                                                                                                                                                                                                                         	
Total	 +0.0000000000000000E+000	 +0.9522996354638434E+006	 +0.3081561250113214E+006	 +0.1260455760475154E+007	
