 	Label not available                                                                                                                                                                                                                                                                                         	Label not available                                                                                                                                                                                                                                                                                         	Label not available                                                                                                                                                                                                                                                                                         	Label not available                                                                                                                                                                                                                                                                                         	
Month 	TIME                     	QSnk579PauxEvap_kW       	QSnk579PelAuxComp_kW     	QSnk579PauxCondSwitch_kW 	
November 	 +0.8016000000000000E+004	 +0.4564520030499631E+005	 +0.1372736722869195E+005	 +0.5937256753368818E+005	
December 	 +0.8760000000000000E+004	 +0.5674942058186189E+005	 +0.1908351201358589E+005	 +0.7583293259544796E+005	
January  	 +0.9504000000000000E+004	 +0.5934510292836431E+005	 +0.2275284279283744E+005	 +0.8209794572120192E+005	
February 	 +0.1017600000000000E+005	 +0.4950806935590375E+005	 +0.1918001555790460E+005	 +0.6868808491380875E+005	
March    	 +0.1092000000000000E+005	 +0.4348386010882057E+005	 +0.1487694168336011E+005	 +0.5836080179218072E+005	
April    	 +0.1164000000000000E+005	 +0.3301768025638421E+005	 +0.1003190523501294E+005	 +0.4304958549139705E+005	
May      	 +0.1238400000000000E+005	 +0.2094372797455385E+005	 +0.6021622729437303E+004	 +0.2696535070399109E+005	
June     	 +0.1310400000000000E+005	 +0.1004547612012233E+005	 +0.2911167257512800E+004	 +0.1295664337763509E+005	
July     	 +0.1384800000000000E+005	 +0.6978722601828042E+004	 +0.2067608689553428E+004	 +0.9046331291381466E+004	
August   	 +0.1459200000000000E+005	 +0.9003219739979360E+004	 +0.2455058168414690E+004	 +0.1145827790839407E+005	
September	 +0.1531200000000000E+005	 +0.1603800340694045E+005	 +0.4063420807581922E+004	 +0.2010142421452237E+005	
October  	 +0.1605600000000000E+005	 +0.3113470443418930E+005	 +0.8206355638155790E+004	 +0.3934106007234508E+005	
November 	 +0.1677600000000000E+005	 +0.4542993656522171E+005	 +0.1359079894893686E+005	 +0.5902073551415883E+005	
December 	 +0.1752000000000000E+005	 +0.5676746508046697E+005	 +0.1907220814810456E+005	 +0.7583967322857164E+005	
  
	Maximum Instantaneous Values
	Label not available                                                                                                                                                                                                                                                                                         	Label not available                                                                                                                                                                                                                                                                                         	Label not available                                                                                                                                                                                                                                                                                         	Label not available                                                                                                                                                                                                                                                                                         	
Maximum Value	 +0.1752000000000000E+005	 +0.3155121705715613E+003	 +0.8979285263679857E+002	 +0.3819072102969855E+003	
Time of Maximum	 +0.1752000000000000E+005	 +0.1452960000000000E+005	 +0.1484253333333333E+005	 +0.1452960000000000E+005	
  
	Minimum Instantaneous Values
	Label not available                                                                                                                                                                                                                                                                                         	Label not available                                                                                                                                                                                                                                                                                         	Label not available                                                                                                                                                                                                                                                                                         	Label not available                                                                                                                                                                                                                                                                                         	
Minimum Value	 +0.7300033333333334E+004	 +0.0000000000000000E+000	 +0.0000000000000000E+000	 +0.0000000000000000E+000	
Time of Minimum	 +0.7300033333333334E+004	 +0.1752000000000000E+005	 +0.1752000000000000E+005	 +0.1752000000000000E+005	
  
	Maximum Integrated Values
	Label not available                                                                                                                                                                                                                                                                                         	Label not available                                                                                                                                                                                                                                                                                         	Label not available                                                                                                                                                                                                                                                                                         	Label not available                                                                                                                                                                                                                                                                                         	
Maximum Value	 +0.1752000000000000E+005	 +0.5934510292836431E+005	 +0.2275284279283744E+005	 +0.8209794572120192E+005	
Time of Maximum	 +0.1752000000000000E+005	 +0.9504000000000000E+004	 +0.9504000000000000E+004	 +0.9504000000000000E+004	
  
	Minimum Integrated Values
	Label not available                                                                                                                                                                                                                                                                                         	Label not available                                                                                                                                                                                                                                                                                         	Label not available                                                                                                                                                                                                                                                                                         	Label not available                                                                                                                                                                                                                                                                                         	
Minimum Value	 +0.8016000000000000E+004	 +0.6978722601828042E+004	 +0.2067608689553428E+004	 +0.9046331291381466E+004	
Time of Minimum	 +0.8016000000000000E+004	 +0.1384800000000000E+005	 +0.1384800000000000E+005	 +0.1384800000000000E+005	
  
	Sum (note: sums are set to zero for inputs that were not integrated.)
	Label not available                                                                                                                                                                                                                                                                                         	Label not available                                                                                                                                                                                                                                                                                         	Label not available                                                                                                                                                                                                                                                                                         	Label not available                                                                                                                                                                                                                                                                                         	
Total	 +0.0000000000000000E+000	 +0.4840905894596261E+006	 +0.1580408248990908E+006	 +0.6421314143587193E+006	
