 	Label not available                                                                                                                                                                                                                                                                                         	Label not available                                                                                                                                                                                                                                                                                         	Label not available                                                                                                                                                                                                                                                                                         	Label not available                                                                                                                                                                                                                                                                                         	
Month 	TIME                     	QSnk524PauxEvap_kW       	QSnk524PelAuxComp_kW     	QSnk524PauxCondSwitch_kW 	
November 	 +0.8016000000000000E+004	 +0.6247276539893242E+005	 +0.1869089688153814E+005	 +0.8116366228047108E+005	
December 	 +0.8760000000000000E+004	 +0.8010893636769470E+005	 +0.2647587364975603E+005	 +0.1065848100174511E+006	
January  	 +0.9504000000000000E+004	 +0.8531485460484818E+005	 +0.3169956450718535E+005	 +0.1170144191120332E+006	
February 	 +0.1017600000000000E+005	 +0.7126848083390543E+005	 +0.2691677035327960E+005	 +0.9818525118718469E+005	
March    	 +0.1092000000000000E+005	 +0.6043482844424350E+005	 +0.2037544297357552E+005	 +0.8081027141781889E+005	
April    	 +0.1164000000000000E+005	 +0.4402573765577669E+005	 +0.1322516033340300E+005	 +0.5725089798917971E+005	
May      	 +0.1238400000000000E+005	 +0.2491672023010733E+005	 +0.7159657411393914E+004	 +0.3207637764150113E+005	
June     	 +0.1310400000000000E+005	 +0.1075837652117674E+005	 +0.3163965292879267E+004	 +0.1392234181405601E+005	
July     	 +0.1384800000000000E+005	 +0.6930702000087304E+004	 +0.2166309939532468E+004	 +0.9097011939619775E+004	
August   	 +0.1459200000000000E+005	 +0.9438335175273116E+004	 +0.2669947340553822E+004	 +0.1210828251582693E+005	
September	 +0.1531200000000000E+005	 +0.1721230670273862E+005	 +0.4464415338361086E+004	 +0.2167672204109971E+005	
October  	 +0.1605600000000000E+005	 +0.3977253477496407E+005	 +0.1053549598907704E+005	 +0.5030803076404093E+005	
November 	 +0.1677600000000000E+005	 +0.6184132099320670E+005	 +0.1841812552824839E+005	 +0.8025944652145531E+005	
December 	 +0.1752000000000000E+005	 +0.8012224080036704E+005	 +0.2645951710834632E+005	 +0.1065817579087136E+006	
  
	Maximum Instantaneous Values
	Label not available                                                                                                                                                                                                                                                                                         	Label not available                                                                                                                                                                                                                                                                                         	Label not available                                                                                                                                                                                                                                                                                         	Label not available                                                                                                                                                                                                                                                                                         	
Maximum Value	 +0.1752000000000000E+005	 +0.3959732752116246E+003	 +0.1121031263804024E+003	 +0.4787307516727664E+003	
Time of Maximum	 +0.1752000000000000E+005	 +0.1450383333333333E+005	 +0.1448256666666667E+005	 +0.1450383333333333E+005	
  
	Minimum Instantaneous Values
	Label not available                                                                                                                                                                                                                                                                                         	Label not available                                                                                                                                                                                                                                                                                         	Label not available                                                                                                                                                                                                                                                                                         	Label not available                                                                                                                                                                                                                                                                                         	
Minimum Value	 +0.7300033333333334E+004	 +0.0000000000000000E+000	 +0.0000000000000000E+000	 +0.0000000000000000E+000	
Time of Minimum	 +0.7300033333333334E+004	 +0.1752000000000000E+005	 +0.1752000000000000E+005	 +0.1752000000000000E+005	
  
	Maximum Integrated Values
	Label not available                                                                                                                                                                                                                                                                                         	Label not available                                                                                                                                                                                                                                                                                         	Label not available                                                                                                                                                                                                                                                                                         	Label not available                                                                                                                                                                                                                                                                                         	
Maximum Value	 +0.1752000000000000E+005	 +0.8531485460484818E+005	 +0.3169956450718535E+005	 +0.1170144191120332E+006	
Time of Maximum	 +0.1752000000000000E+005	 +0.9504000000000000E+004	 +0.9504000000000000E+004	 +0.9504000000000000E+004	
  
	Minimum Integrated Values
	Label not available                                                                                                                                                                                                                                                                                         	Label not available                                                                                                                                                                                                                                                                                         	Label not available                                                                                                                                                                                                                                                                                         	Label not available                                                                                                                                                                                                                                                                                         	
Minimum Value	 +0.8016000000000000E+004	 +0.6930702000087304E+004	 +0.2166309939532468E+004	 +0.9097011939619775E+004	
Time of Minimum	 +0.8016000000000000E+004	 +0.1384800000000000E+005	 +0.1384800000000000E+005	 +0.1384800000000000E+005	
  
	Sum (note: sums are set to zero for inputs that were not integrated.)
	Label not available                                                                                                                                                                                                                                                                                         	Label not available                                                                                                                                                                                                                                                                                         	Label not available                                                                                                                                                                                                                                                                                         	Label not available                                                                                                                                                                                                                                                                                         	
Total	 +0.0000000000000000E+000	 +0.6546181405033207E+006	 +0.2124211426471288E+006	 +0.8670392831504414E+006	
