 	Label not available                                                                                                                                                                                                                                                                                         	Label not available                                                                                                                                                                                                                                                                                         	Label not available                                                                                                                                                                                                                                                                                         	Label not available                                                                                                                                                                                                                                                                                         	
Month 	TIME                     	QSnk191PauxEvap_kW       	QSnk191PelAuxComp_kW     	QSnk191PauxCondSwitch_kW 	
November 	 +0.8016000000000000E+004	 +0.7138284110795446E+005	 +0.2131183964091813E+005	 +0.9269468074887218E+005	
December 	 +0.8760000000000000E+004	 +0.9026711655556539E+005	 +0.3000362748917942E+005	 +0.1202707440447446E+006	
January  	 +0.9504000000000000E+004	 +0.9486719683211495E+005	 +0.3585986914169076E+005	 +0.1307270659738056E+006	
February 	 +0.1017600000000000E+005	 +0.7916066912129948E+005	 +0.3021640103501596E+005	 +0.1093770701563156E+006	
March    	 +0.1092000000000000E+005	 +0.6902871380004261E+005	 +0.2295974092580550E+005	 +0.9198845472584851E+005	
April    	 +0.1164000000000000E+005	 +0.5152062941159147E+005	 +0.1505380162428766E+005	 +0.6657443103587914E+005	
May      	 +0.1238400000000000E+005	 +0.3074173005141354E+005	 +0.8416654116002263E+004	 +0.3915838416741578E+005	
June     	 +0.1310400000000000E+005	 +0.1413428242219977E+005	 +0.3827766056995406E+004	 +0.1796204847919516E+005	
July     	 +0.1384800000000000E+005	 +0.9425550050605752E+004	 +0.2674769477797830E+004	 +0.1210031952840358E+005	
August   	 +0.1459200000000000E+005	 +0.1253809701592892E+005	 +0.3347179382569343E+004	 +0.1588527639849826E+005	
September	 +0.1531200000000000E+005	 +0.2246322361264434E+005	 +0.5617449191852741E+004	 +0.2808067280449716E+005	
October  	 +0.1605600000000000E+005	 +0.4690747186705912E+005	 +0.1224754874447198E+005	 +0.5915502061153085E+005	
November 	 +0.1677600000000000E+005	 +0.7084859842167405E+005	 +0.2105409077641947E+005	 +0.9190268919809299E+005	
December 	 +0.1752000000000000E+005	 +0.9027929286865606E+005	 +0.2998055351052679E+005	 +0.1202598463791825E+006	
  
	Maximum Instantaneous Values
	Label not available                                                                                                                                                                                                                                                                                         	Label not available                                                                                                                                                                                                                                                                                         	Label not available                                                                                                                                                                                                                                                                                         	Label not available                                                                                                                                                                                                                                                                                         	
Maximum Value	 +0.1752000000000000E+005	 +0.4956623889973649E+003	 +0.1353254288189872E+003	 +0.5953247288432502E+003	
Time of Maximum	 +0.1752000000000000E+005	 +0.1404876666666667E+005	 +0.1408713333333333E+005	 +0.1404876666666667E+005	
  
	Minimum Instantaneous Values
	Label not available                                                                                                                                                                                                                                                                                         	Label not available                                                                                                                                                                                                                                                                                         	Label not available                                                                                                                                                                                                                                                                                         	Label not available                                                                                                                                                                                                                                                                                         	
Minimum Value	 +0.7300033333333334E+004	 +0.0000000000000000E+000	 +0.0000000000000000E+000	 +0.0000000000000000E+000	
Time of Minimum	 +0.7300033333333334E+004	 +0.1752000000000000E+005	 +0.1752000000000000E+005	 +0.1752000000000000E+005	
  
	Maximum Integrated Values
	Label not available                                                                                                                                                                                                                                                                                         	Label not available                                                                                                                                                                                                                                                                                         	Label not available                                                                                                                                                                                                                                                                                         	Label not available                                                                                                                                                                                                                                                                                         	
Maximum Value	 +0.1752000000000000E+005	 +0.9486719683211495E+005	 +0.3585986914169076E+005	 +0.1307270659738056E+006	
Time of Maximum	 +0.1752000000000000E+005	 +0.9504000000000000E+004	 +0.9504000000000000E+004	 +0.9504000000000000E+004	
  
	Minimum Integrated Values
	Label not available                                                                                                                                                                                                                                                                                         	Label not available                                                                                                                                                                                                                                                                                         	Label not available                                                                                                                                                                                                                                                                                         	Label not available                                                                                                                                                                                                                                                                                         	
Minimum Value	 +0.8016000000000000E+004	 +0.9425550050605752E+004	 +0.2674769477797830E+004	 +0.1210031952840358E+005	
Time of Minimum	 +0.8016000000000000E+004	 +0.1384800000000000E+005	 +0.1384800000000000E+005	 +0.1384800000000000E+005	
  
	Sum (note: sums are set to zero for inputs that were not integrated.)
	Label not available                                                                                                                                                                                                                                                                                         	Label not available                                                                                                                                                                                                                                                                                         	Label not available                                                                                                                                                                                                                                                                                         	Label not available                                                                                                                                                                                                                                                                                         	
Total	 +0.0000000000000000E+000	 +0.7535654131387559E+006	 +0.2425712911135313E+006	 +0.9961367042522812E+006	
