 	Label not available                                                                                                                                                                                                                                                                                         	Label not available                                                                                                                                                                                                                                                                                         	Label not available                                                                                                                                                                                                                                                                                         	Label not available                                                                                                                                                                                                                                                                                         	
Month 	TIME                     	QSnk183PauxEvap_kW       	QSnk183PelAuxComp_kW     	QSnk183PauxCondSwitch_kW 	
November 	 +0.8016000000000000E+004	 +0.2739317420937029E+004	 +0.7643256672214917E+003	 +0.3503643088158522E+004	
December 	 +0.8760000000000000E+004	 +0.3570563199021960E+004	 +0.1077054471906634E+004	 +0.4647617670928596E+004	
January  	 +0.9504000000000000E+004	 +0.3873670234686529E+004	 +0.1241254421018108E+004	 +0.5114924655704656E+004	
February 	 +0.1017600000000000E+005	 +0.3233023293096246E+004	 +0.1048007296214226E+004	 +0.4281030589310453E+004	
March    	 +0.1092000000000000E+005	 +0.2679819117126417E+004	 +0.8134067501684794E+003	 +0.3493225867294901E+004	
April    	 +0.1164000000000000E+005	 +0.1901748034401856E+004	 +0.5272085128421453E+003	 +0.2428956547244014E+004	
May      	 +0.1238400000000000E+005	 +0.1028708025137594E+004	 +0.2647637193342688E+003	 +0.1293471744471862E+004	
June     	 +0.1310400000000000E+005	 +0.3920787423709074E+003	 +0.9931072962847023E+002	 +0.4913894719993777E+003	
July     	 +0.1384800000000000E+005	 +0.1859166764005947E+003	 +0.5217593665274998E+002	 +0.2380926130533443E+003	
August   	 +0.1459200000000000E+005	 +0.3327031439876229E+003	 +0.8288940126384294E+002	 +0.4155925452514658E+003	
September	 +0.1531200000000000E+005	 +0.6619302442806576E+003	 +0.1568110810565184E+003	 +0.8187413253371761E+003	
October  	 +0.1605600000000000E+005	 +0.1695279978965669E+004	 +0.4180229138926326E+003	 +0.2113302892858301E+004	
November 	 +0.1677600000000000E+005	 +0.2710882082706133E+004	 +0.7547453633950777E+003	 +0.3465627446101201E+004	
December 	 +0.1752000000000000E+005	 +0.3569369221623293E+004	 +0.1076723520098817E+004	 +0.4646092741722100E+004	
  
	Maximum Instantaneous Values
	Label not available                                                                                                                                                                                                                                                                                         	Label not available                                                                                                                                                                                                                                                                                         	Label not available                                                                                                                                                                                                                                                                                         	Label not available                                                                                                                                                                                                                                                                                         	
Maximum Value	 +0.1752000000000000E+005	 +0.1701786088512269E+002	 +0.4484372086883692E+001	 +0.2042876234756192E+002	
Time of Maximum	 +0.1752000000000000E+005	 +0.1385916666666667E+005	 +0.1386836666666667E+005	 +0.1385916666666667E+005	
  
	Minimum Instantaneous Values
	Label not available                                                                                                                                                                                                                                                                                         	Label not available                                                                                                                                                                                                                                                                                         	Label not available                                                                                                                                                                                                                                                                                         	Label not available                                                                                                                                                                                                                                                                                         	
Minimum Value	 +0.7300033333333334E+004	 +0.0000000000000000E+000	 +0.0000000000000000E+000	 +0.0000000000000000E+000	
Time of Minimum	 +0.7300033333333334E+004	 +0.1752000000000000E+005	 +0.1752000000000000E+005	 +0.1752000000000000E+005	
  
	Maximum Integrated Values
	Label not available                                                                                                                                                                                                                                                                                         	Label not available                                                                                                                                                                                                                                                                                         	Label not available                                                                                                                                                                                                                                                                                         	Label not available                                                                                                                                                                                                                                                                                         	
Maximum Value	 +0.1752000000000000E+005	 +0.3873670234686529E+004	 +0.1241254421018108E+004	 +0.5114924655704656E+004	
Time of Maximum	 +0.1752000000000000E+005	 +0.9504000000000000E+004	 +0.9504000000000000E+004	 +0.9504000000000000E+004	
  
	Minimum Integrated Values
	Label not available                                                                                                                                                                                                                                                                                         	Label not available                                                                                                                                                                                                                                                                                         	Label not available                                                                                                                                                                                                                                                                                         	Label not available                                                                                                                                                                                                                                                                                         	
Minimum Value	 +0.8016000000000000E+004	 +0.1859166764005947E+003	 +0.5217593665274998E+002	 +0.2380926130533443E+003	
Time of Minimum	 +0.8016000000000000E+004	 +0.1384800000000000E+005	 +0.1384800000000000E+005	 +0.1384800000000000E+005	
  
	Sum (note: sums are set to zero for inputs that were not integrated.)
	Label not available                                                                                                                                                                                                                                                                                         	Label not available                                                                                                                                                                                                                                                                                         	Label not available                                                                                                                                                                                                                                                                                         	Label not available                                                                                                                                                                                                                                                                                         	
Total	 +0.0000000000000000E+000	 +0.2857500941474241E+005	 +0.8376699784693566E+004	 +0.3695170919943593E+005	
