 	Label not available                                                                                                                                                                                                                                                                                         	Label not available                                                                                                                                                                                                                                                                                         	Label not available                                                                                                                                                                                                                                                                                         	Label not available                                                                                                                                                                                                                                                                                         	
Month 	TIME                     	QSnk358PauxEvap_kW       	QSnk358PelAuxComp_kW     	QSnk358PauxCondSwitch_kW 	
November 	 +0.8016000000000000E+004	 +0.1020613005989459E+005	 +0.2833024225121137E+004	 +0.1303915428501569E+005	
December 	 +0.8760000000000000E+004	 +0.1318765232527824E+005	 +0.3987471329572059E+004	 +0.1717512365485032E+005	
January  	 +0.9504000000000000E+004	 +0.1416179376832656E+005	 +0.4590330058186979E+004	 +0.1875212382651346E+005	
February 	 +0.1017600000000000E+005	 +0.1176964278412508E+005	 +0.3847037593205518E+004	 +0.1561668037733065E+005	
March    	 +0.1092000000000000E+005	 +0.9935200391717177E+004	 +0.3017919098212898E+004	 +0.1295311948993005E+005	
April    	 +0.1164000000000000E+005	 +0.7158568835199966E+004	 +0.1982235463656999E+004	 +0.9140804298856947E+004	
May      	 +0.1238400000000000E+005	 +0.3975463788769543E+004	 +0.1023641002507710E+004	 +0.4999104791277264E+004	
June     	 +0.1310400000000000E+005	 +0.1528314882587115E+004	 +0.3751429008827444E+003	 +0.1903457783469860E+004	
July     	 +0.1384800000000000E+005	 +0.7331880464240998E+003	 +0.1865333943741080E+003	 +0.9197214407982086E+003	
August   	 +0.1459200000000000E+005	 +0.1202119391663806E+004	 +0.2834864884644082E+003	 +0.1485605880128216E+004	
September	 +0.1531200000000000E+005	 +0.2754999850057099E+004	 +0.6310238172172121E+003	 +0.3386023667274314E+004	
October  	 +0.1605600000000000E+005	 +0.6463005929897919E+004	 +0.1576584689945773E+004	 +0.8039590619843681E+004	
November 	 +0.1677600000000000E+005	 +0.1013401228835946E+005	 +0.2804600642634038E+004	 +0.1293861293099339E+005	
December 	 +0.1752000000000000E+005	 +0.1318561091853623E+005	 +0.3988002943586423E+004	 +0.1717361386212275E+005	
  
	Maximum Instantaneous Values
	Label not available                                                                                                                                                                                                                                                                                         	Label not available                                                                                                                                                                                                                                                                                         	Label not available                                                                                                                                                                                                                                                                                         	Label not available                                                                                                                                                                                                                                                                                         	
Maximum Value	 +0.1752000000000000E+005	 +0.6493911353415955E+002	 +0.1788864598487643E+002	 +0.7820668014905844E+002	
Time of Maximum	 +0.1752000000000000E+005	 +0.1383393333333333E+005	 +0.1383350000000000E+005	 +0.1383393333333333E+005	
  
	Minimum Instantaneous Values
	Label not available                                                                                                                                                                                                                                                                                         	Label not available                                                                                                                                                                                                                                                                                         	Label not available                                                                                                                                                                                                                                                                                         	Label not available                                                                                                                                                                                                                                                                                         	
Minimum Value	 +0.7300033333333334E+004	 +0.0000000000000000E+000	 +0.0000000000000000E+000	 +0.0000000000000000E+000	
Time of Minimum	 +0.7300033333333334E+004	 +0.1752000000000000E+005	 +0.1752000000000000E+005	 +0.1752000000000000E+005	
  
	Maximum Integrated Values
	Label not available                                                                                                                                                                                                                                                                                         	Label not available                                                                                                                                                                                                                                                                                         	Label not available                                                                                                                                                                                                                                                                                         	Label not available                                                                                                                                                                                                                                                                                         	
Maximum Value	 +0.1752000000000000E+005	 +0.1416179376832656E+005	 +0.4590330058186979E+004	 +0.1875212382651346E+005	
Time of Maximum	 +0.1752000000000000E+005	 +0.9504000000000000E+004	 +0.9504000000000000E+004	 +0.9504000000000000E+004	
  
	Minimum Integrated Values
	Label not available                                                                                                                                                                                                                                                                                         	Label not available                                                                                                                                                                                                                                                                                         	Label not available                                                                                                                                                                                                                                                                                         	Label not available                                                                                                                                                                                                                                                                                         	
Minimum Value	 +0.8016000000000000E+004	 +0.7331880464240998E+003	 +0.1865333943741080E+003	 +0.9197214407982086E+003	
Time of Minimum	 +0.8016000000000000E+004	 +0.1384800000000000E+005	 +0.1384800000000000E+005	 +0.1384800000000000E+005	
  
	Sum (note: sums are set to zero for inputs that were not integrated.)
	Label not available                                                                                                                                                                                                                                                                                         	Label not available                                                                                                                                                                                                                                                                                         	Label not available                                                                                                                                                                                                                                                                                         	Label not available                                                                                                                                                                                                                                                                                         	
Total	 +0.0000000000000000E+000	 +0.1063957032608364E+006	 +0.3112703364756809E+005	 +0.1375227369084042E+006	
