 	Label not available                                                                                                                                                                                                                                                                                         	Label not available                                                                                                                                                                                                                                                                                         	Label not available                                                                                                                                                                                                                                                                                         	Label not available                                                                                                                                                                                                                                                                                         	
Month 	TIME                     	QSnk417PauxEvap_kW       	QSnk417PelAuxComp_kW     	QSnk417PauxCondSwitch_kW 	
November 	 +0.8016000000000000E+004	 +0.1621154403442484E+005	 +0.4533701434182047E+004	 +0.2074524546860687E+005	
December 	 +0.8760000000000000E+004	 +0.2057200083086059E+005	 +0.6304178796223500E+004	 +0.2687617962708405E+005	
January  	 +0.9504000000000000E+004	 +0.2197135469985593E+005	 +0.7290529806632423E+004	 +0.2926188450648845E+005	
February 	 +0.1017600000000000E+005	 +0.1824065846739866E+005	 +0.6120115471928641E+004	 +0.2436077393932715E+005	
March    	 +0.1092000000000000E+005	 +0.1548966631402734E+005	 +0.4852666394663885E+004	 +0.2034233270869117E+005	
April    	 +0.1164000000000000E+005	 +0.1137787543007923E+005	 +0.3269943591346635E+004	 +0.1464781902142596E+005	
May      	 +0.1238400000000000E+005	 +0.6760006564548875E+004	 +0.1827890181067565E+004	 +0.8587896745616457E+004	
June     	 +0.1310400000000000E+005	 +0.2680439699976357E+004	 +0.6918367148764698E+003	 +0.3372276414852824E+004	
July     	 +0.1384800000000000E+005	 +0.1464303752526661E+004	 +0.3845344045931539E+003	 +0.1848838157119812E+004	
August   	 +0.1459200000000000E+005	 +0.2218285382718408E+004	 +0.5254360917337385E+003	 +0.2743721474452149E+004	
September	 +0.1531200000000000E+005	 +0.4952810156070816E+004	 +0.1137586058404390E+004	 +0.6090396214475229E+004	
October  	 +0.1605600000000000E+005	 +0.1058360991662048E+005	 +0.2590770686203770E+004	 +0.1317438060282429E+005	
November 	 +0.1677600000000000E+005	 +0.1612615825377746E+005	 +0.4490840383751659E+004	 +0.2061699863752912E+005	
December 	 +0.1752000000000000E+005	 +0.2056650032478632E+005	 +0.6302915107653512E+004	 +0.2686941543243976E+005	
  
	Maximum Instantaneous Values
	Label not available                                                                                                                                                                                                                                                                                         	Label not available                                                                                                                                                                                                                                                                                         	Label not available                                                                                                                                                                                                                                                                                         	Label not available                                                                                                                                                                                                                                                                                         	
Maximum Value	 +0.1752000000000000E+005	 +0.1046371150973632E+003	 +0.2969541126968422E+002	 +0.1267017931137094E+003	
Time of Maximum	 +0.1752000000000000E+005	 +0.1453223333333333E+005	 +0.1475076666666667E+005	 +0.1453223333333333E+005	
  
	Minimum Instantaneous Values
	Label not available                                                                                                                                                                                                                                                                                         	Label not available                                                                                                                                                                                                                                                                                         	Label not available                                                                                                                                                                                                                                                                                         	Label not available                                                                                                                                                                                                                                                                                         	
Minimum Value	 +0.7300033333333334E+004	 +0.0000000000000000E+000	 +0.0000000000000000E+000	 +0.0000000000000000E+000	
Time of Minimum	 +0.7300033333333334E+004	 +0.1752000000000000E+005	 +0.1752000000000000E+005	 +0.1752000000000000E+005	
  
	Maximum Integrated Values
	Label not available                                                                                                                                                                                                                                                                                         	Label not available                                                                                                                                                                                                                                                                                         	Label not available                                                                                                                                                                                                                                                                                         	Label not available                                                                                                                                                                                                                                                                                         	
Maximum Value	 +0.1752000000000000E+005	 +0.2197135469985593E+005	 +0.7290529806632423E+004	 +0.2926188450648845E+005	
Time of Maximum	 +0.1752000000000000E+005	 +0.9504000000000000E+004	 +0.9504000000000000E+004	 +0.9504000000000000E+004	
  
	Minimum Integrated Values
	Label not available                                                                                                                                                                                                                                                                                         	Label not available                                                                                                                                                                                                                                                                                         	Label not available                                                                                                                                                                                                                                                                                         	Label not available                                                                                                                                                                                                                                                                                         	
Minimum Value	 +0.8016000000000000E+004	 +0.1464303752526661E+004	 +0.3845344045931539E+003	 +0.1848838157119812E+004	
Time of Minimum	 +0.8016000000000000E+004	 +0.1384800000000000E+005	 +0.1384800000000000E+005	 +0.1384800000000000E+005	
  
	Sum (note: sums are set to zero for inputs that were not integrated.)
	Label not available                                                                                                                                                                                                                                                                                         	Label not available                                                                                                                                                                                                                                                                                         	Label not available                                                                                                                                                                                                                                                                                         	Label not available                                                                                                                                                                                                                                                                                         	
Total	 +0.0000000000000000E+000	 +0.1692152138276711E+006	 +0.5032294512326134E+005	 +0.2195381589509340E+006	
