 	Label not available                                                                                                                                                                                                                                                                                         	Label not available                                                                                                                                                                                                                                                                                         	Label not available                                                                                                                                                                                                                                                                                         	Label not available                                                                                                                                                                                                                                                                                         	
Month 	TIME                     	QSnk225PauxEvap_kW       	QSnk225PelAuxComp_kW     	QSnk225PauxCondSwitch_kW 	
November 	 +0.8016000000000000E+004	 +0.5663180647179316E+005	 +0.1559507884094718E+005	 +0.7222688531274041E+005	
December 	 +0.8760000000000000E+004	 +0.7191468770759502E+005	 +0.2171676431674313E+005	 +0.9363145202433814E+005	
January  	 +0.9504000000000000E+004	 +0.7689532392455361E+005	 +0.2513924017658961E+005	 +0.1020345641011434E+006	
February 	 +0.1017600000000000E+005	 +0.6396934978005289E+005	 +0.2091671245687792E+005	 +0.8488606223693115E+005	
March    	 +0.1092000000000000E+005	 +0.5446414041289175E+005	 +0.1632972177898889E+005	 +0.7079386219188054E+005	
April    	 +0.1164000000000000E+005	 +0.4005550051837339E+005	 +0.1083460253189876E+005	 +0.5089010305027210E+005	
May      	 +0.1238400000000000E+005	 +0.2379269377535459E+005	 +0.5890932321276150E+004	 +0.2968362609663074E+005	
June     	 +0.1310400000000000E+005	 +0.9248138615281843E+004	 +0.2154539089617675E+004	 +0.1140267770489951E+005	
July     	 +0.1384800000000000E+005	 +0.4906154654800638E+004	 +0.1135916940974573E+004	 +0.6042071595775209E+004	
August   	 +0.1459200000000000E+005	 +0.7561718254864596E+004	 +0.1677274661432802E+004	 +0.9238992916297404E+004	
September	 +0.1531200000000000E+005	 +0.1711166482836440E+005	 +0.3816030200725264E+004	 +0.2092769502908968E+005	
October  	 +0.1605600000000000E+005	 +0.3687143307560990E+005	 +0.8861847868585384E+004	 +0.4573328094419509E+005	
November 	 +0.1677600000000000E+005	 +0.5631680485698917E+005	 +0.1545520522307391E+005	 +0.7177201008006292E+005	
December 	 +0.1752000000000000E+005	 +0.7190278158068770E+005	 +0.2171761023872569E+005	 +0.9362039181941347E+005	
  
	Maximum Instantaneous Values
	Label not available                                                                                                                                                                                                                                                                                         	Label not available                                                                                                                                                                                                                                                                                         	Label not available                                                                                                                                                                                                                                                                                         	Label not available                                                                                                                                                                                                                                                                                         	
Maximum Value	 +0.1752000000000000E+005	 +0.3839336686377655E+003	 +0.1044302854510188E+003	 +0.4617030328570890E+003	
Time of Maximum	 +0.1752000000000000E+005	 +0.1392766666666667E+005	 +0.1395463333333333E+005	 +0.1392766666666667E+005	
  
	Minimum Instantaneous Values
	Label not available                                                                                                                                                                                                                                                                                         	Label not available                                                                                                                                                                                                                                                                                         	Label not available                                                                                                                                                                                                                                                                                         	Label not available                                                                                                                                                                                                                                                                                         	
Minimum Value	 +0.7300033333333334E+004	 +0.0000000000000000E+000	 +0.0000000000000000E+000	 +0.0000000000000000E+000	
Time of Minimum	 +0.7300033333333334E+004	 +0.1752000000000000E+005	 +0.1752000000000000E+005	 +0.1752000000000000E+005	
  
	Maximum Integrated Values
	Label not available                                                                                                                                                                                                                                                                                         	Label not available                                                                                                                                                                                                                                                                                         	Label not available                                                                                                                                                                                                                                                                                         	Label not available                                                                                                                                                                                                                                                                                         	
Maximum Value	 +0.1752000000000000E+005	 +0.7689532392455361E+005	 +0.2513924017658961E+005	 +0.1020345641011434E+006	
Time of Maximum	 +0.1752000000000000E+005	 +0.9504000000000000E+004	 +0.9504000000000000E+004	 +0.9504000000000000E+004	
  
	Minimum Integrated Values
	Label not available                                                                                                                                                                                                                                                                                         	Label not available                                                                                                                                                                                                                                                                                         	Label not available                                                                                                                                                                                                                                                                                         	Label not available                                                                                                                                                                                                                                                                                         	
Minimum Value	 +0.8016000000000000E+004	 +0.4906154654800638E+004	 +0.1135916940974573E+004	 +0.6042071595775209E+004	
Time of Minimum	 +0.8016000000000000E+004	 +0.1384800000000000E+005	 +0.1384800000000000E+005	 +0.1384800000000000E+005	
  
	Sum (note: sums are set to zero for inputs that were not integrated.)
	Label not available                                                                                                                                                                                                                                                                                         	Label not available                                                                                                                                                                                                                                                                                         	Label not available                                                                                                                                                                                                                                                                                         	Label not available                                                                                                                                                                                                                                                                                         	
Total	 +0.0000000000000000E+000	 +0.5916421984572210E+006	 +0.1712414766464576E+006	 +0.7628836751036851E+006	
