 	Label not available                                                                                                                                                                                                                                                                                         	Label not available                                                                                                                                                                                                                                                                                         	Label not available                                                                                                                                                                                                                                                                                         	Label not available                                                                                                                                                                                                                                                                                         	
Month 	TIME                     	QSnk85PauxEvap_kW        	QSnk85PelAuxComp_kW      	QSnk85PauxCondSwitch_kW  	
November 	 +0.8016000000000000E+004	 +0.9584136719975190E+005	 +0.2654369241702830E+005	 +0.1223850596167804E+006	
December 	 +0.8760000000000000E+004	 +0.1239233004516700E+006	 +0.3752893330546217E+005	 +0.1614522337571335E+006	
January  	 +0.9504000000000000E+004	 +0.1330475157176322E+006	 +0.4338039745560685E+005	 +0.1764279131732386E+006	
February 	 +0.1017600000000000E+005	 +0.1105165894176972E+006	 +0.3624590625158769E+005	 +0.1467624956692840E+006	
March    	 +0.1092000000000000E+005	 +0.9325822084345677E+005	 +0.2820877335072993E+005	 +0.1214669941941874E+006	
April    	 +0.1164000000000000E+005	 +0.6694638061069969E+005	 +0.1834814048573732E+005	 +0.8529452109643719E+005	
May      	 +0.1238400000000000E+005	 +0.3687001259786832E+005	 +0.9258862362052982E+004	 +0.4612887495992144E+005	
June     	 +0.1310400000000000E+005	 +0.1370648616276250E+005	 +0.3231931802136707E+004	 +0.1693841796489918E+005	
July     	 +0.1384800000000000E+005	 +0.5670741987112558E+004	 +0.1367006019157856E+004	 +0.7037748006270414E+004	
August   	 +0.1459200000000000E+005	 +0.1081967375395231E+005	 +0.2447859164593498E+004	 +0.1326753291854581E+005	
September	 +0.1531200000000000E+005	 +0.2514432174971608E+005	 +0.5612410203800760E+004	 +0.3075673195351684E+005	
October  	 +0.1605600000000000E+005	 +0.6036882036116722E+005	 +0.1452308050367069E+005	 +0.7489190086483784E+005	
November 	 +0.1677600000000000E+005	 +0.9509389268623061E+005	 +0.2623828246395729E+005	 +0.1213321751501881E+006	
December 	 +0.1752000000000000E+005	 +0.1239367824708418E+006	 +0.3750995708295819E+005	 +0.1614467395537998E+006	
  
	Maximum Instantaneous Values
	Label not available                                                                                                                                                                                                                                                                                         	Label not available                                                                                                                                                                                                                                                                                         	Label not available                                                                                                                                                                                                                                                                                         	Label not available                                                                                                                                                                                                                                                                                         	
Maximum Value	 +0.1752000000000000E+005	 +0.6560274320027879E+003	 +0.1789131886492658E+003	 +0.7889692535149785E+003	
Time of Maximum	 +0.1752000000000000E+005	 +0.1393010000000000E+005	 +0.1389326666666667E+005	 +0.1453003333333333E+005	
  
	Minimum Instantaneous Values
	Label not available                                                                                                                                                                                                                                                                                         	Label not available                                                                                                                                                                                                                                                                                         	Label not available                                                                                                                                                                                                                                                                                         	Label not available                                                                                                                                                                                                                                                                                         	
Minimum Value	 +0.7300033333333334E+004	 +0.0000000000000000E+000	 +0.0000000000000000E+000	 +0.0000000000000000E+000	
Time of Minimum	 +0.7300033333333334E+004	 +0.1752000000000000E+005	 +0.1752000000000000E+005	 +0.1752000000000000E+005	
  
	Maximum Integrated Values
	Label not available                                                                                                                                                                                                                                                                                         	Label not available                                                                                                                                                                                                                                                                                         	Label not available                                                                                                                                                                                                                                                                                         	Label not available                                                                                                                                                                                                                                                                                         	
Maximum Value	 +0.1752000000000000E+005	 +0.1330475157176322E+006	 +0.4338039745560685E+005	 +0.1764279131732386E+006	
Time of Maximum	 +0.1752000000000000E+005	 +0.9504000000000000E+004	 +0.9504000000000000E+004	 +0.9504000000000000E+004	
  
	Minimum Integrated Values
	Label not available                                                                                                                                                                                                                                                                                         	Label not available                                                                                                                                                                                                                                                                                         	Label not available                                                                                                                                                                                                                                                                                         	Label not available                                                                                                                                                                                                                                                                                         	
Minimum Value	 +0.8016000000000000E+004	 +0.5670741987112558E+004	 +0.1367006019157856E+004	 +0.7037748006270414E+004	
Time of Minimum	 +0.8016000000000000E+004	 +0.1384800000000000E+005	 +0.1384800000000000E+005	 +0.1384800000000000E+005	
  
	Sum (note: sums are set to zero for inputs that were not integrated.)
	Label not available                                                                                                                                                                                                                                                                                         	Label not available                                                                                                                                                                                                                                                                                         	Label not available                                                                                                                                                                                                                                                                                         	Label not available                                                                                                                                                                                                                                                                                         	
Total	 +0.0000000000000000E+000	 +0.9951441060105498E+006	 +0.2904452328684842E+006	 +0.1285589338879020E+007	
