 	Label not available                                                                                                                                                                                                                                                                                         	Label not available                                                                                                                                                                                                                                                                                         	Label not available                                                                                                                                                                                                                                                                                         	Label not available                                                                                                                                                                                                                                                                                         	
Month 	TIME                     	QSnk60PauxEvap_kW        	QSnk60PelAuxComp_kW      	QSnk60PauxCondSwitch_kW  	
November 	 +0.8016000000000000E+004	 +0.2855375304823074E+005	 +0.7908355128115662E+004	 +0.3646210817634632E+005	
December 	 +0.8760000000000000E+004	 +0.3743315665162953E+005	 +0.1122236184526146E+005	 +0.4865551849689108E+005	
January  	 +0.9504000000000000E+004	 +0.4069120449336531E+005	 +0.1297962862086647E+005	 +0.5367083311423160E+005	
February 	 +0.1017600000000000E+005	 +0.3391723393316757E+005	 +0.1094051691748952E+005	 +0.4485775085065703E+005	
March    	 +0.1092000000000000E+005	 +0.2797360241178004E+005	 +0.8442632255417868E+004	 +0.3641623466719800E+005	
April    	 +0.1164000000000000E+005	 +0.1956939940471232E+005	 +0.5383522412014071E+004	 +0.2495292181672644E+005	
May      	 +0.1238400000000000E+005	 +0.1019377003881487E+005	 +0.2596316460275027E+004	 +0.1279008649908993E+005	
June     	 +0.1310400000000000E+005	 +0.3589504745063746E+004	 +0.8656862317310332E+003	 +0.4455190976794784E+004	
July     	 +0.1384800000000000E+005	 +0.1279460224652325E+004	 +0.3364044414296304E+003	 +0.1615864666081955E+004	
August   	 +0.1459200000000000E+005	 +0.2883625200885758E+004	 +0.6709471977945756E+003	 +0.3554572398680333E+004	
September	 +0.1531200000000000E+005	 +0.6384004179237377E+004	 +0.1454948026708691E+004	 +0.7838952205946072E+004	
October  	 +0.1605600000000000E+005	 +0.1739606028084453E+005	 +0.4230031329404595E+004	 +0.2162609161024914E+005	
November 	 +0.1677600000000000E+005	 +0.2830170181283394E+005	 +0.7817881110441934E+004	 +0.3611958292327604E+005	
December 	 +0.1752000000000000E+005	 +0.3743196212255902E+005	 +0.1122146320834427E+005	 +0.4865342533090356E+005	
  
	Maximum Instantaneous Values
	Label not available                                                                                                                                                                                                                                                                                         	Label not available                                                                                                                                                                                                                                                                                         	Label not available                                                                                                                                                                                                                                                                                         	Label not available                                                                                                                                                                                                                                                                                         	
Maximum Value	 +0.1752000000000000E+005	 +0.1739578709416530E+003	 +0.4774828232836863E+002	 +0.2094682396070304E+003	
Time of Maximum	 +0.1752000000000000E+005	 +0.1385750000000000E+005	 +0.1395086666666667E+005	 +0.1385750000000000E+005	
  
	Minimum Instantaneous Values
	Label not available                                                                                                                                                                                                                                                                                         	Label not available                                                                                                                                                                                                                                                                                         	Label not available                                                                                                                                                                                                                                                                                         	Label not available                                                                                                                                                                                                                                                                                         	
Minimum Value	 +0.7300033333333334E+004	 +0.0000000000000000E+000	 +0.0000000000000000E+000	 +0.0000000000000000E+000	
Time of Minimum	 +0.7300033333333334E+004	 +0.1752000000000000E+005	 +0.1752000000000000E+005	 +0.1752000000000000E+005	
  
	Maximum Integrated Values
	Label not available                                                                                                                                                                                                                                                                                         	Label not available                                                                                                                                                                                                                                                                                         	Label not available                                                                                                                                                                                                                                                                                         	Label not available                                                                                                                                                                                                                                                                                         	
Maximum Value	 +0.1752000000000000E+005	 +0.4069120449336531E+005	 +0.1297962862086647E+005	 +0.5367083311423160E+005	
Time of Maximum	 +0.1752000000000000E+005	 +0.9504000000000000E+004	 +0.9504000000000000E+004	 +0.9504000000000000E+004	
  
	Minimum Integrated Values
	Label not available                                                                                                                                                                                                                                                                                         	Label not available                                                                                                                                                                                                                                                                                         	Label not available                                                                                                                                                                                                                                                                                         	Label not available                                                                                                                                                                                                                                                                                         	
Minimum Value	 +0.8016000000000000E+004	 +0.1279460224652325E+004	 +0.3364044414296304E+003	 +0.1615864666081955E+004	
Time of Minimum	 +0.8016000000000000E+004	 +0.1384800000000000E+005	 +0.1384800000000000E+005	 +0.1384800000000000E+005	
  
	Sum (note: sums are set to zero for inputs that were not integrated.)
	Label not available                                                                                                                                                                                                                                                                                         	Label not available                                                                                                                                                                                                                                                                                         	Label not available                                                                                                                                                                                                                                                                                         	Label not available                                                                                                                                                                                                                                                                                         	
Total	 +0.0000000000000000E+000	 +0.2955984385477745E+006	 +0.8607069518529564E+005	 +0.3816691337330817E+006	
