 	Label not available                                                                                                                                                                                                                                                                                         	Label not available                                                                                                                                                                                                                                                                                         	Label not available                                                                                                                                                                                                                                                                                         	Label not available                                                                                                                                                                                                                                                                                         	
Month 	TIME                     	QSnk266PauxEvap_kW       	QSnk266PelAuxComp_kW     	QSnk266PauxCondSwitch_kW 	
November 	 +0.8016000000000000E+004	 +0.6415790642803116E+005	 +0.1777362796595058E+005	 +0.8193153439398199E+005	
December 	 +0.8760000000000000E+004	 +0.8297094992138087E+005	 +0.2503509258662509E+005	 +0.1080060425080062E+006	
January  	 +0.9504000000000000E+004	 +0.8913933293453004E+005	 +0.2886396971147807E+005	 +0.1180033026460082E+006	
February 	 +0.1017600000000000E+005	 +0.7409398104428648E+005	 +0.2420393142140537E+005	 +0.9829791246569167E+005	
March    	 +0.1092000000000000E+005	 +0.6237571350769578E+005	 +0.1890032294510872E+005	 +0.8127603645280420E+005	
April    	 +0.1164000000000000E+005	 +0.4476550527444017E+005	 +0.1234880897122161E+005	 +0.5711431424566156E+005	
May      	 +0.1238400000000000E+005	 +0.2472967871981376E+005	 +0.6304107350248985E+004	 +0.3103378607006287E+005	
June     	 +0.1310400000000000E+005	 +0.9088609080395468E+004	 +0.2190171562649134E+004	 +0.1127878064304461E+005	
July     	 +0.1384800000000000E+005	 +0.3833410361580130E+004	 +0.9455349200233261E+003	 +0.4778945281603462E+004	
August   	 +0.1459200000000000E+005	 +0.7279839738503883E+004	 +0.1665234132751225E+004	 +0.8945073871255101E+004	
September	 +0.1531200000000000E+005	 +0.1687890361501769E+005	 +0.3821794337185258E+004	 +0.2070069795220293E+005	
October  	 +0.1605600000000000E+005	 +0.4017773816575856E+005	 +0.9728962153144397E+004	 +0.4990670031890315E+005	
November 	 +0.1677600000000000E+005	 +0.6382928306082755E+005	 +0.1761972022717668E+005	 +0.8144900328800450E+005	
December 	 +0.1752000000000000E+005	 +0.8299964057715453E+005	 +0.2505846857067022E+005	 +0.1080581091478250E+006	
  
	Maximum Instantaneous Values
	Label not available                                                                                                                                                                                                                                                                                         	Label not available                                                                                                                                                                                                                                                                                         	Label not available                                                                                                                                                                                                                                                                                         	Label not available                                                                                                                                                                                                                                                                                         	
Maximum Value	 +0.1752000000000000E+005	 +0.4107483961753020E+003	 +0.1130189851313340E+003	 +0.4951251313445057E+003	
Time of Maximum	 +0.1752000000000000E+005	 +0.1455343333333333E+005	 +0.1394226666666667E+005	 +0.1455343333333333E+005	
  
	Minimum Instantaneous Values
	Label not available                                                                                                                                                                                                                                                                                         	Label not available                                                                                                                                                                                                                                                                                         	Label not available                                                                                                                                                                                                                                                                                         	Label not available                                                                                                                                                                                                                                                                                         	
Minimum Value	 +0.7300033333333334E+004	 +0.0000000000000000E+000	 +0.0000000000000000E+000	 +0.0000000000000000E+000	
Time of Minimum	 +0.7300033333333334E+004	 +0.1752000000000000E+005	 +0.1752000000000000E+005	 +0.1752000000000000E+005	
  
	Maximum Integrated Values
	Label not available                                                                                                                                                                                                                                                                                         	Label not available                                                                                                                                                                                                                                                                                         	Label not available                                                                                                                                                                                                                                                                                         	Label not available                                                                                                                                                                                                                                                                                         	
Maximum Value	 +0.1752000000000000E+005	 +0.8913933293453004E+005	 +0.2886396971147807E+005	 +0.1180033026460082E+006	
Time of Maximum	 +0.1752000000000000E+005	 +0.9504000000000000E+004	 +0.9504000000000000E+004	 +0.9504000000000000E+004	
  
	Minimum Integrated Values
	Label not available                                                                                                                                                                                                                                                                                         	Label not available                                                                                                                                                                                                                                                                                         	Label not available                                                                                                                                                                                                                                                                                         	Label not available                                                                                                                                                                                                                                                                                         	
Minimum Value	 +0.8016000000000000E+004	 +0.3833410361580130E+004	 +0.9455349200233261E+003	 +0.4778945281603462E+004	
Time of Minimum	 +0.8016000000000000E+004	 +0.1384800000000000E+005	 +0.1384800000000000E+005	 +0.1384800000000000E+005	
  
	Sum (note: sums are set to zero for inputs that were not integrated.)
	Label not available                                                                                                                                                                                                                                                                                         	Label not available                                                                                                                                                                                                                                                                                         	Label not available                                                                                                                                                                                                                                                                                         	Label not available                                                                                                                                                                                                                                                                                         	
Total	 +0.0000000000000000E+000	 +0.6663204924294213E+006	 +0.1944597468556378E+006	 +0.8607802392850489E+006	
