 	Label not available                                                                                                                                                                                                                                                                                         	Label not available                                                                                                                                                                                                                                                                                         	Label not available                                                                                                                                                                                                                                                                                         	Label not available                                                                                                                                                                                                                                                                                         	
Month 	TIME                     	QSnk524PauxEvap_kW       	QSnk524PelAuxComp_kW     	QSnk524PauxCondSwitch_kW 	
November 	 +0.8016000000000000E+004	 +0.4452800196441155E+005	 +0.1232703876558318E+005	 +0.5685504072999484E+005	
December 	 +0.8760000000000000E+004	 +0.5844805544932956E+005	 +0.1752387257345402E+005	 +0.7597192802278338E+005	
January  	 +0.9504000000000000E+004	 +0.6341495931519510E+005	 +0.2024258545004686E+005	 +0.8365754476524174E+005	
February 	 +0.1017600000000000E+005	 +0.5285179024817285E+005	 +0.1711489783153668E+005	 +0.6996668807970941E+005	
March    	 +0.1092000000000000E+005	 +0.4350237564246953E+005	 +0.1327913543590521E+005	 +0.5678151107837488E+005	
April    	 +0.1164000000000000E+005	 +0.3037047457073030E+005	 +0.8521160832250318E+004	 +0.3889163540298070E+005	
May      	 +0.1238400000000000E+005	 +0.1570999219794317E+005	 +0.4139186454299539E+004	 +0.1984917865224269E+005	
June     	 +0.1310400000000000E+005	 +0.5473021154278774E+004	 +0.1386842241962988E+004	 +0.6859863396241770E+004	
July     	 +0.1384800000000000E+005	 +0.1874455507909721E+004	 +0.5203395171385703E+003	 +0.2394795025048287E+004	
August   	 +0.1459200000000000E+005	 +0.4278212649485732E+004	 +0.1021193842343312E+004	 +0.5299406491829048E+004	
September	 +0.1531200000000000E+005	 +0.9979536045006977E+004	 +0.2302595382278840E+004	 +0.1228213142728582E+005	
October  	 +0.1605600000000000E+005	 +0.2704191991574308E+005	 +0.6613515932166363E+004	 +0.3365543584790943E+005	
November 	 +0.1677600000000000E+005	 +0.4412934233546841E+005	 +0.1217190564820585E+005	 +0.5630124798367446E+005	
December 	 +0.1752000000000000E+005	 +0.5850152408043388E+005	 +0.1755108520953561E+005	 +0.7605260928996971E+005	
  
	Maximum Instantaneous Values
	Label not available                                                                                                                                                                                                                                                                                         	Label not available                                                                                                                                                                                                                                                                                         	Label not available                                                                                                                                                                                                                                                                                         	Label not available                                                                                                                                                                                                                                                                                         	
Maximum Value	 +0.1752000000000000E+005	 +0.2670470547634477E+003	 +0.7430872395817683E+002	 +0.3224152527010513E+003	
Time of Maximum	 +0.1752000000000000E+005	 +0.1455410000000000E+005	 +0.1389693333333333E+005	 +0.1455410000000000E+005	
  
	Minimum Instantaneous Values
	Label not available                                                                                                                                                                                                                                                                                         	Label not available                                                                                                                                                                                                                                                                                         	Label not available                                                                                                                                                                                                                                                                                         	Label not available                                                                                                                                                                                                                                                                                         	
Minimum Value	 +0.7300033333333334E+004	 +0.0000000000000000E+000	 +0.0000000000000000E+000	 +0.0000000000000000E+000	
Time of Minimum	 +0.7300033333333334E+004	 +0.1752000000000000E+005	 +0.1752000000000000E+005	 +0.1752000000000000E+005	
  
	Maximum Integrated Values
	Label not available                                                                                                                                                                                                                                                                                         	Label not available                                                                                                                                                                                                                                                                                         	Label not available                                                                                                                                                                                                                                                                                         	Label not available                                                                                                                                                                                                                                                                                         	
Maximum Value	 +0.1752000000000000E+005	 +0.6341495931519510E+005	 +0.2024258545004686E+005	 +0.8365754476524174E+005	
Time of Maximum	 +0.1752000000000000E+005	 +0.9504000000000000E+004	 +0.9504000000000000E+004	 +0.9504000000000000E+004	
  
	Minimum Integrated Values
	Label not available                                                                                                                                                                                                                                                                                         	Label not available                                                                                                                                                                                                                                                                                         	Label not available                                                                                                                                                                                                                                                                                         	Label not available                                                                                                                                                                                                                                                                                         	
Minimum Value	 +0.8016000000000000E+004	 +0.1874455507909721E+004	 +0.5203395171385703E+003	 +0.2394795025048287E+004	
Time of Minimum	 +0.8016000000000000E+004	 +0.1384800000000000E+005	 +0.1384800000000000E+005	 +0.1384800000000000E+005	
  
	Sum (note: sums are set to zero for inputs that were not integrated.)
	Label not available                                                                                                                                                                                                                                                                                         	Label not available                                                                                                                                                                                                                                                                                         	Label not available                                                                                                                                                                                                                                                                                         	Label not available                                                                                                                                                                                                                                                                                         	
Total	 +0.0000000000000000E+000	 +0.4601036610765859E+006	 +0.1347153551167059E+006	 +0.5948190161932898E+006	
