 	Label not available                                                                                                                                                                                                                                                                                         	Label not available                                                                                                                                                                                                                                                                                         	Label not available                                                                                                                                                                                                                                                                                         	Label not available                                                                                                                                                                                                                                                                                         	
Month 	TIME                     	QSnk243PauxEvap_kW       	QSnk243PelAuxComp_kW     	QSnk243PauxCondSwitch_kW 	
November 	 +0.8016000000000000E+004	 +0.1198871269747210E+006	 +0.3310226167002584E+005	 +0.1529893886447464E+006	
December 	 +0.8760000000000000E+004	 +0.1574420476007714E+006	 +0.4711211501771872E+005	 +0.2045541626184907E+006	
January  	 +0.9504000000000000E+004	 +0.1709476480934691E+006	 +0.5446527543835287E+005	 +0.2254129235318201E+006	
February 	 +0.1017600000000000E+005	 +0.1424377730545660E+006	 +0.4600018483158956E+005	 +0.1884379578861546E+006	
March    	 +0.1092000000000000E+005	 +0.1171942900189338E+006	 +0.3557380537703572E+005	 +0.1527680953959699E+006	
April    	 +0.1164000000000000E+005	 +0.8176321235875887E+005	 +0.2272741179019028E+005	 +0.1044906241489486E+006	
May      	 +0.1238400000000000E+005	 +0.4232013091903939E+005	 +0.1098652554107177E+005	 +0.5330665646011121E+005	
June     	 +0.1310400000000000E+005	 +0.1422411090037574E+005	 +0.3499837289971162E+004	 +0.1772394819034690E+005	
July     	 +0.1384800000000000E+005	 +0.5120415436239617E+004	 +0.1337286202790071E+004	 +0.6457701639029697E+004	
August   	 +0.1459200000000000E+005	 +0.1112596688038567E+005	 +0.2582092117911417E+004	 +0.1370805899829711E+005	
September	 +0.1531200000000000E+005	 +0.2622828632068857E+005	 +0.5961288540577541E+004	 +0.3218957486126615E+005	
October  	 +0.1605600000000000E+005	 +0.7272179360413131E+005	 +0.1770296141873966E+005	 +0.9042475502287061E+005	
November 	 +0.1677600000000000E+005	 +0.1188424855924910E+006	 +0.3269989510623303E+005	 +0.1515423806987234E+006	
December 	 +0.1752000000000000E+005	 +0.1574443192134131E+006	 +0.4712464490618394E+005	 +0.2045689641195966E+006	
  
	Maximum Instantaneous Values
	Label not available                                                                                                                                                                                                                                                                                         	Label not available                                                                                                                                                                                                                                                                                         	Label not available                                                                                                                                                                                                                                                                                         	Label not available                                                                                                                                                                                                                                                                                         	
Maximum Value	 +0.1752000000000000E+005	 +0.7191676998282825E+003	 +0.2006667251976810E+003	 +0.8688291299876954E+003	
Time of Maximum	 +0.1752000000000000E+005	 +0.1455273333333333E+005	 +0.1390490000000000E+005	 +0.1455273333333333E+005	
  
	Minimum Instantaneous Values
	Label not available                                                                                                                                                                                                                                                                                         	Label not available                                                                                                                                                                                                                                                                                         	Label not available                                                                                                                                                                                                                                                                                         	Label not available                                                                                                                                                                                                                                                                                         	
Minimum Value	 +0.7300033333333334E+004	 +0.0000000000000000E+000	 +0.0000000000000000E+000	 +0.0000000000000000E+000	
Time of Minimum	 +0.7300033333333334E+004	 +0.1752000000000000E+005	 +0.1752000000000000E+005	 +0.1752000000000000E+005	
  
	Maximum Integrated Values
	Label not available                                                                                                                                                                                                                                                                                         	Label not available                                                                                                                                                                                                                                                                                         	Label not available                                                                                                                                                                                                                                                                                         	Label not available                                                                                                                                                                                                                                                                                         	
Maximum Value	 +0.1752000000000000E+005	 +0.1709476480934691E+006	 +0.5446527543835287E+005	 +0.2254129235318201E+006	
Time of Maximum	 +0.1752000000000000E+005	 +0.9504000000000000E+004	 +0.9504000000000000E+004	 +0.9504000000000000E+004	
  
	Minimum Integrated Values
	Label not available                                                                                                                                                                                                                                                                                         	Label not available                                                                                                                                                                                                                                                                                         	Label not available                                                                                                                                                                                                                                                                                         	Label not available                                                                                                                                                                                                                                                                                         	
Minimum Value	 +0.8016000000000000E+004	 +0.5120415436239617E+004	 +0.1337286202790071E+004	 +0.6457701639029697E+004	
Time of Minimum	 +0.8016000000000000E+004	 +0.1384800000000000E+005	 +0.1384800000000000E+005	 +0.1384800000000000E+005	
  
	Sum (note: sums are set to zero for inputs that were not integrated.)
	Label not available                                                                                                                                                                                                                                                                                         	Label not available                                                                                                                                                                                                                                                                                         	Label not available                                                                                                                                                                                                                                                                                         	Label not available                                                                                                                                                                                                                                                                                         	
Total	 +0.0000000000000000E+000	 +0.1237699606967984E+007	 +0.3608755852483957E+006	 +0.1598575192216362E+007	
