 	Label not available                                                                                                                                                                                                                                                                                         	Label not available                                                                                                                                                                                                                                                                                         	Label not available                                                                                                                                                                                                                                                                                         	Label not available                                                                                                                                                                                                                                                                                         	
Month 	TIME                     	QSnk579PauxEvap_kW       	QSnk579PelAuxComp_kW     	QSnk579PauxCondSwitch_kW 	
November 	 +0.8016000000000000E+004	 +0.3232556875009827E+005	 +0.9026597826713098E+004	 +0.4135216657681109E+005	
December 	 +0.8760000000000000E+004	 +0.4106837892184468E+005	 +0.1257954237957700E+005	 +0.5364792130142151E+005	
January  	 +0.9504000000000000E+004	 +0.4384627290549372E+005	 +0.1452007469169194E+005	 +0.5836634759718568E+005	
February 	 +0.1017600000000000E+005	 +0.3642327327082826E+005	 +0.1218719120099454E+005	 +0.4861046447182274E+005	
March    	 +0.1092000000000000E+005	 +0.3087503809713278E+005	 +0.9645394897266500E+004	 +0.4052043299439918E+005	
April    	 +0.1164000000000000E+005	 +0.2265811221536846E+005	 +0.6508629913378346E+004	 +0.2916674212874665E+005	
May      	 +0.1238400000000000E+005	 +0.1341326046625742E+005	 +0.3606647308135910E+004	 +0.1701990777439331E+005	
June     	 +0.1310400000000000E+005	 +0.5304360308566583E+004	 +0.1359562160286458E+004	 +0.6663922468853040E+004	
July     	 +0.1384800000000000E+005	 +0.2768951131541359E+004	 +0.7130888830622205E+003	 +0.3482040014603578E+004	
August   	 +0.1459200000000000E+005	 +0.4389669925312493E+004	 +0.1034515737658255E+004	 +0.5424185662970770E+004	
September	 +0.1531200000000000E+005	 +0.9773944440264942E+004	 +0.2239704665468766E+004	 +0.1201364910573368E+005	
October  	 +0.1605600000000000E+005	 +0.2107603080027023E+005	 +0.5150179028399767E+004	 +0.2622620982866996E+005	
November 	 +0.1677600000000000E+005	 +0.3213665592801806E+005	 +0.8944855661173875E+004	 +0.4108151158919180E+005	
December 	 +0.1752000000000000E+005	 +0.4106558182280240E+005	 +0.1257818497670326E+005	 +0.5364376679950565E+005	
  
	Maximum Instantaneous Values
	Label not available                                                                                                                                                                                                                                                                                         	Label not available                                                                                                                                                                                                                                                                                         	Label not available                                                                                                                                                                                                                                                                                         	Label not available                                                                                                                                                                                                                                                                                         	
Maximum Value	 +0.1752000000000000E+005	 +0.2092882095249306E+003	 +0.5938784334585361E+002	 +0.2535541388066874E+003	
Time of Maximum	 +0.1752000000000000E+005	 +0.1467533333333333E+005	 +0.1467600000000000E+005	 +0.1467533333333333E+005	
  
	Minimum Instantaneous Values
	Label not available                                                                                                                                                                                                                                                                                         	Label not available                                                                                                                                                                                                                                                                                         	Label not available                                                                                                                                                                                                                                                                                         	Label not available                                                                                                                                                                                                                                                                                         	
Minimum Value	 +0.7300033333333334E+004	 +0.0000000000000000E+000	 +0.0000000000000000E+000	 +0.0000000000000000E+000	
Time of Minimum	 +0.7300033333333334E+004	 +0.1752000000000000E+005	 +0.1752000000000000E+005	 +0.1752000000000000E+005	
  
	Maximum Integrated Values
	Label not available                                                                                                                                                                                                                                                                                         	Label not available                                                                                                                                                                                                                                                                                         	Label not available                                                                                                                                                                                                                                                                                         	Label not available                                                                                                                                                                                                                                                                                         	
Maximum Value	 +0.1752000000000000E+005	 +0.4384627290549372E+005	 +0.1452007469169194E+005	 +0.5836634759718568E+005	
Time of Maximum	 +0.1752000000000000E+005	 +0.9504000000000000E+004	 +0.9504000000000000E+004	 +0.9504000000000000E+004	
  
	Minimum Integrated Values
	Label not available                                                                                                                                                                                                                                                                                         	Label not available                                                                                                                                                                                                                                                                                         	Label not available                                                                                                                                                                                                                                                                                         	Label not available                                                                                                                                                                                                                                                                                         	
Minimum Value	 +0.8016000000000000E+004	 +0.2768951131541359E+004	 +0.7130888830622205E+003	 +0.3482040014603578E+004	
Time of Minimum	 +0.8016000000000000E+004	 +0.1384800000000000E+005	 +0.1384800000000000E+005	 +0.1384800000000000E+005	
  
	Sum (note: sums are set to zero for inputs that were not integrated.)
	Label not available                                                                                                                                                                                                                                                                                         	Label not available                                                                                                                                                                                                                                                                                         	Label not available                                                                                                                                                                                                                                                                                         	Label not available                                                                                                                                                                                                                                                                                         	
Total	 +0.0000000000000000E+000	 +0.3371250989837972E+006	 +0.1000941693305097E+006	 +0.4372192683143098E+006	
