 	Label not available                                                                                                                                                                                                                                                                                         	Label not available                                                                                                                                                                                                                                                                                         	Label not available                                                                                                                                                                                                                                                                                         	Label not available                                                                                                                                                                                                                                                                                         	
Month 	TIME                     	QSnk488PauxEvap_kW       	QSnk488PelAuxComp_kW     	QSnk488PauxCondSwitch_kW 	
November 	 +0.8016000000000000E+004	 +0.1129143038310436E+006	 +0.3125930430516741E+005	 +0.1441736081362109E+006	
December 	 +0.8760000000000000E+004	 +0.1435184367644375E+006	 +0.4354105766589670E+005	 +0.1870594944303341E+006	
January  	 +0.9504000000000000E+004	 +0.1534131573647050E+006	 +0.5035652934998661E+005	 +0.2037696867146914E+006	
February 	 +0.1017600000000000E+005	 +0.1275106267187803E+006	 +0.4201889722967122E+005	 +0.1695295239484509E+006	
March    	 +0.1092000000000000E+005	 +0.1083746924054499E+006	 +0.3288597402458901E+005	 +0.1412606664300383E+006	
April    	 +0.1164000000000000E+005	 +0.7962825155872293E+005	 +0.2188969406623261E+005	 +0.1015179456249558E+006	
May      	 +0.1238400000000000E+005	 +0.4693823496907195E+005	 +0.1189501947095093E+005	 +0.5883325444002285E+005	
June     	 +0.1310400000000000E+005	 +0.1850661840622129E+005	 +0.4414086943473835E+004	 +0.2292070534969516E+005	
July     	 +0.1384800000000000E+005	 +0.9601787327076927E+004	 +0.2286271327004475E+004	 +0.1188805865408141E+005	
August   	 +0.1459200000000000E+005	 +0.1474736365160561E+005	 +0.3326102919341882E+004	 +0.1807346657094747E+005	
September	 +0.1531200000000000E+005	 +0.3391191573350046E+005	 +0.7595918097035383E+004	 +0.4150783383053588E+005	
October  	 +0.1605600000000000E+005	 +0.7350634337303574E+005	 +0.1768713776562943E+005	 +0.9119348113866487E+005	
November 	 +0.1677600000000000E+005	 +0.1122618387534797E+006	 +0.3098423485856928E+005	 +0.1432460736120497E+006	
December 	 +0.1752000000000000E+005	 +0.1434833058180541E+006	 +0.4351776160907609E+005	 +0.1870010674271302E+006	
  
	Maximum Instantaneous Values
	Label not available                                                                                                                                                                                                                                                                                         	Label not available                                                                                                                                                                                                                                                                                         	Label not available                                                                                                                                                                                                                                                                                         	Label not available                                                                                                                                                                                                                                                                                         	
Maximum Value	 +0.1752000000000000E+005	 +0.7472968018309995E+003	 +0.2084734865065475E+003	 +0.9018823331561852E+003	
Time of Maximum	 +0.1752000000000000E+005	 +0.1386286666666667E+005	 +0.1388000000000000E+005	 +0.1386286666666667E+005	
  
	Minimum Instantaneous Values
	Label not available                                                                                                                                                                                                                                                                                         	Label not available                                                                                                                                                                                                                                                                                         	Label not available                                                                                                                                                                                                                                                                                         	Label not available                                                                                                                                                                                                                                                                                         	
Minimum Value	 +0.7300033333333334E+004	 +0.0000000000000000E+000	 +0.0000000000000000E+000	 +0.0000000000000000E+000	
Time of Minimum	 +0.7300033333333334E+004	 +0.1752000000000000E+005	 +0.1752000000000000E+005	 +0.1752000000000000E+005	
  
	Maximum Integrated Values
	Label not available                                                                                                                                                                                                                                                                                         	Label not available                                                                                                                                                                                                                                                                                         	Label not available                                                                                                                                                                                                                                                                                         	Label not available                                                                                                                                                                                                                                                                                         	
Maximum Value	 +0.1752000000000000E+005	 +0.1534131573647050E+006	 +0.5035652934998661E+005	 +0.2037696867146914E+006	
Time of Maximum	 +0.1752000000000000E+005	 +0.9504000000000000E+004	 +0.9504000000000000E+004	 +0.9504000000000000E+004	
  
	Minimum Integrated Values
	Label not available                                                                                                                                                                                                                                                                                         	Label not available                                                                                                                                                                                                                                                                                         	Label not available                                                                                                                                                                                                                                                                                         	Label not available                                                                                                                                                                                                                                                                                         	
Minimum Value	 +0.8016000000000000E+004	 +0.9601787327076927E+004	 +0.2286271327004475E+004	 +0.1188805865408141E+005	
Time of Minimum	 +0.8016000000000000E+004	 +0.1384800000000000E+005	 +0.1384800000000000E+005	 +0.1384800000000000E+005	
  
	Sum (note: sums are set to zero for inputs that were not integrated.)
	Label not available                                                                                                                                                                                                                                                                                         	Label not available                                                                                                                                                                                                                                                                                         	Label not available                                                                                                                                                                                                                                                                                         	Label not available                                                                                                                                                                                                                                                                                         	
Total	 +0.0000000000000000E+000	 +0.1178316876675201E+007	 +0.3436579896326227E+006	 +0.1521974866307806E+007	
