 	Label not available                                                                                                                                                                                                                                                                                         	Label not available                                                                                                                                                                                                                                                                                         	Label not available                                                                                                                                                                                                                                                                                         	Label not available                                                                                                                                                                                                                                                                                         	
Month 	TIME                     	QSnk448PauxEvap_kW       	QSnk448PelAuxComp_kW     	QSnk448PauxCondSwitch_kW 	
November 	 +0.8016000000000000E+004	 +0.6205886947960221E+005	 +0.1714980247898710E+005	 +0.7920867195858895E+005	
December 	 +0.8760000000000000E+004	 +0.8138915931630752E+005	 +0.2434296267990161E+005	 +0.1057321219962089E+006	
January  	 +0.9504000000000000E+004	 +0.8850462352751422E+005	 +0.2817270150196939E+005	 +0.1166773250294832E+006	
February 	 +0.1017600000000000E+005	 +0.7375163438967013E+005	 +0.2374592181782676E+005	 +0.9749755620749749E+005	
March    	 +0.1092000000000000E+005	 +0.6076410614555397E+005	 +0.1832580495279713E+005	 +0.7908991109835092E+005	
April    	 +0.1164000000000000E+005	 +0.4245223695947289E+005	 +0.1168844363785284E+005	 +0.5414068059732569E+005	
May      	 +0.1238400000000000E+005	 +0.2206822720150706E+005	 +0.5646180893705725E+004	 +0.2771440809521283E+005	
June     	 +0.1310400000000000E+005	 +0.7502088513777723E+004	 +0.1809556450573013E+004	 +0.9311644964350744E+004	
July     	 +0.1384800000000000E+005	 +0.2778590254194759E+004	 +0.7055561724791049E+003	 +0.3484146426673864E+004	
August   	 +0.1459200000000000E+005	 +0.5896302868233195E+004	 +0.1372671636255599E+004	 +0.7268974504488792E+004	
September	 +0.1531200000000000E+005	 +0.1368806057827331E+005	 +0.3118653742511933E+004	 +0.1680671432078522E+005	
October  	 +0.1605600000000000E+005	 +0.3767822608415005E+005	 +0.9172749143767276E+004	 +0.4685097522791746E+005	
November 	 +0.1677600000000000E+005	 +0.6147908764182206E+005	 +0.1693308458214694E+005	 +0.7841217222396882E+005	
December 	 +0.1752000000000000E+005	 +0.8142881317938027E+005	 +0.2435928597946037E+005	 +0.1057880991588402E+006	
  
	Maximum Instantaneous Values
	Label not available                                                                                                                                                                                                                                                                                         	Label not available                                                                                                                                                                                                                                                                                         	Label not available                                                                                                                                                                                                                                                                                         	Label not available                                                                                                                                                                                                                                                                                         	
Maximum Value	 +0.1752000000000000E+005	 +0.3798620087484142E+003	 +0.1043311390110032E+003	 +0.4572168039995644E+003	
Time of Maximum	 +0.1752000000000000E+005	 +0.1392860000000000E+005	 +0.1387956666666667E+005	 +0.1392860000000000E+005	
  
	Minimum Instantaneous Values
	Label not available                                                                                                                                                                                                                                                                                         	Label not available                                                                                                                                                                                                                                                                                         	Label not available                                                                                                                                                                                                                                                                                         	Label not available                                                                                                                                                                                                                                                                                         	
Minimum Value	 +0.7300033333333334E+004	 +0.0000000000000000E+000	 +0.0000000000000000E+000	 +0.0000000000000000E+000	
Time of Minimum	 +0.7300033333333334E+004	 +0.1752000000000000E+005	 +0.1752000000000000E+005	 +0.1752000000000000E+005	
  
	Maximum Integrated Values
	Label not available                                                                                                                                                                                                                                                                                         	Label not available                                                                                                                                                                                                                                                                                         	Label not available                                                                                                                                                                                                                                                                                         	Label not available                                                                                                                                                                                                                                                                                         	
Maximum Value	 +0.1752000000000000E+005	 +0.8850462352751422E+005	 +0.2817270150196939E+005	 +0.1166773250294832E+006	
Time of Maximum	 +0.1752000000000000E+005	 +0.9504000000000000E+004	 +0.9504000000000000E+004	 +0.9504000000000000E+004	
  
	Minimum Integrated Values
	Label not available                                                                                                                                                                                                                                                                                         	Label not available                                                                                                                                                                                                                                                                                         	Label not available                                                                                                                                                                                                                                                                                         	Label not available                                                                                                                                                                                                                                                                                         	
Minimum Value	 +0.8016000000000000E+004	 +0.2778590254194759E+004	 +0.7055561724791049E+003	 +0.3484146426673864E+004	
Time of Minimum	 +0.8016000000000000E+004	 +0.1384800000000000E+005	 +0.1384800000000000E+005	 +0.1384800000000000E+005	
  
	Sum (note: sums are set to zero for inputs that were not integrated.)
	Label not available                                                                                                                                                                                                                                                                                         	Label not available                                                                                                                                                                                                                                                                                         	Label not available                                                                                                                                                                                                                                                                                         	Label not available                                                                                                                                                                                                                                                                                         	
Total	 +0.0000000000000000E+000	 +0.6414400261394653E+006	 +0.1865433756702335E+006	 +0.8279834018096852E+006	
