 	Label not available                                                                                                                                                                                                                                                                                         	Label not available                                                                                                                                                                                                                                                                                         	Label not available                                                                                                                                                                                                                                                                                         	Label not available                                                                                                                                                                                                                                                                                         	
Month 	TIME                     	QSnk191PauxEvap_kW       	QSnk191PelAuxComp_kW     	QSnk191PauxCondSwitch_kW 	
November 	 +0.8016000000000000E+004	 +0.5071900672695576E+005	 +0.1401237444666893E+005	 +0.6473138117362453E+005	
December 	 +0.8760000000000000E+004	 +0.6559419564464048E+005	 +0.1976450885727789E+005	 +0.8535870450191878E+005	
January  	 +0.9504000000000000E+004	 +0.7046105250539457E+005	 +0.2277430477654148E+005	 +0.9323535728193661E+005	
February 	 +0.1017600000000000E+005	 +0.5855310931900522E+005	 +0.1905696848979536E+005	 +0.7761007780880052E+005	
March    	 +0.1092000000000000E+005	 +0.4944213122856146E+005	 +0.1481972849441148E+005	 +0.6426185972297328E+005	
April    	 +0.1164000000000000E+005	 +0.3551161843236793E+005	 +0.9641382357610322E+004	 +0.4515300078997818E+005	
May      	 +0.1238400000000000E+005	 +0.1969249170475540E+005	 +0.4892930695443924E+004	 +0.2458542240019930E+005	
June     	 +0.1310400000000000E+005	 +0.7198593352610382E+004	 +0.1677504153564206E+004	 +0.8876097506174596E+004	
July     	 +0.1384800000000000E+005	 +0.3147700930665746E+004	 +0.7407230894354021E+003	 +0.3888424020101147E+004	
August   	 +0.1459200000000000E+005	 +0.5845527066651188E+004	 +0.1323996468421954E+004	 +0.7169523535073151E+004	
September	 +0.1531200000000000E+005	 +0.1334871862920842E+005	 +0.2988408686188298E+004	 +0.1633712731539675E+005	
October  	 +0.1605600000000000E+005	 +0.3183912418742834E+005	 +0.7681694430131714E+004	 +0.3952081861755993E+005	
November 	 +0.1677600000000000E+005	 +0.5041844960009542E+005	 +0.1388654191388138E+005	 +0.6430499151397701E+005	
December 	 +0.1752000000000000E+005	 +0.6559234705737917E+005	 +0.1975862831213196E+005	 +0.8535097536951139E+005	
  
	Maximum Instantaneous Values
	Label not available                                                                                                                                                                                                                                                                                         	Label not available                                                                                                                                                                                                                                                                                         	Label not available                                                                                                                                                                                                                                                                                         	Label not available                                                                                                                                                                                                                                                                                         	
Maximum Value	 +0.1752000000000000E+005	 +0.3304353794331696E+003	 +0.8950476541101075E+002	 +0.3969413066726546E+003	
Time of Maximum	 +0.1752000000000000E+005	 +0.1392763333333333E+005	 +0.1405340000000000E+005	 +0.1392763333333333E+005	
  
	Minimum Instantaneous Values
	Label not available                                                                                                                                                                                                                                                                                         	Label not available                                                                                                                                                                                                                                                                                         	Label not available                                                                                                                                                                                                                                                                                         	Label not available                                                                                                                                                                                                                                                                                         	
Minimum Value	 +0.7300033333333334E+004	 +0.0000000000000000E+000	 +0.0000000000000000E+000	 +0.0000000000000000E+000	
Time of Minimum	 +0.7300033333333334E+004	 +0.1752000000000000E+005	 +0.1752000000000000E+005	 +0.1752000000000000E+005	
  
	Maximum Integrated Values
	Label not available                                                                                                                                                                                                                                                                                         	Label not available                                                                                                                                                                                                                                                                                         	Label not available                                                                                                                                                                                                                                                                                         	Label not available                                                                                                                                                                                                                                                                                         	
Maximum Value	 +0.1752000000000000E+005	 +0.7046105250539457E+005	 +0.2277430477654148E+005	 +0.9323535728193661E+005	
Time of Maximum	 +0.1752000000000000E+005	 +0.9504000000000000E+004	 +0.9504000000000000E+004	 +0.9504000000000000E+004	
  
	Minimum Integrated Values
	Label not available                                                                                                                                                                                                                                                                                         	Label not available                                                                                                                                                                                                                                                                                         	Label not available                                                                                                                                                                                                                                                                                         	Label not available                                                                                                                                                                                                                                                                                         	
Minimum Value	 +0.8016000000000000E+004	 +0.3147700930665746E+004	 +0.7407230894354021E+003	 +0.3888424020101147E+004	
Time of Minimum	 +0.8016000000000000E+004	 +0.1384800000000000E+005	 +0.1384800000000000E+005	 +0.1384800000000000E+005	
  
	Sum (note: sums are set to zero for inputs that were not integrated.)
	Label not available                                                                                                                                                                                                                                                                                         	Label not available                                                                                                                                                                                                                                                                                         	Label not available                                                                                                                                                                                                                                                                                         	Label not available                                                                                                                                                                                                                                                                                         	
Total	 +0.0000000000000000E+000	 +0.5273640663857223E+006	 +0.1530196951715049E+006	 +0.6803837615572208E+006	
