 	Label not available                                                                                                                                                                                                                                                                                         	Label not available                                                                                                                                                                                                                                                                                         	Label not available                                                                                                                                                                                                                                                                                         	Label not available                                                                                                                                                                                                                                                                                         	
Month 	TIME                     	QSnk322PauxEvap_kW       	QSnk322PelAuxComp_kW     	QSnk322PauxCondSwitch_kW 	
November 	 +0.8016000000000000E+004	 +0.4368318777494502E+005	 +0.1208314134187730E+005	 +0.5576632911682200E+005	
December 	 +0.8760000000000000E+004	 +0.5547157423020019E+005	 +0.1683275407203475E+005	 +0.7230432830223517E+005	
January  	 +0.9504000000000000E+004	 +0.5930334051660702E+005	 +0.1948342796423268E+005	 +0.7878676848083972E+005	
February 	 +0.1017600000000000E+005	 +0.4927057821959010E+005	 +0.1627489378837937E+005	 +0.6554547200796903E+005	
March    	 +0.1092000000000000E+005	 +0.4190565044006558E+005	 +0.1276445854132432E+005	 +0.5467010898138985E+005	
April    	 +0.1164000000000000E+005	 +0.3076734449761635E+005	 +0.8514680969672385E+004	 +0.3928202546728879E+005	
May      	 +0.1238400000000000E+005	 +0.1820680101230096E+005	 +0.4665429678427644E+004	 +0.2287223069072859E+005	
June     	 +0.1310400000000000E+005	 +0.7238998796737907E+004	 +0.1744545960870355E+004	 +0.8983544757608248E+004	
July     	 +0.1384800000000000E+005	 +0.3881828841248225E+004	 +0.9364803193911854E+003	 +0.4818309160639414E+004	
August   	 +0.1459200000000000E+005	 +0.5762010219585050E+004	 +0.1310139592775195E+004	 +0.7072149812360248E+004	
September	 +0.1531200000000000E+005	 +0.1320092896793479E+005	 +0.2969038308294796E+004	 +0.1616996727622959E+005	
October  	 +0.1605600000000000E+005	 +0.2847800797841536E+005	 +0.6871677622183200E+004	 +0.3534968560059856E+005	
November 	 +0.1677600000000000E+005	 +0.4341627228195522E+005	 +0.1197716206139420E+005	 +0.5539343434334928E+005	
December 	 +0.1752000000000000E+005	 +0.5546804723675849E+005	 +0.1683098156360095E+005	 +0.7229902880035961E+005	
  
	Maximum Instantaneous Values
	Label not available                                                                                                                                                                                                                                                                                         	Label not available                                                                                                                                                                                                                                                                                         	Label not available                                                                                                                                                                                                                                                                                         	Label not available                                                                                                                                                                                                                                                                                         	
Maximum Value	 +0.1752000000000000E+005	 +0.2907435814995213E+003	 +0.8036061013919959E+002	 +0.3507220634852850E+003	
Time of Maximum	 +0.1752000000000000E+005	 +0.1385980000000000E+005	 +0.1466086666666667E+005	 +0.1385980000000000E+005	
  
	Minimum Instantaneous Values
	Label not available                                                                                                                                                                                                                                                                                         	Label not available                                                                                                                                                                                                                                                                                         	Label not available                                                                                                                                                                                                                                                                                         	Label not available                                                                                                                                                                                                                                                                                         	
Minimum Value	 +0.7300033333333334E+004	 +0.0000000000000000E+000	 +0.0000000000000000E+000	 +0.0000000000000000E+000	
Time of Minimum	 +0.7300033333333334E+004	 +0.1752000000000000E+005	 +0.1752000000000000E+005	 +0.1752000000000000E+005	
  
	Maximum Integrated Values
	Label not available                                                                                                                                                                                                                                                                                         	Label not available                                                                                                                                                                                                                                                                                         	Label not available                                                                                                                                                                                                                                                                                         	Label not available                                                                                                                                                                                                                                                                                         	
Maximum Value	 +0.1752000000000000E+005	 +0.5930334051660702E+005	 +0.1948342796423268E+005	 +0.7878676848083972E+005	
Time of Maximum	 +0.1752000000000000E+005	 +0.9504000000000000E+004	 +0.9504000000000000E+004	 +0.9504000000000000E+004	
  
	Minimum Integrated Values
	Label not available                                                                                                                                                                                                                                                                                         	Label not available                                                                                                                                                                                                                                                                                         	Label not available                                                                                                                                                                                                                                                                                         	Label not available                                                                                                                                                                                                                                                                                         	
Minimum Value	 +0.8016000000000000E+004	 +0.3881828841248225E+004	 +0.9364803193911854E+003	 +0.4818309160639414E+004	
Time of Minimum	 +0.8016000000000000E+004	 +0.1384800000000000E+005	 +0.1384800000000000E+005	 +0.1384800000000000E+005	
  
	Sum (note: sums are set to zero for inputs that were not integrated.)
	Label not available                                                                                                                                                                                                                                                                                         	Label not available                                                                                                                                                                                                                                                                                         	Label not available                                                                                                                                                                                                                                                                                         	Label not available                                                                                                                                                                                                                                                                                         	
Total	 +0.0000000000000000E+000	 +0.4560545710139555E+006	 +0.1332588117844576E+006	 +0.5893133827984243E+006	
