 	Label not available                                                                                                                                                                                                                                                                                         	Label not available                                                                                                                                                                                                                                                                                         	Label not available                                                                                                                                                                                                                                                                                         	Label not available                                                                                                                                                                                                                                                                                         	
Month 	TIME                     	QSnk469PauxEvap_kW       	QSnk469PelAuxComp_kW     	QSnk469PauxCondSwitch_kW 	
November 	 +0.8016000000000000E+004	 +0.5688530571791824E+005	 +0.1565726685696578E+005	 +0.7254257257488415E+005	
December 	 +0.8760000000000000E+004	 +0.7604318035498449E+005	 +0.2244576706962496E+005	 +0.9848894742460932E+005	
January  	 +0.9504000000000000E+004	 +0.8300456825735795E+005	 +0.2587409409928500E+005	 +0.1088786623566430E+006	
February 	 +0.1017600000000000E+005	 +0.6977875751297000E+005	 +0.2206544767815547E+005	 +0.9184420519112526E+005	
March    	 +0.1092000000000000E+005	 +0.5601279208799041E+005	 +0.1680422850534852E+005	 +0.7281702059333835E+005	
April    	 +0.1164000000000000E+005	 +0.3830973664140185E+005	 +0.1057564106594372E+005	 +0.4888537770734563E+005	
May      	 +0.1238400000000000E+005	 +0.1797801513757476E+005	 +0.4646720384631736E+004	 +0.2262473552220641E+005	
June     	 +0.1310400000000000E+005	 +0.5741715831970328E+004	 +0.1421617017368447E+004	 +0.7163332849338782E+004	
July     	 +0.1384800000000000E+005	 +0.1662823563560258E+004	 +0.4698116656996213E+003	 +0.2132635229259879E+004	
August   	 +0.1459200000000000E+005	 +0.4583092989437731E+004	 +0.1090801729631889E+004	 +0.5673894719069624E+004	
September	 +0.1531200000000000E+005	 +0.1066238692342336E+005	 +0.2460751346449567E+004	 +0.1312313826987293E+005	
October  	 +0.1605600000000000E+005	 +0.3308047645208136E+005	 +0.8087423877779964E+004	 +0.4116790032986145E+005	
November 	 +0.1677600000000000E+005	 +0.5626685502167725E+005	 +0.1544087749913731E+005	 +0.7170773252081462E+005	
December 	 +0.1752000000000000E+005	 +0.7605211306803171E+005	 +0.2247061741403665E+005	 +0.9852273048206807E+005	
  
	Maximum Instantaneous Values
	Label not available                                                                                                                                                                                                                                                                                         	Label not available                                                                                                                                                                                                                                                                                         	Label not available                                                                                                                                                                                                                                                                                         	Label not available                                                                                                                                                                                                                                                                                         	
Maximum Value	 +0.1752000000000000E+005	 +0.3247598664288884E+003	 +0.8940105023028707E+002	 +0.3910626843957876E+003	
Time of Maximum	 +0.1752000000000000E+005	 +0.1387986666666667E+005	 +0.1455136666666667E+005	 +0.1387986666666667E+005	
  
	Minimum Instantaneous Values
	Label not available                                                                                                                                                                                                                                                                                         	Label not available                                                                                                                                                                                                                                                                                         	Label not available                                                                                                                                                                                                                                                                                         	Label not available                                                                                                                                                                                                                                                                                         	
Minimum Value	 +0.7300033333333334E+004	 +0.0000000000000000E+000	 +0.0000000000000000E+000	 +0.0000000000000000E+000	
Time of Minimum	 +0.7300033333333334E+004	 +0.1752000000000000E+005	 +0.1752000000000000E+005	 +0.1752000000000000E+005	
  
	Maximum Integrated Values
	Label not available                                                                                                                                                                                                                                                                                         	Label not available                                                                                                                                                                                                                                                                                         	Label not available                                                                                                                                                                                                                                                                                         	Label not available                                                                                                                                                                                                                                                                                         	
Maximum Value	 +0.1752000000000000E+005	 +0.8300456825735795E+005	 +0.2587409409928500E+005	 +0.1088786623566430E+006	
Time of Maximum	 +0.1752000000000000E+005	 +0.9504000000000000E+004	 +0.9504000000000000E+004	 +0.9504000000000000E+004	
  
	Minimum Integrated Values
	Label not available                                                                                                                                                                                                                                                                                         	Label not available                                                                                                                                                                                                                                                                                         	Label not available                                                                                                                                                                                                                                                                                         	Label not available                                                                                                                                                                                                                                                                                         	
Minimum Value	 +0.8016000000000000E+004	 +0.1662823563560258E+004	 +0.4698116656996213E+003	 +0.2132635229259879E+004	
Time of Minimum	 +0.8016000000000000E+004	 +0.1384800000000000E+005	 +0.1384800000000000E+005	 +0.1384800000000000E+005	
  
	Sum (note: sums are set to zero for inputs that were not integrated.)
	Label not available                                                                                                                                                                                                                                                                                         	Label not available                                                                                                                                                                                                                                                                                         	Label not available                                                                                                                                                                                                                                                                                         	Label not available                                                                                                                                                                                                                                                                                         	
Total	 +0.0000000000000000E+000	 +0.5860618195603776E+006	 +0.1695110662100584E+006	 +0.7555728857704367E+006	
