 	Label not available                                                                                                                                                                                                                                                                                         	Label not available                                                                                                                                                                                                                                                                                         	Label not available                                                                                                                                                                                                                                                                                         	Label not available                                                                                                                                                                                                                                                                                         	
Month 	TIME                     	QSnk539PauxEvap_kW       	QSnk539PelAuxComp_kW     	QSnk539PauxCondSwitch_kW 	
November 	 +0.8016000000000000E+004	 +0.2539632939432547E+005	 +0.7060633526558952E+004	 +0.3245696292088455E+005	
December 	 +0.8760000000000000E+004	 +0.3284006820307900E+005	 +0.9935418071620677E+004	 +0.4277548627469996E+005	
January  	 +0.9504000000000000E+004	 +0.3527014324071457E+005	 +0.1144200012778795E+005	 +0.4671214336850229E+005	
February 	 +0.1017600000000000E+005	 +0.2930224601502931E+005	 +0.9599602428398053E+004	 +0.3890184844342752E+005	
March    	 +0.1092000000000000E+005	 +0.2463320586557946E+005	 +0.7507719146468721E+004	 +0.3214092501204804E+005	
April    	 +0.1164000000000000E+005	 +0.1778933437124388E+005	 +0.4962686300044284E+004	 +0.2275202067128803E+005	
May      	 +0.1238400000000000E+005	 +0.9845215912802243E+004	 +0.2555275306640398E+004	 +0.1240049121944263E+005	
June     	 +0.1310400000000000E+005	 +0.3640773417132140E+004	 +0.9077033681635435E+003	 +0.4548476785295682E+004	
July     	 +0.1384800000000000E+005	 +0.1647202514166114E+004	 +0.4268035413073751E+003	 +0.2074006055473488E+004	
August   	 +0.1459200000000000E+005	 +0.2935198306326227E+004	 +0.6904278230655694E+003	 +0.3625626129391801E+004	
September	 +0.1531200000000000E+005	 +0.6733250096215232E+004	 +0.1539736713483243E+004	 +0.8272986809698490E+004	
October  	 +0.1605600000000000E+005	 +0.1596572357573062E+005	 +0.3893082268620121E+004	 +0.1985880584435077E+005	
November 	 +0.1677600000000000E+005	 +0.2525751759145797E+005	 +0.6999363677695330E+004	 +0.3225688126915344E+005	
December 	 +0.1752000000000000E+005	 +0.3283832775449281E+005	 +0.9933957126506151E+004	 +0.4277228488099905E+005	
  
	Maximum Instantaneous Values
	Label not available                                                                                                                                                                                                                                                                                         	Label not available                                                                                                                                                                                                                                                                                         	Label not available                                                                                                                                                                                                                                                                                         	Label not available                                                                                                                                                                                                                                                                                         	
Maximum Value	 +0.1752000000000000E+005	 +0.1608607248084307E+003	 +0.4468119568265018E+002	 +0.1941104564979817E+003	
Time of Maximum	 +0.1752000000000000E+005	 +0.1390580000000000E+005	 +0.1388043333333333E+005	 +0.1390580000000000E+005	
  
	Minimum Instantaneous Values
	Label not available                                                                                                                                                                                                                                                                                         	Label not available                                                                                                                                                                                                                                                                                         	Label not available                                                                                                                                                                                                                                                                                         	Label not available                                                                                                                                                                                                                                                                                         	
Minimum Value	 +0.7300033333333334E+004	 +0.0000000000000000E+000	 +0.0000000000000000E+000	 +0.0000000000000000E+000	
Time of Minimum	 +0.7300033333333334E+004	 +0.1752000000000000E+005	 +0.1752000000000000E+005	 +0.1752000000000000E+005	
  
	Maximum Integrated Values
	Label not available                                                                                                                                                                                                                                                                                         	Label not available                                                                                                                                                                                                                                                                                         	Label not available                                                                                                                                                                                                                                                                                         	Label not available                                                                                                                                                                                                                                                                                         	
Maximum Value	 +0.1752000000000000E+005	 +0.3527014324071457E+005	 +0.1144200012778795E+005	 +0.4671214336850229E+005	
Time of Maximum	 +0.1752000000000000E+005	 +0.9504000000000000E+004	 +0.9504000000000000E+004	 +0.9504000000000000E+004	
  
	Minimum Integrated Values
	Label not available                                                                                                                                                                                                                                                                                         	Label not available                                                                                                                                                                                                                                                                                         	Label not available                                                                                                                                                                                                                                                                                         	Label not available                                                                                                                                                                                                                                                                                         	
Minimum Value	 +0.8016000000000000E+004	 +0.1647202514166114E+004	 +0.4268035413073751E+003	 +0.2074006055473488E+004	
Time of Minimum	 +0.8016000000000000E+004	 +0.1384800000000000E+005	 +0.1384800000000000E+005	 +0.1384800000000000E+005	
  
	Sum (note: sums are set to zero for inputs that were not integrated.)
	Label not available                                                                                                                                                                                                                                                                                         	Label not available                                                                                                                                                                                                                                                                                         	Label not available                                                                                                                                                                                                                                                                                         	Label not available                                                                                                                                                                                                                                                                                         	
Total	 +0.0000000000000000E+000	 +0.2640945362582934E+006	 +0.7745440942635904E+005	 +0.3415489456846548E+006	
