 	Label not available                                                                                                                                                                                                                                                                                         	Label not available                                                                                                                                                                                                                                                                                         	Label not available                                                                                                                                                                                                                                                                                         	Label not available                                                                                                                                                                                                                                                                                         	
Month 	TIME                     	QSnk558PauxEvap_kW       	QSnk558PelAuxComp_kW     	QSnk558PauxCondSwitch_kW 	
November 	 +0.8016000000000000E+004	 +0.1107951934066055E+006	 +0.3048087932342993E+005	 +0.1412760727300350E+006	
December 	 +0.8760000000000000E+004	 +0.1481313440793508E+006	 +0.4386168406804821E+005	 +0.1919930281474001E+006	
January  	 +0.9504000000000000E+004	 +0.1615654111826420E+006	 +0.5064515954309403E+005	 +0.2122105707257348E+006	
February 	 +0.1017600000000000E+005	 +0.1357060525379521E+006	 +0.4316760959657650E+005	 +0.1788736621345287E+006	
March    	 +0.1092000000000000E+005	 +0.1090091302408142E+006	 +0.3289203655172014E+005	 +0.1419011667925334E+006	
April    	 +0.1164000000000000E+005	 +0.7446613277224261E+005	 +0.2066899796975644E+005	 +0.9513513074199899E+005	
May      	 +0.1238400000000000E+005	 +0.3468717617176706E+005	 +0.9059941875804383E+004	 +0.4374711804757146E+005	
June     	 +0.1310400000000000E+005	 +0.1093954052660580E+005	 +0.2729952132445723E+004	 +0.1366949265905151E+005	
July     	 +0.1384800000000000E+005	 +0.3009316080531944E+004	 +0.8612386704429331E+003	 +0.3870554750974873E+004	
August   	 +0.1459200000000000E+005	 +0.8648543153004710E+004	 +0.2058532986439780E+004	 +0.1070707613944450E+005	
September	 +0.1531200000000000E+005	 +0.2066302096166714E+005	 +0.4765573667385860E+004	 +0.2542859462905298E+005	
October  	 +0.1605600000000000E+005	 +0.6428779926003026E+005	 +0.1570246965891296E+005	 +0.7999026891894342E+005	
November 	 +0.1677600000000000E+005	 +0.1096182259781751E+006	 +0.3007006810749918E+005	 +0.1396882940856745E+006	
December 	 +0.1752000000000000E+005	 +0.1481251471340993E+006	 +0.4387032946872130E+005	 +0.1919954766028222E+006	
  
	Maximum Instantaneous Values
	Label not available                                                                                                                                                                                                                                                                                         	Label not available                                                                                                                                                                                                                                                                                         	Label not available                                                                                                                                                                                                                                                                                         	Label not available                                                                                                                                                                                                                                                                                         	
Maximum Value	 +0.1752000000000000E+005	 +0.6328203894214863E+003	 +0.1783073074084499E+003	 +0.7650079825740278E+003	
Time of Maximum	 +0.1752000000000000E+005	 +0.1465123333333333E+005	 +0.1464843333333333E+005	 +0.1465123333333333E+005	
  
	Minimum Instantaneous Values
	Label not available                                                                                                                                                                                                                                                                                         	Label not available                                                                                                                                                                                                                                                                                         	Label not available                                                                                                                                                                                                                                                                                         	Label not available                                                                                                                                                                                                                                                                                         	
Minimum Value	 +0.7300033333333334E+004	 +0.0000000000000000E+000	 +0.0000000000000000E+000	 +0.0000000000000000E+000	
Time of Minimum	 +0.7300033333333334E+004	 +0.1752000000000000E+005	 +0.1752000000000000E+005	 +0.1752000000000000E+005	
  
	Maximum Integrated Values
	Label not available                                                                                                                                                                                                                                                                                         	Label not available                                                                                                                                                                                                                                                                                         	Label not available                                                                                                                                                                                                                                                                                         	Label not available                                                                                                                                                                                                                                                                                         	
Maximum Value	 +0.1752000000000000E+005	 +0.1615654111826420E+006	 +0.5064515954309403E+005	 +0.2122105707257348E+006	
Time of Maximum	 +0.1752000000000000E+005	 +0.9504000000000000E+004	 +0.9504000000000000E+004	 +0.9504000000000000E+004	
  
	Minimum Integrated Values
	Label not available                                                                                                                                                                                                                                                                                         	Label not available                                                                                                                                                                                                                                                                                         	Label not available                                                                                                                                                                                                                                                                                         	Label not available                                                                                                                                                                                                                                                                                         	
Minimum Value	 +0.8016000000000000E+004	 +0.3009316080531944E+004	 +0.8612386704429331E+003	 +0.3870554750974873E+004	
Time of Minimum	 +0.8016000000000000E+004	 +0.1384800000000000E+005	 +0.1384800000000000E+005	 +0.1384800000000000E+005	
  
	Sum (note: sums are set to zero for inputs that were not integrated.)
	Label not available                                                                                                                                                                                                                                                                                         	Label not available                                                                                                                                                                                                                                                                                         	Label not available                                                                                                                                                                                                                                                                                         	Label not available                                                                                                                                                                                                                                                                                         	
Total	 +0.0000000000000000E+000	 +0.1139652033485492E+007	 +0.3308344736202722E+006	 +0.1470486507105762E+007	
