 	Label not available                                                                                                                                                                                                                                                                                         	Label not available                                                                                                                                                                                                                                                                                         	Label not available                                                                                                                                                                                                                                                                                         	Label not available                                                                                                                                                                                                                                                                                         	
Month 	TIME                     	QSnk335PauxEvap_kW       	QSnk335PelAuxComp_kW     	QSnk335PauxCondSwitch_kW 	
November 	 +0.8016000000000000E+004	 +0.5216067981262664E+005	 +0.1441015077442697E+005	 +0.6657083058705360E+005	
December 	 +0.8760000000000000E+004	 +0.6845052167904613E+005	 +0.2047798962938255E+005	 +0.8892851130842922E+005	
January  	 +0.9504000000000000E+004	 +0.7442155411488505E+005	 +0.2365812538266579E+005	 +0.9807967949755136E+005	
February 	 +0.1017600000000000E+005	 +0.6201168094591011E+005	 +0.1994180410996694E+005	 +0.8195348505587697E+005	
March    	 +0.1092000000000000E+005	 +0.5112444840607922E+005	 +0.1538058980202846E+005	 +0.6650503820810809E+005	
April    	 +0.1164000000000000E+005	 +0.3571460677986439E+005	 +0.9788484343840475E+004	 +0.4550309112370473E+005	
May      	 +0.1238400000000000E+005	 +0.1858255763965257E+005	 +0.4711914866297157E+004	 +0.2329447250594971E+005	
June     	 +0.1310400000000000E+005	 +0.6393283698112703E+004	 +0.1519158364344606E+004	 +0.7912442062457303E+004	
July     	 +0.1384800000000000E+005	 +0.2391934450216026E+004	 +0.6013045621942225E+003	 +0.2993239012410249E+004	
August   	 +0.1459200000000000E+005	 +0.4994698153607931E+004	 +0.1156653554212744E+004	 +0.6151351707820670E+004	
September	 +0.1531200000000000E+005	 +0.1151345250129124E+005	 +0.2615298995180062E+004	 +0.1412875149647132E+005	
October  	 +0.1605600000000000E+005	 +0.3170961689746449E+005	 +0.7709745029698788E+004	 +0.3941936192716320E+005	
November 	 +0.1677600000000000E+005	 +0.5169201322362694E+005	 +0.1424175359128081E+005	 +0.6593376681490791E+005	
December 	 +0.1752000000000000E+005	 +0.6846819217878925E+005	 +0.2048338002194702E+005	 +0.8895157220073597E+005	
  
	Maximum Instantaneous Values
	Label not available                                                                                                                                                                                                                                                                                         	Label not available                                                                                                                                                                                                                                                                                         	Label not available                                                                                                                                                                                                                                                                                         	Label not available                                                                                                                                                                                                                                                                                         	
Maximum Value	 +0.1752000000000000E+005	 +0.3226961442281460E+003	 +0.8730319171634763E+002	 +0.3877659618670374E+003	
Time of Maximum	 +0.1752000000000000E+005	 +0.1385666666666667E+005	 +0.1451063333333333E+005	 +0.1385666666666667E+005	
  
	Minimum Instantaneous Values
	Label not available                                                                                                                                                                                                                                                                                         	Label not available                                                                                                                                                                                                                                                                                         	Label not available                                                                                                                                                                                                                                                                                         	Label not available                                                                                                                                                                                                                                                                                         	
Minimum Value	 +0.7300033333333334E+004	 +0.0000000000000000E+000	 +0.0000000000000000E+000	 +0.0000000000000000E+000	
Time of Minimum	 +0.7300033333333334E+004	 +0.1752000000000000E+005	 +0.1752000000000000E+005	 +0.1752000000000000E+005	
  
	Maximum Integrated Values
	Label not available                                                                                                                                                                                                                                                                                         	Label not available                                                                                                                                                                                                                                                                                         	Label not available                                                                                                                                                                                                                                                                                         	Label not available                                                                                                                                                                                                                                                                                         	
Maximum Value	 +0.1752000000000000E+005	 +0.7442155411488505E+005	 +0.2365812538266579E+005	 +0.9807967949755136E+005	
Time of Maximum	 +0.1752000000000000E+005	 +0.9504000000000000E+004	 +0.9504000000000000E+004	 +0.9504000000000000E+004	
  
	Minimum Integrated Values
	Label not available                                                                                                                                                                                                                                                                                         	Label not available                                                                                                                                                                                                                                                                                         	Label not available                                                                                                                                                                                                                                                                                         	Label not available                                                                                                                                                                                                                                                                                         	
Minimum Value	 +0.8016000000000000E+004	 +0.2391934450216026E+004	 +0.6013045621942225E+003	 +0.2993239012410249E+004	
Time of Minimum	 +0.8016000000000000E+004	 +0.1384800000000000E+005	 +0.1384800000000000E+005	 +0.1384800000000000E+005	
  
	Sum (note: sums are set to zero for inputs that were not integrated.)
	Label not available                                                                                                                                                                                                                                                                                         	Label not available                                                                                                                                                                                                                                                                                         	Label not available                                                                                                                                                                                                                                                                                         	Label not available                                                                                                                                                                                                                                                                                         	
Total	 +0.0000000000000000E+000	 +0.5396292404811799E+006	 +0.1566963530274674E+006	 +0.6963255935086383E+006	
