 	Label not available                                                                                                                                                                                                                                                                                         	Label not available                                                                                                                                                                                                                                                                                         	Label not available                                                                                                                                                                                                                                                                                         	Label not available                                                                                                                                                                                                                                                                                         	
Month 	TIME                     	QSnk131PauxEvap_kW       	QSnk131PelAuxComp_kW     	QSnk131PauxCondSwitch_kW 	
November 	 +0.8016000000000000E+004	 +0.1621740217368931E+005	 +0.4537650786094839E+004	 +0.2075505295978403E+005	
December 	 +0.8760000000000000E+004	 +0.2057021350623329E+005	 +0.6309681639629876E+004	 +0.2687989514586338E+005	
January  	 +0.9504000000000000E+004	 +0.2196590781644049E+005	 +0.7298510666288406E+004	 +0.2926441848272886E+005	
February 	 +0.1017600000000000E+005	 +0.1823878051627777E+005	 +0.6137681050138371E+004	 +0.2437646156641618E+005	
March    	 +0.1092000000000000E+005	 +0.1547498167094669E+005	 +0.4864166081270241E+004	 +0.2033914775221698E+005	
April    	 +0.1164000000000000E+005	 +0.1136772799426437E+005	 +0.3286052842197393E+004	 +0.1465378083646176E+005	
May      	 +0.1238400000000000E+005	 +0.6758260449970322E+004	 +0.1840801393236875E+004	 +0.8599061843207184E+004	
June     	 +0.1310400000000000E+005	 +0.2689214739050726E+004	 +0.7001942662643130E+003	 +0.3389409005315033E+004	
July     	 +0.1384800000000000E+005	 +0.1437026675770367E+004	 +0.3798894254917394E+003	 +0.1816916101262106E+004	
August   	 +0.1459200000000000E+005	 +0.2253675939116671E+004	 +0.5367964194838183E+003	 +0.2790472358600490E+004	
September	 +0.1531200000000000E+005	 +0.4937823777964342E+004	 +0.1135983480118547E+004	 +0.6073807258082904E+004	
October  	 +0.1605600000000000E+005	 +0.1059613236454149E+005	 +0.2594960050828290E+004	 +0.1319109241536979E+005	
November 	 +0.1677600000000000E+005	 +0.1611854925890771E+005	 +0.4494018892586817E+004	 +0.2061256815149440E+005	
December 	 +0.1752000000000000E+005	 +0.2056367451484340E+005	 +0.6308252870276796E+004	 +0.2687192738512003E+005	
  
	Maximum Instantaneous Values
	Label not available                                                                                                                                                                                                                                                                                         	Label not available                                                                                                                                                                                                                                                                                         	Label not available                                                                                                                                                                                                                                                                                         	Label not available                                                                                                                                                                                                                                                                                         	
Maximum Value	 +0.1752000000000000E+005	 +0.1041307145806782E+003	 +0.2969062136475438E+002	 +0.1261785357693243E+003	
Time of Maximum	 +0.1752000000000000E+005	 +0.1451156666666667E+005	 +0.1451170000000000E+005	 +0.1451156666666667E+005	
  
	Minimum Instantaneous Values
	Label not available                                                                                                                                                                                                                                                                                         	Label not available                                                                                                                                                                                                                                                                                         	Label not available                                                                                                                                                                                                                                                                                         	Label not available                                                                                                                                                                                                                                                                                         	
Minimum Value	 +0.7300033333333334E+004	 +0.0000000000000000E+000	 +0.0000000000000000E+000	 +0.0000000000000000E+000	
Time of Minimum	 +0.7300033333333334E+004	 +0.1752000000000000E+005	 +0.1752000000000000E+005	 +0.1752000000000000E+005	
  
	Maximum Integrated Values
	Label not available                                                                                                                                                                                                                                                                                         	Label not available                                                                                                                                                                                                                                                                                         	Label not available                                                                                                                                                                                                                                                                                         	Label not available                                                                                                                                                                                                                                                                                         	
Maximum Value	 +0.1752000000000000E+005	 +0.2196590781644049E+005	 +0.7298510666288406E+004	 +0.2926441848272886E+005	
Time of Maximum	 +0.1752000000000000E+005	 +0.9504000000000000E+004	 +0.9504000000000000E+004	 +0.9504000000000000E+004	
  
	Minimum Integrated Values
	Label not available                                                                                                                                                                                                                                                                                         	Label not available                                                                                                                                                                                                                                                                                         	Label not available                                                                                                                                                                                                                                                                                         	Label not available                                                                                                                                                                                                                                                                                         	
Minimum Value	 +0.8016000000000000E+004	 +0.1437026675770367E+004	 +0.3798894254917394E+003	 +0.1816916101262106E+004	
Time of Minimum	 +0.8016000000000000E+004	 +0.1384800000000000E+005	 +0.1384800000000000E+005	 +0.1384800000000000E+005	
  
	Sum (note: sums are set to zero for inputs that were not integrated.)
	Label not available                                                                                                                                                                                                                                                                                         	Label not available                                                                                                                                                                                                                                                                                         	Label not available                                                                                                                                                                                                                                                                                         	Label not available                                                                                                                                                                                                                                                                                         	
Total	 +0.0000000000000000E+000	 +0.1691893713980140E+006	 +0.5042463986390643E+005	 +0.2196140112619221E+006	
