 	Label not available                                                                                                                                                                                                                                                                                         	Label not available                                                                                                                                                                                                                                                                                         	Label not available                                                                                                                                                                                                                                                                                         	Label not available                                                                                                                                                                                                                                                                                         	
Month 	TIME                     	QSnk469PauxEvap_kW       	QSnk469PelAuxComp_kW     	QSnk469PauxCondSwitch_kW 	
November 	 +0.8016000000000000E+004	 +0.8431306047869420E+005	 +0.2432337184758738E+005	 +0.1086364323262819E+006	
December 	 +0.8760000000000000E+004	 +0.1121882232473204E+006	 +0.3547412139475123E+005	 +0.1476623446420715E+006	
January  	 +0.9504000000000000E+004	 +0.1224776351766193E+006	 +0.4067083119330353E+005	 +0.1631484663699222E+006	
February 	 +0.1017600000000000E+005	 +0.1019973275653976E+006	 +0.3563546932096642E+005	 +0.1376327968863639E+006	
March    	 +0.1092000000000000E+005	 +0.8161087228152090E+005	 +0.2745758439869221E+005	 +0.1090684566802132E+006	
April    	 +0.1164000000000000E+005	 +0.5710298001688201E+005	 +0.1612740211732856E+005	 +0.7323038213421074E+005	
May      	 +0.1238400000000000E+005	 +0.2670764310437683E+005	 +0.6984773526144245E+004	 +0.3369241663052111E+005	
June     	 +0.1310400000000000E+005	 +0.8532151361322525E+004	 +0.2089035834905151E+004	 +0.1062118719622767E+005	
July     	 +0.1384800000000000E+005	 +0.2381715851629421E+004	 +0.6552773860738018E+003	 +0.3036993237703224E+004	
August   	 +0.1459200000000000E+005	 +0.6709462083663643E+004	 +0.1575349049827520E+004	 +0.8284811133491170E+004	
September	 +0.1531200000000000E+005	 +0.1597955860100697E+005	 +0.3696177340845514E+004	 +0.1967573594185250E+005	
October  	 +0.1605600000000000E+005	 +0.4921767984218485E+005	 +0.1231721634177381E+005	 +0.6153489618395895E+005	
November 	 +0.1677600000000000E+005	 +0.8343359755335924E+005	 +0.2396591799878120E+005	 +0.1073995155521402E+006	
December 	 +0.1752000000000000E+005	 +0.1121564333658134E+006	 +0.3545607237405955E+005	 +0.1476125057398730E+006	
  
	Maximum Instantaneous Values
	Label not available                                                                                                                                                                                                                                                                                         	Label not available                                                                                                                                                                                                                                                                                         	Label not available                                                                                                                                                                                                                                                                                         	Label not available                                                                                                                                                                                                                                                                                         	
Maximum Value	 +0.1752000000000000E+005	 +0.4888803286721468E+003	 +0.1341490023055271E+003	 +0.5884261133833096E+003	
Time of Maximum	 +0.1752000000000000E+005	 +0.1390460000000000E+005	 +0.1390380000000000E+005	 +0.1390460000000000E+005	
  
	Minimum Instantaneous Values
	Label not available                                                                                                                                                                                                                                                                                         	Label not available                                                                                                                                                                                                                                                                                         	Label not available                                                                                                                                                                                                                                                                                         	Label not available                                                                                                                                                                                                                                                                                         	
Minimum Value	 +0.7300033333333334E+004	 +0.0000000000000000E+000	 +0.0000000000000000E+000	 +0.0000000000000000E+000	
Time of Minimum	 +0.7300033333333334E+004	 +0.1752000000000000E+005	 +0.1752000000000000E+005	 +0.1752000000000000E+005	
  
	Maximum Integrated Values
	Label not available                                                                                                                                                                                                                                                                                         	Label not available                                                                                                                                                                                                                                                                                         	Label not available                                                                                                                                                                                                                                                                                         	Label not available                                                                                                                                                                                                                                                                                         	
Maximum Value	 +0.1752000000000000E+005	 +0.1224776351766193E+006	 +0.4067083119330353E+005	 +0.1631484663699222E+006	
Time of Maximum	 +0.1752000000000000E+005	 +0.9504000000000000E+004	 +0.9504000000000000E+004	 +0.9504000000000000E+004	
  
	Minimum Integrated Values
	Label not available                                                                                                                                                                                                                                                                                         	Label not available                                                                                                                                                                                                                                                                                         	Label not available                                                                                                                                                                                                                                                                                         	Label not available                                                                                                                                                                                                                                                                                         	
Minimum Value	 +0.8016000000000000E+004	 +0.2381715851629421E+004	 +0.6552773860738018E+003	 +0.3036993237703224E+004	
Time of Minimum	 +0.8016000000000000E+004	 +0.1384800000000000E+005	 +0.1384800000000000E+005	 +0.1384800000000000E+005	
  
	Sum (note: sums are set to zero for inputs that were not integrated.)
	Label not available                                                                                                                                                                                                                                                                                         	Label not available                                                                                                                                                                                                                                                                                         	Label not available                                                                                                                                                                                                                                                                                         	Label not available                                                                                                                                                                                                                                                                                         	
Total	 +0.0000000000000000E+000	 +0.8648083405297963E+006	 +0.2664286001250409E+006	 +0.1131236940654838E+007	
