 	Label not available                                                                                                                                                                                                                                                                                         	Label not available                                                                                                                                                                                                                                                                                         	Label not available                                                                                                                                                                                                                                                                                         	Label not available                                                                                                                                                                                                                                                                                         	
Month 	TIME                     	QSnk243PauxEvap_kW       	QSnk243PelAuxComp_kW     	QSnk243PauxCondSwitch_kW 	
November 	 +0.8016000000000000E+004	 +0.1778120841412799E+006	 +0.5144877350435263E+005	 +0.2292608576456331E+006	
December 	 +0.8760000000000000E+004	 +0.2325099518440902E+006	 +0.7453727182362854E+005	 +0.3070472236677168E+006	
January  	 +0.9504000000000000E+004	 +0.2519029037861104E+006	 +0.8556784952590583E+005	 +0.3374707533120172E+006	
February 	 +0.1017600000000000E+005	 +0.2083126334697958E+006	 +0.7433788182924545E+005	 +0.2826505152990391E+006	
March    	 +0.1092000000000000E+005	 +0.1708385182093627E+006	 +0.5798324533848986E+005	 +0.2288217635478516E+006	
April    	 +0.1164000000000000E+005	 +0.1220519074509974E+006	 +0.3457677527900931E+005	 +0.1566286827300068E+006	
May      	 +0.1238400000000000E+005	 +0.6287752492546369E+005	 +0.1640262682101196E+005	 +0.7928015174647569E+005	
June     	 +0.1310400000000000E+005	 +0.2147874842527862E+005	 +0.5210298583818645E+004	 +0.2668904700909734E+005	
July     	 +0.1384800000000000E+005	 +0.7452066731314384E+004	 +0.1878354363780257E+004	 +0.9330421095094640E+004	
August   	 +0.1459200000000000E+005	 +0.1668623966882114E+005	 +0.3817534042380224E+004	 +0.2050377371120141E+005	
September	 +0.1531200000000000E+005	 +0.3927809466837448E+005	 +0.8936187208302992E+004	 +0.4821428187667755E+005	
October  	 +0.1605600000000000E+005	 +0.1083174771789670E+006	 +0.2697383911922681E+005	 +0.1352913162981935E+006	
November 	 +0.1677600000000000E+005	 +0.1763154300441742E+006	 +0.5076982647995740E+005	 +0.2270852565241313E+006	
December 	 +0.1752000000000000E+005	 +0.2325490116462894E+006	 +0.7457038191497359E+005	 +0.3071193935612644E+006	
  
	Maximum Instantaneous Values
	Label not available                                                                                                                                                                                                                                                                                         	Label not available                                                                                                                                                                                                                                                                                         	Label not available                                                                                                                                                                                                                                                                                         	Label not available                                                                                                                                                                                                                                                                                         	
Maximum Value	 +0.1752000000000000E+005	 +0.1077774459513956E+004	 +0.3012276417014749E+003	 +0.1301751620660134E+004	
Time of Maximum	 +0.1752000000000000E+005	 +0.1388186666666667E+005	 +0.1450163333333333E+005	 +0.1455243333333333E+005	
  
	Minimum Instantaneous Values
	Label not available                                                                                                                                                                                                                                                                                         	Label not available                                                                                                                                                                                                                                                                                         	Label not available                                                                                                                                                                                                                                                                                         	Label not available                                                                                                                                                                                                                                                                                         	
Minimum Value	 +0.7300033333333334E+004	 +0.0000000000000000E+000	 +0.0000000000000000E+000	 +0.0000000000000000E+000	
Time of Minimum	 +0.7300033333333334E+004	 +0.1752000000000000E+005	 +0.1752000000000000E+005	 +0.1752000000000000E+005	
  
	Maximum Integrated Values
	Label not available                                                                                                                                                                                                                                                                                         	Label not available                                                                                                                                                                                                                                                                                         	Label not available                                                                                                                                                                                                                                                                                         	Label not available                                                                                                                                                                                                                                                                                         	
Maximum Value	 +0.1752000000000000E+005	 +0.2519029037861104E+006	 +0.8556784952590583E+005	 +0.3374707533120172E+006	
Time of Maximum	 +0.1752000000000000E+005	 +0.9504000000000000E+004	 +0.9504000000000000E+004	 +0.9504000000000000E+004	
  
	Minimum Integrated Values
	Label not available                                                                                                                                                                                                                                                                                         	Label not available                                                                                                                                                                                                                                                                                         	Label not available                                                                                                                                                                                                                                                                                         	Label not available                                                                                                                                                                                                                                                                                         	
Minimum Value	 +0.8016000000000000E+004	 +0.7452066731314384E+004	 +0.1878354363780257E+004	 +0.9330421095094640E+004	
Time of Minimum	 +0.8016000000000000E+004	 +0.1384800000000000E+005	 +0.1384800000000000E+005	 +0.1384800000000000E+005	
  
	Sum (note: sums are set to zero for inputs that were not integrated.)
	Label not available                                                                                                                                                                                                                                                                                         	Label not available                                                                                                                                                                                                                                                                                         	Label not available                                                                                                                                                                                                                                                                                         	Label not available                                                                                                                                                                                                                                                                                         	
Total	 +0.0000000000000000E+000	 +0.1828382592190339E+007	 +0.5670108458340821E+006	 +0.2395393438024378E+007	
