 	Label not available                                                                                                                                                                                                                                                                                         	Label not available                                                                                                                                                                                                                                                                                         	Label not available                                                                                                                                                                                                                                                                                         	Label not available                                                                                                                                                                                                                                                                                         	
Month 	TIME                     	QSnk358PauxEvap_kW       	QSnk358PelAuxComp_kW     	QSnk358PauxCondSwitch_kW 	
November 	 +0.8016000000000000E+004	 +0.1510514985321923E+005	 +0.4396705156241743E+004	 +0.1950185500946103E+005	
December 	 +0.8760000000000000E+004	 +0.1938744538689446E+005	 +0.6289728314942074E+004	 +0.2567717370183644E+005	
January  	 +0.9504000000000000E+004	 +0.2087526205391633E+005	 +0.7230245039748814E+004	 +0.2810550709366497E+005	
February 	 +0.1017600000000000E+005	 +0.1716034010967456E+005	 +0.6226289952133395E+004	 +0.2338663006180797E+005	
March    	 +0.1092000000000000E+005	 +0.1443558278733384E+005	 +0.4926547093810274E+004	 +0.1936212988114417E+005	
April    	 +0.1164000000000000E+005	 +0.1063264959733475E+005	 +0.3012304541347576E+004	 +0.1364495413868229E+005	
May      	 +0.1238400000000000E+005	 +0.5912648334584253E+004	 +0.1539772664943386E+004	 +0.7452420999527642E+004	
June     	 +0.1310400000000000E+005	 +0.2246567785453467E+004	 +0.5475794414810753E+003	 +0.2794147226934540E+004	
July     	 +0.1384800000000000E+005	 +0.1062802950876335E+004	 +0.2643933639344031E+003	 +0.1327196314810740E+004	
August   	 +0.1459200000000000E+005	 +0.1762593281864147E+004	 +0.4107384176518256E+003	 +0.2173331699515970E+004	
September	 +0.1531200000000000E+005	 +0.4088604853525950E+004	 +0.9329019157299382E+003	 +0.5021506769255882E+004	
October  	 +0.1605600000000000E+005	 +0.9596356102886180E+004	 +0.2400517539650891E+004	 +0.1199687364253701E+005	
November 	 +0.1677600000000000E+005	 +0.1500569614462433E+005	 +0.4349596625271150E+004	 +0.1935529276989541E+005	
December 	 +0.1752000000000000E+005	 +0.1938811165578428E+005	 +0.6289680903161139E+004	 +0.2567779255894554E+005	
  
	Maximum Instantaneous Values
	Label not available                                                                                                                                                                                                                                                                                         	Label not available                                                                                                                                                                                                                                                                                         	Label not available                                                                                                                                                                                                                                                                                         	Label not available                                                                                                                                                                                                                                                                                         	
Maximum Value	 +0.1752000000000000E+005	 +0.9809089551008597E+002	 +0.2681715593789469E+002	 +0.1180247462118670E+003	
Time of Maximum	 +0.1752000000000000E+005	 +0.1386546666666667E+005	 +0.1350196666666667E+005	 +0.1386546666666667E+005	
  
	Minimum Instantaneous Values
	Label not available                                                                                                                                                                                                                                                                                         	Label not available                                                                                                                                                                                                                                                                                         	Label not available                                                                                                                                                                                                                                                                                         	Label not available                                                                                                                                                                                                                                                                                         	
Minimum Value	 +0.7300033333333334E+004	 +0.0000000000000000E+000	 +0.0000000000000000E+000	 +0.0000000000000000E+000	
Time of Minimum	 +0.7300033333333334E+004	 +0.1752000000000000E+005	 +0.1752000000000000E+005	 +0.1752000000000000E+005	
  
	Maximum Integrated Values
	Label not available                                                                                                                                                                                                                                                                                         	Label not available                                                                                                                                                                                                                                                                                         	Label not available                                                                                                                                                                                                                                                                                         	Label not available                                                                                                                                                                                                                                                                                         	
Maximum Value	 +0.1752000000000000E+005	 +0.2087526205391633E+005	 +0.7230245039748814E+004	 +0.2810550709366497E+005	
Time of Maximum	 +0.1752000000000000E+005	 +0.9504000000000000E+004	 +0.9504000000000000E+004	 +0.9504000000000000E+004	
  
	Minimum Integrated Values
	Label not available                                                                                                                                                                                                                                                                                         	Label not available                                                                                                                                                                                                                                                                                         	Label not available                                                                                                                                                                                                                                                                                         	Label not available                                                                                                                                                                                                                                                                                         	
Minimum Value	 +0.8016000000000000E+004	 +0.1062802950876335E+004	 +0.2643933639344031E+003	 +0.1327196314810740E+004	
Time of Minimum	 +0.8016000000000000E+004	 +0.1384800000000000E+005	 +0.1384800000000000E+005	 +0.1384800000000000E+005	
  
	Sum (note: sums are set to zero for inputs that were not integrated.)
	Label not available                                                                                                                                                                                                                                                                                         	Label not available                                                                                                                                                                                                                                                                                         	Label not available                                                                                                                                                                                                                                                                                         	Label not available                                                                                                                                                                                                                                                                                         	
Total	 +0.0000000000000000E+000	 +0.1566598108979725E+006	 +0.4881700097004779E+005	 +0.2054768118680186E+006	
