 	Label not available                                                                                                                                                                                                                                                                                         	Label not available                                                                                                                                                                                                                                                                                         	Label not available                                                                                                                                                                                                                                                                                         	Label not available                                                                                                                                                                                                                                                                                         	
Month 	TIME                     	QSnk85PauxEvap_kW        	QSnk85PelAuxComp_kW      	QSnk85PauxCondSwitch_kW  	
November 	 +0.8016000000000000E+004	 +0.1421228245504540E+006	 +0.4131080958711150E+005	 +0.1834336341375652E+006	
December 	 +0.8760000000000000E+004	 +0.1825815611326450E+006	 +0.5941602323433875E+005	 +0.2419975843669831E+006	
January  	 +0.9504000000000000E+004	 +0.1959699357193476E+006	 +0.6839460552629238E+005	 +0.2643645412456415E+006	
February 	 +0.1017600000000000E+005	 +0.1613492768252586E+006	 +0.5886479015086947E+005	 +0.2202140669761277E+006	
March    	 +0.1092000000000000E+005	 +0.1357660866223513E+006	 +0.4616054910740879E+005	 +0.1819266357297602E+006	
April    	 +0.1164000000000000E+005	 +0.9976696537980199E+005	 +0.2802713356961214E+005	 +0.1277940989494143E+006	
May      	 +0.1238400000000000E+005	 +0.5501540483657164E+005	 +0.1398948985510484E+005	 +0.6900489469167640E+005	
June     	 +0.1310400000000000E+005	 +0.2036393860249340E+005	 +0.4774306157437881E+004	 +0.2513824475993130E+005	
July     	 +0.1384800000000000E+005	 +0.8397630699791240E+004	 +0.1978054007050212E+004	 +0.1037568470684147E+005	
August   	 +0.1459200000000000E+005	 +0.1619280973438655E+005	 +0.3621463306310416E+004	 +0.1981427304069695E+005	
September	 +0.1531200000000000E+005	 +0.3750136768087622E+005	 +0.8422005426434798E+004	 +0.4592337310731092E+005	
October  	 +0.1605600000000000E+005	 +0.8950173412123657E+005	 +0.2208613826769517E+005	 +0.1115878723889318E+006	
November 	 +0.1677600000000000E+005	 +0.1414811565813887E+006	 +0.4089644802227209E+005	 +0.1823776046036599E+006	
December 	 +0.1752000000000000E+005	 +0.1825985958563729E+006	 +0.5941745560277046E+005	 +0.2420160514591434E+006	
  
	Maximum Instantaneous Values
	Label not available                                                                                                                                                                                                                                                                                         	Label not available                                                                                                                                                                                                                                                                                         	Label not available                                                                                                                                                                                                                                                                                         	Label not available                                                                                                                                                                                                                                                                                         	
Maximum Value	 +0.1752000000000000E+005	 +0.9860170241936378E+003	 +0.2682127566176590E+003	 +0.1186613680303983E+004	
Time of Maximum	 +0.1752000000000000E+005	 +0.1385706666666667E+005	 +0.1462406666666667E+005	 +0.1385706666666667E+005	
  
	Minimum Instantaneous Values
	Label not available                                                                                                                                                                                                                                                                                         	Label not available                                                                                                                                                                                                                                                                                         	Label not available                                                                                                                                                                                                                                                                                         	Label not available                                                                                                                                                                                                                                                                                         	
Minimum Value	 +0.7300033333333334E+004	 +0.0000000000000000E+000	 +0.0000000000000000E+000	 +0.0000000000000000E+000	
Time of Minimum	 +0.7300033333333334E+004	 +0.1752000000000000E+005	 +0.1752000000000000E+005	 +0.1752000000000000E+005	
  
	Maximum Integrated Values
	Label not available                                                                                                                                                                                                                                                                                         	Label not available                                                                                                                                                                                                                                                                                         	Label not available                                                                                                                                                                                                                                                                                         	Label not available                                                                                                                                                                                                                                                                                         	
Maximum Value	 +0.1752000000000000E+005	 +0.1959699357193476E+006	 +0.6839460552629238E+005	 +0.2643645412456415E+006	
Time of Maximum	 +0.1752000000000000E+005	 +0.9504000000000000E+004	 +0.9504000000000000E+004	 +0.9504000000000000E+004	
  
	Minimum Integrated Values
	Label not available                                                                                                                                                                                                                                                                                         	Label not available                                                                                                                                                                                                                                                                                         	Label not available                                                                                                                                                                                                                                                                                         	Label not available                                                                                                                                                                                                                                                                                         	
Minimum Value	 +0.8016000000000000E+004	 +0.8397630699791240E+004	 +0.1978054007050212E+004	 +0.1037568470684147E+005	
Time of Minimum	 +0.8016000000000000E+004	 +0.1384800000000000E+005	 +0.1384800000000000E+005	 +0.1384800000000000E+005	
  
	Sum (note: sums are set to zero for inputs that were not integrated.)
	Label not available                                                                                                                                                                                                                                                                                         	Label not available                                                                                                                                                                                                                                                                                         	Label not available                                                                                                                                                                                                                                                                                         	Label not available                                                                                                                                                                                                                                                                                         	
Total	 +0.0000000000000000E+000	 +0.1468609288342969E+007	 +0.4573592718207148E+006	 +0.1925968560163655E+007	
