 	Label not available                                                                                                                                                                                                                                                                                         	Label not available                                                                                                                                                                                                                                                                                         	Label not available                                                                                                                                                                                                                                                                                         	Label not available                                                                                                                                                                                                                                                                                         	
Month 	TIME                     	QSnk417PauxEvap_kW       	QSnk417PelAuxComp_kW     	QSnk417PauxCondSwitch_kW 	
November 	 +0.8016000000000000E+004	 +0.2402392797131705E+005	 +0.7020077261747988E+004	 +0.3104400523306492E+005	
December 	 +0.8760000000000000E+004	 +0.3035668327368108E+005	 +0.9946349893082155E+004	 +0.4030303316676290E+005	
January  	 +0.9504000000000000E+004	 +0.3234247127985500E+005	 +0.1142949227239852E+005	 +0.4377196355225326E+005	
February 	 +0.1017600000000000E+005	 +0.2664781530162805E+005	 +0.9839685493198085E+004	 +0.3648750079482624E+005	
March    	 +0.1092000000000000E+005	 +0.2259382959525568E+005	 +0.7835744354166414E+004	 +0.3042957394942216E+005	
April    	 +0.1164000000000000E+005	 +0.1699646663941308E+005	 +0.4921664729610821E+004	 +0.2191813136902389E+005	
May      	 +0.1238400000000000E+005	 +0.1007756768108162E+005	 +0.2711371855650464E+004	 +0.1278893953673212E+005	
June     	 +0.1310400000000000E+005	 +0.3973112099063240E+004	 +0.1008277858008523E+004	 +0.4981389957071765E+004	
July     	 +0.1384800000000000E+005	 +0.2205291777654209E+004	 +0.5572282216384855E+003	 +0.2762519999292691E+004	
August   	 +0.1459200000000000E+005	 +0.3257653473632723E+004	 +0.7607578490477166E+003	 +0.4018411322680443E+004	
September	 +0.1531200000000000E+005	 +0.7365648343396781E+004	 +0.1691573511882504E+004	 +0.9057221855279253E+004	
October  	 +0.1605600000000000E+005	 +0.1577176080378789E+005	 +0.3938583357609401E+004	 +0.1971034416139726E+005	
November 	 +0.1677600000000000E+005	 +0.2389702501671315E+005	 +0.6947873093624388E+004	 +0.3084489811033766E+005	
December 	 +0.1752000000000000E+005	 +0.3035379097092233E+005	 +0.9944518792655545E+004	 +0.4029830976357793E+005	
  
	Maximum Instantaneous Values
	Label not available                                                                                                                                                                                                                                                                                         	Label not available                                                                                                                                                                                                                                                                                         	Label not available                                                                                                                                                                                                                                                                                         	Label not available                                                                                                                                                                                                                                                                                         	
Maximum Value	 +0.1752000000000000E+005	 +0.1590065095703807E+003	 +0.4456318543408923E+002	 +0.1921705022750060E+003	
Time of Maximum	 +0.1752000000000000E+005	 +0.1388373333333333E+005	 +0.1465900000000000E+005	 +0.1388373333333333E+005	
  
	Minimum Instantaneous Values
	Label not available                                                                                                                                                                                                                                                                                         	Label not available                                                                                                                                                                                                                                                                                         	Label not available                                                                                                                                                                                                                                                                                         	Label not available                                                                                                                                                                                                                                                                                         	
Minimum Value	 +0.7300033333333334E+004	 +0.0000000000000000E+000	 +0.0000000000000000E+000	 +0.0000000000000000E+000	
Time of Minimum	 +0.7300033333333334E+004	 +0.1752000000000000E+005	 +0.1752000000000000E+005	 +0.1752000000000000E+005	
  
	Maximum Integrated Values
	Label not available                                                                                                                                                                                                                                                                                         	Label not available                                                                                                                                                                                                                                                                                         	Label not available                                                                                                                                                                                                                                                                                         	Label not available                                                                                                                                                                                                                                                                                         	
Maximum Value	 +0.1752000000000000E+005	 +0.3234247127985500E+005	 +0.1142949227239852E+005	 +0.4377196355225326E+005	
Time of Maximum	 +0.1752000000000000E+005	 +0.9504000000000000E+004	 +0.9504000000000000E+004	 +0.9504000000000000E+004	
  
	Minimum Integrated Values
	Label not available                                                                                                                                                                                                                                                                                         	Label not available                                                                                                                                                                                                                                                                                         	Label not available                                                                                                                                                                                                                                                                                         	Label not available                                                                                                                                                                                                                                                                                         	
Minimum Value	 +0.8016000000000000E+004	 +0.2205291777654209E+004	 +0.5572282216384855E+003	 +0.2762519999292691E+004	
Time of Minimum	 +0.8016000000000000E+004	 +0.1384800000000000E+005	 +0.1384800000000000E+005	 +0.1384800000000000E+005	
  
	Sum (note: sums are set to zero for inputs that were not integrated.)
	Label not available                                                                                                                                                                                                                                                                                         	Label not available                                                                                                                                                                                                                                                                                         	Label not available                                                                                                                                                                                                                                                                                         	Label not available                                                                                                                                                                                                                                                                                         	
Total	 +0.0000000000000000E+000	 +0.2498630442274012E+006	 +0.7855319854432072E+005	 +0.3284162427717244E+006	
