 	Label not available                                                                                                                                                                                                                                                                                         	Label not available                                                                                                                                                                                                                                                                                         	Label not available                                                                                                                                                                                                                                                                                         	Label not available                                                                                                                                                                                                                                                                                         	
Month 	TIME                     	QSnk266PauxEvap_kW       	QSnk266PelAuxComp_kW     	QSnk266PauxCondSwitch_kW 	
November 	 +0.8016000000000000E+004	 +0.9509597154890545E+005	 +0.2763239296863439E+005	 +0.1227283645175395E+006	
December 	 +0.8760000000000000E+004	 +0.1220638018548173E+006	 +0.3956021849989154E+005	 +0.1616240203547094E+006	
January  	 +0.9504000000000000E+004	 +0.1316061312964878E+006	 +0.4555519321098441E+005	 +0.1771613245074732E+006	
February 	 +0.1017600000000000E+005	 +0.1081112139043506E+006	 +0.3921512142125797E+005	 +0.1473263353256090E+006	
March    	 +0.1092000000000000E+005	 +0.9056809089816849E+005	 +0.3085862972955489E+005	 +0.1214267206277239E+006	
April    	 +0.1164000000000000E+005	 +0.6691283555955565E+005	 +0.1889989820156228E+005	 +0.8581273376111785E+005	
May      	 +0.1238400000000000E+005	 +0.3696923499156446E+005	 +0.9521287509624348E+004	 +0.4649052250118872E+005	
June     	 +0.1310400000000000E+005	 +0.1348131125889289E+005	 +0.3190894814026902E+004	 +0.1667220607291981E+005	
July     	 +0.1384800000000000E+005	 +0.5682109362921015E+004	 +0.1371099815539340E+004	 +0.7053209178460351E+004	
August   	 +0.1459200000000000E+005	 +0.1085052225754936E+005	 +0.2460356852217099E+004	 +0.1331087910976644E+005	
September	 +0.1531200000000000E+005	 +0.2517770673954725E+005	 +0.5699633024189914E+004	 +0.3087733976373718E+005	
October  	 +0.1605600000000000E+005	 +0.5993439687345918E+005	 +0.1489506718765195E+005	 +0.7482946406111111E+005	
November 	 +0.1677600000000000E+005	 +0.9457254284216830E+005	 +0.2734180581199363E+005	 +0.1219143486541615E+006	
December 	 +0.1752000000000000E+005	 +0.1221021639828990E+006	 +0.3956681519193036E+005	 +0.1616689791748297E+006	
  
	Maximum Instantaneous Values
	Label not available                                                                                                                                                                                                                                                                                         	Label not available                                                                                                                                                                                                                                                                                         	Label not available                                                                                                                                                                                                                                                                                         	Label not available                                                                                                                                                                                                                                                                                         	
Maximum Value	 +0.1752000000000000E+005	 +0.6111182176298443E+003	 +0.1696990391944586E+003	 +0.7375970702022626E+003	
Time of Maximum	 +0.1752000000000000E+005	 +0.1450416666666667E+005	 +0.1451520000000000E+005	 +0.1450416666666667E+005	
  
	Minimum Instantaneous Values
	Label not available                                                                                                                                                                                                                                                                                         	Label not available                                                                                                                                                                                                                                                                                         	Label not available                                                                                                                                                                                                                                                                                         	Label not available                                                                                                                                                                                                                                                                                         	
Minimum Value	 +0.7300033333333334E+004	 +0.0000000000000000E+000	 +0.0000000000000000E+000	 +0.0000000000000000E+000	
Time of Minimum	 +0.7300033333333334E+004	 +0.1752000000000000E+005	 +0.1752000000000000E+005	 +0.1752000000000000E+005	
  
	Maximum Integrated Values
	Label not available                                                                                                                                                                                                                                                                                         	Label not available                                                                                                                                                                                                                                                                                         	Label not available                                                                                                                                                                                                                                                                                         	Label not available                                                                                                                                                                                                                                                                                         	
Maximum Value	 +0.1752000000000000E+005	 +0.1316061312964878E+006	 +0.4555519321098441E+005	 +0.1771613245074732E+006	
Time of Maximum	 +0.1752000000000000E+005	 +0.9504000000000000E+004	 +0.9504000000000000E+004	 +0.9504000000000000E+004	
  
	Minimum Integrated Values
	Label not available                                                                                                                                                                                                                                                                                         	Label not available                                                                                                                                                                                                                                                                                         	Label not available                                                                                                                                                                                                                                                                                         	Label not available                                                                                                                                                                                                                                                                                         	
Minimum Value	 +0.8016000000000000E+004	 +0.5682109362921015E+004	 +0.1371099815539340E+004	 +0.7053209178460351E+004	
Time of Minimum	 +0.8016000000000000E+004	 +0.1384800000000000E+005	 +0.1384800000000000E+005	 +0.1384800000000000E+005	
  
	Sum (note: sums are set to zero for inputs that were not integrated.)
	Label not available                                                                                                                                                                                                                                                                                         	Label not available                                                                                                                                                                                                                                                                                         	Label not available                                                                                                                                                                                                                                                                                         	Label not available                                                                                                                                                                                                                                                                                         	
Total	 +0.0000000000000000E+000	 +0.9831280333712824E+006	 +0.3057684142390527E+006	 +0.1288896447610339E+007	
