 	Label not available                                                                                                                                                                                                                                                                                         	Label not available                                                                                                                                                                                                                                                                                         	Label not available                                                                                                                                                                                                                                                                                         	Label not available                                                                                                                                                                                                                                                                                         	
Month 	TIME                     	QSnk488PauxEvap_kW       	QSnk488PelAuxComp_kW     	QSnk488PauxCondSwitch_kW 	
November 	 +0.8016000000000000E+004	 +0.1674295600737923E+006	 +0.4861572336137050E+005	 +0.2160452834351628E+006	
December 	 +0.8760000000000000E+004	 +0.2117438444378648E+006	 +0.6904380603538144E+005	 +0.2807876504732469E+006	
January  	 +0.9504000000000000E+004	 +0.2257438352206023E+006	 +0.7932717424201794E+005	 +0.3050710094626179E+006	
February 	 +0.1017600000000000E+005	 +0.1860981457052330E+006	 +0.6817489400004609E+005	 +0.2542730397052822E+006	
March    	 +0.1092000000000000E+005	 +0.1579015485761181E+006	 +0.5383815062811830E+005	 +0.2117396992042371E+006	
April    	 +0.1164000000000000E+005	 +0.1187468260568764E+006	 +0.3331452303511408E+005	 +0.1520613490919902E+006	
May      	 +0.1238400000000000E+005	 +0.7026175202669803E+005	 +0.1797525373741697E+005	 +0.8823700576411490E+005	
June     	 +0.1310400000000000E+005	 +0.2726214145587041E+005	 +0.6419285156530470E+004	 +0.3368142661240087E+005	
July     	 +0.1384800000000000E+005	 +0.1425567269362892E+005	 +0.3309660150515972E+004	 +0.1756533284414486E+005	
August   	 +0.1459200000000000E+005	 +0.2269044942939044E+005	 +0.5045320090333340E+004	 +0.2773576951972376E+005	
September	 +0.1531200000000000E+005	 +0.5028199251373285E+005	 +0.1125599278541572E+005	 +0.6153798529914862E+005	
October  	 +0.1605600000000000E+005	 +0.1097099859726086E+006	 +0.2704291768036637E+005	 +0.1367529036529755E+006	
November 	 +0.1677600000000000E+005	 +0.1664971447229331E+006	 +0.4811653513578959E+005	 +0.2146136798587216E+006	
December 	 +0.1752000000000000E+005	 +0.2117402382956263E+006	 +0.6905014907941243E+005	 +0.2807903873750382E+006	
  
	Maximum Instantaneous Values
	Label not available                                                                                                                                                                                                                                                                                         	Label not available                                                                                                                                                                                                                                                                                         	Label not available                                                                                                                                                                                                                                                                                         	Label not available                                                                                                                                                                                                                                                                                         	
Maximum Value	 +0.1752000000000000E+005	 +0.1140889485536570E+004	 +0.3129005612901791E+003	 +0.1373970808063949E+004	
Time of Maximum	 +0.1752000000000000E+005	 +0.1342586666666667E+005	 +0.1387910000000000E+005	 +0.1342586666666667E+005	
  
	Minimum Instantaneous Values
	Label not available                                                                                                                                                                                                                                                                                         	Label not available                                                                                                                                                                                                                                                                                         	Label not available                                                                                                                                                                                                                                                                                         	Label not available                                                                                                                                                                                                                                                                                         	
Minimum Value	 +0.7300033333333334E+004	 +0.0000000000000000E+000	 +0.0000000000000000E+000	 +0.0000000000000000E+000	
Time of Minimum	 +0.7300033333333334E+004	 +0.1752000000000000E+005	 +0.1752000000000000E+005	 +0.1752000000000000E+005	
  
	Maximum Integrated Values
	Label not available                                                                                                                                                                                                                                                                                         	Label not available                                                                                                                                                                                                                                                                                         	Label not available                                                                                                                                                                                                                                                                                         	Label not available                                                                                                                                                                                                                                                                                         	
Maximum Value	 +0.1752000000000000E+005	 +0.2257438352206023E+006	 +0.7932717424201794E+005	 +0.3050710094626179E+006	
Time of Maximum	 +0.1752000000000000E+005	 +0.9504000000000000E+004	 +0.9504000000000000E+004	 +0.9504000000000000E+004	
  
	Minimum Integrated Values
	Label not available                                                                                                                                                                                                                                                                                         	Label not available                                                                                                                                                                                                                                                                                         	Label not available                                                                                                                                                                                                                                                                                         	Label not available                                                                                                                                                                                                                                                                                         	
Minimum Value	 +0.8016000000000000E+004	 +0.1425567269362892E+005	 +0.3309660150515972E+004	 +0.1756533284414486E+005	
Time of Minimum	 +0.8016000000000000E+004	 +0.1384800000000000E+005	 +0.1384800000000000E+005	 +0.1384800000000000E+005	
  
	Sum (note: sums are set to zero for inputs that were not integrated.)
	Label not available                                                                                                                                                                                                                                                                                         	Label not available                                                                                                                                                                                                                                                                                         	Label not available                                                                                                                                                                                                                                                                                         	Label not available                                                                                                                                                                                                                                                                                         	
Total	 +0.0000000000000000E+000	 +0.1740363137180967E+007	 +0.5405293851178293E+006	 +0.2280892522298801E+007	
