 	Label not available                                                                                                                                                                                                                                                                                         	Label not available                                                                                                                                                                                                                                                                                         	Label not available                                                                                                                                                                                                                                                                                         	Label not available                                                                                                                                                                                                                                                                                         	
Month 	TIME                     	QSnk191PauxEvap_kW       	QSnk191PelAuxComp_kW     	QSnk191PauxCondSwitch_kW 	
November 	 +0.8016000000000000E+004	 +0.7516370651396153E+005	 +0.2183530604594758E+005	 +0.9699901255990975E+005	
December 	 +0.8760000000000000E+004	 +0.9644132692750638E+005	 +0.3122778691491416E+005	 +0.1276691138424216E+006	
January  	 +0.9504000000000000E+004	 +0.1039318842319146E+006	 +0.3598942264247814E+005	 +0.1399213068743929E+006	
February 	 +0.1017600000000000E+005	 +0.8540253576987082E+005	 +0.3097642301471572E+005	 +0.1163789587845864E+006	
March    	 +0.1092000000000000E+005	 +0.7165921098065565E+005	 +0.2429120601455750E+005	 +0.9595041699521328E+005	
April    	 +0.1164000000000000E+005	 +0.5304540213166191E+005	 +0.1480033816770363E+005	 +0.6784574029936586E+005	
May      	 +0.1238400000000000E+005	 +0.2936664976285888E+005	 +0.7421739605265129E+004	 +0.3678838936812408E+005	
June     	 +0.1310400000000000E+005	 +0.1065924195001306E+005	 +0.2469766775308164E+004	 +0.1312900872532123E+005	
July     	 +0.1384800000000000E+005	 +0.4658025083121711E+004	 +0.1083447228919913E+004	 +0.5741472312041627E+004	
August   	 +0.1459200000000000E+005	 +0.8620153062151687E+004	 +0.1930671936598630E+004	 +0.1055082499875032E+005	
September	 +0.1531200000000000E+005	 +0.1996937408444240E+005	 +0.4498308550623436E+004	 +0.2446768263506582E+005	
October  	 +0.1605600000000000E+005	 +0.4744756336764466E+005	 +0.1174304272569166E+005	 +0.5919060609333630E+005	
November 	 +0.1677600000000000E+005	 +0.7467550091751327E+005	 +0.2157553598607380E+005	 +0.9625103690358684E+005	
December 	 +0.1752000000000000E+005	 +0.9643826656946226E+005	 +0.3123356889770810E+005	 +0.1276718354671709E+006	
  
	Maximum Instantaneous Values
	Label not available                                                                                                                                                                                                                                                                                         	Label not available                                                                                                                                                                                                                                                                                         	Label not available                                                                                                                                                                                                                                                                                         	Label not available                                                                                                                                                                                                                                                                                         	
Maximum Value	 +0.1752000000000000E+005	 +0.4978343901247835E+003	 +0.1342976593863328E+003	 +0.5976256813650699E+003	
Time of Maximum	 +0.1752000000000000E+005	 +0.1395250000000000E+005	 +0.1431210000000000E+005	 +0.1395250000000000E+005	
  
	Minimum Instantaneous Values
	Label not available                                                                                                                                                                                                                                                                                         	Label not available                                                                                                                                                                                                                                                                                         	Label not available                                                                                                                                                                                                                                                                                         	Label not available                                                                                                                                                                                                                                                                                         	
Minimum Value	 +0.7300033333333334E+004	 +0.0000000000000000E+000	 +0.0000000000000000E+000	 +0.0000000000000000E+000	
Time of Minimum	 +0.7300033333333334E+004	 +0.1752000000000000E+005	 +0.1752000000000000E+005	 +0.1752000000000000E+005	
  
	Maximum Integrated Values
	Label not available                                                                                                                                                                                                                                                                                         	Label not available                                                                                                                                                                                                                                                                                         	Label not available                                                                                                                                                                                                                                                                                         	Label not available                                                                                                                                                                                                                                                                                         	
Maximum Value	 +0.1752000000000000E+005	 +0.1039318842319146E+006	 +0.3598942264247814E+005	 +0.1399213068743929E+006	
Time of Maximum	 +0.1752000000000000E+005	 +0.9504000000000000E+004	 +0.9504000000000000E+004	 +0.9504000000000000E+004	
  
	Minimum Integrated Values
	Label not available                                                                                                                                                                                                                                                                                         	Label not available                                                                                                                                                                                                                                                                                         	Label not available                                                                                                                                                                                                                                                                                         	Label not available                                                                                                                                                                                                                                                                                         	
Minimum Value	 +0.8016000000000000E+004	 +0.4658025083121711E+004	 +0.1083447228919913E+004	 +0.5741472312041627E+004	
Time of Minimum	 +0.8016000000000000E+004	 +0.1384800000000000E+005	 +0.1384800000000000E+005	 +0.1384800000000000E+005	
  
	Sum (note: sums are set to zero for inputs that were not integrated.)
	Label not available                                                                                                                                                                                                                                                                                         	Label not available                                                                                                                                                                                                                                                                                         	Label not available                                                                                                                                                                                                                                                                                         	Label not available                                                                                                                                                                                                                                                                                         	
Total	 +0.0000000000000000E+000	 +0.7774788413527749E+006	 +0.2410765645065051E+006	 +0.1018555405859292E+007	
