 	Label not available                                                                                                                                                                                                                                                                                         	Label not available                                                                                                                                                                                                                                                                                         	Label not available                                                                                                                                                                                                                                                                                         	Label not available                                                                                                                                                                                                                                                                                         	
Month 	TIME                     	QSnk225PauxEvap_kW       	QSnk225PelAuxComp_kW     	QSnk225PauxCondSwitch_kW 	
November 	 +0.8016000000000000E+004	 +0.8389750125793918E+005	 +0.2428976251741771E+005	 +0.1081872637753567E+006	
December 	 +0.8760000000000000E+004	 +0.1060716677656833E+006	 +0.3451527956264153E+005	 +0.1405869473283256E+006	
January  	 +0.9504000000000000E+004	 +0.1130251318419948E+006	 +0.3968050362076199E+005	 +0.1527056354627575E+006	
February 	 +0.1017600000000000E+005	 +0.9319432171134946E+005	 +0.3405908031798765E+005	 +0.1272534020293370E+006	
March    	 +0.1092000000000000E+005	 +0.7915796420016563E+005	 +0.2684508593144817E+005	 +0.1060030501316144E+006	
April    	 +0.1164000000000000E+005	 +0.5975037774333898E+005	 +0.1662297821625129E+005	 +0.7637335595959050E+005	
May      	 +0.1238400000000000E+005	 +0.3518083973570283E+005	 +0.8854418882678337E+004	 +0.4403525861838124E+005	
June     	 +0.1310400000000000E+005	 +0.1401141754247353E+005	 +0.3221337181061032E+004	 +0.1723275472353454E+005	
July     	 +0.1384800000000000E+005	 +0.7273679401845639E+004	 +0.1642564437738458E+004	 +0.8916243839584096E+004	
August   	 +0.1459200000000000E+005	 +0.1122906744349758E+005	 +0.2479624179367112E+004	 +0.1370869162286465E+005	
September	 +0.1531200000000000E+005	 +0.2551984155045981E+005	 +0.5703679668903233E+004	 +0.3122352121936303E+005	
October  	 +0.1605600000000000E+005	 +0.5494219420735111E+005	 +0.1355344859362389E+005	 +0.6849564280097507E+005	
November 	 +0.1677600000000000E+005	 +0.8344422117879808E+005	 +0.2405271013047847E+005	 +0.1074969313092768E+006	
December 	 +0.1752000000000000E+005	 +0.1060333864776598E+006	 +0.3450803133021580E+005	 +0.1405414178078756E+006	
  
	Maximum Instantaneous Values
	Label not available                                                                                                                                                                                                                                                                                         	Label not available                                                                                                                                                                                                                                                                                         	Label not available                                                                                                                                                                                                                                                                                         	Label not available                                                                                                                                                                                                                                                                                         	
Maximum Value	 +0.1752000000000000E+005	 +0.5770114603884491E+003	 +0.1565427350164703E+003	 +0.6933279699058417E+003	
Time of Maximum	 +0.1752000000000000E+005	 +0.1383243333333333E+005	 +0.1439096666666667E+005	 +0.1383243333333333E+005	
  
	Minimum Instantaneous Values
	Label not available                                                                                                                                                                                                                                                                                         	Label not available                                                                                                                                                                                                                                                                                         	Label not available                                                                                                                                                                                                                                                                                         	Label not available                                                                                                                                                                                                                                                                                         	
Minimum Value	 +0.7300033333333334E+004	 +0.0000000000000000E+000	 +0.0000000000000000E+000	 +0.0000000000000000E+000	
Time of Minimum	 +0.7300033333333334E+004	 +0.1752000000000000E+005	 +0.1752000000000000E+005	 +0.1752000000000000E+005	
  
	Maximum Integrated Values
	Label not available                                                                                                                                                                                                                                                                                         	Label not available                                                                                                                                                                                                                                                                                         	Label not available                                                                                                                                                                                                                                                                                         	Label not available                                                                                                                                                                                                                                                                                         	
Maximum Value	 +0.1752000000000000E+005	 +0.1130251318419948E+006	 +0.3968050362076199E+005	 +0.1527056354627575E+006	
Time of Maximum	 +0.1752000000000000E+005	 +0.9504000000000000E+004	 +0.9504000000000000E+004	 +0.9504000000000000E+004	
  
	Minimum Integrated Values
	Label not available                                                                                                                                                                                                                                                                                         	Label not available                                                                                                                                                                                                                                                                                         	Label not available                                                                                                                                                                                                                                                                                         	Label not available                                                                                                                                                                                                                                                                                         	
Minimum Value	 +0.8016000000000000E+004	 +0.7273679401845639E+004	 +0.1642564437738458E+004	 +0.8916243839584096E+004	
Time of Minimum	 +0.8016000000000000E+004	 +0.1384800000000000E+005	 +0.1384800000000000E+005	 +0.1384800000000000E+005	
  
	Sum (note: sums are set to zero for inputs that were not integrated.)
	Label not available                                                                                                                                                                                                                                                                                         	Label not available                                                                                                                                                                                                                                                                                         	Label not available                                                                                                                                                                                                                                                                                         	Label not available                                                                                                                                                                                                                                                                                         	
Total	 +0.0000000000000000E+000	 +0.8727316120582481E+006	 +0.2700285045705740E+006	 +0.1142760116628838E+007	
