 	Label not available                                                                                                                                                                                                                                                                                         	Label not available                                                                                                                                                                                                                                                                                         	Label not available                                                                                                                                                                                                                                                                                         	Label not available                                                                                                                                                                                                                                                                                         	
Month 	TIME                     	QSnk558PauxEvap_kW       	QSnk558PelAuxComp_kW     	QSnk558PauxCondSwitch_kW 	
November 	 +0.8016000000000000E+004	 +0.1643162945148186E+006	 +0.4739649131892635E+005	 +0.2117127858337454E+006	
December 	 +0.8760000000000000E+004	 +0.2185191524434932E+006	 +0.6923130898459490E+005	 +0.2877504614280877E+006	
January  	 +0.9504000000000000E+004	 +0.2384622435860971E+006	 +0.7958866209507112E+005	 +0.3180509056811685E+006	
February 	 +0.1017600000000000E+005	 +0.1985939439443321E+006	 +0.6967573830950749E+005	 +0.2682696822538404E+006	
March    	 +0.1092000000000000E+005	 +0.1589245244585171E+006	 +0.5357541930318031E+005	 +0.2124999437616980E+006	
April    	 +0.1164000000000000E+005	 +0.1111868276188990E+006	 +0.3152544876429539E+005	 +0.1427122763831944E+006	
May      	 +0.1238400000000000E+005	 +0.5167207219674577E+005	 +0.1358406845721730E+005	 +0.6525614065396300E+005	
June     	 +0.1310400000000000E+005	 +0.1635053854078173E+005	 +0.4026169283294716E+004	 +0.2037670782407648E+005	
July     	 +0.1384800000000000E+005	 +0.4324755678737457E+004	 +0.1187964889796445E+004	 +0.5512720568533905E+004	
August   	 +0.1459200000000000E+005	 +0.1299262348677688E+005	 +0.3044462820117970E+004	 +0.1603708630689484E+005	
September	 +0.1531200000000000E+005	 +0.3072935783284053E+005	 +0.7096036595956163E+004	 +0.3782539442879673E+005	
October  	 +0.1605600000000000E+005	 +0.9581132513173364E+005	 +0.2396291044636922E+005	 +0.1197742355781029E+006	
November 	 +0.1677600000000000E+005	 +0.1625510285911409E+006	 +0.4666756215679580E+005	 +0.2092185907479365E+006	
December 	 +0.1752000000000000E+005	 +0.2185359697983999E+006	 +0.6923050900971889E+005	 +0.2877664788081193E+006	
  
	Maximum Instantaneous Values
	Label not available                                                                                                                                                                                                                                                                                         	Label not available                                                                                                                                                                                                                                                                                         	Label not available                                                                                                                                                                                                                                                                                         	Label not available                                                                                                                                                                                                                                                                                         	
Maximum Value	 +0.1752000000000000E+005	 +0.9616839984470724E+003	 +0.2678288259520432E+003	 +0.1160312801347355E+004	
Time of Maximum	 +0.1752000000000000E+005	 +0.1450420000000000E+005	 +0.1327916666666667E+005	 +0.1450420000000000E+005	
  
	Minimum Instantaneous Values
	Label not available                                                                                                                                                                                                                                                                                         	Label not available                                                                                                                                                                                                                                                                                         	Label not available                                                                                                                                                                                                                                                                                         	Label not available                                                                                                                                                                                                                                                                                         	
Minimum Value	 +0.7300033333333334E+004	 +0.0000000000000000E+000	 +0.0000000000000000E+000	 +0.0000000000000000E+000	
Time of Minimum	 +0.7300033333333334E+004	 +0.1752000000000000E+005	 +0.1752000000000000E+005	 +0.1752000000000000E+005	
  
	Maximum Integrated Values
	Label not available                                                                                                                                                                                                                                                                                         	Label not available                                                                                                                                                                                                                                                                                         	Label not available                                                                                                                                                                                                                                                                                         	Label not available                                                                                                                                                                                                                                                                                         	
Maximum Value	 +0.1752000000000000E+005	 +0.2384622435860971E+006	 +0.7958866209507112E+005	 +0.3180509056811685E+006	
Time of Maximum	 +0.1752000000000000E+005	 +0.9504000000000000E+004	 +0.9504000000000000E+004	 +0.9504000000000000E+004	
  
	Minimum Integrated Values
	Label not available                                                                                                                                                                                                                                                                                         	Label not available                                                                                                                                                                                                                                                                                         	Label not available                                                                                                                                                                                                                                                                                         	Label not available                                                                                                                                                                                                                                                                                         	
Minimum Value	 +0.8016000000000000E+004	 +0.4324755678737457E+004	 +0.1187964889796445E+004	 +0.5512720568533905E+004	
Time of Minimum	 +0.8016000000000000E+004	 +0.1384800000000000E+005	 +0.1384800000000000E+005	 +0.1384800000000000E+005	
  
	Sum (note: sums are set to zero for inputs that were not integrated.)
	Label not available                                                                                                                                                                                                                                                                                         	Label not available                                                                                                                                                                                                                                                                                         	Label not available                                                                                                                                                                                                                                                                                         	Label not available                                                                                                                                                                                                                                                                                         	
Total	 +0.0000000000000000E+000	 +0.1682970657823298E+007	 +0.5197927524348461E+006	 +0.2202763410258146E+007	
