 	Label not available                                                                                                                                                                                                                                                                                         	Label not available                                                                                                                                                                                                                                                                                         	Label not available                                                                                                                                                                                                                                                                                         	Label not available                                                                                                                                                                                                                                                                                         	
Month 	TIME                     	QSnk60PauxEvap_kW        	QSnk60PelAuxComp_kW      	QSnk60PauxCondSwitch_kW  	
November 	 +0.8016000000000000E+004	 +0.4230496607387377E+005	 +0.1229269342027514E+005	 +0.5459765949414902E+005	
December 	 +0.8760000000000000E+004	 +0.5525742435667398E+005	 +0.1778681478158835E+005	 +0.7304423913826249E+005	
January  	 +0.9504000000000000E+004	 +0.5986371357901012E+005	 +0.2035933248940873E+005	 +0.8022304606841886E+005	
February 	 +0.1017600000000000E+005	 +0.4952025524645208E+005	 +0.1771604932619524E+005	 +0.6723630457264723E+005	
March    	 +0.1092000000000000E+005	 +0.4067645164927364E+005	 +0.1381290769418757E+005	 +0.5448935934346083E+005	
April    	 +0.1164000000000000E+005	 +0.2914582266341640E+005	 +0.8216634370520564E+004	 +0.3736245703393704E+005	
May      	 +0.1238400000000000E+005	 +0.1513289521779737E+005	 +0.3911142631847531E+004	 +0.1904403784964489E+005	
June     	 +0.1310400000000000E+005	 +0.5314909472411940E+004	 +0.1266645118501852E+004	 +0.6581554590913801E+004	
July     	 +0.1384800000000000E+005	 +0.1839860918512995E+004	 +0.4693373972955516E+003	 +0.2309198315808546E+004	
August   	 +0.1459200000000000E+005	 +0.4220549169468552E+004	 +0.9691163173794228E+003	 +0.5189665486847972E+004	
September	 +0.1531200000000000E+005	 +0.9530021582994954E+004	 +0.2176267745003158E+004	 +0.1170628932799812E+005	
October  	 +0.1605600000000000E+005	 +0.2589434184596350E+005	 +0.6463593566540383E+004	 +0.3235793541250390E+005	
November 	 +0.1677600000000000E+005	 +0.4193082206201975E+005	 +0.1212827586468849E+005	 +0.5405909792670800E+005	
December 	 +0.1752000000000000E+005	 +0.5523972888686970E+005	 +0.1777753006785932E+005	 +0.7301725895472916E+005	
  
	Maximum Instantaneous Values
	Label not available                                                                                                                                                                                                                                                                                         	Label not available                                                                                                                                                                                                                                                                                         	Label not available                                                                                                                                                                                                                                                                                         	Label not available                                                                                                                                                                                                                                                                                         	
Maximum Value	 +0.1752000000000000E+005	 +0.2615836255253287E+003	 +0.7156359371879832E+002	 +0.3147361689220980E+003	
Time of Maximum	 +0.1752000000000000E+005	 +0.1386400000000000E+005	 +0.1457280000000000E+005	 +0.1386400000000000E+005	
  
	Minimum Instantaneous Values
	Label not available                                                                                                                                                                                                                                                                                         	Label not available                                                                                                                                                                                                                                                                                         	Label not available                                                                                                                                                                                                                                                                                         	Label not available                                                                                                                                                                                                                                                                                         	
Minimum Value	 +0.7300033333333334E+004	 +0.0000000000000000E+000	 +0.0000000000000000E+000	 +0.0000000000000000E+000	
Time of Minimum	 +0.7300033333333334E+004	 +0.1752000000000000E+005	 +0.1752000000000000E+005	 +0.1752000000000000E+005	
  
	Maximum Integrated Values
	Label not available                                                                                                                                                                                                                                                                                         	Label not available                                                                                                                                                                                                                                                                                         	Label not available                                                                                                                                                                                                                                                                                         	Label not available                                                                                                                                                                                                                                                                                         	
Maximum Value	 +0.1752000000000000E+005	 +0.5986371357901012E+005	 +0.2035933248940873E+005	 +0.8022304606841886E+005	
Time of Maximum	 +0.1752000000000000E+005	 +0.9504000000000000E+004	 +0.9504000000000000E+004	 +0.9504000000000000E+004	
  
	Minimum Integrated Values
	Label not available                                                                                                                                                                                                                                                                                         	Label not available                                                                                                                                                                                                                                                                                         	Label not available                                                                                                                                                                                                                                                                                         	Label not available                                                                                                                                                                                                                                                                                         	
Minimum Value	 +0.8016000000000000E+004	 +0.1839860918512995E+004	 +0.4693373972955516E+003	 +0.2309198315808546E+004	
Time of Minimum	 +0.8016000000000000E+004	 +0.1384800000000000E+005	 +0.1384800000000000E+005	 +0.1384800000000000E+005	
  
	Sum (note: sums are set to zero for inputs that were not integrated.)
	Label not available                                                                                                                                                                                                                                                                                         	Label not available                                                                                                                                                                                                                                                                                         	Label not available                                                                                                                                                                                                                                                                                         	Label not available                                                                                                                                                                                                                                                                                         	
Total	 +0.0000000000000000E+000	 +0.4358717627247357E+006	 +0.1353463407912908E+006	 +0.5712181035160315E+006	
