 	Label not available                                                                                                                                                                                                                                                                                         	Label not available                                                                                                                                                                                                                                                                                         	Label not available                                                                                                                                                                                                                                                                                         	Label not available                                                                                                                                                                                                                                                                                         	
Month 	TIME                     	QSnk524PauxEvap_kW       	QSnk524PelAuxComp_kW     	QSnk524PauxCondSwitch_kW 	
November 	 +0.8016000000000000E+004	 +0.6601865061194504E+005	 +0.1913911627797277E+005	 +0.8515776688991766E+005	
December 	 +0.8760000000000000E+004	 +0.8625293323889178E+005	 +0.2769859498313973E+005	 +0.1139515282220314E+006	
January  	 +0.9504000000000000E+004	 +0.9344237751343020E+005	 +0.3179508837322966E+005	 +0.1252374658866603E+006	
February 	 +0.1017600000000000E+005	 +0.7725437568905608E+005	 +0.2762626799050047E+005	 +0.1048806436795560E+006	
March    	 +0.1092000000000000E+005	 +0.6322695611377343E+005	 +0.2155731544984329E+005	 +0.8478427156361718E+005	
April    	 +0.1164000000000000E+005	 +0.4550475248722147E+005	 +0.1299620819027158E+005	 +0.5850096067749329E+005	
May      	 +0.1238400000000000E+005	 +0.2340617652220157E+005	 +0.6192095567418310E+004	 +0.2959827208961997E+005	
June     	 +0.1310400000000000E+005	 +0.8086944183088804E+004	 +0.2017675734359662E+004	 +0.1010461991744846E+005	
July     	 +0.1384800000000000E+005	 +0.3017684637372037E+004	 +0.7929897190135885E+003	 +0.3810674356385625E+004	
August   	 +0.1459200000000000E+005	 +0.6091906522521691E+004	 +0.1434405706998208E+004	 +0.7526312229519911E+004	
September	 +0.1531200000000000E+005	 +0.1483072639138293E+005	 +0.3416670120112953E+004	 +0.1824739651149592E+005	
October  	 +0.1605600000000000E+005	 +0.4028651655042444E+005	 +0.1009193132440888E+005	 +0.5037844787483341E+005	
November 	 +0.1677600000000000E+005	 +0.6545660236734083E+005	 +0.1888189410895383E+005	 +0.8433849647629504E+005	
December 	 +0.1752000000000000E+005	 +0.8625763534085984E+005	 +0.2769857083764128E+005	 +0.1139562061785012E+006	
  
	Maximum Instantaneous Values
	Label not available                                                                                                                                                                                                                                                                                         	Label not available                                                                                                                                                                                                                                                                                         	Label not available                                                                                                                                                                                                                                                                                         	Label not available                                                                                                                                                                                                                                                                                         	
Maximum Value	 +0.1752000000000000E+005	 +0.4017352198088639E+003	 +0.1115043967822810E+003	 +0.4845637606464758E+003	
Time of Maximum	 +0.1752000000000000E+005	 +0.1450946666666667E+005	 +0.1384163333333333E+005	 +0.1450946666666667E+005	
  
	Minimum Instantaneous Values
	Label not available                                                                                                                                                                                                                                                                                         	Label not available                                                                                                                                                                                                                                                                                         	Label not available                                                                                                                                                                                                                                                                                         	Label not available                                                                                                                                                                                                                                                                                         	
Minimum Value	 +0.7300033333333334E+004	 +0.0000000000000000E+000	 +0.0000000000000000E+000	 +0.0000000000000000E+000	
Time of Minimum	 +0.7300033333333334E+004	 +0.1752000000000000E+005	 +0.1752000000000000E+005	 +0.1752000000000000E+005	
  
	Maximum Integrated Values
	Label not available                                                                                                                                                                                                                                                                                         	Label not available                                                                                                                                                                                                                                                                                         	Label not available                                                                                                                                                                                                                                                                                         	Label not available                                                                                                                                                                                                                                                                                         	
Maximum Value	 +0.1752000000000000E+005	 +0.9344237751343020E+005	 +0.3179508837322966E+005	 +0.1252374658866603E+006	
Time of Maximum	 +0.1752000000000000E+005	 +0.9504000000000000E+004	 +0.9504000000000000E+004	 +0.9504000000000000E+004	
  
	Minimum Integrated Values
	Label not available                                                                                                                                                                                                                                                                                         	Label not available                                                                                                                                                                                                                                                                                         	Label not available                                                                                                                                                                                                                                                                                         	Label not available                                                                                                                                                                                                                                                                                         	
Minimum Value	 +0.8016000000000000E+004	 +0.3017684637372037E+004	 +0.7929897190135885E+003	 +0.3810674356385625E+004	
Time of Minimum	 +0.8016000000000000E+004	 +0.1384800000000000E+005	 +0.1384800000000000E+005	 +0.1384800000000000E+005	
  
	Sum (note: sums are set to zero for inputs that were not integrated.)
	Label not available                                                                                                                                                                                                                                                                                         	Label not available                                                                                                                                                                                                                                                                                         	Label not available                                                                                                                                                                                                                                                                                         	Label not available                                                                                                                                                                                                                                                                                         	
Total	 +0.0000000000000000E+000	 +0.6791342381695035E+006	 +0.2113388243838633E+006	 +0.8904730625533705E+006	
