 	Label not available                                                                                                                                                                                                                                                                                         	Label not available                                                                                                                                                                                                                                                                                         	Label not available                                                                                                                                                                                                                                                                                         	Label not available                                                                                                                                                                                                                                                                                         	
Month 	TIME                     	QSnk322PauxEvap_kW       	QSnk322PelAuxComp_kW     	QSnk322PauxCondSwitch_kW 	
November 	 +0.8016000000000000E+004	 +0.6476260918250969E+005	 +0.1879352506212268E+005	 +0.8355613424463219E+005	
December 	 +0.8760000000000000E+004	 +0.8184844303301265E+005	 +0.2666830278452107E+005	 +0.1085167458175343E+006	
January  	 +0.9504000000000000E+004	 +0.8718272552191048E+005	 +0.3066976984740323E+005	 +0.1178524953693135E+006	
February 	 +0.1017600000000000E+005	 +0.7189416024370377E+005	 +0.2636458701091172E+005	 +0.9825874725461470E+005	
March    	 +0.1092000000000000E+005	 +0.6102183701850575E+005	 +0.2083743452024255E+005	 +0.8185927153874825E+005	
April    	 +0.1164000000000000E+005	 +0.4595132910755102E+005	 +0.1297288303405036E+005	 +0.5892421214160141E+005	
May      	 +0.1238400000000000E+005	 +0.2706293984366807E+005	 +0.6968671851867869E+004	 +0.3403161169553594E+005	
June     	 +0.1310400000000000E+005	 +0.1083046413591362E+005	 +0.2576549917188407E+004	 +0.1340701405310203E+005	
July     	 +0.1384800000000000E+005	 +0.5736594664385940E+004	 +0.1346166079956086E+004	 +0.7082760744342021E+004	
August   	 +0.1459200000000000E+005	 +0.8697985572874966E+004	 +0.1954032144740553E+004	 +0.1065201771761552E+005	
September	 +0.1531200000000000E+005	 +0.1960354003366353E+005	 +0.4409580239187874E+004	 +0.2401312027285146E+005	
October  	 +0.1605600000000000E+005	 +0.4243333855772955E+005	 +0.1050558629936271E+005	 +0.5293892485709229E+005	
November 	 +0.1677600000000000E+005	 +0.6437462808503496E+005	 +0.1859677879459473E+005	 +0.8297140687962930E+005	
December 	 +0.1752000000000000E+005	 +0.8181734352942939E+005	 +0.2665908946833797E+005	 +0.1084764329977675E+006	
  
	Maximum Instantaneous Values
	Label not available                                                                                                                                                                                                                                                                                         	Label not available                                                                                                                                                                                                                                                                                         	Label not available                                                                                                                                                                                                                                                                                         	Label not available                                                                                                                                                                                                                                                                                         	
Maximum Value	 +0.1752000000000000E+005	 +0.4374598785602644E+003	 +0.1206603038570634E+003	 +0.5274060847032034E+003	
Time of Maximum	 +0.1752000000000000E+005	 +0.1390566666666667E+005	 +0.1451480000000000E+005	 +0.1390566666666667E+005	
  
	Minimum Instantaneous Values
	Label not available                                                                                                                                                                                                                                                                                         	Label not available                                                                                                                                                                                                                                                                                         	Label not available                                                                                                                                                                                                                                                                                         	Label not available                                                                                                                                                                                                                                                                                         	
Minimum Value	 +0.7300033333333334E+004	 +0.0000000000000000E+000	 +0.0000000000000000E+000	 +0.0000000000000000E+000	
Time of Minimum	 +0.7300033333333334E+004	 +0.1752000000000000E+005	 +0.1752000000000000E+005	 +0.1752000000000000E+005	
  
	Maximum Integrated Values
	Label not available                                                                                                                                                                                                                                                                                         	Label not available                                                                                                                                                                                                                                                                                         	Label not available                                                                                                                                                                                                                                                                                         	Label not available                                                                                                                                                                                                                                                                                         	
Maximum Value	 +0.1752000000000000E+005	 +0.8718272552191048E+005	 +0.3066976984740323E+005	 +0.1178524953693135E+006	
Time of Maximum	 +0.1752000000000000E+005	 +0.9504000000000000E+004	 +0.9504000000000000E+004	 +0.9504000000000000E+004	
  
	Minimum Integrated Values
	Label not available                                                                                                                                                                                                                                                                                         	Label not available                                                                                                                                                                                                                                                                                         	Label not available                                                                                                                                                                                                                                                                                         	Label not available                                                                                                                                                                                                                                                                                         	
Minimum Value	 +0.8016000000000000E+004	 +0.5736594664385940E+004	 +0.1346166079956086E+004	 +0.7082760744342021E+004	
Time of Minimum	 +0.8016000000000000E+004	 +0.1384800000000000E+005	 +0.1384800000000000E+005	 +0.1384800000000000E+005	
  
	Sum (note: sums are set to zero for inputs that were not integrated.)
	Label not available                                                                                                                                                                                                                                                                                         	Label not available                                                                                                                                                                                                                                                                                         	Label not available                                                                                                                                                                                                                                                                                         	Label not available                                                                                                                                                                                                                                                                                         	
Total	 +0.0000000000000000E+000	 +0.6732179385299013E+006	 +0.2093229570544863E+006	 +0.8825408955843843E+006	
