 	Label not available                                                                                                                                                                                                                                                                                         	Label not available                                                                                                                                                                                                                                                                                         	Label not available                                                                                                                                                                                                                                                                                         	Label not available                                                                                                                                                                                                                                                                                         	
Month 	TIME                     	QSnk131PauxEvap_kW       	QSnk131PelAuxComp_kW     	QSnk131PauxCondSwitch_kW 	
November 	 +0.8016000000000000E+004	 +0.2403811861038141E+005	 +0.7023047965451028E+004	 +0.3106116657583253E+005	
December 	 +0.8760000000000000E+004	 +0.3036243134025167E+005	 +0.9949402749115223E+004	 +0.4031183408936679E+005	
January  	 +0.9504000000000000E+004	 +0.3234425308219216E+005	 +0.1143051337579136E+005	 +0.4377476645798358E+005	
February 	 +0.1017600000000000E+005	 +0.2664704569796508E+005	 +0.9846574438843423E+004	 +0.3649362013680831E+005	
March    	 +0.1092000000000000E+005	 +0.2259273616915170E+005	 +0.7848807529677189E+004	 +0.3044154369882895E+005	
April    	 +0.1164000000000000E+005	 +0.1700170538164385E+005	 +0.4937955333171586E+004	 +0.2193966071481532E+005	
May      	 +0.1238400000000000E+005	 +0.1005561338586098E+005	 +0.2719750374221734E+004	 +0.1277536376008268E+005	
June     	 +0.1310400000000000E+005	 +0.4017822194660630E+004	 +0.1029336917428332E+004	 +0.5047159112088956E+004	
July     	 +0.1384800000000000E+005	 +0.2177092857110196E+004	 +0.5537544755409230E+003	 +0.2730847332651119E+004	
August   	 +0.1459200000000000E+005	 +0.3253010413185007E+004	 +0.7636448901169439E+003	 +0.4016655303301954E+004	
September	 +0.1531200000000000E+005	 +0.7361038171934319E+004	 +0.1692694997051126E+004	 +0.9053733168985460E+004	
October  	 +0.1605600000000000E+005	 +0.1578839780402565E+005	 +0.3941823138884916E+004	 +0.1973022094291056E+005	
November 	 +0.1677600000000000E+005	 +0.2390011625994933E+005	 +0.6943946999439312E+004	 +0.3084406325938861E+005	
December 	 +0.1752000000000000E+005	 +0.3036024293281674E+005	 +0.9949171685122485E+004	 +0.4030941461793933E+005	
  
	Maximum Instantaneous Values
	Label not available                                                                                                                                                                                                                                                                                         	Label not available                                                                                                                                                                                                                                                                                         	Label not available                                                                                                                                                                                                                                                                                         	Label not available                                                                                                                                                                                                                                                                                         	
Maximum Value	 +0.1752000000000000E+005	 +0.1581227340634797E+003	 +0.4457212810987063E+002	 +0.1913100361105820E+003	
Time of Maximum	 +0.1752000000000000E+005	 +0.1385986666666667E+005	 +0.1388790000000000E+005	 +0.1385986666666667E+005	
  
	Minimum Instantaneous Values
	Label not available                                                                                                                                                                                                                                                                                         	Label not available                                                                                                                                                                                                                                                                                         	Label not available                                                                                                                                                                                                                                                                                         	Label not available                                                                                                                                                                                                                                                                                         	
Minimum Value	 +0.7300033333333334E+004	 +0.0000000000000000E+000	 +0.0000000000000000E+000	 +0.0000000000000000E+000	
Time of Minimum	 +0.7300033333333334E+004	 +0.1752000000000000E+005	 +0.1752000000000000E+005	 +0.1752000000000000E+005	
  
	Maximum Integrated Values
	Label not available                                                                                                                                                                                                                                                                                         	Label not available                                                                                                                                                                                                                                                                                         	Label not available                                                                                                                                                                                                                                                                                         	Label not available                                                                                                                                                                                                                                                                                         	
Maximum Value	 +0.1752000000000000E+005	 +0.3234425308219216E+005	 +0.1143051337579136E+005	 +0.4377476645798358E+005	
Time of Maximum	 +0.1752000000000000E+005	 +0.9504000000000000E+004	 +0.9504000000000000E+004	 +0.9504000000000000E+004	
  
	Minimum Integrated Values
	Label not available                                                                                                                                                                                                                                                                                         	Label not available                                                                                                                                                                                                                                                                                         	Label not available                                                                                                                                                                                                                                                                                         	Label not available                                                                                                                                                                                                                                                                                         	
Minimum Value	 +0.8016000000000000E+004	 +0.2177092857110196E+004	 +0.5537544755409230E+003	 +0.2730847332651119E+004	
Time of Minimum	 +0.8016000000000000E+004	 +0.1384800000000000E+005	 +0.1384800000000000E+005	 +0.1384800000000000E+005	
  
	Sum (note: sums are set to zero for inputs that were not integrated.)
	Label not available                                                                                                                                                                                                                                                                                         	Label not available                                                                                                                                                                                                                                                                                         	Label not available                                                                                                                                                                                                                                                                                         	Label not available                                                                                                                                                                                                                                                                                         	
Total	 +0.0000000000000000E+000	 +0.2498996243011280E+006	 +0.7863042486985623E+005	 +0.3285300491709869E+006	
