 	Label not available                                                                                                                                                                                                                                                                                         	Label not available                                                                                                                                                                                                                                                                                         	Label not available                                                                                                                                                                                                                                                                                         	Label not available                                                                                                                                                                                                                                                                                         	
Month 	TIME                     	QSnk539PauxEvap_kW       	QSnk539PelAuxComp_kW     	QSnk539PauxCondSwitch_kW 	
November 	 +0.8016000000000000E+004	 +0.3764361872098575E+005	 +0.1096223086831321E+005	 +0.4860584958929884E+005	
December 	 +0.8760000000000000E+004	 +0.4829484671753999E+005	 +0.1568503073759737E+005	 +0.6397987745513740E+005	
January  	 +0.9504000000000000E+004	 +0.5205653437455276E+005	 +0.1800663620855683E+005	 +0.7006317058310972E+005	
February 	 +0.1017600000000000E+005	 +0.4278088591357206E+005	 +0.1552078339106224E+005	 +0.5830166930463451E+005	
March    	 +0.1092000000000000E+005	 +0.3584329893943348E+005	 +0.1226815687479964E+005	 +0.4811145581423325E+005	
April    	 +0.1164000000000000E+005	 +0.2647607325158570E+005	 +0.7526314118861491E+004	 +0.3400238737044714E+005	
May      	 +0.1238400000000000E+005	 +0.1466453835458515E+005	 +0.3829797134832364E+004	 +0.1849433548941753E+005	
June     	 +0.1310400000000000E+005	 +0.5391214324317666E+004	 +0.1317437405820623E+004	 +0.6708651730138300E+004	
July     	 +0.1384800000000000E+005	 +0.2406896535969784E+004	 +0.6056125398854617E+003	 +0.3012509075855250E+004	
August   	 +0.1459200000000000E+005	 +0.4380379584129084E+004	 +0.1011249443156637E+004	 +0.5391629027285715E+004	
September	 +0.1531200000000000E+005	 +0.1004491056808212E+005	 +0.2299890310496352E+004	 +0.1234480087857845E+005	
October  	 +0.1605600000000000E+005	 +0.2377060232473231E+005	 +0.5926910595652179E+004	 +0.2969751292038443E+005	
November 	 +0.1677600000000000E+005	 +0.3743217432642262E+005	 +0.1084361612753033E+005	 +0.4827579045395296E+005	
December 	 +0.1752000000000000E+005	 +0.4828833622329726E+005	 +0.1568821825306213E+005	 +0.6397655447635915E+005	
  
	Maximum Instantaneous Values
	Label not available                                                                                                                                                                                                                                                                                         	Label not available                                                                                                                                                                                                                                                                                         	Label not available                                                                                                                                                                                                                                                                                         	Label not available                                                                                                                                                                                                                                                                                         	
Maximum Value	 +0.1752000000000000E+005	 +0.2424873646302269E+003	 +0.6698870904075063E+002	 +0.2922119167886660E+003	
Time of Maximum	 +0.1752000000000000E+005	 +0.1342613333333333E+005	 +0.1451953333333333E+005	 +0.1342613333333333E+005	
  
	Minimum Instantaneous Values
	Label not available                                                                                                                                                                                                                                                                                         	Label not available                                                                                                                                                                                                                                                                                         	Label not available                                                                                                                                                                                                                                                                                         	Label not available                                                                                                                                                                                                                                                                                         	
Minimum Value	 +0.7300033333333334E+004	 +0.0000000000000000E+000	 +0.0000000000000000E+000	 +0.0000000000000000E+000	
Time of Minimum	 +0.7300033333333334E+004	 +0.1752000000000000E+005	 +0.1752000000000000E+005	 +0.1752000000000000E+005	
  
	Maximum Integrated Values
	Label not available                                                                                                                                                                                                                                                                                         	Label not available                                                                                                                                                                                                                                                                                         	Label not available                                                                                                                                                                                                                                                                                         	Label not available                                                                                                                                                                                                                                                                                         	
Maximum Value	 +0.1752000000000000E+005	 +0.5205653437455276E+005	 +0.1800663620855683E+005	 +0.7006317058310972E+005	
Time of Maximum	 +0.1752000000000000E+005	 +0.9504000000000000E+004	 +0.9504000000000000E+004	 +0.9504000000000000E+004	
  
	Minimum Integrated Values
	Label not available                                                                                                                                                                                                                                                                                         	Label not available                                                                                                                                                                                                                                                                                         	Label not available                                                                                                                                                                                                                                                                                         	Label not available                                                                                                                                                                                                                                                                                         	
Minimum Value	 +0.8016000000000000E+004	 +0.2406896535969784E+004	 +0.6056125398854617E+003	 +0.3012509075855250E+004	
Time of Minimum	 +0.8016000000000000E+004	 +0.1384800000000000E+005	 +0.1384800000000000E+005	 +0.1384800000000000E+005	
  
	Sum (note: sums are set to zero for inputs that were not integrated.)
	Label not available                                                                                                                                                                                                                                                                                         	Label not available                                                                                                                                                                                                                                                                                         	Label not available                                                                                                                                                                                                                                                                                         	Label not available                                                                                                                                                                                                                                                                                         	
Total	 +0.0000000000000000E+000	 +0.3894743101592081E+006	 +0.1214918840096270E+006	 +0.5109661941688276E+006	
