 	Label not available                                                                                                                                                                                                                                                                                         	Label not available                                                                                                                                                                                                                                                                                         	Label not available                                                                                                                                                                                                                                                                                         	Label not available                                                                                                                                                                                                                                                                                         	
Month 	TIME                     	QSnk448PauxEvap_kW       	QSnk448PelAuxComp_kW     	QSnk448PauxCondSwitch_kW 	
November 	 +0.8016000000000000E+004	 +0.9197342370800904E+005	 +0.2666822663932901E+005	 +0.1186416503473385E+006	
December 	 +0.8760000000000000E+004	 +0.1201902987225606E+006	 +0.3860822121501470E+005	 +0.1587985199375754E+006	
January  	 +0.9504000000000000E+004	 +0.1302287510166422E+006	 +0.4430797932636671E+005	 +0.1745367303430093E+006	
February 	 +0.1017600000000000E+005	 +0.1077225809329032E+006	 +0.3846229092780494E+005	 +0.1461848718607077E+006	
March    	 +0.1092000000000000E+005	 +0.8843132631734473E+005	 +0.2998920972046773E+005	 +0.1184205360378124E+006	
April    	 +0.1164000000000000E+005	 +0.6329300610999836E+005	 +0.1782717552617954E+005	 +0.8112018163617812E+005	
May      	 +0.1238400000000000E+005	 +0.3275415472911318E+005	 +0.8487571277431998E+004	 +0.4124172600654511E+005	
June     	 +0.1310400000000000E+005	 +0.1123163689833418E+005	 +0.2698456008428974E+004	 +0.1393009290676316E+005	
July     	 +0.1384800000000000E+005	 +0.4083524134448206E+004	 +0.1016652382090082E+004	 +0.5100176516538289E+004	
August   	 +0.1459200000000000E+005	 +0.8727744348047727E+004	 +0.2009269611304269E+004	 +0.1073701395935199E+005	
September	 +0.1531200000000000E+005	 +0.2043024642937546E+005	 +0.4664343810536306E+004	 +0.2509459023991177E+005	
October  	 +0.1605600000000000E+005	 +0.5607684221547421E+005	 +0.1397797303569969E+005	 +0.7005481525117377E+005	
November 	 +0.1677600000000000E+005	 +0.9122920764164200E+005	 +0.2633482567198942E+005	 +0.1175640333136311E+006	
December 	 +0.1752000000000000E+005	 +0.1201633834553124E+006	 +0.3858503936200884E+005	 +0.1587484228173220E+006	
  
	Maximum Instantaneous Values
	Label not available                                                                                                                                                                                                                                                                                         	Label not available                                                                                                                                                                                                                                                                                         	Label not available                                                                                                                                                                                                                                                                                         	Label not available                                                                                                                                                                                                                                                                                         	
Maximum Value	 +0.1752000000000000E+005	 +0.5724135271592088E+003	 +0.1564209400942028E+003	 +0.6885891947243548E+003	
Time of Maximum	 +0.1752000000000000E+005	 +0.1387866666666667E+005	 +0.1383350000000000E+005	 +0.1387866666666667E+005	
  
	Minimum Instantaneous Values
	Label not available                                                                                                                                                                                                                                                                                         	Label not available                                                                                                                                                                                                                                                                                         	Label not available                                                                                                                                                                                                                                                                                         	Label not available                                                                                                                                                                                                                                                                                         	
Minimum Value	 +0.7300033333333334E+004	 +0.0000000000000000E+000	 +0.0000000000000000E+000	 +0.0000000000000000E+000	
Time of Minimum	 +0.7300033333333334E+004	 +0.1752000000000000E+005	 +0.1752000000000000E+005	 +0.1752000000000000E+005	
  
	Maximum Integrated Values
	Label not available                                                                                                                                                                                                                                                                                         	Label not available                                                                                                                                                                                                                                                                                         	Label not available                                                                                                                                                                                                                                                                                         	Label not available                                                                                                                                                                                                                                                                                         	
Maximum Value	 +0.1752000000000000E+005	 +0.1302287510166422E+006	 +0.4430797932636671E+005	 +0.1745367303430093E+006	
Time of Maximum	 +0.1752000000000000E+005	 +0.9504000000000000E+004	 +0.9504000000000000E+004	 +0.9504000000000000E+004	
  
	Minimum Integrated Values
	Label not available                                                                                                                                                                                                                                                                                         	Label not available                                                                                                                                                                                                                                                                                         	Label not available                                                                                                                                                                                                                                                                                         	Label not available                                                                                                                                                                                                                                                                                         	
Minimum Value	 +0.8016000000000000E+004	 +0.4083524134448206E+004	 +0.1016652382090082E+004	 +0.5100176516538289E+004	
Time of Minimum	 +0.8016000000000000E+004	 +0.1384800000000000E+005	 +0.1384800000000000E+005	 +0.1384800000000000E+005	
  
	Sum (note: sums are set to zero for inputs that were not integrated.)
	Label not available                                                                                                                                                                                                                                                                                         	Label not available                                                                                                                                                                                                                                                                                         	Label not available                                                                                                                                                                                                                                                                                         	Label not available                                                                                                                                                                                                                                                                                         	
Total	 +0.0000000000000000E+000	 +0.9465361266592061E+006	 +0.2936372345146524E+006	 +0.1240173361173845E+007	
