 	Label not available                                                                                                                                                                                                                                                                                         	Label not available                                                                                                                                                                                                                                                                                         	Label not available                                                                                                                                                                                                                                                                                         	Label not available                                                                                                                                                                                                                                                                                         	
Month 	TIME                     	QSnk579PauxEvap_kW       	QSnk579PelAuxComp_kW     	QSnk579PauxCondSwitch_kW 	
November 	 +0.8016000000000000E+004	 +0.4794556392070893E+005	 +0.1399017590671939E+005	 +0.6193573982742803E+005	
December 	 +0.8760000000000000E+004	 +0.6060155393371074E+005	 +0.1984748567341375E+005	 +0.8044903960712485E+005	
January  	 +0.9504000000000000E+004	 +0.6457237575648190E+005	 +0.2279447964632316E+005	 +0.8736685540280478E+005	
February 	 +0.1017600000000000E+005	 +0.5321001791954241E+005	 +0.1962190788339455E+005	 +0.7283192580293705E+005	
March    	 +0.1092000000000000E+005	 +0.4508763449451431E+005	 +0.1560745167606809E+005	 +0.6069508617058246E+005	
April    	 +0.1164000000000000E+005	 +0.3388956486778554E+005	 +0.9795972564544656E+004	 +0.4368553743233018E+005	
May      	 +0.1238400000000000E+005	 +0.1998778933202411E+005	 +0.5323620335702019E+004	 +0.2531140966772616E+005	
June     	 +0.1310400000000000E+005	 +0.7964762948551614E+004	 +0.1995281219460012E+004	 +0.9960044168011627E+004	
July     	 +0.1384800000000000E+005	 +0.4251227861472958E+004	 +0.1060161787193673E+004	 +0.5311389648666643E+004	
August   	 +0.1459200000000000E+005	 +0.6373675889438861E+004	 +0.1478109483501690E+004	 +0.7851785372940552E+004	
September	 +0.1531200000000000E+005	 +0.1459253274904515E+005	 +0.3335827605982352E+004	 +0.1792836035502749E+005	
October  	 +0.1605600000000000E+005	 +0.3144346075095715E+005	 +0.7837744480649965E+004	 +0.3928120523160700E+005	
November 	 +0.1677600000000000E+005	 +0.4765928109422219E+005	 +0.1383577759119135E+005	 +0.6149505868541321E+005	
December 	 +0.1752000000000000E+005	 +0.6059897680470256E+005	 +0.1984781814944823E+005	 +0.8044679495415089E+005	
  
	Maximum Instantaneous Values
	Label not available                                                                                                                                                                                                                                                                                         	Label not available                                                                                                                                                                                                                                                                                         	Label not available                                                                                                                                                                                                                                                                                         	Label not available                                                                                                                                                                                                                                                                                         	
Maximum Value	 +0.1752000000000000E+005	 +0.3193676910528378E+003	 +0.8915949111680017E+002	 +0.3856001278063000E+003	
Time of Maximum	 +0.1752000000000000E+005	 +0.1385976666666667E+005	 +0.1451403333333333E+005	 +0.1385976666666667E+005	
  
	Minimum Instantaneous Values
	Label not available                                                                                                                                                                                                                                                                                         	Label not available                                                                                                                                                                                                                                                                                         	Label not available                                                                                                                                                                                                                                                                                         	Label not available                                                                                                                                                                                                                                                                                         	
Minimum Value	 +0.7300033333333334E+004	 +0.0000000000000000E+000	 +0.0000000000000000E+000	 +0.0000000000000000E+000	
Time of Minimum	 +0.7300033333333334E+004	 +0.1751986666666667E+005	 +0.1751986666666667E+005	 +0.1751986666666667E+005	
  
	Maximum Integrated Values
	Label not available                                                                                                                                                                                                                                                                                         	Label not available                                                                                                                                                                                                                                                                                         	Label not available                                                                                                                                                                                                                                                                                         	Label not available                                                                                                                                                                                                                                                                                         	
Maximum Value	 +0.1752000000000000E+005	 +0.6457237575648190E+005	 +0.2279447964632316E+005	 +0.8736685540280478E+005	
Time of Maximum	 +0.1752000000000000E+005	 +0.9504000000000000E+004	 +0.9504000000000000E+004	 +0.9504000000000000E+004	
  
	Minimum Integrated Values
	Label not available                                                                                                                                                                                                                                                                                         	Label not available                                                                                                                                                                                                                                                                                         	Label not available                                                                                                                                                                                                                                                                                         	Label not available                                                                                                                                                                                                                                                                                         	
Minimum Value	 +0.8016000000000000E+004	 +0.4251227861472958E+004	 +0.1060161787193673E+004	 +0.5311389648666643E+004	
Time of Minimum	 +0.8016000000000000E+004	 +0.1384800000000000E+005	 +0.1384800000000000E+005	 +0.1384800000000000E+005	
  
	Sum (note: sums are set to zero for inputs that were not integrated.)
	Label not available                                                                                                                                                                                                                                                                                         	Label not available                                                                                                                                                                                                                                                                                         	Label not available                                                                                                                                                                                                                                                                                         	Label not available                                                                                                                                                                                                                                                                                         	
Total	 +0.0000000000000000E+000	 +0.4981784183231588E+006	 +0.1563718140035930E+006	 +0.6545502323267431E+006	
