 	Label not available                                                                                                                                                                                                                                                                                         	Label not available                                                                                                                                                                                                                                                                                         	Label not available                                                                                                                                                                                                                                                                                         	Label not available                                                                                                                                                                                                                                                                                         	
Month 	TIME                     	QSnk183PauxEvap_kW       	QSnk183PelAuxComp_kW     	QSnk183PauxCondSwitch_kW 	
November 	 +0.8016000000000000E+004	 +0.4042305594457179E+004	 +0.1181561196222859E+004	 +0.5223866790680018E+004	
December 	 +0.8760000000000000E+004	 +0.5250840022597178E+004	 +0.1699063000644230E+004	 +0.6949903023241445E+004	
January  	 +0.9504000000000000E+004	 +0.5683436255887779E+004	 +0.1946211715825551E+004	 +0.7629647971713352E+004	
February 	 +0.1017600000000000E+005	 +0.4705219304117416E+004	 +0.1690023131415056E+004	 +0.6395242435532471E+004	
March    	 +0.1092000000000000E+005	 +0.3878869737385588E+004	 +0.1325028768864837E+004	 +0.5203898506250431E+004	
April    	 +0.1164000000000000E+005	 +0.2812495949559050E+004	 +0.7997225311707110E+003	 +0.3612218480729748E+004	
May      	 +0.1238400000000000E+005	 +0.1505094759993257E+004	 +0.3926766026793059E+003	 +0.1897771362672568E+004	
June     	 +0.1310400000000000E+005	 +0.5699134532435172E+003	 +0.1427850607992955E+003	 +0.7126985140428116E+003	
July     	 +0.1384800000000000E+005	 +0.2568678953181447E+003	 +0.7048875304801254E+002	 +0.3273566483661578E+003	
August   	 +0.1459200000000000E+005	 +0.4748858094327041E+003	 +0.1165354043938304E+003	 +0.5914212138265345E+003	
September	 +0.1531200000000000E+005	 +0.9661830759854524E+003	 +0.2277904158486193E+003	 +0.1193973491834073E+004	
October  	 +0.1605600000000000E+005	 +0.2505399966220418E+004	 +0.6298718220831155E+003	 +0.3135271788303542E+004	
November 	 +0.1677600000000000E+005	 +0.4002890608796366E+004	 +0.1166040727875151E+004	 +0.5168931336671507E+004	
December 	 +0.1752000000000000E+005	 +0.5251759145365969E+004	 +0.1698126989721159E+004	 +0.6949886135087142E+004	
  
	Maximum Instantaneous Values
	Label not available                                                                                                                                                                                                                                                                                         	Label not available                                                                                                                                                                                                                                                                                         	Label not available                                                                                                                                                                                                                                                                                         	Label not available                                                                                                                                                                                                                                                                                         	
Maximum Value	 +0.1752000000000000E+005	 +0.2497858366880959E+002	 +0.6725587208429040E+001	 +0.2998244936457533E+002	
Time of Maximum	 +0.1752000000000000E+005	 +0.1385906666666667E+005	 +0.1377900000000000E+005	 +0.1385906666666667E+005	
  
	Minimum Instantaneous Values
	Label not available                                                                                                                                                                                                                                                                                         	Label not available                                                                                                                                                                                                                                                                                         	Label not available                                                                                                                                                                                                                                                                                         	Label not available                                                                                                                                                                                                                                                                                         	
Minimum Value	 +0.7300033333333334E+004	 +0.0000000000000000E+000	 +0.0000000000000000E+000	 +0.0000000000000000E+000	
Time of Minimum	 +0.7300033333333334E+004	 +0.1752000000000000E+005	 +0.1752000000000000E+005	 +0.1752000000000000E+005	
  
	Maximum Integrated Values
	Label not available                                                                                                                                                                                                                                                                                         	Label not available                                                                                                                                                                                                                                                                                         	Label not available                                                                                                                                                                                                                                                                                         	Label not available                                                                                                                                                                                                                                                                                         	
Maximum Value	 +0.1752000000000000E+005	 +0.5683436255887779E+004	 +0.1946211715825551E+004	 +0.7629647971713352E+004	
Time of Maximum	 +0.1752000000000000E+005	 +0.9504000000000000E+004	 +0.9504000000000000E+004	 +0.9504000000000000E+004	
  
	Minimum Integrated Values
	Label not available                                                                                                                                                                                                                                                                                         	Label not available                                                                                                                                                                                                                                                                                         	Label not available                                                                                                                                                                                                                                                                                         	Label not available                                                                                                                                                                                                                                                                                         	
Minimum Value	 +0.8016000000000000E+004	 +0.2568678953181447E+003	 +0.7048875304801254E+002	 +0.3273566483661578E+003	
Time of Minimum	 +0.8016000000000000E+004	 +0.1384800000000000E+005	 +0.1384800000000000E+005	 +0.1384800000000000E+005	
  
	Sum (note: sums are set to zero for inputs that were not integrated.)
	Label not available                                                                                                                                                                                                                                                                                         	Label not available                                                                                                                                                                                                                                                                                         	Label not available                                                                                                                                                                                                                                                                                         	Label not available                                                                                                                                                                                                                                                                                         	
Total	 +0.0000000000000000E+000	 +0.4190616157835906E+005	 +0.1308592612059169E+005	 +0.5499208769895174E+005	
