 	Label not available                                                                                                                                                                                                                                                                                         	Label not available                                                                                                                                                                                                                                                                                         	Label not available                                                                                                                                                                                                                                                                                         	Label not available                                                                                                                                                                                                                                                                                         	
Month 	TIME                     	QSnk335PauxEvap_kW       	QSnk335PelAuxComp_kW     	QSnk335PauxCondSwitch_kW 	
November 	 +0.8016000000000000E+004	 +0.7732066933154374E+005	 +0.2242996784691455E+005	 +0.9975063717845843E+005	
December 	 +0.8760000000000000E+004	 +0.1010353850704385E+006	 +0.3245312756797743E+005	 +0.1334885126384161E+006	
January  	 +0.9504000000000000E+004	 +0.1094970431131861E+006	 +0.3721784037474322E+005	 +0.1467148834879286E+006	
February 	 +0.1017600000000000E+005	 +0.9054074142016919E+005	 +0.3232109263087138E+005	 +0.1228618340510401E+006	
March    	 +0.1092000000000000E+005	 +0.7436247756530812E+005	 +0.2519617651510171E+005	 +0.9955865408041042E+005	
April    	 +0.1164000000000000E+005	 +0.5324391967669620E+005	 +0.1497267165867531E+005	 +0.6821659133537125E+005	
May      	 +0.1238400000000000E+005	 +0.2752858391150886E+005	 +0.7086254666321553E+004	 +0.3461483857783054E+005	
June     	 +0.1310400000000000E+005	 +0.9545785546052779E+004	 +0.2270633025768040E+004	 +0.1181641857182082E+005	
July     	 +0.1384800000000000E+005	 +0.3502150266449723E+004	 +0.8631286008357795E+003	 +0.4365278867285501E+004	
August   	 +0.1459200000000000E+005	 +0.7389350605725323E+004	 +0.1693437455371219E+004	 +0.9082788061096539E+004	
September	 +0.1531200000000000E+005	 +0.1714943088017589E+005	 +0.3900492451996705E+004	 +0.2104992333217261E+005	
October  	 +0.1605600000000000E+005	 +0.4723283296322583E+005	 +0.1178145554629123E+005	 +0.5901428850951698E+005	
November 	 +0.1677600000000000E+005	 +0.7664740952389340E+005	 +0.2213273762101877E+005	 +0.9878014714491203E+005	
December 	 +0.1752000000000000E+005	 +0.1010248144790565E+006	 +0.3245864884279033E+005	 +0.1334834633218471E+006	
  
	Maximum Instantaneous Values
	Label not available                                                                                                                                                                                                                                                                                         	Label not available                                                                                                                                                                                                                                                                                         	Label not available                                                                                                                                                                                                                                                                                         	Label not available                                                                                                                                                                                                                                                                                         	
Maximum Value	 +0.1752000000000000E+005	 +0.4824554445904864E+003	 +0.1311450641616247E+003	 +0.5799201986681693E+003	
Time of Maximum	 +0.1752000000000000E+005	 +0.1387823333333333E+005	 +0.1387623333333333E+005	 +0.1387823333333333E+005	
  
	Minimum Instantaneous Values
	Label not available                                                                                                                                                                                                                                                                                         	Label not available                                                                                                                                                                                                                                                                                         	Label not available                                                                                                                                                                                                                                                                                         	Label not available                                                                                                                                                                                                                                                                                         	
Minimum Value	 +0.7300033333333334E+004	 +0.0000000000000000E+000	 +0.0000000000000000E+000	 +0.0000000000000000E+000	
Time of Minimum	 +0.7300033333333334E+004	 +0.1752000000000000E+005	 +0.1752000000000000E+005	 +0.1752000000000000E+005	
  
	Maximum Integrated Values
	Label not available                                                                                                                                                                                                                                                                                         	Label not available                                                                                                                                                                                                                                                                                         	Label not available                                                                                                                                                                                                                                                                                         	Label not available                                                                                                                                                                                                                                                                                         	
Maximum Value	 +0.1752000000000000E+005	 +0.1094970431131861E+006	 +0.3721784037474322E+005	 +0.1467148834879286E+006	
Time of Maximum	 +0.1752000000000000E+005	 +0.9504000000000000E+004	 +0.9504000000000000E+004	 +0.9504000000000000E+004	
  
	Minimum Integrated Values
	Label not available                                                                                                                                                                                                                                                                                         	Label not available                                                                                                                                                                                                                                                                                         	Label not available                                                                                                                                                                                                                                                                                         	Label not available                                                                                                                                                                                                                                                                                         	
Minimum Value	 +0.8016000000000000E+004	 +0.3502150266449723E+004	 +0.8631286008357795E+003	 +0.4365278867285501E+004	
Time of Minimum	 +0.8016000000000000E+004	 +0.1384800000000000E+005	 +0.1384800000000000E+005	 +0.1384800000000000E+005	
  
	Sum (note: sums are set to zero for inputs that were not integrated.)
	Label not available                                                                                                                                                                                                                                                                                         	Label not available                                                                                                                                                                                                                                                                                         	Label not available                                                                                                                                                                                                                                                                                         	Label not available                                                                                                                                                                                                                                                                                         	
Total	 +0.0000000000000000E+000	 +0.7960205943534278E+006	 +0.2467776648046770E+006	 +0.1042798259158104E+007	
