 	Label not available                                                                                                                                                                                                                                                                                         	Label not available                                                                                                                                                                                                                                                                                         	Label not available                                                                                                                                                                                                                                                                                         	Label not available                                                                                                                                                                                                                                                                                         	
Month 	TIME                     	QSnk85PauxEvap_kW        	QSnk85PelAuxComp_kW      	QSnk85PauxCondSwitch_kW  	
November 	 +0.8016000000000000E+004	 +0.7250309859149499E+005	 +0.1938433869165450E+005	 +0.9188743728314931E+005	
December 	 +0.8760000000000000E+004	 +0.9396194846956269E+005	 +0.2716429870932941E+005	 +0.1211262471788921E+006	
January  	 +0.9504000000000000E+004	 +0.1013384336144246E+006	 +0.3104668450057506E+005	 +0.1323851181149983E+006	
February 	 +0.1017600000000000E+005	 +0.8439312035027132E+005	 +0.2610007658765946E+005	 +0.1104931969379309E+006	
March    	 +0.1092000000000000E+005	 +0.7035550076802155E+005	 +0.2051848130819512E+005	 +0.9087398207621700E+005	
April    	 +0.1164000000000000E+005	 +0.5045994259208407E+005	 +0.1348670578550536E+005	 +0.6394664837758945E+005	
May      	 +0.1238400000000000E+005	 +0.2793475238276610E+005	 +0.6932537684102235E+004	 +0.3486729006686840E+005	
June     	 +0.1310400000000000E+005	 +0.1021869435826868E+005	 +0.2407191000072827E+004	 +0.1262588535834152E+005	
July     	 +0.1384800000000000E+005	 +0.4353870304015972E+004	 +0.1064217855165263E+004	 +0.5418088159181231E+004	
August   	 +0.1459200000000000E+005	 +0.8170942632390112E+004	 +0.1846469714467544E+004	 +0.1001741234685765E+005	
September	 +0.1531200000000000E+005	 +0.1885971988074367E+005	 +0.4199135897584933E+004	 +0.2305885577832856E+005	
October  	 +0.1605600000000000E+005	 +0.4553503540438802E+005	 +0.1075143902397691E+005	 +0.5628647442836490E+005	
November 	 +0.1677600000000000E+005	 +0.7192723369673632E+005	 +0.1917252159003580E+005	 +0.9109975528677191E+005	
December 	 +0.1752000000000000E+005	 +0.9397491135088325E+005	 +0.2718140855108449E+005	 +0.1211563199019675E+006	
  
	Maximum Instantaneous Values
	Label not available                                                                                                                                                                                                                                                                                         	Label not available                                                                                                                                                                                                                                                                                         	Label not available                                                                                                                                                                                                                                                                                         	Label not available                                                                                                                                                                                                                                                                                         	
Maximum Value	 +0.1752000000000000E+005	 +0.4892177485731454E+003	 +0.1342362757833613E+003	 +0.5892285484467828E+003	
Time of Maximum	 +0.1752000000000000E+005	 +0.1450560000000000E+005	 +0.1390476666666667E+005	 +0.1450560000000000E+005	
  
	Minimum Instantaneous Values
	Label not available                                                                                                                                                                                                                                                                                         	Label not available                                                                                                                                                                                                                                                                                         	Label not available                                                                                                                                                                                                                                                                                         	Label not available                                                                                                                                                                                                                                                                                         	
Minimum Value	 +0.7300033333333334E+004	 +0.0000000000000000E+000	 +0.0000000000000000E+000	 +0.0000000000000000E+000	
Time of Minimum	 +0.7300033333333334E+004	 +0.1752000000000000E+005	 +0.1752000000000000E+005	 +0.1752000000000000E+005	
  
	Maximum Integrated Values
	Label not available                                                                                                                                                                                                                                                                                         	Label not available                                                                                                                                                                                                                                                                                         	Label not available                                                                                                                                                                                                                                                                                         	Label not available                                                                                                                                                                                                                                                                                         	
Maximum Value	 +0.1752000000000000E+005	 +0.1013384336144246E+006	 +0.3104668450057506E+005	 +0.1323851181149983E+006	
Time of Maximum	 +0.1752000000000000E+005	 +0.9504000000000000E+004	 +0.9504000000000000E+004	 +0.9504000000000000E+004	
  
	Minimum Integrated Values
	Label not available                                                                                                                                                                                                                                                                                         	Label not available                                                                                                                                                                                                                                                                                         	Label not available                                                                                                                                                                                                                                                                                         	Label not available                                                                                                                                                                                                                                                                                         	
Minimum Value	 +0.8016000000000000E+004	 +0.4353870304015972E+004	 +0.1064217855165263E+004	 +0.5418088159181231E+004	
Time of Minimum	 +0.8016000000000000E+004	 +0.1384800000000000E+005	 +0.1384800000000000E+005	 +0.1384800000000000E+005	
  
	Sum (note: sums are set to zero for inputs that were not integrated.)
	Label not available                                                                                                                                                                                                                                                                                         	Label not available                                                                                                                                                                                                                                                                                         	Label not available                                                                                                                                                                                                                                                                                         	Label not available                                                                                                                                                                                                                                                                                         	
Total	 +0.0000000000000000E+000	 +0.7539872043960423E+006	 +0.2112555068994082E+006	 +0.9652427112954595E+006	
