 	Label not available                                                                                                                                                                                                                                                                                         	Label not available                                                                                                                                                                                                                                                                                         	Label not available                                                                                                                                                                                                                                                                                         	Label not available                                                                                                                                                                                                                                                                                         	
Month 	TIME                     	QSnk131PauxEvap_kW       	QSnk131PelAuxComp_kW     	QSnk131PauxCondSwitch_kW 	
November 	 +0.8016000000000000E+004	 +0.1226154439836892E+005	 +0.3328670059754578E+004	 +0.1559021445812343E+005	
December 	 +0.8760000000000000E+004	 +0.1559082424000245E+005	 +0.4600032315708972E+004	 +0.2019085655571136E+005	
January  	 +0.9504000000000000E+004	 +0.1671945804694578E+005	 +0.5261328713057505E+004	 +0.2198078676000303E+005	
February 	 +0.1017600000000000E+005	 +0.1385779610909720E+005	 +0.4446269210298847E+004	 +0.1830406531939603E+005	
March    	 +0.1092000000000000E+005	 +0.1169238753833309E+005	 +0.3597086493418407E+004	 +0.1528947403175158E+005	
April    	 +0.1164000000000000E+005	 +0.8560252891105987E+004	 +0.2456048822097060E+004	 +0.1101630171320302E+005	
May      	 +0.1238400000000000E+005	 +0.5061552838530294E+004	 +0.1387221821986735E+004	 +0.6448774660517047E+004	
June     	 +0.1310400000000000E+005	 +0.2055814900152946E+004	 +0.5480221413413899E+003	 +0.2603837041494335E+004	
July     	 +0.1384800000000000E+005	 +0.1097738598014981E+004	 +0.2961196497867701E+003	 +0.1393858247801752E+004	
August   	 +0.1459200000000000E+005	 +0.1708214320146149E+004	 +0.4105999633185384E+003	 +0.2118814283464686E+004	
September	 +0.1531200000000000E+005	 +0.3721609839630577E+004	 +0.8570312605026328E+003	 +0.4578641100133206E+004	
October  	 +0.1605600000000000E+005	 +0.7994361602248079E+004	 +0.1932509671885059E+004	 +0.9926871274133147E+004	
November 	 +0.1677600000000000E+005	 +0.1218912710526815E+005	 +0.3296611045518362E+004	 +0.1548573815078651E+005	
December 	 +0.1752000000000000E+005	 +0.1558738315955033E+005	 +0.4601331809270098E+004	 +0.2018871496882043E+005	
  
	Maximum Instantaneous Values
	Label not available                                                                                                                                                                                                                                                                                         	Label not available                                                                                                                                                                                                                                                                                         	Label not available                                                                                                                                                                                                                                                                                         	Label not available                                                                                                                                                                                                                                                                                         	
Maximum Value	 +0.1752000000000000E+005	 +0.7770560350892666E+002	 +0.2226972573407173E+002	 +0.9427028656708369E+002	
Time of Maximum	 +0.1752000000000000E+005	 +0.1452936666666667E+005	 +0.1451343333333333E+005	 +0.1452936666666667E+005	
  
	Minimum Instantaneous Values
	Label not available                                                                                                                                                                                                                                                                                         	Label not available                                                                                                                                                                                                                                                                                         	Label not available                                                                                                                                                                                                                                                                                         	Label not available                                                                                                                                                                                                                                                                                         	
Minimum Value	 +0.7300033333333334E+004	 +0.0000000000000000E+000	 +0.0000000000000000E+000	 +0.0000000000000000E+000	
Time of Minimum	 +0.7300033333333334E+004	 +0.1752000000000000E+005	 +0.1752000000000000E+005	 +0.1752000000000000E+005	
  
	Maximum Integrated Values
	Label not available                                                                                                                                                                                                                                                                                         	Label not available                                                                                                                                                                                                                                                                                         	Label not available                                                                                                                                                                                                                                                                                         	Label not available                                                                                                                                                                                                                                                                                         	
Maximum Value	 +0.1752000000000000E+005	 +0.1671945804694578E+005	 +0.5261328713057505E+004	 +0.2198078676000303E+005	
Time of Maximum	 +0.1752000000000000E+005	 +0.9504000000000000E+004	 +0.9504000000000000E+004	 +0.9504000000000000E+004	
  
	Minimum Integrated Values
	Label not available                                                                                                                                                                                                                                                                                         	Label not available                                                                                                                                                                                                                                                                                         	Label not available                                                                                                                                                                                                                                                                                         	Label not available                                                                                                                                                                                                                                                                                         	
Minimum Value	 +0.8016000000000000E+004	 +0.1097738598014981E+004	 +0.2961196497867701E+003	 +0.1393858247801752E+004	
Time of Minimum	 +0.8016000000000000E+004	 +0.1384800000000000E+005	 +0.1384800000000000E+005	 +0.1384800000000000E+005	
  
	Sum (note: sums are set to zero for inputs that were not integrated.)
	Label not available                                                                                                                                                                                                                                                                                         	Label not available                                                                                                                                                                                                                                                                                         	Label not available                                                                                                                                                                                                                                                                                         	Label not available                                                                                                                                                                                                                                                                                         	
Total	 +0.0000000000000000E+000	 +0.1280980655873946E+006	 +0.3701888297794506E+005	 +0.1651169485653378E+006	
