 	Label not available                                                                                                                                                                                                                                                                                         	Label not available                                                                                                                                                                                                                                                                                         	Label not available                                                                                                                                                                                                                                                                                         	Label not available                                                                                                                                                                                                                                                                                         	
Month 	TIME                     	QSnk469PauxEvap_kW       	QSnk469PelAuxComp_kW     	QSnk469PauxCondSwitch_kW 	
November 	 +0.8016000000000000E+004	 +0.4303055890866785E+005	 +0.1143342506979307E+005	 +0.5446398397846094E+005	
December 	 +0.8760000000000000E+004	 +0.5764422481504208E+005	 +0.1630596547288288E+005	 +0.7395019028792500E+005	
January  	 +0.9504000000000000E+004	 +0.6317013438847623E+005	 +0.1855968795076519E+005	 +0.8172982233924193E+005	
February 	 +0.1017600000000000E+005	 +0.5302724971920386E+005	 +0.1588180335385302E+005	 +0.6890905307305661E+005	
March    	 +0.1092000000000000E+005	 +0.4241713045966384E+005	 +0.1228302514592714E+005	 +0.5470015560559076E+005	
April    	 +0.1164000000000000E+005	 +0.2896847232190994E+005	 +0.7795080416691369E+004	 +0.3676355273860123E+005	
May      	 +0.1238400000000000E+005	 +0.1352002008662964E+005	 +0.3440024573315269E+004	 +0.1696004465994486E+005	
June     	 +0.1310400000000000E+005	 +0.4357981308585994E+004	 +0.1075627540699319E+004	 +0.5433608849285319E+004	
July     	 +0.1384800000000000E+005	 +0.1289419502352417E+004	 +0.3710854548082721E+003	 +0.1660504957160688E+004	
August   	 +0.1459200000000000E+005	 +0.3527520692499785E+004	 +0.8454649593606543E+003	 +0.4372985651860442E+004	
September	 +0.1531200000000000E+005	 +0.8040756084372733E+004	 +0.1848838312614378E+004	 +0.9889594396987122E+004	
October  	 +0.1605600000000000E+005	 +0.2493501814779376E+005	 +0.5981936170863470E+004	 +0.3091695431865724E+005	
November 	 +0.1677600000000000E+005	 +0.4256142148210507E+005	 +0.1128803565783181E+005	 +0.5384945713993712E+005	
December 	 +0.1752000000000000E+005	 +0.5764326809885284E+005	 +0.1630796916088477E+005	 +0.7395123725973739E+005	
  
	Maximum Instantaneous Values
	Label not available                                                                                                                                                                                                                                                                                         	Label not available                                                                                                                                                                                                                                                                                         	Label not available                                                                                                                                                                                                                                                                                         	Label not available                                                                                                                                                                                                                                                                                         	
Maximum Value	 +0.1752000000000000E+005	 +0.2439068815655205E+003	 +0.6693004976996468E+002	 +0.2937946427804001E+003	
Time of Maximum	 +0.1752000000000000E+005	 +0.1450423333333333E+005	 +0.1489203333333333E+005	 +0.1450423333333333E+005	
  
	Minimum Instantaneous Values
	Label not available                                                                                                                                                                                                                                                                                         	Label not available                                                                                                                                                                                                                                                                                         	Label not available                                                                                                                                                                                                                                                                                         	Label not available                                                                                                                                                                                                                                                                                         	
Minimum Value	 +0.7300033333333334E+004	 +0.0000000000000000E+000	 +0.0000000000000000E+000	 +0.0000000000000000E+000	
Time of Minimum	 +0.7300033333333334E+004	 +0.1752000000000000E+005	 +0.1752000000000000E+005	 +0.1752000000000000E+005	
  
	Maximum Integrated Values
	Label not available                                                                                                                                                                                                                                                                                         	Label not available                                                                                                                                                                                                                                                                                         	Label not available                                                                                                                                                                                                                                                                                         	Label not available                                                                                                                                                                                                                                                                                         	
Maximum Value	 +0.1752000000000000E+005	 +0.6317013438847623E+005	 +0.1855968795076519E+005	 +0.8172982233924193E+005	
Time of Maximum	 +0.1752000000000000E+005	 +0.9504000000000000E+004	 +0.9504000000000000E+004	 +0.9504000000000000E+004	
  
	Minimum Integrated Values
	Label not available                                                                                                                                                                                                                                                                                         	Label not available                                                                                                                                                                                                                                                                                         	Label not available                                                                                                                                                                                                                                                                                         	Label not available                                                                                                                                                                                                                                                                                         	
Minimum Value	 +0.8016000000000000E+004	 +0.1289419502352417E+004	 +0.3710854548082721E+003	 +0.1660504957160688E+004	
Time of Minimum	 +0.8016000000000000E+004	 +0.1384800000000000E+005	 +0.1384800000000000E+005	 +0.1384800000000000E+005	
  
	Sum (note: sums are set to zero for inputs that were not integrated.)
	Label not available                                                                                                                                                                                                                                                                                         	Label not available                                                                                                                                                                                                                                                                                         	Label not available                                                                                                                                                                                                                                                                                         	Label not available                                                                                                                                                                                                                                                                                         	
Total	 +0.0000000000000000E+000	 +0.4441331760161546E+006	 +0.1234179692402903E+006	 +0.5675511452564421E+006	
