 	Label not available                                                                                                                                                                                                                                                                                         	Label not available                                                                                                                                                                                                                                                                                         	Label not available                                                                                                                                                                                                                                                                                         	Label not available                                                                                                                                                                                                                                                                                         	
Month 	TIME                     	QSnk539PauxEvap_kW       	QSnk539PelAuxComp_kW     	QSnk539PauxCondSwitch_kW 	
November 	 +0.8016000000000000E+004	 +0.1921705519339134E+005	 +0.5167087491874419E+004	 +0.2438414268526586E+005	
December 	 +0.8760000000000000E+004	 +0.2490765665080607E+005	 +0.7211786582729625E+004	 +0.3211944323353580E+005	
January  	 +0.9504000000000000E+004	 +0.2685442883672495E+005	 +0.8214467587816302E+004	 +0.3506889642454099E+005	
February 	 +0.1017600000000000E+005	 +0.2229307288578343E+005	 +0.6911685388896056E+004	 +0.2920475827467940E+005	
March    	 +0.1092000000000000E+005	 +0.1865892553066288E+005	 +0.5509161739164953E+004	 +0.2416808726982767E+005	
April    	 +0.1164000000000000E+005	 +0.1341516370227708E+005	 +0.3672961346223567E+004	 +0.1708812504850066E+005	
May      	 +0.1238400000000000E+005	 +0.7421331679114012E+004	 +0.1914814397351230E+004	 +0.9336146076465213E+004	
June     	 +0.1310400000000000E+005	 +0.2756727919900395E+004	 +0.6922700897243599E+003	 +0.3448998009624754E+004	
July     	 +0.1384800000000000E+005	 +0.1245277533184645E+004	 +0.3280458213776112E+003	 +0.1573323354562256E+004	
August   	 +0.1459200000000000E+005	 +0.2247442446938145E+004	 +0.5332170770597962E+003	 +0.2780659523997939E+004	
September	 +0.1531200000000000E+005	 +0.5083941114045100E+004	 +0.1164160392026110E+004	 +0.6248101506071229E+004	
October  	 +0.1605600000000000E+005	 +0.1203814840925310E+005	 +0.2889275250570348E+004	 +0.1492742365982351E+005	
November 	 +0.1677600000000000E+005	 +0.1910887511383118E+005	 +0.5124815329920856E+004	 +0.2423369044375200E+005	
December 	 +0.1752000000000000E+005	 +0.2490716318968213E+005	 +0.7210913069785584E+004	 +0.3211807625946763E+005	
  
	Maximum Instantaneous Values
	Label not available                                                                                                                                                                                                                                                                                         	Label not available                                                                                                                                                                                                                                                                                         	Label not available                                                                                                                                                                                                                                                                                         	Label not available                                                                                                                                                                                                                                                                                         	
Maximum Value	 +0.1752000000000000E+005	 +0.1217399908146772E+003	 +0.3344759203258853E+002	 +0.1466513794546853E+003	
Time of Maximum	 +0.1752000000000000E+005	 +0.1388113333333333E+005	 +0.1468116666666667E+005	 +0.1388113333333333E+005	
  
	Minimum Instantaneous Values
	Label not available                                                                                                                                                                                                                                                                                         	Label not available                                                                                                                                                                                                                                                                                         	Label not available                                                                                                                                                                                                                                                                                         	Label not available                                                                                                                                                                                                                                                                                         	
Minimum Value	 +0.7300033333333334E+004	 +0.0000000000000000E+000	 +0.0000000000000000E+000	 +0.0000000000000000E+000	
Time of Minimum	 +0.7300033333333334E+004	 +0.1752000000000000E+005	 +0.1752000000000000E+005	 +0.1752000000000000E+005	
  
	Maximum Integrated Values
	Label not available                                                                                                                                                                                                                                                                                         	Label not available                                                                                                                                                                                                                                                                                         	Label not available                                                                                                                                                                                                                                                                                         	Label not available                                                                                                                                                                                                                                                                                         	
Maximum Value	 +0.1752000000000000E+005	 +0.2685442883672495E+005	 +0.8214467587816302E+004	 +0.3506889642454099E+005	
Time of Maximum	 +0.1752000000000000E+005	 +0.9504000000000000E+004	 +0.9504000000000000E+004	 +0.9504000000000000E+004	
  
	Minimum Integrated Values
	Label not available                                                                                                                                                                                                                                                                                         	Label not available                                                                                                                                                                                                                                                                                         	Label not available                                                                                                                                                                                                                                                                                         	Label not available                                                                                                                                                                                                                                                                                         	
Minimum Value	 +0.8016000000000000E+004	 +0.1245277533184645E+004	 +0.3280458213776112E+003	 +0.1573323354562256E+004	
Time of Minimum	 +0.8016000000000000E+004	 +0.1384800000000000E+005	 +0.1384800000000000E+005	 +0.1384800000000000E+005	
  
	Sum (note: sums are set to zero for inputs that were not integrated.)
	Label not available                                                                                                                                                                                                                                                                                         	Label not available                                                                                                                                                                                                                                                                                         	Label not available                                                                                                                                                                                                                                                                                         	Label not available                                                                                                                                                                                                                                                                                         	
Total	 +0.0000000000000000E+000	 +0.2001552102055947E+006	 +0.5654466156452047E+005	 +0.2566998717701149E+006	
