 	Label not available                                                                                                                                                                                                                                                                                         	Label not available                                                                                                                                                                                                                                                                                         	Label not available                                                                                                                                                                                                                                                                                         	Label not available                                                                                                                                                                                                                                                                                         	
Month 	TIME                     	QSnk579PauxEvap_kW       	QSnk579PelAuxComp_kW     	QSnk579PauxCondSwitch_kW 	
November 	 +0.8016000000000000E+004	 +0.2444372399138600E+005	 +0.6616751254795488E+004	 +0.3106047524618165E+005	
December 	 +0.8760000000000000E+004	 +0.3110841994330475E+005	 +0.9147479880932080E+004	 +0.4025589982423675E+005	
January  	 +0.9504000000000000E+004	 +0.3336917973318048E+005	 +0.1045172873283164E+005	 +0.4382090846601217E+005	
February 	 +0.1017600000000000E+005	 +0.2767890011971995E+005	 +0.8813120534636491E+004	 +0.3649202065435630E+005	
March    	 +0.1092000000000000E+005	 +0.2334109793065095E+005	 +0.7119189564894006E+004	 +0.3046028749554476E+005	
April    	 +0.1164000000000000E+005	 +0.1706272259644085E+005	 +0.4841824746670049E+004	 +0.2190454734311083E+005	
May      	 +0.1238400000000000E+005	 +0.1009415580244915E+005	 +0.2721035206710969E+004	 +0.1281519100916012E+005	
June     	 +0.1310400000000000E+005	 +0.3992129541850472E+004	 +0.1039002937181584E+004	 +0.5031132479032053E+004	
July     	 +0.1384800000000000E+005	 +0.2101100161727442E+004	 +0.5527974596461426E+003	 +0.2653897621373583E+004	
August   	 +0.1459200000000000E+005	 +0.3329137224371922E+004	 +0.7891852248914769E+003	 +0.4118322449263397E+004	
September	 +0.1531200000000000E+005	 +0.7348510341911267E+004	 +0.1682745210601223E+004	 +0.9031255552512494E+004	
October  	 +0.1605600000000000E+005	 +0.1589351017929773E+005	 +0.3835705077226309E+004	 +0.1972921525652412E+005	
November 	 +0.1677600000000000E+005	 +0.2428850777756553E+005	 +0.6558100468634997E+004	 +0.3084660824620031E+005	
December 	 +0.1752000000000000E+005	 +0.3109385381145550E+005	 +0.9144488696684753E+004	 +0.4023834250814018E+005	
  
	Maximum Instantaneous Values
	Label not available                                                                                                                                                                                                                                                                                         	Label not available                                                                                                                                                                                                                                                                                         	Label not available                                                                                                                                                                                                                                                                                         	Label not available                                                                                                                                                                                                                                                                                         	
Maximum Value	 +0.1752000000000000E+005	 +0.1559125942899437E+003	 +0.4453268026618561E+002	 +0.1889655582265875E+003	
Time of Maximum	 +0.1752000000000000E+005	 +0.1453383333333333E+005	 +0.1456223333333333E+005	 +0.1466836666666667E+005	
  
	Minimum Instantaneous Values
	Label not available                                                                                                                                                                                                                                                                                         	Label not available                                                                                                                                                                                                                                                                                         	Label not available                                                                                                                                                                                                                                                                                         	Label not available                                                                                                                                                                                                                                                                                         	
Minimum Value	 +0.7300033333333334E+004	 +0.0000000000000000E+000	 +0.0000000000000000E+000	 +0.0000000000000000E+000	
Time of Minimum	 +0.7300033333333334E+004	 +0.1752000000000000E+005	 +0.1752000000000000E+005	 +0.1752000000000000E+005	
  
	Maximum Integrated Values
	Label not available                                                                                                                                                                                                                                                                                         	Label not available                                                                                                                                                                                                                                                                                         	Label not available                                                                                                                                                                                                                                                                                         	Label not available                                                                                                                                                                                                                                                                                         	
Maximum Value	 +0.1752000000000000E+005	 +0.3336917973318048E+005	 +0.1045172873283164E+005	 +0.4382090846601217E+005	
Time of Maximum	 +0.1752000000000000E+005	 +0.9504000000000000E+004	 +0.9504000000000000E+004	 +0.9504000000000000E+004	
  
	Minimum Integrated Values
	Label not available                                                                                                                                                                                                                                                                                         	Label not available                                                                                                                                                                                                                                                                                         	Label not available                                                                                                                                                                                                                                                                                         	Label not available                                                                                                                                                                                                                                                                                         	
Minimum Value	 +0.8016000000000000E+004	 +0.2101100161727442E+004	 +0.5527974596461426E+003	 +0.2653897621373583E+004	
Time of Minimum	 +0.8016000000000000E+004	 +0.1384800000000000E+005	 +0.1384800000000000E+005	 +0.1384800000000000E+005	
  
	Sum (note: sums are set to zero for inputs that were not integrated.)
	Label not available                                                                                                                                                                                                                                                                                         	Label not available                                                                                                                                                                                                                                                                                         	Label not available                                                                                                                                                                                                                                                                                         	Label not available                                                                                                                                                                                                                                                                                         	
Total	 +0.0000000000000000E+000	 +0.2551449491553134E+006	 +0.7331315499633826E+005	 +0.3284581041516499E+006	
