 	Label not available                                                                                                                                                                                                                                                                                         	Label not available                                                                                                                                                                                                                                                                                         	Label not available                                                                                                                                                                                                                                                                                         	Label not available                                                                                                                                                                                                                                                                                         	
Month 	TIME                     	QSnk225PauxEvap_kW       	QSnk225PelAuxComp_kW     	QSnk225PauxCondSwitch_kW 	
November 	 +0.8016000000000000E+004	 +0.4284246061354937E+005	 +0.1136948136570417E+005	 +0.5421194197925331E+005	
December 	 +0.8760000000000000E+004	 +0.5466223372883935E+005	 +0.1573018665219450E+005	 +0.7039242038103365E+005	
January  	 +0.9504000000000000E+004	 +0.5854054843617038E+005	 +0.1794113301388613E+005	 +0.7648168145005680E+005	
February 	 +0.1017600000000000E+005	 +0.4870118076988839E+005	 +0.1498621856728132E+005	 +0.6368739933716955E+005	
March    	 +0.1092000000000000E+005	 +0.4124958771246096E+005	 +0.1189752415297246E+005	 +0.5314711186543340E+005	
April    	 +0.1164000000000000E+005	 +0.3039621018977265E+005	 +0.7995897241483224E+004	 +0.3839210743125574E+005	
May      	 +0.1238400000000000E+005	 +0.1780596186839681E+005	 +0.4357223779016467E+004	 +0.2216318564741321E+005	
June     	 +0.1310400000000000E+005	 +0.7029199376682890E+004	 +0.1633132566908243E+004	 +0.8662331943591133E+004	
July     	 +0.1384800000000000E+005	 +0.3755608806406866E+004	 +0.8794562329747155E+003	 +0.4635065039381577E+004	
August   	 +0.1459200000000000E+005	 +0.5660226443247528E+004	 +0.1260851771036240E+004	 +0.6921078214283778E+004	
September	 +0.1531200000000000E+005	 +0.1286468548778464E+005	 +0.2849277813378059E+004	 +0.1571396330116267E+005	
October  	 +0.1605600000000000E+005	 +0.2780708436922066E+005	 +0.6542979664831249E+004	 +0.3435006403405199E+005	
November 	 +0.1677600000000000E+005	 +0.4259810968428547E+005	 +0.1128038695990488E+005	 +0.5387849664419052E+005	
December 	 +0.1752000000000000E+005	 +0.5454764789259670E+005	 +0.1570505160976318E+005	 +0.7025269950235996E+005	
  
	Maximum Instantaneous Values
	Label not available                                                                                                                                                                                                                                                                                         	Label not available                                                                                                                                                                                                                                                                                         	Label not available                                                                                                                                                                                                                                                                                         	Label not available                                                                                                                                                                                                                                                                                         	
Maximum Value	 +0.1752000000000000E+005	 +0.2895157776431006E+003	 +0.7824622123991277E+002	 +0.3479593470448663E+003	
Time of Maximum	 +0.1752000000000000E+005	 +0.1390466666666667E+005	 +0.1449780000000000E+005	 +0.1390466666666667E+005	
  
	Minimum Instantaneous Values
	Label not available                                                                                                                                                                                                                                                                                         	Label not available                                                                                                                                                                                                                                                                                         	Label not available                                                                                                                                                                                                                                                                                         	Label not available                                                                                                                                                                                                                                                                                         	
Minimum Value	 +0.7300033333333334E+004	 +0.0000000000000000E+000	 +0.0000000000000000E+000	 +0.0000000000000000E+000	
Time of Minimum	 +0.7300033333333334E+004	 +0.1752000000000000E+005	 +0.1752000000000000E+005	 +0.1752000000000000E+005	
  
	Maximum Integrated Values
	Label not available                                                                                                                                                                                                                                                                                         	Label not available                                                                                                                                                                                                                                                                                         	Label not available                                                                                                                                                                                                                                                                                         	Label not available                                                                                                                                                                                                                                                                                         	
Maximum Value	 +0.1752000000000000E+005	 +0.5854054843617038E+005	 +0.1794113301388613E+005	 +0.7648168145005680E+005	
Time of Maximum	 +0.1752000000000000E+005	 +0.9504000000000000E+004	 +0.9504000000000000E+004	 +0.9504000000000000E+004	
  
	Minimum Integrated Values
	Label not available                                                                                                                                                                                                                                                                                         	Label not available                                                                                                                                                                                                                                                                                         	Label not available                                                                                                                                                                                                                                                                                         	Label not available                                                                                                                                                                                                                                                                                         	
Minimum Value	 +0.8016000000000000E+004	 +0.3755608806406866E+004	 +0.8794562329747155E+003	 +0.4635065039381577E+004	
Time of Minimum	 +0.8016000000000000E+004	 +0.1384800000000000E+005	 +0.1384800000000000E+005	 +0.1384800000000000E+005	
  
	Sum (note: sums are set to zero for inputs that were not integrated.)
	Label not available                                                                                                                                                                                                                                                                                         	Label not available                                                                                                                                                                                                                                                                                         	Label not available                                                                                                                                                                                                                                                                                         	Label not available                                                                                                                                                                                                                                                                                         	
Total	 +0.0000000000000000E+000	 +0.4484607453793032E+006	 +0.1244288013913356E+006	 +0.5728895467706396E+006	
