 	Label not available                                                                                                                                                                                                                                                                                         	Label not available                                                                                                                                                                                                                                                                                         	Label not available                                                                                                                                                                                                                                                                                         	Label not available                                                                                                                                                                                                                                                                                         	
Month 	TIME                     	QSnk243PauxEvap_kW       	QSnk243PelAuxComp_kW     	QSnk243PauxCondSwitch_kW 	
November 	 +0.8016000000000000E+004	 +0.9061128053484771E+005	 +0.2419145420851261E+005	 +0.1148027347433603E+006	
December 	 +0.8760000000000000E+004	 +0.1192467681774552E+006	 +0.3419088143809537E+005	 +0.1534376496155502E+006	
January  	 +0.9504000000000000E+004	 +0.1301119409687730E+006	 +0.3911285699043894E+005	 +0.1692247979592119E+006	
February 	 +0.1017600000000000E+005	 +0.1082655095212996E+006	 +0.3315293452795664E+005	 +0.1414184440492559E+006	
March    	 +0.1092000000000000E+005	 +0.8862047817764133E+005	 +0.2605845246738306E+005	 +0.1146789306450245E+006	
April    	 +0.1164000000000000E+005	 +0.6159257946098129E+005	 +0.1681349235396646E+005	 +0.7840607181494795E+005	
May      	 +0.1238400000000000E+005	 +0.3181811472448988E+005	 +0.8218442443221351E+004	 +0.4003655716771122E+005	
June     	 +0.1310400000000000E+005	 +0.1074262380532711E+005	 +0.2682698793423772E+004	 +0.1342532259875088E+005	
July     	 +0.1384800000000000E+005	 +0.3901685436324333E+004	 +0.1040897837357238E+004	 +0.4942583273681576E+004	
August   	 +0.1459200000000000E+005	 +0.8409848456200689E+004	 +0.1967866799994909E+004	 +0.1037771525619560E+005	
September	 +0.1531200000000000E+005	 +0.1977780775094328E+005	 +0.4494394584716379E+004	 +0.2427220233565963E+005	
October  	 +0.1605600000000000E+005	 +0.5477591697219799E+005	 +0.1309378261215975E+005	 +0.6786969958435770E+005	
November 	 +0.1677600000000000E+005	 +0.8980595184557390E+005	 +0.2392064881994524E+005	 +0.1137266006655188E+006	
December 	 +0.1752000000000000E+005	 +0.1192111577776282E+006	 +0.3417758949554832E+005	 +0.1533887472731759E+006	
  
	Maximum Instantaneous Values
	Label not available                                                                                                                                                                                                                                                                                         	Label not available                                                                                                                                                                                                                                                                                         	Label not available                                                                                                                                                                                                                                                                                         	Label not available                                                                                                                                                                                                                                                                                         	
Maximum Value	 +0.1752000000000000E+005	 +0.5379016496312020E+003	 +0.1505296437670628E+003	 +0.6499193834875996E+003	
Time of Maximum	 +0.1752000000000000E+005	 +0.1455273333333333E+005	 +0.1469820000000000E+005	 +0.1455273333333333E+005	
  
	Minimum Instantaneous Values
	Label not available                                                                                                                                                                                                                                                                                         	Label not available                                                                                                                                                                                                                                                                                         	Label not available                                                                                                                                                                                                                                                                                         	Label not available                                                                                                                                                                                                                                                                                         	
Minimum Value	 +0.7300033333333334E+004	 +0.0000000000000000E+000	 +0.0000000000000000E+000	 +0.0000000000000000E+000	
Time of Minimum	 +0.7300033333333334E+004	 +0.1752000000000000E+005	 +0.1752000000000000E+005	 +0.1752000000000000E+005	
  
	Maximum Integrated Values
	Label not available                                                                                                                                                                                                                                                                                         	Label not available                                                                                                                                                                                                                                                                                         	Label not available                                                                                                                                                                                                                                                                                         	Label not available                                                                                                                                                                                                                                                                                         	
Maximum Value	 +0.1752000000000000E+005	 +0.1301119409687730E+006	 +0.3911285699043894E+005	 +0.1692247979592119E+006	
Time of Maximum	 +0.1752000000000000E+005	 +0.9504000000000000E+004	 +0.9504000000000000E+004	 +0.9504000000000000E+004	
  
	Minimum Integrated Values
	Label not available                                                                                                                                                                                                                                                                                         	Label not available                                                                                                                                                                                                                                                                                         	Label not available                                                                                                                                                                                                                                                                                         	Label not available                                                                                                                                                                                                                                                                                         	
Minimum Value	 +0.8016000000000000E+004	 +0.3901685436324333E+004	 +0.1040897837357238E+004	 +0.4942583273681576E+004	
Time of Minimum	 +0.8016000000000000E+004	 +0.1384800000000000E+005	 +0.1384800000000000E+005	 +0.1384800000000000E+005	
  
	Sum (note: sums are set to zero for inputs that were not integrated.)
	Label not available                                                                                                                                                                                                                                                                                         	Label not available                                                                                                                                                                                                                                                                                         	Label not available                                                                                                                                                                                                                                                                                         	Label not available                                                                                                                                                                                                                                                                                         	
Total	 +0.0000000000000000E+000	 +0.9368916636096797E+006	 +0.2631163933727211E+006	 +0.1200008056982392E+007	
