 	Label not available                                                                                                                                                                                                                                                                                         	Label not available                                                                                                                                                                                                                                                                                         	Label not available                                                                                                                                                                                                                                                                                         	Label not available                                                                                                                                                                                                                                                                                         	
Month 	TIME                     	QSnk448PauxEvap_kW       	QSnk448PelAuxComp_kW     	QSnk448PauxCondSwitch_kW 	
November 	 +0.8016000000000000E+004	 +0.4693945509258720E+005	 +0.1251583926415525E+005	 +0.5945529435674244E+005	
December 	 +0.8760000000000000E+004	 +0.6178218005382173E+005	 +0.1768096522014623E+005	 +0.7946314527396804E+005	
January  	 +0.9504000000000000E+004	 +0.6732978311240699E+005	 +0.2017413569044380E+005	 +0.8750391880285076E+005	
February 	 +0.1017600000000000E+005	 +0.5609865312446337E+005	 +0.1707026691764263E+005	 +0.7316892004210604E+005	
March    	 +0.1092000000000000E+005	 +0.4598883322228966E+005	 +0.1337947569460707E+005	 +0.5936830891689684E+005	
April    	 +0.1164000000000000E+005	 +0.3202660483576643E+005	 +0.8595030992552709E+004	 +0.4062163582831906E+005	
May      	 +0.1238400000000000E+005	 +0.1671326548884280E+005	 +0.4228448700148991E+004	 +0.2094171418899175E+005	
June     	 +0.1310400000000000E+005	 +0.5620636968464793E+004	 +0.1357480032607171E+004	 +0.6978117001071960E+004	
July     	 +0.1384800000000000E+005	 +0.2155354741954295E+004	 +0.5635209598447848E+003	 +0.2718875701799082E+004	
August   	 +0.1459200000000000E+005	 +0.4468405647914413E+004	 +0.1042109472863110E+004	 +0.5510515120777516E+004	
September	 +0.1531200000000000E+005	 +0.1029618574734487E+005	 +0.2331232365925128E+004	 +0.1262741811327000E+005	
October  	 +0.1605600000000000E+005	 +0.2844584413388800E+005	 +0.6787387259592381E+004	 +0.3523323139348040E+005	
November 	 +0.1677600000000000E+005	 +0.4650700210360224E+005	 +0.1237434801439222E+005	 +0.5888135011799431E+005	
December 	 +0.1752000000000000E+005	 +0.6169569359058238E+005	 +0.1765954901072388E+005	 +0.7935524260130644E+005	
  
	Maximum Instantaneous Values
	Label not available                                                                                                                                                                                                                                                                                         	Label not available                                                                                                                                                                                                                                                                                         	Label not available                                                                                                                                                                                                                                                                                         	Label not available                                                                                                                                                                                                                                                                                         	
Maximum Value	 +0.1752000000000000E+005	 +0.2844668047249546E+003	 +0.7824817723023892E+002	 +0.3425474194156328E+003	
Time of Maximum	 +0.1752000000000000E+005	 +0.1386233333333333E+005	 +0.1450356666666667E+005	 +0.1386233333333333E+005	
  
	Minimum Instantaneous Values
	Label not available                                                                                                                                                                                                                                                                                         	Label not available                                                                                                                                                                                                                                                                                         	Label not available                                                                                                                                                                                                                                                                                         	Label not available                                                                                                                                                                                                                                                                                         	
Minimum Value	 +0.7300033333333334E+004	 +0.0000000000000000E+000	 +0.0000000000000000E+000	 +0.0000000000000000E+000	
Time of Minimum	 +0.7300033333333334E+004	 +0.1752000000000000E+005	 +0.1752000000000000E+005	 +0.1752000000000000E+005	
  
	Maximum Integrated Values
	Label not available                                                                                                                                                                                                                                                                                         	Label not available                                                                                                                                                                                                                                                                                         	Label not available                                                                                                                                                                                                                                                                                         	Label not available                                                                                                                                                                                                                                                                                         	
Maximum Value	 +0.1752000000000000E+005	 +0.6732978311240699E+005	 +0.2017413569044380E+005	 +0.8750391880285076E+005	
Time of Maximum	 +0.1752000000000000E+005	 +0.9504000000000000E+004	 +0.9504000000000000E+004	 +0.9504000000000000E+004	
  
	Minimum Integrated Values
	Label not available                                                                                                                                                                                                                                                                                         	Label not available                                                                                                                                                                                                                                                                                         	Label not available                                                                                                                                                                                                                                                                                         	Label not available                                                                                                                                                                                                                                                                                         	
Minimum Value	 +0.8016000000000000E+004	 +0.2155354741954295E+004	 +0.5635209598447848E+003	 +0.2718875701799082E+004	
Time of Minimum	 +0.8016000000000000E+004	 +0.1384800000000000E+005	 +0.1384800000000000E+005	 +0.1384800000000000E+005	
  
	Sum (note: sums are set to zero for inputs that were not integrated.)
	Label not available                                                                                                                                                                                                                                                                                         	Label not available                                                                                                                                                                                                                                                                                         	Label not available                                                                                                                                                                                                                                                                                         	Label not available                                                                                                                                                                                                                                                                                         	
Total	 +0.0000000000000000E+000	 +0.4860678978639295E+006	 +0.1357597895956464E+006	 +0.6218276874595709E+006	
