 	Label not available                                                                                                                                                                                                                                                                                         	Label not available                                                                                                                                                                                                                                                                                         	Label not available                                                                                                                                                                                                                                                                                         	Label not available                                                                                                                                                                                                                                                                                         	
Month 	TIME                     	QSnk322PauxEvap_kW       	QSnk322PelAuxComp_kW     	QSnk322PauxCondSwitch_kW 	
November 	 +0.8016000000000000E+004	 +0.6169729873161259E+005	 +0.1840039678342794E+005	 +0.8009769551504047E+005	
December 	 +0.8760000000000000E+004	 +0.7664044596457512E+005	 +0.2554762228752747E+005	 +0.1021880682521030E+006	
January  	 +0.9504000000000000E+004	 +0.8109844981615154E+005	 +0.2974101429916616E+005	 +0.1108394641153177E+006	
February 	 +0.1017600000000000E+005	 +0.6738321077190209E+005	 +0.2529359108954744E+005	 +0.9267680186144897E+005	
March    	 +0.1092000000000000E+005	 +0.5895295756107241E+005	 +0.1976352806594234E+005	 +0.7871648562701466E+005	
April    	 +0.1164000000000000E+005	 +0.4472024926280048E+005	 +0.1325843661936699E+005	 +0.5797868588216734E+005	
May      	 +0.1238400000000000E+005	 +0.2843151992463765E+005	 +0.7897570487197766E+004	 +0.3632909041183543E+005	
June     	 +0.1310400000000000E+005	 +0.1373100574417530E+005	 +0.3799213729718488E+004	 +0.1753021947389377E+005	
July     	 +0.1384800000000000E+005	 +0.9495643427580326E+004	 +0.2692237412145508E+004	 +0.1218788083972584E+005	
August   	 +0.1459200000000000E+005	 +0.1211946258085574E+005	 +0.3225552686571468E+004	 +0.1534501526742723E+005	
September	 +0.1531200000000000E+005	 +0.2157106851889005E+005	 +0.5392345041135379E+004	 +0.2696341356002547E+005	
October  	 +0.1605600000000000E+005	 +0.4209959928936528E+005	 +0.1095991716306574E+005	 +0.5305951645243092E+005	
November 	 +0.1677600000000000E+005	 +0.6138512468903645E+005	 +0.1820362238521235E+005	 +0.7958874707424901E+005	
December 	 +0.1752000000000000E+005	 +0.7673877222073462E+005	 +0.2556587892379562E+005	 +0.1023046511445302E+006	
  
	Maximum Instantaneous Values
	Label not available                                                                                                                                                                                                                                                                                         	Label not available                                                                                                                                                                                                                                                                                         	Label not available                                                                                                                                                                                                                                                                                         	Label not available                                                                                                                                                                                                                                                                                         	
Maximum Value	 +0.1752000000000000E+005	 +0.4411578972028266E+003	 +0.1215801399900983E+003	 +0.5323614472411730E+003	
Time of Maximum	 +0.1752000000000000E+005	 +0.1385920000000000E+005	 +0.1440953333333333E+005	 +0.1385920000000000E+005	
  
	Minimum Instantaneous Values
	Label not available                                                                                                                                                                                                                                                                                         	Label not available                                                                                                                                                                                                                                                                                         	Label not available                                                                                                                                                                                                                                                                                         	Label not available                                                                                                                                                                                                                                                                                         	
Minimum Value	 +0.7300033333333334E+004	 +0.0000000000000000E+000	 +0.0000000000000000E+000	 +0.0000000000000000E+000	
Time of Minimum	 +0.7300033333333334E+004	 +0.1752000000000000E+005	 +0.1752000000000000E+005	 +0.1752000000000000E+005	
  
	Maximum Integrated Values
	Label not available                                                                                                                                                                                                                                                                                         	Label not available                                                                                                                                                                                                                                                                                         	Label not available                                                                                                                                                                                                                                                                                         	Label not available                                                                                                                                                                                                                                                                                         	
Maximum Value	 +0.1752000000000000E+005	 +0.8109844981615154E+005	 +0.2974101429916616E+005	 +0.1108394641153177E+006	
Time of Maximum	 +0.1752000000000000E+005	 +0.9504000000000000E+004	 +0.9504000000000000E+004	 +0.9504000000000000E+004	
  
	Minimum Integrated Values
	Label not available                                                                                                                                                                                                                                                                                         	Label not available                                                                                                                                                                                                                                                                                         	Label not available                                                                                                                                                                                                                                                                                         	Label not available                                                                                                                                                                                                                                                                                         	
Minimum Value	 +0.8016000000000000E+004	 +0.9495643427580326E+004	 +0.2692237412145508E+004	 +0.1218788083972584E+005	
Time of Minimum	 +0.8016000000000000E+004	 +0.1384800000000000E+005	 +0.1384800000000000E+005	 +0.1384800000000000E+005	
  
	Sum (note: sums are set to zero for inputs that were not integrated.)
	Label not available                                                                                                                                                                                                                                                                                         	Label not available                                                                                                                                                                                                                                                                                         	Label not available                                                                                                                                                                                                                                                                                         	Label not available                                                                                                                                                                                                                                                                                         	
Total	 +0.0000000000000000E+000	 +0.6560648085033824E+006	 +0.2097409269738210E+006	 +0.8658057354772099E+006	
