 	Label not available                                                                                                                                                                                                                                                                                         	Label not available                                                                                                                                                                                                                                                                                         	Label not available                                                                                                                                                                                                                                                                                         	Label not available                                                                                                                                                                                                                                                                                         	
Month 	TIME                     	QSnk558PauxEvap_kW       	QSnk558PelAuxComp_kW     	QSnk558PauxCondSwitch_kW 	
November 	 +0.8016000000000000E+004	 +0.1541210661267523E+006	 +0.4559661830571246E+005	 +0.1997176844324655E+006	
December 	 +0.8760000000000000E+004	 +0.2018647615126482E+006	 +0.6557490942762069E+005	 +0.2674396709402673E+006	
January  	 +0.9504000000000000E+004	 +0.2179812397920018E+006	 +0.7630140099112134E+005	 +0.2942826407831239E+006	
February 	 +0.1017600000000000E+005	 +0.1828110193905106E+006	 +0.6609159627010058E+005	 +0.2489026156606108E+006	
March    	 +0.1092000000000000E+005	 +0.1505829502131305E+006	 +0.4989208731632595E+005	 +0.2004750375294577E+006	
April    	 +0.1164000000000000E+005	 +0.1062437585501167E+006	 +0.3156446756433484E+005	 +0.1378082261144514E+006	
May      	 +0.1238400000000000E+005	 +0.5448680512523049E+005	 +0.1553274905808654E+005	 +0.7001955418331704E+005	
June     	 +0.1310400000000000E+005	 +0.2219839738437541E+005	 +0.6499686950656862E+004	 +0.2869808433503224E+005	
July     	 +0.1384800000000000E+005	 +0.1323909165989393E+005	 +0.4235681724923195E+004	 +0.1747477338481712E+005	
August   	 +0.1459200000000000E+005	 +0.1976324455225072E+005	 +0.5591401933599905E+004	 +0.2535464648585061E+005	
September	 +0.1531200000000000E+005	 +0.3555618627893706E+005	 +0.9247162312626398E+004	 +0.4480334859156342E+005	
October  	 +0.1605600000000000E+005	 +0.9350381340436765E+005	 +0.2456870869005996E+005	 +0.1180725220944273E+006	
November 	 +0.1677600000000000E+005	 +0.1523873544611667E+006	 +0.4492728488624658E+005	 +0.1973146393474141E+006	
December 	 +0.1752000000000000E+005	 +0.2017641909751197E+006	 +0.6550744558431863E+005	 +0.2672716365594394E+006	
  
	Maximum Instantaneous Values
	Label not available                                                                                                                                                                                                                                                                                         	Label not available                                                                                                                                                                                                                                                                                         	Label not available                                                                                                                                                                                                                                                                                         	Label not available                                                                                                                                                                                                                                                                                         	
Maximum Value	 +0.1752000000000000E+005	 +0.9543503755643749E+003	 +0.2689178272047772E+003	 +0.1152695240016760E+004	
Time of Maximum	 +0.1752000000000000E+005	 +0.1462790000000000E+005	 +0.1393050000000000E+005	 +0.1462790000000000E+005	
  
	Minimum Instantaneous Values
	Label not available                                                                                                                                                                                                                                                                                         	Label not available                                                                                                                                                                                                                                                                                         	Label not available                                                                                                                                                                                                                                                                                         	Label not available                                                                                                                                                                                                                                                                                         	
Minimum Value	 +0.7300033333333334E+004	 +0.0000000000000000E+000	 +0.0000000000000000E+000	 +0.0000000000000000E+000	
Time of Minimum	 +0.7300033333333334E+004	 +0.1752000000000000E+005	 +0.1752000000000000E+005	 +0.1752000000000000E+005	
  
	Maximum Integrated Values
	Label not available                                                                                                                                                                                                                                                                                         	Label not available                                                                                                                                                                                                                                                                                         	Label not available                                                                                                                                                                                                                                                                                         	Label not available                                                                                                                                                                                                                                                                                         	
Maximum Value	 +0.1752000000000000E+005	 +0.2179812397920018E+006	 +0.7630140099112134E+005	 +0.2942826407831239E+006	
Time of Maximum	 +0.1752000000000000E+005	 +0.9504000000000000E+004	 +0.9504000000000000E+004	 +0.9504000000000000E+004	
  
	Minimum Integrated Values
	Label not available                                                                                                                                                                                                                                                                                         	Label not available                                                                                                                                                                                                                                                                                         	Label not available                                                                                                                                                                                                                                                                                         	Label not available                                                                                                                                                                                                                                                                                         	
Minimum Value	 +0.8016000000000000E+004	 +0.1323909165989393E+005	 +0.4235681724923195E+004	 +0.1747477338481712E+005	
Time of Minimum	 +0.8016000000000000E+004	 +0.1384800000000000E+005	 +0.1384800000000000E+005	 +0.1384800000000000E+005	
  
	Sum (note: sums are set to zero for inputs that were not integrated.)
	Label not available                                                                                                                                                                                                                                                                                         	Label not available                                                                                                                                                                                                                                                                                         	Label not available                                                                                                                                                                                                                                                                                         	Label not available                                                                                                                                                                                                                                                                                         	
Total	 +0.0000000000000000E+000	 +0.1606503879426518E+007	 +0.5111312010157396E+006	 +0.2117635080442254E+007	
