 	Label not available                                                                                                                                                                                                                                                                                         	Label not available                                                                                                                                                                                                                                                                                         	Label not available                                                                                                                                                                                                                                                                                         	Label not available                                                                                                                                                                                                                                                                                         	
Month 	TIME                     	QSnk131PauxEvap_kW       	QSnk131PelAuxComp_kW     	QSnk131PauxCondSwitch_kW 	
November 	 +0.8016000000000000E+004	 +0.2290392993870397E+005	 +0.6881273536059804E+004	 +0.2978520347476391E+005	
December 	 +0.8760000000000000E+004	 +0.2843426811780885E+005	 +0.9533283632780989E+004	 +0.3796755175059017E+005	
January  	 +0.9504000000000000E+004	 +0.3007828074772138E+005	 +0.1109012256196790E+005	 +0.4116840330968901E+005	
February 	 +0.1017600000000000E+005	 +0.2496766258608506E+005	 +0.9459777242806815E+004	 +0.3442743982889193E+005	
March    	 +0.1092000000000000E+005	 +0.2181114498504809E+005	 +0.7463859196222324E+004	 +0.2927500418127041E+005	
April    	 +0.1164000000000000E+005	 +0.1656452220361711E+005	 +0.5063190868523867E+004	 +0.2162771307214096E+005	
May      	 +0.1238400000000000E+005	 +0.1051722656442247E+005	 +0.3058854633381622E+004	 +0.1357608119780409E+005	
June     	 +0.1310400000000000E+005	 +0.5075895934028954E+004	 +0.1478097302934084E+004	 +0.6553993236963039E+004	
July     	 +0.1384800000000000E+005	 +0.3546505065159518E+004	 +0.1065325070367667E+004	 +0.4611830135527188E+004	
August   	 +0.1459200000000000E+005	 +0.4567733684436900E+004	 +0.1257553925378197E+004	 +0.5825287609815090E+004	
September	 +0.1531200000000000E+005	 +0.8075953096521900E+004	 +0.2056897219632036E+004	 +0.1013285031615394E+005	
October  	 +0.1605600000000000E+005	 +0.1561674489416995E+005	 +0.4128604650888145E+004	 +0.1974534954505804E+005	
November 	 +0.1677600000000000E+005	 +0.2280049140040656E+005	 +0.6809541077396286E+004	 +0.2961003247780280E+005	
December 	 +0.1752000000000000E+005	 +0.2846310297979687E+005	 +0.9545406795747678E+004	 +0.3800850977554452E+005	
  
	Maximum Instantaneous Values
	Label not available                                                                                                                                                                                                                                                                                         	Label not available                                                                                                                                                                                                                                                                                         	Label not available                                                                                                                                                                                                                                                                                         	Label not available                                                                                                                                                                                                                                                                                         	
Maximum Value	 +0.1752000000000000E+005	 +0.1568452813657470E+003	 +0.4492272820575381E+002	 +0.1899888004544832E+003	
Time of Maximum	 +0.1752000000000000E+005	 +0.1467476666666667E+005	 +0.1444780000000000E+005	 +0.1467476666666667E+005	
  
	Minimum Instantaneous Values
	Label not available                                                                                                                                                                                                                                                                                         	Label not available                                                                                                                                                                                                                                                                                         	Label not available                                                                                                                                                                                                                                                                                         	Label not available                                                                                                                                                                                                                                                                                         	
Minimum Value	 +0.7300033333333334E+004	 +0.0000000000000000E+000	 +0.0000000000000000E+000	 +0.0000000000000000E+000	
Time of Minimum	 +0.7300033333333334E+004	 +0.1752000000000000E+005	 +0.1752000000000000E+005	 +0.1752000000000000E+005	
  
	Maximum Integrated Values
	Label not available                                                                                                                                                                                                                                                                                         	Label not available                                                                                                                                                                                                                                                                                         	Label not available                                                                                                                                                                                                                                                                                         	Label not available                                                                                                                                                                                                                                                                                         	
Maximum Value	 +0.1752000000000000E+005	 +0.3007828074772138E+005	 +0.1109012256196790E+005	 +0.4116840330968901E+005	
Time of Maximum	 +0.1752000000000000E+005	 +0.9504000000000000E+004	 +0.9504000000000000E+004	 +0.9504000000000000E+004	
  
	Minimum Integrated Values
	Label not available                                                                                                                                                                                                                                                                                         	Label not available                                                                                                                                                                                                                                                                                         	Label not available                                                                                                                                                                                                                                                                                         	Label not available                                                                                                                                                                                                                                                                                         	
Minimum Value	 +0.8016000000000000E+004	 +0.3546505065159518E+004	 +0.1065325070367667E+004	 +0.4611830135527188E+004	
Time of Minimum	 +0.8016000000000000E+004	 +0.1384800000000000E+005	 +0.1384800000000000E+005	 +0.1384800000000000E+005	
  
	Sum (note: sums are set to zero for inputs that were not integrated.)
	Label not available                                                                                                                                                                                                                                                                                         	Label not available                                                                                                                                                                                                                                                                                         	Label not available                                                                                                                                                                                                                                                                                         	Label not available                                                                                                                                                                                                                                                                                         	
Total	 +0.0000000000000000E+000	 +0.2434234621979291E+006	 +0.7889178771408722E+005	 +0.3223152499120155E+006	
