 	Label not available                                                                                                                                                                                                                                                                                         	Label not available                                                                                                                                                                                                                                                                                         	Label not available                                                                                                                                                                                                                                                                                         	Label not available                                                                                                                                                                                                                                                                                         	
Month 	TIME                     	QSnk191PauxEvap_kW       	QSnk191PelAuxComp_kW     	QSnk191PauxCondSwitch_kW 	
November 	 +0.8016000000000000E+004	 +0.7141984069019638E+005	 +0.2129131043877642E+005	 +0.9271115112897329E+005	
December 	 +0.8760000000000000E+004	 +0.9033402484297630E+005	 +0.2994763511111524E+005	 +0.1202816599540909E+006	
January  	 +0.9504000000000000E+004	 +0.9597772694726654E+005	 +0.3476041497312281E+005	 +0.1307381419203892E+006	
February 	 +0.1017600000000000E+005	 +0.7973346231737050E+005	 +0.2963069638322913E+005	 +0.1093641587005998E+006	
March    	 +0.1092000000000000E+005	 +0.6916417584267328E+005	 +0.2286590837952114E+005	 +0.9203008422219423E+005	
April    	 +0.1164000000000000E+005	 +0.5149680876791279E+005	 +0.1501801515398510E+005	 +0.6651482392189797E+005	
May      	 +0.1238400000000000E+005	 +0.3075821985653317E+005	 +0.8399536738851421E+004	 +0.3915775659538466E+005	
June     	 +0.1310400000000000E+005	 +0.1413134755270989E+005	 +0.3834993283046029E+004	 +0.1796634083575587E+005	
July     	 +0.1384800000000000E+005	 +0.9413643833328257E+004	 +0.2667689194664856E+004	 +0.1208133302799312E+005	
August   	 +0.1459200000000000E+005	 +0.1254425355930463E+005	 +0.3350827062067226E+004	 +0.1589508062137187E+005	
September	 +0.1531200000000000E+005	 +0.2246379780974690E+005	 +0.5609330489597569E+004	 +0.2807312829934453E+005	
October  	 +0.1605600000000000E+005	 +0.4694215873110441E+005	 +0.1223675711426771E+005	 +0.5917891584537223E+005	
November 	 +0.1677600000000000E+005	 +0.7086640247026713E+005	 +0.2103369807183365E+005	 +0.9190010054210082E+005	
December 	 +0.1752000000000000E+005	 +0.9035607725935025E+005	 +0.2993427294112699E+005	 +0.1202903502004774E+006	
  
	Maximum Instantaneous Values
	Label not available                                                                                                                                                                                                                                                                                         	Label not available                                                                                                                                                                                                                                                                                         	Label not available                                                                                                                                                                                                                                                                                         	Label not available                                                                                                                                                                                                                                                                                         	
Maximum Value	 +0.1752000000000000E+005	 +0.4963562502306428E+003	 +0.1353197278217088E+003	 +0.5960408093923659E+003	
Time of Maximum	 +0.1752000000000000E+005	 +0.1404863333333333E+005	 +0.1400216666666667E+005	 +0.1404863333333333E+005	
  
	Minimum Instantaneous Values
	Label not available                                                                                                                                                                                                                                                                                         	Label not available                                                                                                                                                                                                                                                                                         	Label not available                                                                                                                                                                                                                                                                                         	Label not available                                                                                                                                                                                                                                                                                         	
Minimum Value	 +0.7300033333333334E+004	 +0.0000000000000000E+000	 +0.0000000000000000E+000	 +0.0000000000000000E+000	
Time of Minimum	 +0.7300033333333334E+004	 +0.1751983333333334E+005	 +0.1751983333333334E+005	 +0.1751983333333334E+005	
  
	Maximum Integrated Values
	Label not available                                                                                                                                                                                                                                                                                         	Label not available                                                                                                                                                                                                                                                                                         	Label not available                                                                                                                                                                                                                                                                                         	Label not available                                                                                                                                                                                                                                                                                         	
Maximum Value	 +0.1752000000000000E+005	 +0.9597772694726654E+005	 +0.3476041497312281E+005	 +0.1307381419203892E+006	
Time of Maximum	 +0.1752000000000000E+005	 +0.9504000000000000E+004	 +0.9504000000000000E+004	 +0.9504000000000000E+004	
  
	Minimum Integrated Values
	Label not available                                                                                                                                                                                                                                                                                         	Label not available                                                                                                                                                                                                                                                                                         	Label not available                                                                                                                                                                                                                                                                                         	Label not available                                                                                                                                                                                                                                                                                         	
Minimum Value	 +0.8016000000000000E+004	 +0.9413643833328257E+004	 +0.2667689194664856E+004	 +0.1208133302799312E+005	
Time of Minimum	 +0.8016000000000000E+004	 +0.1384800000000000E+005	 +0.1384800000000000E+005	 +0.1384800000000000E+005	
  
	Sum (note: sums are set to zero for inputs that were not integrated.)
	Label not available                                                                                                                                                                                                                                                                                         	Label not available                                                                                                                                                                                                                                                                                         	Label not available                                                                                                                                                                                                                                                                                         	Label not available                                                                                                                                                                                                                                                                                         	
Total	 +0.0000000000000000E+000	 +0.7556019404807254E+006	 +0.2405810853352072E+006	 +0.9961830258159457E+006	
