 	Label not available                                                                                                                                                                                                                                                                                         	Label not available                                                                                                                                                                                                                                                                                         	Label not available                                                                                                                                                                                                                                                                                         	Label not available                                                                                                                                                                                                                                                                                         	
Month 	TIME                     	QSnk243PauxEvap_kW       	QSnk243PelAuxComp_kW     	QSnk243PauxCondSwitch_kW 	
November 	 +0.8016000000000000E+004	 +0.1683498358931404E+006	 +0.5012557563611937E+005	 +0.2184754115292594E+006	
December 	 +0.8760000000000000E+004	 +0.2161867168536600E+006	 +0.7105507382692506E+005	 +0.2872417906805857E+006	
January  	 +0.9504000000000000E+004	 +0.2323952340363325E+006	 +0.8276838666046369E+005	 +0.3151636206967983E+006	
February 	 +0.1017600000000000E+005	 +0.1934158078234066E+006	 +0.7109246576510965E+005	 +0.2645082735885157E+006	
March    	 +0.1092000000000000E+005	 +0.1636409564995504E+006	 +0.5458481336762029E+005	 +0.2182257698671713E+006	
April    	 +0.1164000000000000E+005	 +0.1181454831121896E+006	 +0.3518470249594804E+005	 +0.1533301856081379E+006	
May      	 +0.1238400000000000E+005	 +0.6674609056951816E+005	 +0.1893443783149342E+005	 +0.8568052840101159E+005	
June     	 +0.1310400000000000E+005	 +0.2888429695726510E+005	 +0.8335969027971276E+004	 +0.3722026598523629E+005	
July     	 +0.1384800000000000E+005	 +0.1808630167110771E+005	 +0.5596235508518042E+004	 +0.2368253717962580E+005	
August   	 +0.1459200000000000E+005	 +0.2593927820879095E+005	 +0.7204545508650092E+004	 +0.3314382371744105E+005	
September	 +0.1531200000000000E+005	 +0.4537436266115565E+005	 +0.1168953002486496E+005	 +0.5706389268602060E+005	
October  	 +0.1605600000000000E+005	 +0.1070031372179021E+006	 +0.2814161665855928E+005	 +0.1351447538764616E+006	
November 	 +0.1677600000000000E+005	 +0.1667131755891929E+006	 +0.4943051973319871E+005	 +0.2161436953223915E+006	
December 	 +0.1752000000000000E+005	 +0.2160817357739014E+006	 +0.7104858051363008E+005	 +0.2871303162875320E+006	
  
	Maximum Instantaneous Values
	Label not available                                                                                                                                                                                                                                                                                         	Label not available                                                                                                                                                                                                                                                                                         	Label not available                                                                                                                                                                                                                                                                                         	Label not available                                                                                                                                                                                                                                                                                         	
Maximum Value	 +0.1752000000000000E+005	 +0.1072633481884546E+004	 +0.3031041591261279E+003	 +0.1297610030267910E+004	
Time of Maximum	 +0.1752000000000000E+005	 +0.1450400000000000E+005	 +0.1430333333333333E+005	 +0.1539353333333333E+005	
  
	Minimum Instantaneous Values
	Label not available                                                                                                                                                                                                                                                                                         	Label not available                                                                                                                                                                                                                                                                                         	Label not available                                                                                                                                                                                                                                                                                         	Label not available                                                                                                                                                                                                                                                                                         	
Minimum Value	 +0.7300033333333334E+004	 +0.0000000000000000E+000	 +0.0000000000000000E+000	 +0.0000000000000000E+000	
Time of Minimum	 +0.7300033333333334E+004	 +0.1752000000000000E+005	 +0.1752000000000000E+005	 +0.1752000000000000E+005	
  
	Maximum Integrated Values
	Label not available                                                                                                                                                                                                                                                                                         	Label not available                                                                                                                                                                                                                                                                                         	Label not available                                                                                                                                                                                                                                                                                         	Label not available                                                                                                                                                                                                                                                                                         	
Maximum Value	 +0.1752000000000000E+005	 +0.2323952340363325E+006	 +0.8276838666046369E+005	 +0.3151636206967983E+006	
Time of Maximum	 +0.1752000000000000E+005	 +0.9504000000000000E+004	 +0.9504000000000000E+004	 +0.9504000000000000E+004	
  
	Minimum Integrated Values
	Label not available                                                                                                                                                                                                                                                                                         	Label not available                                                                                                                                                                                                                                                                                         	Label not available                                                                                                                                                                                                                                                                                         	Label not available                                                                                                                                                                                                                                                                                         	
Minimum Value	 +0.8016000000000000E+004	 +0.1808630167110771E+005	 +0.5596235508518042E+004	 +0.2368253717962580E+005	
Time of Minimum	 +0.8016000000000000E+004	 +0.1384800000000000E+005	 +0.1384800000000000E+005	 +0.1384800000000000E+005	
  
	Sum (note: sums are set to zero for inputs that were not integrated.)
	Label not available                                                                                                                                                                                                                                                                                         	Label not available                                                                                                                                                                                                                                                                                         	Label not available                                                                                                                                                                                                                                                                                         	Label not available                                                                                                                                                                                                                                                                                         	
Total	 +0.0000000000000000E+000	 +0.1766962412867097E+007	 +0.5651924525590667E+006	 +0.2332154865426181E+007	
