 	Label not available                                                                                                                                                                                                                                                                                         	Label not available                                                                                                                                                                                                                                                                                         	Label not available                                                                                                                                                                                                                                                                                         	Label not available                                                                                                                                                                                                                                                                                         	
Month 	TIME                     	QSnk225PauxEvap_kW       	QSnk225PelAuxComp_kW     	QSnk225PauxCondSwitch_kW 	
November 	 +0.8016000000000000E+004	 +0.7995103586148078E+005	 +0.2377403477654401E+005	 +0.1037250706380246E+006	
December 	 +0.8760000000000000E+004	 +0.9940749171407454E+005	 +0.3303270350167307E+005	 +0.1324401952157480E+006	
January  	 +0.9504000000000000E+004	 +0.1050666898700576E+006	 +0.3845472321596757E+005	 +0.1435214130860258E+006	
February 	 +0.1017600000000000E+005	 +0.8740489255973471E+005	 +0.3266574229323646E+005	 +0.1200706348529711E+006	
March    	 +0.1092000000000000E+005	 +0.7651570028639467E+005	 +0.2537772845100778E+005	 +0.1018934287374029E+006	
April    	 +0.1164000000000000E+005	 +0.5811590158599650E+005	 +0.1693111880064220E+005	 +0.7504702038663869E+005	
May      	 +0.1238400000000000E+005	 +0.3712253647937853E+005	 +0.1006750448287133E+005	 +0.4719004096224993E+005	
June     	 +0.1310400000000000E+005	 +0.1760260109388620E+005	 +0.4736688392053471E+004	 +0.2233928948593966E+005	
July     	 +0.1384800000000000E+005	 +0.1254617286601742E+005	 +0.3446426142054404E+004	 +0.1599259900807183E+005	
August   	 +0.1459200000000000E+005	 +0.1555323011774347E+005	 +0.4092885909393487E+004	 +0.1964611602713693E+005	
September	 +0.1531200000000000E+005	 +0.2793894527631634E+005	 +0.6941113988953112E+004	 +0.3488005926526947E+005	
October  	 +0.1605600000000000E+005	 +0.5455291110184386E+005	 +0.1413629599480303E+005	 +0.6868920709664701E+005	
November 	 +0.1677600000000000E+005	 +0.7956080715020164E+005	 +0.2355831606944462E+005	 +0.1031191232196465E+006	
December 	 +0.1752000000000000E+005	 +0.9937241549924690E+005	 +0.3301205127072484E+005	 +0.1323844667699727E+006	
  
	Maximum Instantaneous Values
	Label not available                                                                                                                                                                                                                                                                                         	Label not available                                                                                                                                                                                                                                                                                         	Label not available                                                                                                                                                                                                                                                                                         	Label not available                                                                                                                                                                                                                                                                                         	
Maximum Value	 +0.1752000000000000E+005	 +0.5764193105043391E+003	 +0.1578044703140626E+003	 +0.6925670389626448E+003	
Time of Maximum	 +0.1752000000000000E+005	 +0.1400173333333333E+005	 +0.1355886666666667E+005	 +0.1400173333333333E+005	
  
	Minimum Instantaneous Values
	Label not available                                                                                                                                                                                                                                                                                         	Label not available                                                                                                                                                                                                                                                                                         	Label not available                                                                                                                                                                                                                                                                                         	Label not available                                                                                                                                                                                                                                                                                         	
Minimum Value	 +0.7300033333333334E+004	 +0.0000000000000000E+000	 +0.0000000000000000E+000	 +0.0000000000000000E+000	
Time of Minimum	 +0.7300033333333334E+004	 +0.1752000000000000E+005	 +0.1752000000000000E+005	 +0.1752000000000000E+005	
  
	Maximum Integrated Values
	Label not available                                                                                                                                                                                                                                                                                         	Label not available                                                                                                                                                                                                                                                                                         	Label not available                                                                                                                                                                                                                                                                                         	Label not available                                                                                                                                                                                                                                                                                         	
Maximum Value	 +0.1752000000000000E+005	 +0.1050666898700576E+006	 +0.3845472321596757E+005	 +0.1435214130860258E+006	
Time of Maximum	 +0.1752000000000000E+005	 +0.9504000000000000E+004	 +0.9504000000000000E+004	 +0.9504000000000000E+004	
  
	Minimum Integrated Values
	Label not available                                                                                                                                                                                                                                                                                         	Label not available                                                                                                                                                                                                                                                                                         	Label not available                                                                                                                                                                                                                                                                                         	Label not available                                                                                                                                                                                                                                                                                         	
Minimum Value	 +0.8016000000000000E+004	 +0.1254617286601742E+005	 +0.3446426142054404E+004	 +0.1599259900807183E+005	
Time of Minimum	 +0.8016000000000000E+004	 +0.1384800000000000E+005	 +0.1384800000000000E+005	 +0.1384800000000000E+005	
  
	Sum (note: sums are set to zero for inputs that were not integrated.)
	Label not available                                                                                                                                                                                                                                                                                         	Label not available                                                                                                                                                                                                                                                                                         	Label not available                                                                                                                                                                                                                                                                                         	Label not available                                                                                                                                                                                                                                                                                         	
Total	 +0.0000000000000000E+000	 +0.8507113314623849E+006	 +0.2702273332893670E+006	 +0.1120938664751751E+007	
