 	Label not available                                                                                                                                                                                                                                                                                         	Label not available                                                                                                                                                                                                                                                                                         	Label not available                                                                                                                                                                                                                                                                                         	Label not available                                                                                                                                                                                                                                                                                         	
Month 	TIME                     	QSnk524PauxEvap_kW       	QSnk524PelAuxComp_kW     	QSnk524PauxCondSwitch_kW 	
November 	 +0.8016000000000000E+004	 +0.6251140912631150E+005	 +0.1865859652085073E+005	 +0.8117000564716257E+005	
December 	 +0.8760000000000000E+004	 +0.8019165666998067E+005	 +0.2641222141290988E+005	 +0.1066038780828910E+006	
January  	 +0.9504000000000000E+004	 +0.8621741136814840E+005	 +0.3076945007500056E+005	 +0.1169868614431483E+006	
February 	 +0.1017600000000000E+005	 +0.7177008747352775E+005	 +0.2643507483149861E+005	 +0.9820516230502618E+005	
March    	 +0.1092000000000000E+005	 +0.6055011928124564E+005	 +0.2030021191513896E+005	 +0.8085033119638498E+005	
April    	 +0.1164000000000000E+005	 +0.4400007915997357E+005	 +0.1319297157842797E+005	 +0.5719305073840151E+005	
May      	 +0.1238400000000000E+005	 +0.2493038600265800E+005	 +0.7145465946526442E+004	 +0.3207585194918449E+005	
June     	 +0.1310400000000000E+005	 +0.1101183944814464E+005	 +0.3221907363073511E+004	 +0.1423374681121816E+005	
July     	 +0.1384800000000000E+005	 +0.6598367674756039E+004	 +0.2091391041012956E+004	 +0.8689758715769018E+004	
August   	 +0.1459200000000000E+005	 +0.9573086807101083E+004	 +0.2702131326580034E+004	 +0.1227521813368112E+005	
September	 +0.1531200000000000E+005	 +0.1713732373436942E+005	 +0.4450533705198357E+004	 +0.2158785743956781E+005	
October  	 +0.1605600000000000E+005	 +0.3983264972274935E+005	 +0.1052578364333496E+005	 +0.5035843336608441E+005	
November 	 +0.1677600000000000E+005	 +0.6184454412625977E+005	 +0.1837645547881426E+005	 +0.8022099960507378E+005	
December 	 +0.1752000000000000E+005	 +0.8023953582206935E+005	 +0.2643882995130717E+005	 +0.1066783657733768E+006	
  
	Maximum Instantaneous Values
	Label not available                                                                                                                                                                                                                                                                                         	Label not available                                                                                                                                                                                                                                                                                         	Label not available                                                                                                                                                                                                                                                                                         	Label not available                                                                                                                                                                                                                                                                                         	
Maximum Value	 +0.1752000000000000E+005	 +0.4017697734556539E+003	 +0.1121491936762086E+003	 +0.4879174707603410E+003	
Time of Maximum	 +0.1752000000000000E+005	 +0.1539343333333333E+005	 +0.1385710000000000E+005	 +0.1539343333333333E+005	
  
	Minimum Instantaneous Values
	Label not available                                                                                                                                                                                                                                                                                         	Label not available                                                                                                                                                                                                                                                                                         	Label not available                                                                                                                                                                                                                                                                                         	Label not available                                                                                                                                                                                                                                                                                         	
Minimum Value	 +0.7300033333333334E+004	 +0.0000000000000000E+000	 +0.0000000000000000E+000	 +0.0000000000000000E+000	
Time of Minimum	 +0.7300033333333334E+004	 +0.1752000000000000E+005	 +0.1752000000000000E+005	 +0.1752000000000000E+005	
  
	Maximum Integrated Values
	Label not available                                                                                                                                                                                                                                                                                         	Label not available                                                                                                                                                                                                                                                                                         	Label not available                                                                                                                                                                                                                                                                                         	Label not available                                                                                                                                                                                                                                                                                         	
Maximum Value	 +0.1752000000000000E+005	 +0.8621741136814840E+005	 +0.3076945007500056E+005	 +0.1169868614431483E+006	
Time of Maximum	 +0.1752000000000000E+005	 +0.9504000000000000E+004	 +0.9504000000000000E+004	 +0.9504000000000000E+004	
  
	Minimum Integrated Values
	Label not available                                                                                                                                                                                                                                                                                         	Label not available                                                                                                                                                                                                                                                                                         	Label not available                                                                                                                                                                                                                                                                                         	Label not available                                                                                                                                                                                                                                                                                         	
Minimum Value	 +0.8016000000000000E+004	 +0.6598367674756039E+004	 +0.2091391041012956E+004	 +0.8689758715769018E+004	
Time of Minimum	 +0.8016000000000000E+004	 +0.1384800000000000E+005	 +0.1384800000000000E+005	 +0.1384800000000000E+005	
  
	Sum (note: sums are set to zero for inputs that were not integrated.)
	Label not available                                                                                                                                                                                                                                                                                         	Label not available                                                                                                                                                                                                                                                                                         	Label not available                                                                                                                                                                                                                                                                                         	Label not available                                                                                                                                                                                                                                                                                         	
Total	 +0.0000000000000000E+000	 +0.6564084964172951E+006	 +0.2107210247896735E+006	 +0.8671295212069666E+006	
