 	Label not available                                                                                                                                                                                                                                                                                         	Label not available                                                                                                                                                                                                                                                                                         	Label not available                                                                                                                                                                                                                                                                                         	Label not available                                                                                                                                                                                                                                                                                         	
Month 	TIME                     	QSnk183PauxEvap_kW       	QSnk183PelAuxComp_kW     	QSnk183PauxCondSwitch_kW 	
November 	 +0.8016000000000000E+004	 +0.3832493252391665E+004	 +0.1150242278172089E+004	 +0.4982735530563782E+004	
December 	 +0.8760000000000000E+004	 +0.4891386055504813E+004	 +0.1620567400441889E+004	 +0.6511953455946699E+004	
January  	 +0.9504000000000000E+004	 +0.5250546074968363E+004	 +0.1882293289555764E+004	 +0.7132839364524139E+004	
February 	 +0.1017600000000000E+005	 +0.4376093347625701E+004	 +0.1616691754482594E+004	 +0.5992785102108299E+004	
March    	 +0.1092000000000000E+005	 +0.3728155062654658E+004	 +0.1245352142202177E+004	 +0.4973507204856835E+004	
April    	 +0.1164000000000000E+005	 +0.2728880409896427E+004	 +0.8091722111924593E+003	 +0.3538052621088883E+004	
May      	 +0.1238400000000000E+005	 +0.1584174685626514E+004	 +0.4411402759073367E+003	 +0.2025314961533852E+004	
June     	 +0.1310400000000000E+005	 +0.7421740852011901E+003	 +0.2094797106117637E+003	 +0.9516537958129520E+003	
July     	 +0.1384800000000000E+005	 +0.5013972951646975E+003	 +0.1506480736618894E+003	 +0.6520453688265864E+003	
August   	 +0.1459200000000000E+005	 +0.6750985830201253E+003	 +0.1878831796991500E+003	 +0.8629817627192757E+003	
September	 +0.1531200000000000E+005	 +0.1112516642601525E+004	 +0.2894147627140317E+003	 +0.1401931405315557E+004	
October  	 +0.1605600000000000E+005	 +0.2467045497329485E+004	 +0.6514474526849257E+003	 +0.3118492950014405E+004	
November 	 +0.1677600000000000E+005	 +0.3801313413565419E+004	 +0.1135608013311306E+004	 +0.4936921426876700E+004	
December 	 +0.1752000000000000E+005	 +0.4890541002763279E+004	 +0.1619963384276352E+004	 +0.6510504387039635E+004	
  
	Maximum Instantaneous Values
	Label not available                                                                                                                                                                                                                                                                                         	Label not available                                                                                                                                                                                                                                                                                         	Label not available                                                                                                                                                                                                                                                                                         	Label not available                                                                                                                                                                                                                                                                                         	
Maximum Value	 +0.1752000000000000E+005	 +0.2493405043434781E+002	 +0.6764975387024144E+001	 +0.2992519397532947E+002	
Time of Maximum	 +0.1752000000000000E+005	 +0.1385566666666667E+005	 +0.1425543333333333E+005	 +0.1385566666666667E+005	
  
	Minimum Instantaneous Values
	Label not available                                                                                                                                                                                                                                                                                         	Label not available                                                                                                                                                                                                                                                                                         	Label not available                                                                                                                                                                                                                                                                                         	Label not available                                                                                                                                                                                                                                                                                         	
Minimum Value	 +0.7300033333333334E+004	 +0.0000000000000000E+000	 +0.0000000000000000E+000	 +0.0000000000000000E+000	
Time of Minimum	 +0.7300033333333334E+004	 +0.1752000000000000E+005	 +0.1752000000000000E+005	 +0.1752000000000000E+005	
  
	Maximum Integrated Values
	Label not available                                                                                                                                                                                                                                                                                         	Label not available                                                                                                                                                                                                                                                                                         	Label not available                                                                                                                                                                                                                                                                                         	Label not available                                                                                                                                                                                                                                                                                         	
Maximum Value	 +0.1752000000000000E+005	 +0.5250546074968363E+004	 +0.1882293289555764E+004	 +0.7132839364524139E+004	
Time of Maximum	 +0.1752000000000000E+005	 +0.9504000000000000E+004	 +0.9504000000000000E+004	 +0.9504000000000000E+004	
  
	Minimum Integrated Values
	Label not available                                                                                                                                                                                                                                                                                         	Label not available                                                                                                                                                                                                                                                                                         	Label not available                                                                                                                                                                                                                                                                                         	Label not available                                                                                                                                                                                                                                                                                         	
Minimum Value	 +0.8016000000000000E+004	 +0.5013972951646975E+003	 +0.1506480736618894E+003	 +0.6520453688265864E+003	
Time of Minimum	 +0.8016000000000000E+004	 +0.1384800000000000E+005	 +0.1384800000000000E+005	 +0.1384800000000000E+005	
  
	Sum (note: sums are set to zero for inputs that were not integrated.)
	Label not available                                                                                                                                                                                                                                                                                         	Label not available                                                                                                                                                                                                                                                                                         	Label not available                                                                                                                                                                                                                                                                                         	Label not available                                                                                                                                                                                                                                                                                         	
Total	 +0.0000000000000000E+000	 +0.4058181540831371E+005	 +0.1300990392891377E+005	 +0.5359171933722736E+005	
