 	Label not available                                                                                                                                                                                                                                                                                         	Label not available                                                                                                                                                                                                                                                                                         	Label not available                                                                                                                                                                                                                                                                                         	Label not available                                                                                                                                                                                                                                                                                         	
Month 	TIME                     	QSnk85PauxEvap_kW        	QSnk85PelAuxComp_kW      	QSnk85PauxCondSwitch_kW  	
November 	 +0.8016000000000000E+004	 +0.1350070063746606E+006	 +0.4028754157933054E+005	 +0.1752945479539918E+006	
December 	 +0.8760000000000000E+004	 +0.1707779239993383E+006	 +0.5683580440186915E+005	 +0.2276137284012069E+006	
January  	 +0.9504000000000000E+004	 +0.1812697012091194E+006	 +0.6609135035691579E+005	 +0.2473610515660353E+006	
February 	 +0.1017600000000000E+005	 +0.1506087038185411E+006	 +0.5626802893395889E+005	 +0.2068767327525005E+006	
March    	 +0.1092000000000000E+005	 +0.1303125927100780E+006	 +0.4337574369649451E+005	 +0.1736883364065735E+006	
April    	 +0.1164000000000000E+005	 +0.9747418835593858E+005	 +0.2860126310204706E+005	 +0.1260754514579854E+006	
May      	 +0.1238400000000000E+005	 +0.5785218540939078E+005	 +0.1590401044714151E+005	 +0.7375619585653207E+005	
June     	 +0.1310400000000000E+005	 +0.2669398647946127E+005	 +0.7286271088338250E+004	 +0.3398025756779947E+005	
July     	 +0.1384800000000000E+005	 +0.1750463114834966E+005	 +0.5042388642759673E+004	 +0.2254701979110932E+005	
August   	 +0.1459200000000000E+005	 +0.2333552383412110E+005	 +0.6280623947941957E+004	 +0.2961614778206308E+005	
September	 +0.1531200000000000E+005	 +0.4238658248516026E+005	 +0.1062249099698228E+005	 +0.5300907348214263E+005	
October  	 +0.1605600000000000E+005	 +0.8851976315394750E+005	 +0.2310941138085578E+005	 +0.1116291745348037E+006	
November 	 +0.1677600000000000E+005	 +0.1341949856738488E+006	 +0.3984694688345399E+005	 +0.1740419325573035E+006	
December 	 +0.1752000000000000E+005	 +0.1707778499418855E+006	 +0.5681106902282571E+005	 +0.2275889189647096E+006	
  
	Maximum Instantaneous Values
	Label not available                                                                                                                                                                                                                                                                                         	Label not available                                                                                                                                                                                                                                                                                         	Label not available                                                                                                                                                                                                                                                                                         	Label not available                                                                                                                                                                                                                                                                                         	
Maximum Value	 +0.1752000000000000E+005	 +0.9800606242350678E+003	 +0.2703287687965314E+003	 +0.1181295904391268E+004	
Time of Maximum	 +0.1752000000000000E+005	 +0.1462753333333333E+005	 +0.1409856666666667E+005	 +0.1462753333333333E+005	
  
	Minimum Instantaneous Values
	Label not available                                                                                                                                                                                                                                                                                         	Label not available                                                                                                                                                                                                                                                                                         	Label not available                                                                                                                                                                                                                                                                                         	Label not available                                                                                                                                                                                                                                                                                         	
Minimum Value	 +0.7300033333333334E+004	 +0.0000000000000000E+000	 +0.0000000000000000E+000	 +0.0000000000000000E+000	
Time of Minimum	 +0.7300033333333334E+004	 +0.1752000000000000E+005	 +0.1752000000000000E+005	 +0.1752000000000000E+005	
  
	Maximum Integrated Values
	Label not available                                                                                                                                                                                                                                                                                         	Label not available                                                                                                                                                                                                                                                                                         	Label not available                                                                                                                                                                                                                                                                                         	Label not available                                                                                                                                                                                                                                                                                         	
Maximum Value	 +0.1752000000000000E+005	 +0.1812697012091194E+006	 +0.6609135035691579E+005	 +0.2473610515660353E+006	
Time of Maximum	 +0.1752000000000000E+005	 +0.9504000000000000E+004	 +0.9504000000000000E+004	 +0.9504000000000000E+004	
  
	Minimum Integrated Values
	Label not available                                                                                                                                                                                                                                                                                         	Label not available                                                                                                                                                                                                                                                                                         	Label not available                                                                                                                                                                                                                                                                                         	Label not available                                                                                                                                                                                                                                                                                         	
Minimum Value	 +0.8016000000000000E+004	 +0.1750463114834966E+005	 +0.5042388642759673E+004	 +0.2254701979110932E+005	
Time of Minimum	 +0.8016000000000000E+004	 +0.1384800000000000E+005	 +0.1384800000000000E+005	 +0.1384800000000000E+005	
  
	Sum (note: sums are set to zero for inputs that were not integrated.)
	Label not available                                                                                                                                                                                                                                                                                         	Label not available                                                                                                                                                                                                                                                                                         	Label not available                                                                                                                                                                                                                                                                                         	Label not available                                                                                                                                                                                                                                                                                         	
Total	 +0.0000000000000000E+000	 +0.1426715624593838E+007	 +0.4563629444809109E+006	 +0.1883078569074735E+007	
