 	Label not available                                                                                                                                                                                                                                                                                         	Label not available                                                                                                                                                                                                                                                                                         	Label not available                                                                                                                                                                                                                                                                                         	Label not available                                                                                                                                                                                                                                                                                         	
Month 	TIME                     	QSnk448PauxEvap_kW       	QSnk448PelAuxComp_kW     	QSnk448PauxCondSwitch_kW 	
November 	 +0.8016000000000000E+004	 +0.8697847832993588E+005	 +0.2591846328968042E+005	 +0.1128969416196166E+006	
December 	 +0.8760000000000000E+004	 +0.1116789625807529E+006	 +0.3673706734321274E+005	 +0.1484160299239656E+006	
January  	 +0.9504000000000000E+004	 +0.1200944248170527E+006	 +0.4279979973525772E+005	 +0.1628942245523107E+006	
February 	 +0.1017600000000000E+005	 +0.1000300816599158E+006	 +0.3674953162715341E+005	 +0.1367796132870687E+006	
March    	 +0.1092000000000000E+005	 +0.8463431984026023E+005	 +0.2811627494840729E+005	 +0.1127505947886677E+006	
April    	 +0.1164000000000000E+005	 +0.6123918689842211E+005	 +0.1808978201145022E+005	 +0.7932896890987251E+005	
May      	 +0.1238400000000000E+005	 +0.3462817695099323E+005	 +0.9717028426828858E+004	 +0.4434520537782196E+005	
June     	 +0.1310400000000000E+005	 +0.1529709344013301E+005	 +0.4318126551748738E+004	 +0.1961521999188173E+005	
July     	 +0.1384800000000000E+005	 +0.9083128482080529E+004	 +0.2772361019706548E+004	 +0.1185548950178709E+005	
August   	 +0.1459200000000000E+005	 +0.1350203225596041E+005	 +0.3718548499107852E+004	 +0.1722058075506825E+005	
September	 +0.1531200000000000E+005	 +0.2349659501554608E+005	 +0.6042936587099231E+004	 +0.2953953160264528E+005	
October  	 +0.1605600000000000E+005	 +0.5531266063968053E+005	 +0.1454399153469903E+005	 +0.6985665217437947E+005	
November 	 +0.1677600000000000E+005	 +0.8613180069377735E+005	 +0.2558940510467224E+005	 +0.1117212057984501E+006	
December 	 +0.1752000000000000E+005	 +0.1117195981565047E+006	 +0.3673256874270501E+005	 +0.1484521668992098E+006	
  
	Maximum Instantaneous Values
	Label not available                                                                                                                                                                                                                                                                                         	Label not available                                                                                                                                                                                                                                                                                         	Label not available                                                                                                                                                                                                                                                                                         	Label not available                                                                                                                                                                                                                                                                                         	
Maximum Value	 +0.1752000000000000E+005	 +0.5658642690868182E+003	 +0.1574366255663176E+003	 +0.6818265690075852E+003	
Time of Maximum	 +0.1752000000000000E+005	 +0.1450416666666667E+005	 +0.1429053333333333E+005	 +0.1450416666666667E+005	
  
	Minimum Instantaneous Values
	Label not available                                                                                                                                                                                                                                                                                         	Label not available                                                                                                                                                                                                                                                                                         	Label not available                                                                                                                                                                                                                                                                                         	Label not available                                                                                                                                                                                                                                                                                         	
Minimum Value	 +0.7300033333333334E+004	 +0.0000000000000000E+000	 +0.0000000000000000E+000	 +0.0000000000000000E+000	
Time of Minimum	 +0.7300033333333334E+004	 +0.1752000000000000E+005	 +0.1752000000000000E+005	 +0.1752000000000000E+005	
  
	Maximum Integrated Values
	Label not available                                                                                                                                                                                                                                                                                         	Label not available                                                                                                                                                                                                                                                                                         	Label not available                                                                                                                                                                                                                                                                                         	Label not available                                                                                                                                                                                                                                                                                         	
Maximum Value	 +0.1752000000000000E+005	 +0.1200944248170527E+006	 +0.4279979973525772E+005	 +0.1628942245523107E+006	
Time of Maximum	 +0.1752000000000000E+005	 +0.9504000000000000E+004	 +0.9504000000000000E+004	 +0.9504000000000000E+004	
  
	Minimum Integrated Values
	Label not available                                                                                                                                                                                                                                                                                         	Label not available                                                                                                                                                                                                                                                                                         	Label not available                                                                                                                                                                                                                                                                                         	Label not available                                                                                                                                                                                                                                                                                         	
Minimum Value	 +0.8016000000000000E+004	 +0.9083128482080529E+004	 +0.2772361019706548E+004	 +0.1185548950178709E+005	
Time of Minimum	 +0.8016000000000000E+004	 +0.1384800000000000E+005	 +0.1384800000000000E+005	 +0.1384800000000000E+005	
  
	Sum (note: sums are set to zero for inputs that were not integrated.)
	Label not available                                                                                                                                                                                                                                                                                         	Label not available                                                                                                                                                                                                                                                                                         	Label not available                                                                                                                                                                                                                                                                                         	Label not available                                                                                                                                                                                                                                                                                         	
Total	 +0.0000000000000000E+000	 +0.9138265397610003E+006	 +0.2918458854217298E+006	 +0.1205672425182744E+007	
