 	Label not available                                                                                                                                                                                                                                                                                         	Label not available                                                                                                                                                                                                                                                                                         	Label not available                                                                                                                                                                                                                                                                                         	Label not available                                                                                                                                                                                                                                                                                         	
Month 	TIME                     	QSnk417PauxEvap_kW       	QSnk417PelAuxComp_kW     	QSnk417PauxCondSwitch_kW 	
November 	 +0.8016000000000000E+004	 +0.2288521203654955E+005	 +0.6879830377796789E+004	 +0.2976504241434632E+005	
December 	 +0.8760000000000000E+004	 +0.2843405691862511E+005	 +0.9530465666892449E+004	 +0.3796452258551762E+005	
January  	 +0.9504000000000000E+004	 +0.3007300398428103E+005	 +0.1108423787917940E+005	 +0.4115724186346057E+005	
February 	 +0.1017600000000000E+005	 +0.2497430435142918E+005	 +0.9458456670507452E+004	 +0.3443276102193679E+005	
March    	 +0.1092000000000000E+005	 +0.2181489614023529E+005	 +0.7447389900513999E+004	 +0.2926228604074941E+005	
April    	 +0.1164000000000000E+005	 +0.1655272269876059E+005	 +0.5039208503204608E+004	 +0.2159193120196515E+005	
May      	 +0.1238400000000000E+005	 +0.1054997026580304E+005	 +0.3054478186728132E+004	 +0.1360444845253120E+005	
June     	 +0.1310400000000000E+005	 +0.5116610650381986E+004	 +0.1476082644113953E+004	 +0.6592693294495944E+004	
July     	 +0.1384800000000000E+005	 +0.3489184261132737E+004	 +0.1043290478315899E+004	 +0.4532474739448630E+004	
August   	 +0.1459200000000000E+005	 +0.4582978771338054E+004	 +0.1256926423146041E+004	 +0.5839905194484093E+004	
September	 +0.1531200000000000E+005	 +0.8130222885704197E+004	 +0.2067783061588985E+004	 +0.1019800594729316E+005	
October  	 +0.1605600000000000E+005	 +0.1554240849181636E+005	 +0.4110733319199666E+004	 +0.1965314181101596E+005	
November 	 +0.1677600000000000E+005	 +0.2280310384813810E+005	 +0.6810012260333991E+004	 +0.2961311610847209E+005	
December 	 +0.1752000000000000E+005	 +0.2845173628318380E+005	 +0.9540128189645113E+004	 +0.3799186447282896E+005	
  
	Maximum Instantaneous Values
	Label not available                                                                                                                                                                                                                                                                                         	Label not available                                                                                                                                                                                                                                                                                         	Label not available                                                                                                                                                                                                                                                                                         	Label not available                                                                                                                                                                                                                                                                                         	
Maximum Value	 +0.1752000000000000E+005	 +0.1579358391001756E+003	 +0.4497775326503917E+002	 +0.1911828529399067E+003	
Time of Maximum	 +0.1752000000000000E+005	 +0.1455343333333333E+005	 +0.1428966666666667E+005	 +0.1455343333333333E+005	
  
	Minimum Instantaneous Values
	Label not available                                                                                                                                                                                                                                                                                         	Label not available                                                                                                                                                                                                                                                                                         	Label not available                                                                                                                                                                                                                                                                                         	Label not available                                                                                                                                                                                                                                                                                         	
Minimum Value	 +0.7300033333333334E+004	 +0.0000000000000000E+000	 +0.0000000000000000E+000	 +0.0000000000000000E+000	
Time of Minimum	 +0.7300033333333334E+004	 +0.1752000000000000E+005	 +0.1752000000000000E+005	 +0.1752000000000000E+005	
  
	Maximum Integrated Values
	Label not available                                                                                                                                                                                                                                                                                         	Label not available                                                                                                                                                                                                                                                                                         	Label not available                                                                                                                                                                                                                                                                                         	Label not available                                                                                                                                                                                                                                                                                         	
Maximum Value	 +0.1752000000000000E+005	 +0.3007300398428103E+005	 +0.1108423787917940E+005	 +0.4115724186346057E+005	
Time of Maximum	 +0.1752000000000000E+005	 +0.9504000000000000E+004	 +0.9504000000000000E+004	 +0.9504000000000000E+004	
  
	Minimum Integrated Values
	Label not available                                                                                                                                                                                                                                                                                         	Label not available                                                                                                                                                                                                                                                                                         	Label not available                                                                                                                                                                                                                                                                                         	Label not available                                                                                                                                                                                                                                                                                         	
Minimum Value	 +0.8016000000000000E+004	 +0.3489184261132737E+004	 +0.1043290478315899E+004	 +0.4532474739448630E+004	
Time of Minimum	 +0.8016000000000000E+004	 +0.1384800000000000E+005	 +0.1384800000000000E+005	 +0.1384800000000000E+005	
  
	Sum (note: sums are set to zero for inputs that were not integrated.)
	Label not available                                                                                                                                                                                                                                                                                         	Label not available                                                                                                                                                                                                                                                                                         	Label not available                                                                                                                                                                                                                                                                                         	Label not available                                                                                                                                                                                                                                                                                         	
Total	 +0.0000000000000000E+000	 +0.2434004115873784E+006	 +0.7879902356116608E+005	 +0.3221994351485450E+006	
