 	Label not available                                                                                                                                                                                                                                                                                         	Label not available                                                                                                                                                                                                                                                                                         	Label not available                                                                                                                                                                                                                                                                                         	Label not available                                                                                                                                                                                                                                                                                         	
Month 	TIME                     	QSnk488PauxEvap_kW       	QSnk488PelAuxComp_kW     	QSnk488PauxCondSwitch_kW 	
November 	 +0.8016000000000000E+004	 +0.1595393693342111E+006	 +0.4757399989503936E+005	 +0.2071133692292508E+006	
December 	 +0.8760000000000000E+004	 +0.1983401401475280E+006	 +0.6610734339267136E+005	 +0.2644474835402014E+006	
January  	 +0.9504000000000000E+004	 +0.2098470640307705E+006	 +0.7693380273779914E+005	 +0.2867808667685695E+006	
February 	 +0.1017600000000000E+005	 +0.1744414105505456E+006	 +0.6541900694335467E+005	 +0.2398604174938979E+006	
March    	 +0.1092000000000000E+005	 +0.1525525282672546E+006	 +0.5093289299958406E+005	 +0.2034854212668373E+006	
April    	 +0.1164000000000000E+005	 +0.1158330303066111E+006	 +0.3402081730763162E+005	 +0.1498538476142424E+006	
May      	 +0.1238400000000000E+005	 +0.7308054814925529E+005	 +0.2016868250203753E+005	 +0.9324923065129253E+005	
June     	 +0.1310400000000000E+005	 +0.3534767923594658E+005	 +0.9697776538068465E+004	 +0.4504545577401499E+005	
July     	 +0.1384800000000000E+005	 +0.2467360024863578E+005	 +0.6928375321417755E+004	 +0.3160197557005349E+005	
August   	 +0.1459200000000000E+005	 +0.3079015513515258E+005	 +0.8182117016579473E+004	 +0.3897227215173194E+005	
September	 +0.1531200000000000E+005	 +0.5567366296239215E+005	 +0.1387456023752473E+005	 +0.6954822319991708E+005	
October  	 +0.1605600000000000E+005	 +0.1085352063693041E+006	 +0.2825241387881218E+005	 +0.1367876202481167E+006	
November 	 +0.1677600000000000E+005	 +0.1588421747769028E+006	 +0.4709837154912607E+005	 +0.2059405463260296E+006	
December 	 +0.1752000000000000E+005	 +0.1983850498264641E+006	 +0.6608972056472950E+005	 +0.2644747703911928E+006	
  
	Maximum Instantaneous Values
	Label not available                                                                                                                                                                                                                                                                                         	Label not available                                                                                                                                                                                                                                                                                         	Label not available                                                                                                                                                                                                                                                                                         	Label not available                                                                                                                                                                                                                                                                                         	
Maximum Value	 +0.1752000000000000E+005	 +0.1137716237474386E+004	 +0.3150606546325046E+003	 +0.1370606995183543E+004	
Time of Maximum	 +0.1752000000000000E+005	 +0.1452763333333333E+005	 +0.1411153333333333E+005	 +0.1452763333333333E+005	
  
	Minimum Instantaneous Values
	Label not available                                                                                                                                                                                                                                                                                         	Label not available                                                                                                                                                                                                                                                                                         	Label not available                                                                                                                                                                                                                                                                                         	Label not available                                                                                                                                                                                                                                                                                         	
Minimum Value	 +0.7300033333333334E+004	 +0.0000000000000000E+000	 +0.0000000000000000E+000	 +0.0000000000000000E+000	
Time of Minimum	 +0.7300033333333334E+004	 +0.1752000000000000E+005	 +0.1752000000000000E+005	 +0.1752000000000000E+005	
  
	Maximum Integrated Values
	Label not available                                                                                                                                                                                                                                                                                         	Label not available                                                                                                                                                                                                                                                                                         	Label not available                                                                                                                                                                                                                                                                                         	Label not available                                                                                                                                                                                                                                                                                         	
Maximum Value	 +0.1752000000000000E+005	 +0.2098470640307705E+006	 +0.7693380273779914E+005	 +0.2867808667685695E+006	
Time of Maximum	 +0.1752000000000000E+005	 +0.9504000000000000E+004	 +0.9504000000000000E+004	 +0.9504000000000000E+004	
  
	Minimum Integrated Values
	Label not available                                                                                                                                                                                                                                                                                         	Label not available                                                                                                                                                                                                                                                                                         	Label not available                                                                                                                                                                                                                                                                                         	Label not available                                                                                                                                                                                                                                                                                         	
Minimum Value	 +0.8016000000000000E+004	 +0.2467360024863578E+005	 +0.6928375321417755E+004	 +0.3160197557005349E+005	
Time of Minimum	 +0.8016000000000000E+004	 +0.1384800000000000E+005	 +0.1384800000000000E+005	 +0.1384800000000000E+005	
  
	Sum (note: sums are set to zero for inputs that were not integrated.)
	Label not available                                                                                                                                                                                                                                                                                         	Label not available                                                                                                                                                                                                                                                                                         	Label not available                                                                                                                                                                                                                                                                                         	Label not available                                                                                                                                                                                                                                                                                         	
Total	 +0.0000000000000000E+000	 +0.1695881619340976E+007	 +0.5412798808843682E+006	 +0.2237161500225355E+007	
