 	Label not available                                                                                                                                                                                                                                                                                         	Label not available                                                                                                                                                                                                                                                                                         	Label not available                                                                                                                                                                                                                                                                                         	Label not available                                                                                                                                                                                                                                                                                         	
Month 	TIME                     	QSnk60PauxEvap_kW        	QSnk60PelAuxComp_kW      	QSnk60PauxCondSwitch_kW  	
November 	 +0.8016000000000000E+004	 +0.4006808079237721E+005	 +0.1196506926233628E+005	 +0.5203315005471373E+005	
December 	 +0.8760000000000000E+004	 +0.5140485389470205E+005	 +0.1693998092347680E+005	 +0.6834483481817917E+005	
January  	 +0.9504000000000000E+004	 +0.5523627885927264E+005	 +0.1970927624222068E+005	 +0.7494555510149300E+005	
February 	 +0.1017600000000000E+005	 +0.4601872168810583E+005	 +0.1692292776841985E+005	 +0.6294164945652569E+005	
March    	 +0.1092000000000000E+005	 +0.3886250760682854E+005	 +0.1292507561057013E+005	 +0.5178758321739884E+005	
April    	 +0.1164000000000000E+005	 +0.2842098488337493E+005	 +0.8352816523087071E+004	 +0.3677380140646185E+005	
May      	 +0.1238400000000000E+005	 +0.1614325753411500E+005	 +0.4490054074557770E+004	 +0.2063331160867278E+005	
June     	 +0.1310400000000000E+005	 +0.7019852906971881E+004	 +0.1965352722287006E+004	 +0.8985205629258888E+004	
July     	 +0.1384800000000000E+005	 +0.4582418234958061E+004	 +0.1359800227413647E+004	 +0.5942218462371695E+004	
August   	 +0.1459200000000000E+005	 +0.6144762736686479E+004	 +0.1695689904907128E+004	 +0.7840452641593619E+004	
September	 +0.1531200000000000E+005	 +0.1110473686089632E+005	 +0.2827778278882383E+004	 +0.1393251513977868E+005	
October  	 +0.1605600000000000E+005	 +0.2558973253677980E+005	 +0.6716275129152317E+004	 +0.3230600766593215E+005	
November 	 +0.1677600000000000E+005	 +0.3966970412660441E+005	 +0.1179775045572477E+005	 +0.5146745458232916E+005	
December 	 +0.1752000000000000E+005	 +0.5139904106521676E+005	 +0.1693507264828100E+005	 +0.6833411371349778E+005	
  
	Maximum Instantaneous Values
	Label not available                                                                                                                                                                                                                                                                                         	Label not available                                                                                                                                                                                                                                                                                         	Label not available                                                                                                                                                                                                                                                                                         	Label not available                                                                                                                                                                                                                                                                                         	
Maximum Value	 +0.1752000000000000E+005	 +0.2616506677030549E+003	 +0.7204755446058591E+002	 +0.3148192870481812E+003	
Time of Maximum	 +0.1752000000000000E+005	 +0.1386450000000000E+005	 +0.1429050000000000E+005	 +0.1386450000000000E+005	
  
	Minimum Instantaneous Values
	Label not available                                                                                                                                                                                                                                                                                         	Label not available                                                                                                                                                                                                                                                                                         	Label not available                                                                                                                                                                                                                                                                                         	Label not available                                                                                                                                                                                                                                                                                         	
Minimum Value	 +0.7300033333333334E+004	 +0.0000000000000000E+000	 +0.0000000000000000E+000	 +0.0000000000000000E+000	
Time of Minimum	 +0.7300033333333334E+004	 +0.1752000000000000E+005	 +0.1752000000000000E+005	 +0.1752000000000000E+005	
  
	Maximum Integrated Values
	Label not available                                                                                                                                                                                                                                                                                         	Label not available                                                                                                                                                                                                                                                                                         	Label not available                                                                                                                                                                                                                                                                                         	Label not available                                                                                                                                                                                                                                                                                         	
Maximum Value	 +0.1752000000000000E+005	 +0.5523627885927264E+005	 +0.1970927624222068E+005	 +0.7494555510149300E+005	
Time of Maximum	 +0.1752000000000000E+005	 +0.9504000000000000E+004	 +0.9504000000000000E+004	 +0.9504000000000000E+004	
  
	Minimum Integrated Values
	Label not available                                                                                                                                                                                                                                                                                         	Label not available                                                                                                                                                                                                                                                                                         	Label not available                                                                                                                                                                                                                                                                                         	Label not available                                                                                                                                                                                                                                                                                         	
Minimum Value	 +0.8016000000000000E+004	 +0.4582418234958061E+004	 +0.1359800227413647E+004	 +0.5942218462371695E+004	
Time of Minimum	 +0.8016000000000000E+004	 +0.1384800000000000E+005	 +0.1384800000000000E+005	 +0.1384800000000000E+005	
  
	Sum (note: sums are set to zero for inputs that were not integrated.)
	Label not available                                                                                                                                                                                                                                                                                         	Label not available                                                                                                                                                                                                                                                                                         	Label not available                                                                                                                                                                                                                                                                                         	Label not available                                                                                                                                                                                                                                                                                         	
Total	 +0.0000000000000000E+000	 +0.4216649337268920E+006	 +0.1346029197713146E+006	 +0.5562678534981997E+006	
