 	Label not available                                                                                                                                                                                                                                                                                         	Label not available                                                                                                                                                                                                                                                                                         	Label not available                                                                                                                                                                                                                                                                                         	Label not available                                                                                                                                                                                                                                                                                         	
Month 	TIME                     	QSnk266PauxEvap_kW       	QSnk266PelAuxComp_kW     	QSnk266PauxCondSwitch_kW 	
November 	 +0.8016000000000000E+004	 +0.9028515882239879E+005	 +0.2701744547793845E+005	 +0.1173026043003381E+006	
December 	 +0.8760000000000000E+004	 +0.1143144940151077E+006	 +0.3793018808808197E+005	 +0.1522446821031890E+006	
January  	 +0.9504000000000000E+004	 +0.1214996913326843E+006	 +0.4402681544556814E+005	 +0.1655265067782518E+006	
February 	 +0.1017600000000000E+005	 +0.1008736192777643E+006	 +0.3753145389411948E+005	 +0.1384050731718835E+006	
March    	 +0.1092000000000000E+005	 +0.8732345037417985E+005	 +0.2910583960522528E+005	 +0.1164292899794049E+006	
April    	 +0.1164000000000000E+005	 +0.6501035022741674E+005	 +0.1924124521039241E+005	 +0.8425159543780943E+005	
May      	 +0.1238400000000000E+005	 +0.3865881947315560E+005	 +0.1077602435741538E+005	 +0.4943484383057079E+005	
June     	 +0.1310400000000000E+005	 +0.1774361903043526E+005	 +0.4946933617512993E+004	 +0.2269055264794825E+005	
July     	 +0.1384800000000000E+005	 +0.1180775314463733E+005	 +0.3450488396602674E+004	 +0.1525824154124001E+005	
August   	 +0.1459200000000000E+005	 +0.1568452842822391E+005	 +0.4261584304011491E+004	 +0.1994611273223542E+005	
September	 +0.1531200000000000E+005	 +0.2828791006248385E+005	 +0.7154703901476303E+004	 +0.3544261396396019E+005	
October  	 +0.1605600000000000E+005	 +0.5940830622079576E+005	 +0.1557104552960689E+005	 +0.7497935175040248E+005	
November 	 +0.1677600000000000E+005	 +0.8963146834322567E+005	 +0.2668481972080143E+005	 +0.1163162880640275E+006	
December 	 +0.1752000000000000E+005	 +0.1143226639235783E+006	 +0.3793044997740937E+005	 +0.1522531139009871E+006	
  
	Maximum Instantaneous Values
	Label not available                                                                                                                                                                                                                                                                                         	Label not available                                                                                                                                                                                                                                                                                         	Label not available                                                                                                                                                                                                                                                                                         	Label not available                                                                                                                                                                                                                                                                                         	
Maximum Value	 +0.1752000000000000E+005	 +0.6120648906929433E+003	 +0.1709969247231524E+003	 +0.7378947006635141E+003	
Time of Maximum	 +0.1752000000000000E+005	 +0.1443073333333333E+005	 +0.1449563333333333E+005	 +0.1443073333333333E+005	
  
	Minimum Instantaneous Values
	Label not available                                                                                                                                                                                                                                                                                         	Label not available                                                                                                                                                                                                                                                                                         	Label not available                                                                                                                                                                                                                                                                                         	Label not available                                                                                                                                                                                                                                                                                         	
Minimum Value	 +0.7300033333333334E+004	 +0.0000000000000000E+000	 +0.0000000000000000E+000	 +0.0000000000000000E+000	
Time of Minimum	 +0.7300033333333334E+004	 +0.1751986666666667E+005	 +0.1751986666666667E+005	 +0.1751986666666667E+005	
  
	Maximum Integrated Values
	Label not available                                                                                                                                                                                                                                                                                         	Label not available                                                                                                                                                                                                                                                                                         	Label not available                                                                                                                                                                                                                                                                                         	Label not available                                                                                                                                                                                                                                                                                         	
Maximum Value	 +0.1752000000000000E+005	 +0.1214996913326843E+006	 +0.4402681544556814E+005	 +0.1655265067782518E+006	
Time of Maximum	 +0.1752000000000000E+005	 +0.9504000000000000E+004	 +0.9504000000000000E+004	 +0.9504000000000000E+004	
  
	Minimum Integrated Values
	Label not available                                                                                                                                                                                                                                                                                         	Label not available                                                                                                                                                                                                                                                                                         	Label not available                                                                                                                                                                                                                                                                                         	Label not available                                                                                                                                                                                                                                                                                         	
Minimum Value	 +0.8016000000000000E+004	 +0.1180775314463733E+005	 +0.3450488396602674E+004	 +0.1525824154124001E+005	
Time of Minimum	 +0.8016000000000000E+004	 +0.1384800000000000E+005	 +0.1384800000000000E+005	 +0.1384800000000000E+005	
  
	Sum (note: sums are set to zero for inputs that were not integrated.)
	Label not available                                                                                                                                                                                                                                                                                         	Label not available                                                                                                                                                                                                                                                                                         	Label not available                                                                                                                                                                                                                                                                                         	Label not available                                                                                                                                                                                                                                                                                         	
Total	 +0.0000000000000000E+000	 +0.9548518326760891E+006	 +0.3056290375261606E+006	 +0.1260480870202245E+007	
