 	Label not available                                                                                                                                                                                                                                                                                         	Label not available                                                                                                                                                                                                                                                                                         	Label not available                                                                                                                                                                                                                                                                                         	Label not available                                                                                                                                                                                                                                                                                         	
Month 	TIME                     	QSnk335PauxEvap_kW       	QSnk335PelAuxComp_kW     	QSnk335PauxCondSwitch_kW 	
November 	 +0.8016000000000000E+004	 +0.7323516563276212E+005	 +0.2183070171063408E+005	 +0.9506586734339628E+005	
December 	 +0.8760000000000000E+004	 +0.9397125607311566E+005	 +0.3090725270395479E+005	 +0.1248785087770710E+006	
January  	 +0.9504000000000000E+004	 +0.1010231125493373E+006	 +0.3600194678852629E+005	 +0.1370250593378630E+006	
February 	 +0.1017600000000000E+005	 +0.8416602152816611E+005	 +0.3089863185666841E+005	 +0.1150646533848345E+006	
March    	 +0.1092000000000000E+005	 +0.7103886853952288E+005	 +0.2356958541140903E+005	 +0.9460845395093141E+005	
April    	 +0.1164000000000000E+005	 +0.5184838398130996E+005	 +0.1525840908112570E+005	 +0.6710679306243562E+005	
May      	 +0.1238400000000000E+005	 +0.2926300221135762E+005	 +0.8151765182397575E+004	 +0.3741476739375516E+005	
June     	 +0.1310400000000000E+005	 +0.1306992385411981E+005	 +0.3635421002713718E+004	 +0.1670534485683353E+005	
July     	 +0.1384800000000000E+005	 +0.7749719316291208E+004	 +0.2333780214821264E+004	 +0.1008349953111247E+005	
August   	 +0.1459200000000000E+005	 +0.1151545432640776E+005	 +0.3153776756472488E+004	 +0.1466923108288025E+005	
September	 +0.1531200000000000E+005	 +0.1987114837851147E+005	 +0.5099963855517600E+004	 +0.2497111223402901E+005	
October  	 +0.1605600000000000E+005	 +0.4662905502463290E+005	 +0.1224310773331513E+005	 +0.5887216275794812E+005	
November 	 +0.1677600000000000E+005	 +0.7250851438688289E+005	 +0.2152250624469107E+005	 +0.9403102063157370E+005	
December 	 +0.1752000000000000E+005	 +0.9398666193924870E+005	 +0.3090349470209193E+005	 +0.1248901566413407E+006	
  
	Maximum Instantaneous Values
	Label not available                                                                                                                                                                                                                                                                                         	Label not available                                                                                                                                                                                                                                                                                         	Label not available                                                                                                                                                                                                                                                                                         	Label not available                                                                                                                                                                                                                                                                                         	
Maximum Value	 +0.1752000000000000E+005	 +0.4791537917763280E+003	 +0.1319180332565967E+003	 +0.5763272988951786E+003	
Time of Maximum	 +0.1752000000000000E+005	 +0.1385593333333333E+005	 +0.1425533333333333E+005	 +0.1385593333333333E+005	
  
	Minimum Instantaneous Values
	Label not available                                                                                                                                                                                                                                                                                         	Label not available                                                                                                                                                                                                                                                                                         	Label not available                                                                                                                                                                                                                                                                                         	Label not available                                                                                                                                                                                                                                                                                         	
Minimum Value	 +0.7300033333333334E+004	 +0.0000000000000000E+000	 +0.0000000000000000E+000	 +0.0000000000000000E+000	
Time of Minimum	 +0.7300033333333334E+004	 +0.1752000000000000E+005	 +0.1752000000000000E+005	 +0.1752000000000000E+005	
  
	Maximum Integrated Values
	Label not available                                                                                                                                                                                                                                                                                         	Label not available                                                                                                                                                                                                                                                                                         	Label not available                                                                                                                                                                                                                                                                                         	Label not available                                                                                                                                                                                                                                                                                         	
Maximum Value	 +0.1752000000000000E+005	 +0.1010231125493373E+006	 +0.3600194678852629E+005	 +0.1370250593378630E+006	
Time of Maximum	 +0.1752000000000000E+005	 +0.9504000000000000E+004	 +0.9504000000000000E+004	 +0.9504000000000000E+004	
  
	Minimum Integrated Values
	Label not available                                                                                                                                                                                                                                                                                         	Label not available                                                                                                                                                                                                                                                                                         	Label not available                                                                                                                                                                                                                                                                                         	Label not available                                                                                                                                                                                                                                                                                         	
Minimum Value	 +0.8016000000000000E+004	 +0.7749719316291208E+004	 +0.2333780214821264E+004	 +0.1008349953111247E+005	
Time of Minimum	 +0.8016000000000000E+004	 +0.1384800000000000E+005	 +0.1384800000000000E+005	 +0.1384800000000000E+005	
  
	Sum (note: sums are set to zero for inputs that were not integrated.)
	Label not available                                                                                                                                                                                                                                                                                         	Label not available                                                                                                                                                                                                                                                                                         	Label not available                                                                                                                                                                                                                                                                                         	Label not available                                                                                                                                                                                                                                                                                         	
Total	 +0.0000000000000000E+000	 +0.7698762877416770E+006	 +0.2455103432443419E+006	 +0.1015386630986013E+007	
