 	Label not available                                                                                                                                                                                                                                                                                         	Label not available                                                                                                                                                                                                                                                                                         	Label not available                                                                                                                                                                                                                                                                                         	Label not available                                                                                                                                                                                                                                                                                         	
Month 	TIME                     	QSnk358PauxEvap_kW       	QSnk358PelAuxComp_kW     	QSnk358PauxCondSwitch_kW 	
November 	 +0.8016000000000000E+004	 +0.1435075135328966E+005	 +0.4297893187380925E+004	 +0.1864864454067054E+005	
December 	 +0.8760000000000000E+004	 +0.1815887718099094E+005	 +0.6027529852096091E+004	 +0.2418640703308711E+005	
January  	 +0.9504000000000000E+004	 +0.1928802491307009E+005	 +0.6982731960495920E+004	 +0.2627075687356590E+005	
February 	 +0.1017600000000000E+005	 +0.1602976454568824E+005	 +0.5961866351376627E+004	 +0.2199163089706501E+005	
March    	 +0.1092000000000000E+005	 +0.1390284090567006E+005	 +0.4648500146903690E+004	 +0.1855134105257375E+005	
April    	 +0.1164000000000000E+005	 +0.1034087590998996E+005	 +0.3075110184283216E+004	 +0.1341598609427323E+005	
May      	 +0.1238400000000000E+005	 +0.6240272998186852E+004	 +0.1748383752204364E+004	 +0.7988656750391221E+004	
June     	 +0.1310400000000000E+005	 +0.2918506544046665E+004	 +0.8218094943439270E+003	 +0.3740316038390597E+004	
July     	 +0.1384800000000000E+005	 +0.1895805548393702E+004	 +0.5619340293104634E+003	 +0.2457739577704169E+004	
August   	 +0.1459200000000000E+005	 +0.2590564758786552E+004	 +0.7055696112610589E+003	 +0.3296134370047606E+004	
September	 +0.1531200000000000E+005	 +0.4610080485431425E+004	 +0.1174327119401615E+004	 +0.5784407604833034E+004	
October  	 +0.1605600000000000E+005	 +0.9464163574712300E+004	 +0.2485023994143666E+004	 +0.1194918756885597E+005	
November 	 +0.1677600000000000E+005	 +0.1426787919452737E+005	 +0.4252922032255814E+004	 +0.1852080122678316E+005	
December 	 +0.1752000000000000E+005	 +0.1815724127144206E+005	 +0.6025419303366341E+004	 +0.2418266057480863E+005	
  
	Maximum Instantaneous Values
	Label not available                                                                                                                                                                                                                                                                                         	Label not available                                                                                                                                                                                                                                                                                         	Label not available                                                                                                                                                                                                                                                                                         	Label not available                                                                                                                                                                                                                                                                                         	
Maximum Value	 +0.1752000000000000E+005	 +0.9802520531880258E+002	 +0.2702127086727046E+002	 +0.1179471044184109E+003	
Time of Maximum	 +0.1752000000000000E+005	 +0.1392816666666667E+005	 +0.1415923333333333E+005	 +0.1392816666666667E+005	
  
	Minimum Instantaneous Values
	Label not available                                                                                                                                                                                                                                                                                         	Label not available                                                                                                                                                                                                                                                                                         	Label not available                                                                                                                                                                                                                                                                                         	Label not available                                                                                                                                                                                                                                                                                         	
Minimum Value	 +0.7300033333333334E+004	 +0.0000000000000000E+000	 +0.0000000000000000E+000	 +0.0000000000000000E+000	
Time of Minimum	 +0.7300033333333334E+004	 +0.1752000000000000E+005	 +0.1752000000000000E+005	 +0.1752000000000000E+005	
  
	Maximum Integrated Values
	Label not available                                                                                                                                                                                                                                                                                         	Label not available                                                                                                                                                                                                                                                                                         	Label not available                                                                                                                                                                                                                                                                                         	Label not available                                                                                                                                                                                                                                                                                         	
Maximum Value	 +0.1752000000000000E+005	 +0.1928802491307009E+005	 +0.6982731960495920E+004	 +0.2627075687356590E+005	
Time of Maximum	 +0.1752000000000000E+005	 +0.9504000000000000E+004	 +0.9504000000000000E+004	 +0.9504000000000000E+004	
  
	Minimum Integrated Values
	Label not available                                                                                                                                                                                                                                                                                         	Label not available                                                                                                                                                                                                                                                                                         	Label not available                                                                                                                                                                                                                                                                                         	Label not available                                                                                                                                                                                                                                                                                         	
Minimum Value	 +0.8016000000000000E+004	 +0.1895805548393702E+004	 +0.5619340293104634E+003	 +0.2457739577704169E+004	
Time of Minimum	 +0.8016000000000000E+004	 +0.1384800000000000E+005	 +0.1384800000000000E+005	 +0.1384800000000000E+005	
  
	Sum (note: sums are set to zero for inputs that were not integrated.)
	Label not available                                                                                                                                                                                                                                                                                         	Label not available                                                                                                                                                                                                                                                                                         	Label not available                                                                                                                                                                                                                                                                                         	Label not available                                                                                                                                                                                                                                                                                         	
Total	 +0.0000000000000000E+000	 +0.1522156491842260E+006	 +0.4876902101882293E+005	 +0.2009846702030484E+006	
