 	Label not available                                                                                                                                                                                                                                                                                         	Label not available                                                                                                                                                                                                                                                                                         	Label not available                                                                                                                                                                                                                                                                                         	Label not available                                                                                                                                                                                                                                                                                         	
Month 	TIME                     	QSnk579PauxEvap_kW       	QSnk579PelAuxComp_kW     	QSnk579PauxCondSwitch_kW 	
November 	 +0.8016000000000000E+004	 +0.4568015987796483E+005	 +0.1371258884038966E+005	 +0.5939274871835453E+005	
December 	 +0.8760000000000000E+004	 +0.5675663307466651E+005	 +0.1902475630502116E+005	 +0.7578138937968791E+005	
January  	 +0.9504000000000000E+004	 +0.6002050428179231E+005	 +0.2210153155710192E+005	 +0.8212203583889408E+005	
February 	 +0.1017600000000000E+005	 +0.4985487455451540E+005	 +0.1885456005835968E+005	 +0.6870943461287506E+005	
March    	 +0.1092000000000000E+005	 +0.4353416770593628E+005	 +0.1482149670391141E+005	 +0.5835566440984782E+005	
April    	 +0.1164000000000000E+005	 +0.3301592752591256E+005	 +0.1003413721523140E+005	 +0.4305006474114399E+005	
May      	 +0.1238400000000000E+005	 +0.2096056081396381E+005	 +0.6021658205893244E+004	 +0.2698221901985712E+005	
June     	 +0.1310400000000000E+005	 +0.1005516953270980E+005	 +0.2909314620973583E+004	 +0.1296448415368338E+005	
July     	 +0.1384800000000000E+005	 +0.6953077721403214E+004	 +0.2061732890856552E+004	 +0.9014810612259766E+004	
August   	 +0.1459200000000000E+005	 +0.9003230710833353E+004	 +0.2454199898743641E+004	 +0.1145743060957701E+005	
September	 +0.1531200000000000E+005	 +0.1603395383531962E+005	 +0.4065028411861789E+004	 +0.2009898224718139E+005	
October  	 +0.1605600000000000E+005	 +0.3114411251378046E+005	 +0.8200609260016337E+004	 +0.3934472177379679E+005	
November 	 +0.1677600000000000E+005	 +0.4544765633251541E+005	 +0.1357007076000368E+005	 +0.5901772709251900E+005	
December 	 +0.1752000000000000E+005	 +0.5679974362116178E+005	 +0.1903872259944088E+005	 +0.7583846622060266E+005	
  
	Maximum Instantaneous Values
	Label not available                                                                                                                                                                                                                                                                                         	Label not available                                                                                                                                                                                                                                                                                         	Label not available                                                                                                                                                                                                                                                                                         	Label not available                                                                                                                                                                                                                                                                                         	
Maximum Value	 +0.1752000000000000E+005	 +0.3161156511133426E+003	 +0.8983224182703505E+002	 +0.3824267226837041E+003	
Time of Maximum	 +0.1752000000000000E+005	 +0.1450640000000000E+005	 +0.1393010000000000E+005	 +0.1450640000000000E+005	
  
	Minimum Instantaneous Values
	Label not available                                                                                                                                                                                                                                                                                         	Label not available                                                                                                                                                                                                                                                                                         	Label not available                                                                                                                                                                                                                                                                                         	Label not available                                                                                                                                                                                                                                                                                         	
Minimum Value	 +0.7300033333333334E+004	 +0.0000000000000000E+000	 +0.0000000000000000E+000	 +0.0000000000000000E+000	
Time of Minimum	 +0.7300033333333334E+004	 +0.1752000000000000E+005	 +0.1752000000000000E+005	 +0.1752000000000000E+005	
  
	Maximum Integrated Values
	Label not available                                                                                                                                                                                                                                                                                         	Label not available                                                                                                                                                                                                                                                                                         	Label not available                                                                                                                                                                                                                                                                                         	Label not available                                                                                                                                                                                                                                                                                         	
Maximum Value	 +0.1752000000000000E+005	 +0.6002050428179231E+005	 +0.2210153155710192E+005	 +0.8212203583889408E+005	
Time of Maximum	 +0.1752000000000000E+005	 +0.9504000000000000E+004	 +0.9504000000000000E+004	 +0.9504000000000000E+004	
  
	Minimum Integrated Values
	Label not available                                                                                                                                                                                                                                                                                         	Label not available                                                                                                                                                                                                                                                                                         	Label not available                                                                                                                                                                                                                                                                                         	Label not available                                                                                                                                                                                                                                                                                         	
Minimum Value	 +0.8016000000000000E+004	 +0.6953077721403214E+004	 +0.2061732890856552E+004	 +0.9014810612259766E+004	
Time of Minimum	 +0.8016000000000000E+004	 +0.1384800000000000E+005	 +0.1384800000000000E+005	 +0.1384800000000000E+005	
  
	Sum (note: sums are set to zero for inputs that were not integrated.)
	Label not available                                                                                                                                                                                                                                                                                         	Label not available                                                                                                                                                                                                                                                                                         	Label not available                                                                                                                                                                                                                                                                                         	Label not available                                                                                                                                                                                                                                                                                         	
Total	 +0.0000000000000000E+000	 +0.4852597721024791E+006	 +0.1568704073278058E+006	 +0.6421301794302707E+006	
