 	Label not available                                                                                                                                                                                                                                                                                         	Label not available                                                                                                                                                                                                                                                                                         	Label not available                                                                                                                                                                                                                                                                                         	Label not available                                                                                                                                                                                                                                                                                         	
Month 	TIME                     	QSnk469PauxEvap_kW       	QSnk469PelAuxComp_kW     	QSnk469PauxCondSwitch_kW 	
November 	 +0.8016000000000000E+004	 +0.7952795712676893E+005	 +0.2360110295513707E+005	 +0.1031290600819059E+006	
December 	 +0.8760000000000000E+004	 +0.1040510816533671E+006	 +0.3381246768511282E+005	 +0.1378635493384805E+006	
January  	 +0.9504000000000000E+004	 +0.1124061599190873E+006	 +0.3920730185045247E+005	 +0.1516134617695396E+006	
February 	 +0.1017600000000000E+005	 +0.9427131870875161E+005	 +0.3402804645015606E+005	 +0.1282993651589076E+006	
March    	 +0.1092000000000000E+005	 +0.7781719208127540E+005	 +0.2577485289013067E+005	 +0.1035920449714063E+006	
April    	 +0.1164000000000000E+005	 +0.5507144510989332E+005	 +0.1633895812938472E+005	 +0.7141040323927828E+005	
May      	 +0.1238400000000000E+005	 +0.2860376013723802E+005	 +0.8125573674801336E+004	 +0.3672933381203945E+005	
June     	 +0.1310400000000000E+005	 +0.1206006300330291E+005	 +0.3523414037259883E+004	 +0.1558347704056279E+005	
July     	 +0.1384800000000000E+005	 +0.7145631776938603E+004	 +0.2283638755494678E+004	 +0.9429270532433282E+004	
August   	 +0.1459200000000000E+005	 +0.1111392457562996E+005	 +0.3137266632851942E+004	 +0.1425119120848193E+005	
September	 +0.1531200000000000E+005	 +0.1876537664727003E+005	 +0.4918422895401125E+004	 +0.2368379954267111E+005	
October  	 +0.1605600000000000E+005	 +0.4848454240158034E+005	 +0.1281395461262819E+005	 +0.6129849701420860E+005	
November 	 +0.1677600000000000E+005	 +0.7862737867365219E+005	 +0.2326204191611629E+005	 +0.1018894205897683E+006	
December 	 +0.1752000000000000E+005	 +0.1040494090135745E+006	 +0.3381396597166351E+005	 +0.1378633749852383E+006	
  
	Maximum Instantaneous Values
	Label not available                                                                                                                                                                                                                                                                                         	Label not available                                                                                                                                                                                                                                                                                         	Label not available                                                                                                                                                                                                                                                                                         	Label not available                                                                                                                                                                                                                                                                                         	
Maximum Value	 +0.1752000000000000E+005	 +0.4842145715711612E+003	 +0.1347376309376791E+003	 +0.5836286999727424E+003	
Time of Maximum	 +0.1752000000000000E+005	 +0.1452650000000000E+005	 +0.1425433333333333E+005	 +0.1452650000000000E+005	
  
	Minimum Instantaneous Values
	Label not available                                                                                                                                                                                                                                                                                         	Label not available                                                                                                                                                                                                                                                                                         	Label not available                                                                                                                                                                                                                                                                                         	Label not available                                                                                                                                                                                                                                                                                         	
Minimum Value	 +0.7300033333333334E+004	 +0.0000000000000000E+000	 +0.0000000000000000E+000	 +0.0000000000000000E+000	
Time of Minimum	 +0.7300033333333334E+004	 +0.1752000000000000E+005	 +0.1752000000000000E+005	 +0.1752000000000000E+005	
  
	Maximum Integrated Values
	Label not available                                                                                                                                                                                                                                                                                         	Label not available                                                                                                                                                                                                                                                                                         	Label not available                                                                                                                                                                                                                                                                                         	Label not available                                                                                                                                                                                                                                                                                         	
Maximum Value	 +0.1752000000000000E+005	 +0.1124061599190873E+006	 +0.3920730185045247E+005	 +0.1516134617695396E+006	
Time of Maximum	 +0.1752000000000000E+005	 +0.9504000000000000E+004	 +0.9504000000000000E+004	 +0.9504000000000000E+004	
  
	Minimum Integrated Values
	Label not available                                                                                                                                                                                                                                                                                         	Label not available                                                                                                                                                                                                                                                                                         	Label not available                                                                                                                                                                                                                                                                                         	Label not available                                                                                                                                                                                                                                                                                         	
Minimum Value	 +0.8016000000000000E+004	 +0.7145631776938603E+004	 +0.2283638755494678E+004	 +0.9429270532433282E+004	
Time of Minimum	 +0.8016000000000000E+004	 +0.1384800000000000E+005	 +0.1384800000000000E+005	 +0.1384800000000000E+005	
  
	Sum (note: sums are set to zero for inputs that were not integrated.)
	Label not available                                                                                                                                                                                                                                                                                         	Label not available                                                                                                                                                                                                                                                                                         	Label not available                                                                                                                                                                                                                                                                                         	Label not available                                                                                                                                                                                                                                                                                         	
Total	 +0.0000000000000000E+000	 +0.8319952408283283E+006	 +0.2646410084565890E+006	 +0.1096636249284916E+007	
