 	Label not available                                                                                                                                                                                                                                                                                         	Label not available                                                                                                                                                                                                                                                                                         	Label not available                                                                                                                                                                                                                                                                                         	Label not available                                                                                                                                                                                                                                                                                         	
Month 	TIME                     	QSnk539PauxEvap_kW       	QSnk539PelAuxComp_kW     	QSnk539PauxCondSwitch_kW 	
November 	 +0.8016000000000000E+004	 +0.3574999689071319E+005	 +0.1071783944214994E+005	 +0.4646783633286302E+005	
December 	 +0.8760000000000000E+004	 +0.4521720288637675E+005	 +0.1503922319201340E+005	 +0.6025642607839023E+005	
January  	 +0.9504000000000000E+004	 +0.4805450808073532E+005	 +0.1743859393377755E+005	 +0.6549310201451288E+005	
February 	 +0.1017600000000000E+005	 +0.3990234608750071E+005	 +0.1489211393797058E+005	 +0.5479446002547178E+005	
March    	 +0.1092000000000000E+005	 +0.3454796684365265E+005	 +0.1159763546402571E+005	 +0.4614560230767848E+005	
April    	 +0.1164000000000000E+005	 +0.2568906205481799E+005	 +0.7666224914696902E+004	 +0.3335528696951488E+005	
May      	 +0.1238400000000000E+005	 +0.1538529376905903E+005	 +0.4345204813118499E+004	 +0.1973049858217753E+005	
June     	 +0.1310400000000000E+005	 +0.7173226727494813E+004	 +0.2043246907114376E+004	 +0.9216473634609181E+004	
July     	 +0.1384800000000000E+005	 +0.4655791506752799E+004	 +0.1394218685038068E+004	 +0.6050010191790876E+004	
August   	 +0.1459200000000000E+005	 +0.6291701975491115E+004	 +0.1733183090900990E+004	 +0.8024885066392095E+004	
September	 +0.1531200000000000E+005	 +0.1126043550385954E+005	 +0.2878200054238167E+004	 +0.1413863555809769E+005	
October  	 +0.1605600000000000E+005	 +0.2356376045189070E+005	 +0.6199776078924697E+004	 +0.2976353653081541E+005	
November 	 +0.1677600000000000E+005	 +0.3545108459710208E+005	 +0.1058206470914211E+005	 +0.4603314930624433E+005	
December 	 +0.1752000000000000E+005	 +0.4522381018968035E+005	 +0.1503879542024012E+005	 +0.6026260560992076E+005	
  
	Maximum Instantaneous Values
	Label not available                                                                                                                                                                                                                                                                                         	Label not available                                                                                                                                                                                                                                                                                         	Label not available                                                                                                                                                                                                                                                                                         	Label not available                                                                                                                                                                                                                                                                                         	
Maximum Value	 +0.1752000000000000E+005	 +0.2435696857375184E+003	 +0.6737796880978586E+002	 +0.2933940788483509E+003	
Time of Maximum	 +0.1752000000000000E+005	 +0.1392853333333333E+005	 +0.1396870000000000E+005	 +0.1392853333333333E+005	
  
	Minimum Instantaneous Values
	Label not available                                                                                                                                                                                                                                                                                         	Label not available                                                                                                                                                                                                                                                                                         	Label not available                                                                                                                                                                                                                                                                                         	Label not available                                                                                                                                                                                                                                                                                         	
Minimum Value	 +0.7300033333333334E+004	 +0.0000000000000000E+000	 +0.0000000000000000E+000	 +0.0000000000000000E+000	
Time of Minimum	 +0.7300033333333334E+004	 +0.1752000000000000E+005	 +0.1752000000000000E+005	 +0.1752000000000000E+005	
  
	Maximum Integrated Values
	Label not available                                                                                                                                                                                                                                                                                         	Label not available                                                                                                                                                                                                                                                                                         	Label not available                                                                                                                                                                                                                                                                                         	Label not available                                                                                                                                                                                                                                                                                         	
Maximum Value	 +0.1752000000000000E+005	 +0.4805450808073532E+005	 +0.1743859393377755E+005	 +0.6549310201451288E+005	
Time of Maximum	 +0.1752000000000000E+005	 +0.9504000000000000E+004	 +0.9504000000000000E+004	 +0.9504000000000000E+004	
  
	Minimum Integrated Values
	Label not available                                                                                                                                                                                                                                                                                         	Label not available                                                                                                                                                                                                                                                                                         	Label not available                                                                                                                                                                                                                                                                                         	Label not available                                                                                                                                                                                                                                                                                         	
Minimum Value	 +0.8016000000000000E+004	 +0.4655791506752799E+004	 +0.1394218685038068E+004	 +0.6050010191790876E+004	
Time of Minimum	 +0.8016000000000000E+004	 +0.1384800000000000E+005	 +0.1384800000000000E+005	 +0.1384800000000000E+005	
  
	Sum (note: sums are set to zero for inputs that were not integrated.)
	Label not available                                                                                                                                                                                                                                                                                         	Label not available                                                                                                                                                                                                                                                                                         	Label not available                                                                                                                                                                                                                                                                                         	Label not available                                                                                                                                                                                                                                                                                         	
Total	 +0.0000000000000000E+000	 +0.3781661875651272E+006	 +0.1215663206433521E+006	 +0.4997325082084688E+006	
