 	Label not available                                                                                                                                                                                                                                                                                         	Label not available                                                                                                                                                                                                                                                                                         	Label not available                                                                                                                                                                                                                                                                                         	Label not available                                                                                                                                                                                                                                                                                         	
Month 	TIME                     	QSnk558PauxEvap_kW       	QSnk558PelAuxComp_kW     	QSnk558PauxCondSwitch_kW 	
November 	 +0.8016000000000000E+004	 +0.8374309778503899E+005	 +0.2228652639069489E+005	 +0.1060296241757343E+006	
December 	 +0.8760000000000000E+004	 +0.1122411658796850E+006	 +0.3186857787374563E+005	 +0.1441097437534310E+006	
January  	 +0.9504000000000000E+004	 +0.1228572987348800E+006	 +0.3635178695970504E+005	 +0.1592090856945852E+006	
February 	 +0.1017600000000000E+005	 +0.1031525709448610E+006	 +0.3112802542268721E+005	 +0.1342805963675486E+006	
March    	 +0.1092000000000000E+005	 +0.8240208698410029E+005	 +0.2407370524320878E+005	 +0.1064757922273098E+006	
April    	 +0.1164000000000000E+005	 +0.5615304148323485E+005	 +0.1527517479233647E+005	 +0.7142821627557075E+005	
May      	 +0.1238400000000000E+005	 +0.2618452893580290E+005	 +0.6783450188413966E+004	 +0.3296797912421694E+005	
June     	 +0.1310400000000000E+005	 +0.8257612736442083E+004	 +0.2070929769456101E+004	 +0.1032854250589820E+005	
July     	 +0.1384800000000000E+005	 +0.2295280830913471E+004	 +0.6683649519544175E+003	 +0.2963645782867887E+004	
August   	 +0.1459200000000000E+005	 +0.6826438590882761E+004	 +0.1625245874839996E+004	 +0.8451684465722748E+004	
September	 +0.1531200000000000E+005	 +0.1528693532534614E+005	 +0.3518680019298227E+004	 +0.1880561534464434E+005	
October  	 +0.1605600000000000E+005	 +0.4847151122258909E+005	 +0.1162813479789774E+005	 +0.6009964602048697E+005	
November 	 +0.1677600000000000E+005	 +0.8283981781960615E+005	 +0.2199975809684524E+005	 +0.1048395759164513E+006	
December 	 +0.1752000000000000E+005	 +0.1122256788961840E+006	 +0.3187127026582362E+005	 +0.1440969491620078E+006	
  
	Maximum Instantaneous Values
	Label not available                                                                                                                                                                                                                                                                                         	Label not available                                                                                                                                                                                                                                                                                         	Label not available                                                                                                                                                                                                                                                                                         	Label not available                                                                                                                                                                                                                                                                                         	
Maximum Value	 +0.1752000000000000E+005	 +0.4758785106167505E+003	 +0.1336802882824686E+003	 +0.5755871570887386E+003	
Time of Maximum	 +0.1752000000000000E+005	 +0.1467503333333333E+005	 +0.1394296666666667E+005	 +0.1467503333333333E+005	
  
	Minimum Instantaneous Values
	Label not available                                                                                                                                                                                                                                                                                         	Label not available                                                                                                                                                                                                                                                                                         	Label not available                                                                                                                                                                                                                                                                                         	Label not available                                                                                                                                                                                                                                                                                         	
Minimum Value	 +0.7300033333333334E+004	 +0.0000000000000000E+000	 +0.0000000000000000E+000	 +0.0000000000000000E+000	
Time of Minimum	 +0.7300033333333334E+004	 +0.1752000000000000E+005	 +0.1752000000000000E+005	 +0.1752000000000000E+005	
  
	Maximum Integrated Values
	Label not available                                                                                                                                                                                                                                                                                         	Label not available                                                                                                                                                                                                                                                                                         	Label not available                                                                                                                                                                                                                                                                                         	Label not available                                                                                                                                                                                                                                                                                         	
Maximum Value	 +0.1752000000000000E+005	 +0.1228572987348800E+006	 +0.3635178695970504E+005	 +0.1592090856945852E+006	
Time of Maximum	 +0.1752000000000000E+005	 +0.9504000000000000E+004	 +0.9504000000000000E+004	 +0.9504000000000000E+004	
  
	Minimum Integrated Values
	Label not available                                                                                                                                                                                                                                                                                         	Label not available                                                                                                                                                                                                                                                                                         	Label not available                                                                                                                                                                                                                                                                                         	Label not available                                                                                                                                                                                                                                                                                         	
Minimum Value	 +0.8016000000000000E+004	 +0.2295280830913471E+004	 +0.6683649519544175E+003	 +0.2963645782867887E+004	
Time of Minimum	 +0.8016000000000000E+004	 +0.1384800000000000E+005	 +0.1384800000000000E+005	 +0.1384800000000000E+005	
  
	Sum (note: sums are set to zero for inputs that were not integrated.)
	Label not available                                                                                                                                                                                                                                                                                         	Label not available                                                                                                                                                                                                                                                                                         	Label not available                                                                                                                                                                                                                                                                                         	Label not available                                                                                                                                                                                                                                                                                         	
Total	 +0.0000000000000000E+000	 +0.8629370661695623E+006	 +0.2411496306469091E+006	 +0.1104086696816473E+007	
