 	Label not available                                                                                                                                                                                                                                                                                         	Label not available                                                                                                                                                                                                                                                                                         	Label not available                                                                                                                                                                                                                                                                                         	Label not available                                                                                                                                                                                                                                                                                         	
Month 	TIME                     	QSnk335PauxEvap_kW       	QSnk335PelAuxComp_kW     	QSnk335PauxCondSwitch_kW 	
November 	 +0.8016000000000000E+004	 +0.3946928208761631E+005	 +0.1051513874212535E+005	 +0.4998442082974169E+005	
December 	 +0.8760000000000000E+004	 +0.5194457388785184E+005	 +0.1483950252182052E+005	 +0.6678407640967230E+005	
January  	 +0.9504000000000000E+004	 +0.5665587061095078E+005	 +0.1693791517364417E+005	 +0.7359378578459482E+005	
February 	 +0.1017600000000000E+005	 +0.4717182248131380E+005	 +0.1432532965675170E+005	 +0.6149715213806525E+005	
March    	 +0.1092000000000000E+005	 +0.3870563470582459E+005	 +0.1121136082417910E+005	 +0.4991699553000338E+005	
April    	 +0.1164000000000000E+005	 +0.2715748384385759E+005	 +0.7243589787570229E+004	 +0.3440107363142794E+005	
May      	 +0.1238400000000000E+005	 +0.1385524402359513E+005	 +0.3458335272295182E+004	 +0.1731357929589033E+005	
June     	 +0.1310400000000000E+005	 +0.4847839462468502E+004	 +0.1152608143899581E+004	 +0.6000447606368086E+004	
July     	 +0.1384800000000000E+005	 +0.1842383901209350E+004	 +0.4694774925181969E+003	 +0.2311861393727545E+004	
August   	 +0.1459200000000000E+005	 +0.3786993958782027E+004	 +0.8782654442893166E+003	 +0.4665259403071334E+004	
September	 +0.1531200000000000E+005	 +0.8695444077056667E+004	 +0.1964622205578558E+004	 +0.1066006628263522E+005	
October  	 +0.1605600000000000E+005	 +0.2392146393220288E+005	 +0.5696787702462588E+004	 +0.2961825163466533E+005	
November 	 +0.1677600000000000E+005	 +0.3912055050851349E+005	 +0.1040737118328194E+005	 +0.4952792169179536E+005	
December 	 +0.1752000000000000E+005	 +0.5189836303290181E+005	 +0.1482886761720867E+005	 +0.6672723065011053E+005	
  
	Maximum Instantaneous Values
	Label not available                                                                                                                                                                                                                                                                                         	Label not available                                                                                                                                                                                                                                                                                         	Label not available                                                                                                                                                                                                                                                                                         	Label not available                                                                                                                                                                                                                                                                                         	
Maximum Value	 +0.1752000000000000E+005	 +0.2391874132072636E+003	 +0.6550299938844830E+002	 +0.2877589834926480E+003	
Time of Maximum	 +0.1752000000000000E+005	 +0.1386206666666667E+005	 +0.1345000000000000E+005	 +0.1390440000000000E+005	
  
	Minimum Instantaneous Values
	Label not available                                                                                                                                                                                                                                                                                         	Label not available                                                                                                                                                                                                                                                                                         	Label not available                                                                                                                                                                                                                                                                                         	Label not available                                                                                                                                                                                                                                                                                         	
Minimum Value	 +0.7300033333333334E+004	 +0.0000000000000000E+000	 +0.0000000000000000E+000	 +0.0000000000000000E+000	
Time of Minimum	 +0.7300033333333334E+004	 +0.1752000000000000E+005	 +0.1752000000000000E+005	 +0.1752000000000000E+005	
  
	Maximum Integrated Values
	Label not available                                                                                                                                                                                                                                                                                         	Label not available                                                                                                                                                                                                                                                                                         	Label not available                                                                                                                                                                                                                                                                                         	Label not available                                                                                                                                                                                                                                                                                         	
Maximum Value	 +0.1752000000000000E+005	 +0.5665587061095078E+005	 +0.1693791517364417E+005	 +0.7359378578459482E+005	
Time of Maximum	 +0.1752000000000000E+005	 +0.9504000000000000E+004	 +0.9504000000000000E+004	 +0.9504000000000000E+004	
  
	Minimum Integrated Values
	Label not available                                                                                                                                                                                                                                                                                         	Label not available                                                                                                                                                                                                                                                                                         	Label not available                                                                                                                                                                                                                                                                                         	Label not available                                                                                                                                                                                                                                                                                         	
Minimum Value	 +0.8016000000000000E+004	 +0.1842383901209350E+004	 +0.4694774925181969E+003	 +0.2311861393727545E+004	
Time of Minimum	 +0.8016000000000000E+004	 +0.1384800000000000E+005	 +0.1384800000000000E+005	 +0.1384800000000000E+005	
  
	Sum (note: sums are set to zero for inputs that were not integrated.)
	Label not available                                                                                                                                                                                                                                                                                         	Label not available                                                                                                                                                                                                                                                                                         	Label not available                                                                                                                                                                                                                                                                                         	Label not available                                                                                                                                                                                                                                                                                         	
Total	 +0.0000000000000000E+000	 +0.4090729505141489E+006	 +0.1139291717676245E+006	 +0.5230021222817712E+006	
