 	Label not available                                                                                                                                                                                                                                                                                         	Label not available                                                                                                                                                                                                                                                                                         	Label not available                                                                                                                                                                                                                                                                                         	Label not available                                                                                                                                                                                                                                                                                         	
Month 	TIME                     	QSnk417PauxEvap_kW       	QSnk417PelAuxComp_kW     	QSnk417PauxCondSwitch_kW 	
November 	 +0.8016000000000000E+004	 +0.1226317620665612E+005	 +0.3323549842461206E+004	 +0.1558672604911729E+005	
December 	 +0.8760000000000000E+004	 +0.1559597205867643E+005	 +0.4591066445276172E+004	 +0.2018703850395263E+005	
January  	 +0.9504000000000000E+004	 +0.1672316732700291E+005	 +0.5249425736748290E+004	 +0.2197259306375122E+005	
February 	 +0.1017600000000000E+005	 +0.1386588041142392E+005	 +0.4426700494004850E+004	 +0.1829258090542876E+005	
March    	 +0.1092000000000000E+005	 +0.1170885920142706E+005	 +0.3580207423574322E+004	 +0.1528906662500131E+005	
April    	 +0.1164000000000000E+005	 +0.8573782648204467E+004	 +0.2441984797409346E+004	 +0.1101576744561383E+005	
May      	 +0.1238400000000000E+005	 +0.5094526068241402E+004	 +0.1383223060862701E+004	 +0.6477749129104111E+004	
June     	 +0.1310400000000000E+005	 +0.2027939743382868E+004	 +0.5359656093570779E+003	 +0.2563905352739949E+004	
July     	 +0.1384800000000000E+005	 +0.1120228091415549E+004	 +0.2995080951271221E+003	 +0.1419736186542675E+004	
August   	 +0.1459200000000000E+005	 +0.1673634771922374E+004	 +0.4007423424164389E+003	 +0.2074377114338817E+004	
September	 +0.1531200000000000E+005	 +0.3731892389961907E+004	 +0.8581046265141587E+003	 +0.4589997016476069E+004	
October  	 +0.1605600000000000E+005	 +0.7989067079873457E+004	 +0.1928697723539637E+004	 +0.9917764803413063E+004	
November 	 +0.1677600000000000E+005	 +0.1219391735253489E+005	 +0.3294656474390966E+004	 +0.1548857382692582E+005	
December 	 +0.1752000000000000E+005	 +0.1558647064435128E+005	 +0.4589383776197396E+004	 +0.2017585442054861E+005	
  
	Maximum Instantaneous Values
	Label not available                                                                                                                                                                                                                                                                                         	Label not available                                                                                                                                                                                                                                                                                         	Label not available                                                                                                                                                                                                                                                                                         	Label not available                                                                                                                                                                                                                                                                                         	
Maximum Value	 +0.1752000000000000E+005	 +0.7787327214143927E+002	 +0.2226328375722678E+002	 +0.9449991087937690E+002	
Time of Maximum	 +0.1752000000000000E+005	 +0.1467430000000000E+005	 +0.1451493333333333E+005	 +0.1467430000000000E+005	
  
	Minimum Instantaneous Values
	Label not available                                                                                                                                                                                                                                                                                         	Label not available                                                                                                                                                                                                                                                                                         	Label not available                                                                                                                                                                                                                                                                                         	Label not available                                                                                                                                                                                                                                                                                         	
Minimum Value	 +0.7300033333333334E+004	 +0.0000000000000000E+000	 +0.0000000000000000E+000	 +0.0000000000000000E+000	
Time of Minimum	 +0.7300033333333334E+004	 +0.1752000000000000E+005	 +0.1752000000000000E+005	 +0.1752000000000000E+005	
  
	Maximum Integrated Values
	Label not available                                                                                                                                                                                                                                                                                         	Label not available                                                                                                                                                                                                                                                                                         	Label not available                                                                                                                                                                                                                                                                                         	Label not available                                                                                                                                                                                                                                                                                         	
Maximum Value	 +0.1752000000000000E+005	 +0.1672316732700291E+005	 +0.5249425736748290E+004	 +0.2197259306375122E+005	
Time of Maximum	 +0.1752000000000000E+005	 +0.9504000000000000E+004	 +0.9504000000000000E+004	 +0.9504000000000000E+004	
  
	Minimum Integrated Values
	Label not available                                                                                                                                                                                                                                                                                         	Label not available                                                                                                                                                                                                                                                                                         	Label not available                                                                                                                                                                                                                                                                                         	Label not available                                                                                                                                                                                                                                                                                         	
Minimum Value	 +0.8016000000000000E+004	 +0.1120228091415549E+004	 +0.2995080951271221E+003	 +0.1419736186542675E+004	
Time of Minimum	 +0.8016000000000000E+004	 +0.1384800000000000E+005	 +0.1384800000000000E+005	 +0.1384800000000000E+005	
  
	Sum (note: sums are set to zero for inputs that were not integrated.)
	Label not available                                                                                                                                                                                                                                                                                         	Label not available                                                                                                                                                                                                                                                                                         	Label not available                                                                                                                                                                                                                                                                                         	Label not available                                                                                                                                                                                                                                                                                         	
Total	 +0.0000000000000000E+000	 +0.1281485139950758E+006	 +0.3690321644787963E+005	 +0.1650517304429542E+006	
