 	Label not available                                                                                                                                                                                                                                                                                         	Label not available                                                                                                                                                                                                                                                                                         	Label not available                                                                                                                                                                                                                                                                                         	Label not available                                                                                                                                                                                                                                                                                         	
Month 	TIME                     	QSnk266PauxEvap_kW       	QSnk266PelAuxComp_kW     	QSnk266PauxCondSwitch_kW 	
November 	 +0.8016000000000000E+004	 +0.4851242493246892E+005	 +0.1297816045771730E+005	 +0.6149058539018597E+005	
December 	 +0.8760000000000000E+004	 +0.6293846878652592E+005	 +0.1815821830766162E+005	 +0.8109668709418780E+005	
January  	 +0.9504000000000000E+004	 +0.6786039866229636E+005	 +0.2069907995273396E+005	 +0.8855947861503060E+005	
February 	 +0.1017600000000000E+005	 +0.5633926926912214E+005	 +0.1738374114406785E+005	 +0.7372301041318975E+005	
March    	 +0.1092000000000000E+005	 +0.4725335241949711E+005	 +0.1381898755880310E+005	 +0.6107233997830049E+005	
April    	 +0.1164000000000000E+005	 +0.3378799928740679E+005	 +0.9092845047343168E+004	 +0.4288084433475013E+005	
May      	 +0.1238400000000000E+005	 +0.1868171711991473E+005	 +0.4719079943405498E+004	 +0.2340079706332022E+005	
June     	 +0.1310400000000000E+005	 +0.6726167120062143E+004	 +0.1629808907438823E+004	 +0.8355976027500952E+004	
July     	 +0.1384800000000000E+005	 +0.3016553048036907E+004	 +0.7542823187698837E+003	 +0.3770835366806788E+004	
August   	 +0.1459200000000000E+005	 +0.5466257664137403E+004	 +0.1262540782730513E+004	 +0.6728798446867918E+004	
September	 +0.1531200000000000E+005	 +0.1274080300200699E+005	 +0.2863227240710064E+004	 +0.1560403024271704E+005	
October  	 +0.1605600000000000E+005	 +0.3028631431025738E+005	 +0.7199430812431594E+004	 +0.3748574512268891E+005	
November 	 +0.1677600000000000E+005	 +0.4827031506250319E+005	 +0.1287889542976829E+005	 +0.6114921049227148E+005	
December 	 +0.1752000000000000E+005	 +0.6293425664315569E+005	 +0.1816781794969638E+005	 +0.8110207459285216E+005	
  
	Maximum Instantaneous Values
	Label not available                                                                                                                                                                                                                                                                                         	Label not available                                                                                                                                                                                                                                                                                         	Label not available                                                                                                                                                                                                                                                                                         	Label not available                                                                                                                                                                                                                                                                                         	
Maximum Value	 +0.1752000000000000E+005	 +0.3061940696089915E+003	 +0.8476676900785912E+002	 +0.3692420641055022E+003	
Time of Maximum	 +0.1752000000000000E+005	 +0.1386693333333333E+005	 +0.1457940000000000E+005	 +0.1386693333333333E+005	
  
	Minimum Instantaneous Values
	Label not available                                                                                                                                                                                                                                                                                         	Label not available                                                                                                                                                                                                                                                                                         	Label not available                                                                                                                                                                                                                                                                                         	Label not available                                                                                                                                                                                                                                                                                         	
Minimum Value	 +0.7300033333333334E+004	 +0.0000000000000000E+000	 +0.0000000000000000E+000	 +0.0000000000000000E+000	
Time of Minimum	 +0.7300033333333334E+004	 +0.1752000000000000E+005	 +0.1752000000000000E+005	 +0.1752000000000000E+005	
  
	Maximum Integrated Values
	Label not available                                                                                                                                                                                                                                                                                         	Label not available                                                                                                                                                                                                                                                                                         	Label not available                                                                                                                                                                                                                                                                                         	Label not available                                                                                                                                                                                                                                                                                         	
Maximum Value	 +0.1752000000000000E+005	 +0.6786039866229636E+005	 +0.2069907995273396E+005	 +0.8855947861503060E+005	
Time of Maximum	 +0.1752000000000000E+005	 +0.9504000000000000E+004	 +0.9504000000000000E+004	 +0.9504000000000000E+004	
  
	Minimum Integrated Values
	Label not available                                                                                                                                                                                                                                                                                         	Label not available                                                                                                                                                                                                                                                                                         	Label not available                                                                                                                                                                                                                                                                                         	Label not available                                                                                                                                                                                                                                                                                         	
Minimum Value	 +0.8016000000000000E+004	 +0.3016553048036907E+004	 +0.7542823187698837E+003	 +0.3770835366806788E+004	
Time of Minimum	 +0.8016000000000000E+004	 +0.1384800000000000E+005	 +0.1384800000000000E+005	 +0.1384800000000000E+005	
  
	Sum (note: sums are set to zero for inputs that were not integrated.)
	Label not available                                                                                                                                                                                                                                                                                         	Label not available                                                                                                                                                                                                                                                                                         	Label not available                                                                                                                                                                                                                                                                                         	Label not available                                                                                                                                                                                                                                                                                         	
Total	 +0.0000000000000000E+000	 +0.5048142973273826E+006	 +0.1416061158532774E+006	 +0.6464204131806792E+006	
