 	Label not available                                                                                                                                                                                                                                                                                         	Label not available                                                                                                                                                                                                                                                                                         	Label not available                                                                                                                                                                                                                                                                                         	Label not available                                                                                                                                                                                                                                                                                         	
Month 	TIME                     	QSnk358PauxEvap_kW       	QSnk358PelAuxComp_kW     	QSnk358PauxCondSwitch_kW 	
November 	 +0.8016000000000000E+004	 +0.7730114961046228E+004	 +0.2073294708495009E+004	 +0.9803409669541235E+004	
December 	 +0.8760000000000000E+004	 +0.1001205018949562E+005	 +0.2892575994766261E+004	 +0.1290462618426181E+005	
January  	 +0.9504000000000000E+004	 +0.1079209959467814E+005	 +0.3296534014285069E+004	 +0.1408863360896330E+005	
February 	 +0.1017600000000000E+005	 +0.8962883333185764E+004	 +0.2770669996708912E+004	 +0.1173355332989466E+005	
March    	 +0.1092000000000000E+005	 +0.7532536870939148E+004	 +0.2209997254924738E+004	 +0.9742534125863851E+004	
April    	 +0.1164000000000000E+005	 +0.5407144278276438E+004	 +0.1464720901896912E+004	 +0.6871865180173349E+004	
May      	 +0.1238400000000000E+005	 +0.3007559070432874E+004	 +0.7679687314170643E+003	 +0.3775527801849928E+004	
June     	 +0.1310400000000000E+005	 +0.1159949197584798E+004	 +0.2886432084321459E+003	 +0.1448592406016945E+004	
July     	 +0.1384800000000000E+005	 +0.5706360299047718E+003	 +0.1484724825273512E+003	 +0.7191085124321241E+003	
August   	 +0.1459200000000000E+005	 +0.9176150261990341E+003	 +0.2193392212444860E+003	 +0.1136954247443517E+004	
September	 +0.1531200000000000E+005	 +0.2083734545877225E+004	 +0.4758719245594536E+003	 +0.2559606470436680E+004	
October  	 +0.1605600000000000E+005	 +0.4882253727836959E+004	 +0.1169383526815352E+004	 +0.6051637254652309E+004	
November 	 +0.1677600000000000E+005	 +0.7676481114225766E+004	 +0.2054236788140231E+004	 +0.9730717902366008E+004	
December 	 +0.1752000000000000E+005	 +0.1001070595592126E+005	 +0.2892842122080084E+004	 +0.1290354807800134E+005	
  
	Maximum Instantaneous Values
	Label not available                                                                                                                                                                                                                                                                                         	Label not available                                                                                                                                                                                                                                                                                         	Label not available                                                                                                                                                                                                                                                                                         	Label not available                                                                                                                                                                                                                                                                                         	
Maximum Value	 +0.1752000000000000E+005	 +0.4878686510622450E+002	 +0.1340261507248116E+002	 +0.5876326123497559E+002	
Time of Maximum	 +0.1752000000000000E+005	 +0.1450383333333333E+005	 +0.1465843333333333E+005	 +0.1450383333333333E+005	
  
	Minimum Instantaneous Values
	Label not available                                                                                                                                                                                                                                                                                         	Label not available                                                                                                                                                                                                                                                                                         	Label not available                                                                                                                                                                                                                                                                                         	Label not available                                                                                                                                                                                                                                                                                         	
Minimum Value	 +0.7300033333333334E+004	 +0.0000000000000000E+000	 +0.0000000000000000E+000	 +0.0000000000000000E+000	
Time of Minimum	 +0.7300033333333334E+004	 +0.1752000000000000E+005	 +0.1752000000000000E+005	 +0.1752000000000000E+005	
  
	Maximum Integrated Values
	Label not available                                                                                                                                                                                                                                                                                         	Label not available                                                                                                                                                                                                                                                                                         	Label not available                                                                                                                                                                                                                                                                                         	Label not available                                                                                                                                                                                                                                                                                         	
Maximum Value	 +0.1752000000000000E+005	 +0.1079209959467814E+005	 +0.3296534014285069E+004	 +0.1408863360896330E+005	
Time of Maximum	 +0.1752000000000000E+005	 +0.9504000000000000E+004	 +0.9504000000000000E+004	 +0.9504000000000000E+004	
  
	Minimum Integrated Values
	Label not available                                                                                                                                                                                                                                                                                         	Label not available                                                                                                                                                                                                                                                                                         	Label not available                                                                                                                                                                                                                                                                                         	Label not available                                                                                                                                                                                                                                                                                         	
Minimum Value	 +0.8016000000000000E+004	 +0.5706360299047718E+003	 +0.1484724825273512E+003	 +0.7191085124321241E+003	
Time of Minimum	 +0.8016000000000000E+004	 +0.1384800000000000E+005	 +0.1384800000000000E+005	 +0.1384800000000000E+005	
  
	Sum (note: sums are set to zero for inputs that were not integrated.)
	Label not available                                                                                                                                                                                                                                                                                         	Label not available                                                                                                                                                                                                                                                                                         	Label not available                                                                                                                                                                                                                                                                                         	Label not available                                                                                                                                                                                                                                                                                         	
Total	 +0.0000000000000000E+000	 +0.8074576389560410E+005	 +0.2272455087629306E+005	 +0.1034703147718987E+006	
