 	Label not available                                                                                                                                                                                                                                                                                         	Label not available                                                                                                                                                                                                                                                                                         	Label not available                                                                                                                                                                                                                                                                                         	Label not available                                                                                                                                                                                                                                                                                         	
Month 	TIME                     	QSnk524PauxEvap_kW       	QSnk524PelAuxComp_kW     	QSnk524PauxCondSwitch_kW 	
November 	 +0.8016000000000000E+004	 +0.3366754067950101E+005	 +0.9022381313705549E+004	 +0.4268992199320668E+005	
December 	 +0.8760000000000000E+004	 +0.4426997272100170E+005	 +0.1274042533665708E+005	 +0.5701039805765898E+005	
January  	 +0.9504000000000000E+004	 +0.4825968194205935E+005	 +0.1456628918933857E+005	 +0.6282597113139775E+005	
February 	 +0.1017600000000000E+005	 +0.4018959151166894E+005	 +0.1233279316776458E+005	 +0.5252238467943371E+005	
March    	 +0.1092000000000000E+005	 +0.3279755835967531E+005	 +0.9720582103353998E+004	 +0.4251814046302962E+005	
April    	 +0.1164000000000000E+005	 +0.2297397724384376E+005	 +0.6361389637242924E+004	 +0.2933536688108666E+005	
May      	 +0.1238400000000000E+005	 +0.1184790446600829E+005	 +0.3111285353987585E+004	 +0.1495918981999595E+005	
June     	 +0.1310400000000000E+005	 +0.4124662524862491E+004	 +0.1058237914249022E+004	 +0.5182900439111516E+004	
July     	 +0.1384800000000000E+005	 +0.1439472880749847E+004	 +0.4083748857697927E+003	 +0.1847847766519639E+004	
August   	 +0.1459200000000000E+005	 +0.3335910354814614E+004	 +0.8000587625112531E+003	 +0.4135969117325864E+004	
September	 +0.1531200000000000E+005	 +0.7437384721725525E+004	 +0.1712812114567906E+004	 +0.9150196836293439E+004	
October  	 +0.1605600000000000E+005	 +0.2039382136080918E+005	 +0.4902020937643195E+004	 +0.2529584229845240E+005	
November 	 +0.1677600000000000E+005	 +0.3337735325146954E+005	 +0.8924716937723815E+004	 +0.4230207018919330E+005	
December 	 +0.1752000000000000E+005	 +0.4426542610284912E+005	 +0.1273556667640374E+005	 +0.5700099277925315E+005	
  
	Maximum Instantaneous Values
	Label not available                                                                                                                                                                                                                                                                                         	Label not available                                                                                                                                                                                                                                                                                         	Label not available                                                                                                                                                                                                                                                                                         	Label not available                                                                                                                                                                                                                                                                                         	
Maximum Value	 +0.1752000000000000E+005	 +0.1987907404599566E+003	 +0.5578528786180131E+002	 +0.2401328580923645E+003	
Time of Maximum	 +0.1752000000000000E+005	 +0.1451290000000000E+005	 +0.1450833333333333E+005	 +0.1451290000000000E+005	
  
	Minimum Instantaneous Values
	Label not available                                                                                                                                                                                                                                                                                         	Label not available                                                                                                                                                                                                                                                                                         	Label not available                                                                                                                                                                                                                                                                                         	Label not available                                                                                                                                                                                                                                                                                         	
Minimum Value	 +0.7300033333333334E+004	 +0.0000000000000000E+000	 +0.0000000000000000E+000	 +0.0000000000000000E+000	
Time of Minimum	 +0.7300033333333334E+004	 +0.1752000000000000E+005	 +0.1752000000000000E+005	 +0.1752000000000000E+005	
  
	Maximum Integrated Values
	Label not available                                                                                                                                                                                                                                                                                         	Label not available                                                                                                                                                                                                                                                                                         	Label not available                                                                                                                                                                                                                                                                                         	Label not available                                                                                                                                                                                                                                                                                         	
Maximum Value	 +0.1752000000000000E+005	 +0.4825968194205935E+005	 +0.1456628918933857E+005	 +0.6282597113139775E+005	
Time of Maximum	 +0.1752000000000000E+005	 +0.9504000000000000E+004	 +0.9504000000000000E+004	 +0.9504000000000000E+004	
  
	Minimum Integrated Values
	Label not available                                                                                                                                                                                                                                                                                         	Label not available                                                                                                                                                                                                                                                                                         	Label not available                                                                                                                                                                                                                                                                                         	Label not available                                                                                                                                                                                                                                                                                         	
Minimum Value	 +0.8016000000000000E+004	 +0.1439472880749847E+004	 +0.4083748857697927E+003	 +0.1847847766519639E+004	
Time of Minimum	 +0.8016000000000000E+004	 +0.1384800000000000E+005	 +0.1384800000000000E+005	 +0.1384800000000000E+005	
  
	Sum (note: sums are set to zero for inputs that were not integrated.)
	Label not available                                                                                                                                                                                                                                                                                         	Label not available                                                                                                                                                                                                                                                                                         	Label not available                                                                                                                                                                                                                                                                                         	Label not available                                                                                                                                                                                                                                                                                         	
Total	 +0.0000000000000000E+000	 +0.3483802581210406E+006	 +0.9839693433091915E+005	 +0.4467771924519597E+006	
