 	Label not available                                                                                                                                                                                                                                                                                         	Label not available                                                                                                                                                                                                                                                                                         	Label not available                                                                                                                                                                                                                                                                                         	Label not available                                                                                                                                                                                                                                                                                         	
Month 	TIME                     	QSnk488PauxEvap_kW       	QSnk488PelAuxComp_kW     	QSnk488PauxCondSwitch_kW 	
November 	 +0.8016000000000000E+004	 +0.8537636428419023E+005	 +0.2280645595917648E+005	 +0.1081828202433673E+006	
December 	 +0.8760000000000000E+004	 +0.1090210767691190E+006	 +0.3158036524213923E+005	 +0.1406014420112584E+006	
January  	 +0.9504000000000000E+004	 +0.1167065434181024E+006	 +0.3599241411618785E+005	 +0.1526989575342900E+006	
February 	 +0.1017600000000000E+005	 +0.9699946965618040E+005	 +0.3015352815711310E+005	 +0.1271529978132932E+006	
March    	 +0.1092000000000000E+005	 +0.8215363028066923E+005	 +0.2406828802568753E+005	 +0.1062219183063571E+006	
April    	 +0.1164000000000000E+005	 +0.6021558639528506E+005	 +0.1617181485038594E+005	 +0.7638740124567134E+005	
May      	 +0.1238400000000000E+005	 +0.3509576150095797E+005	 +0.8860834114873658E+004	 +0.4395659561583168E+005	
June     	 +0.1310400000000000E+005	 +0.1385517410577763E+005	 +0.3327508818044989E+004	 +0.1718268292382266E+005	
July     	 +0.1384800000000000E+005	 +0.7284200278404778E+004	 +0.1763008546520333E+004	 +0.9047208824925112E+004	
August   	 +0.1459200000000000E+005	 +0.1108299527395548E+005	 +0.2510151289703818E+004	 +0.1359314656365931E+005	
September	 +0.1531200000000000E+005	 +0.2548483575467533E+005	 +0.5699181322482081E+004	 +0.3118401707715734E+005	
October  	 +0.1605600000000000E+005	 +0.5535170024269105E+005	 +0.1309457727037550E+005	 +0.6844627751306636E+005	
November 	 +0.1677600000000000E+005	 +0.8491859505314236E+005	 +0.2263564772164727E+005	 +0.1075542427747897E+006	
December 	 +0.1752000000000000E+005	 +0.1087369907918547E+006	 +0.3150585340174828E+005	 +0.1402428441936025E+006	
  
	Maximum Instantaneous Values
	Label not available                                                                                                                                                                                                                                                                                         	Label not available                                                                                                                                                                                                                                                                                         	Label not available                                                                                                                                                                                                                                                                                         	Label not available                                                                                                                                                                                                                                                                                         	
Maximum Value	 +0.1752000000000000E+005	 +0.5640123178359097E+003	 +0.1563614987648830E+003	 +0.6798764489825369E+003	
Time of Maximum	 +0.1752000000000000E+005	 +0.1393003333333333E+005	 +0.1450483333333333E+005	 +0.1393003333333333E+005	
  
	Minimum Instantaneous Values
	Label not available                                                                                                                                                                                                                                                                                         	Label not available                                                                                                                                                                                                                                                                                         	Label not available                                                                                                                                                                                                                                                                                         	Label not available                                                                                                                                                                                                                                                                                         	
Minimum Value	 +0.7300033333333334E+004	 +0.0000000000000000E+000	 +0.0000000000000000E+000	 +0.0000000000000000E+000	
Time of Minimum	 +0.7300033333333334E+004	 +0.1752000000000000E+005	 +0.1752000000000000E+005	 +0.1752000000000000E+005	
  
	Maximum Integrated Values
	Label not available                                                                                                                                                                                                                                                                                         	Label not available                                                                                                                                                                                                                                                                                         	Label not available                                                                                                                                                                                                                                                                                         	Label not available                                                                                                                                                                                                                                                                                         	
Maximum Value	 +0.1752000000000000E+005	 +0.1167065434181024E+006	 +0.3599241411618785E+005	 +0.1526989575342900E+006	
Time of Maximum	 +0.1752000000000000E+005	 +0.9504000000000000E+004	 +0.9504000000000000E+004	 +0.9504000000000000E+004	
  
	Minimum Integrated Values
	Label not available                                                                                                                                                                                                                                                                                         	Label not available                                                                                                                                                                                                                                                                                         	Label not available                                                                                                                                                                                                                                                                                         	Label not available                                                                                                                                                                                                                                                                                         	
Minimum Value	 +0.8016000000000000E+004	 +0.7284200278404778E+004	 +0.1763008546520333E+004	 +0.9047208824925112E+004	
Time of Minimum	 +0.8016000000000000E+004	 +0.1384800000000000E+005	 +0.1384800000000000E+005	 +0.1384800000000000E+005	
  
	Sum (note: sums are set to zero for inputs that were not integrated.)
	Label not available                                                                                                                                                                                                                                                                                         	Label not available                                                                                                                                                                                                                                                                                         	Label not available                                                                                                                                                                                                                                                                                         	Label not available                                                                                                                                                                                                                                                                                         	
Total	 +0.0000000000000000E+000	 +0.8922829238050140E+006	 +0.2501696288360850E+006	 +0.1142452552641104E+007	
