 	Label not available                                                                                                                                                                                                                                                                                         	Label not available                                                                                                                                                                                                                                                                                         	Label not available                                                                                                                                                                                                                                                                                         	Label not available                                                                                                                                                                                                                                                                                         	
Month 	TIME                     	QSnk183PauxEvap_kW       	QSnk183PelAuxComp_kW     	QSnk183PauxCondSwitch_kW 	
November 	 +0.8016000000000000E+004	 +0.2080546553941896E+004	 +0.5602807649590678E+003	 +0.2640827318900959E+004	
December 	 +0.8760000000000000E+004	 +0.2718441203999036E+004	 +0.7839106010411335E+003	 +0.3502351805040179E+004	
January  	 +0.9504000000000000E+004	 +0.2955625359137633E+004	 +0.8915503113223568E+003	 +0.3847175670459989E+004	
February 	 +0.1017600000000000E+005	 +0.2467796667617392E+004	 +0.7552796401381509E+003	 +0.3223076307755555E+004	
March    	 +0.1092000000000000E+005	 +0.2038790703869749E+004	 +0.5956941757505242E+003	 +0.2634484879620270E+004	
April    	 +0.1164000000000000E+005	 +0.1450896585759153E+004	 +0.3911063184169900E+003	 +0.1842002904176146E+004	
May      	 +0.1238400000000000E+005	 +0.7787133662795463E+003	 +0.1982601054825219E+003	 +0.9769734717620644E+003	
June     	 +0.1310400000000000E+005	 +0.3032526443499335E+003	 +0.7727459147621153E+002	 +0.3805272358261446E+003	
July     	 +0.1384800000000000E+005	 +0.1509236832894692E+003	 +0.4313097562586473E+002	 +0.1940546589153341E+003	
August   	 +0.1459200000000000E+005	 +0.2592637567767325E+003	 +0.6529008018559307E+002	 +0.3245538369623259E+003	
September	 +0.1531200000000000E+005	 +0.5062689575988104E+003	 +0.1199639187434623E+003	 +0.6262328763422723E+003	
October  	 +0.1605600000000000E+005	 +0.1288275706089483E+004	 +0.3117098372786271E+003	 +0.1599985543368117E+004	
November 	 +0.1677600000000000E+005	 +0.2058541150822964E+004	 +0.5538033550834190E+003	 +0.2612344505906386E+004	
December 	 +0.1752000000000000E+005	 +0.2713797831133800E+004	 +0.7829671202674155E+003	 +0.3496764951401183E+004	
  
	Maximum Instantaneous Values
	Label not available                                                                                                                                                                                                                                                                                         	Label not available                                                                                                                                                                                                                                                                                         	Label not available                                                                                                                                                                                                                                                                                         	Label not available                                                                                                                                                                                                                                                                                         	
Maximum Value	 +0.1752000000000000E+005	 +0.1246257822159506E+002	 +0.3363291786727317E+001	 +0.1496472416491353E+002	
Time of Maximum	 +0.1752000000000000E+005	 +0.1388173333333333E+005	 +0.1409963333333333E+005	 +0.1388173333333333E+005	
  
	Minimum Instantaneous Values
	Label not available                                                                                                                                                                                                                                                                                         	Label not available                                                                                                                                                                                                                                                                                         	Label not available                                                                                                                                                                                                                                                                                         	Label not available                                                                                                                                                                                                                                                                                         	
Minimum Value	 +0.7300033333333334E+004	 +0.0000000000000000E+000	 +0.0000000000000000E+000	 +0.0000000000000000E+000	
Time of Minimum	 +0.7300033333333334E+004	 +0.1752000000000000E+005	 +0.1752000000000000E+005	 +0.1752000000000000E+005	
  
	Maximum Integrated Values
	Label not available                                                                                                                                                                                                                                                                                         	Label not available                                                                                                                                                                                                                                                                                         	Label not available                                                                                                                                                                                                                                                                                         	Label not available                                                                                                                                                                                                                                                                                         	
Maximum Value	 +0.1752000000000000E+005	 +0.2955625359137633E+004	 +0.8915503113223568E+003	 +0.3847175670459989E+004	
Time of Maximum	 +0.1752000000000000E+005	 +0.9504000000000000E+004	 +0.9504000000000000E+004	 +0.9504000000000000E+004	
  
	Minimum Integrated Values
	Label not available                                                                                                                                                                                                                                                                                         	Label not available                                                                                                                                                                                                                                                                                         	Label not available                                                                                                                                                                                                                                                                                         	Label not available                                                                                                                                                                                                                                                                                         	
Minimum Value	 +0.8016000000000000E+004	 +0.1509236832894692E+003	 +0.4313097562586473E+002	 +0.1940546589153341E+003	
Time of Minimum	 +0.8016000000000000E+004	 +0.1384800000000000E+005	 +0.1384800000000000E+005	 +0.1384800000000000E+005	
  
	Sum (note: sums are set to zero for inputs that were not integrated.)
	Label not available                                                                                                                                                                                                                                                                                         	Label not available                                                                                                                                                                                                                                                                                         	Label not available                                                                                                                                                                                                                                                                                         	Label not available                                                                                                                                                                                                                                                                                         	
Total	 +0.0000000000000000E+000	 +0.2177113417066538E+005	 +0.6130221795771326E+004	 +0.2790135596643681E+005	
