 	Label not available                                                                                                                                                                                                                                                                                         	Label not available                                                                                                                                                                                                                                                                                         	Label not available                                                                                                                                                                                                                                                                                         	Label not available                                                                                                                                                                                                                                                                                         	
Month 	TIME                     	QSnk322PauxEvap_kW       	QSnk322PelAuxComp_kW     	QSnk322PauxCondSwitch_kW 	
November 	 +0.8016000000000000E+004	 +0.3304235219561217E+005	 +0.8842894596684602E+004	 +0.4188524679229667E+005	
December 	 +0.8760000000000000E+004	 +0.4210521589884693E+005	 +0.1221199400210954E+005	 +0.5431720990095621E+005	
January  	 +0.9504000000000000E+004	 +0.4511931564766869E+005	 +0.1396826459646078E+005	 +0.5908758024412959E+005	
February 	 +0.1017600000000000E+005	 +0.3748672400280803E+005	 +0.1170550617032719E+005	 +0.4919223017313514E+005	
March    	 +0.1092000000000000E+005	 +0.3164475354440265E+005	 +0.9344761064085258E+004	 +0.4098951460848808E+005	
April    	 +0.1164000000000000E+005	 +0.2325223191603284E+005	 +0.6322840464075806E+004	 +0.2957507238010861E+005	
May      	 +0.1238400000000000E+005	 +0.1370791706755149E+005	 +0.3491463529327582E+004	 +0.1719938059687907E+005	
June     	 +0.1310400000000000E+005	 +0.5457315947488979E+004	 +0.1334610291529864E+004	 +0.6791926239018860E+004	
July     	 +0.1384800000000000E+005	 +0.2837490094294064E+004	 +0.7022849725880938E+003	 +0.3539775066882159E+004	
August   	 +0.1459200000000000E+005	 +0.4459474381725883E+004	 +0.1023866111432329E+004	 +0.5483340493158212E+004	
September	 +0.1531200000000000E+005	 +0.9926205938402758E+004	 +0.2229943275101760E+004	 +0.1215614921350450E+005	
October  	 +0.1605600000000000E+005	 +0.2146674471206341E+005	 +0.5104479887443570E+004	 +0.2657122459950704E+005	
November 	 +0.1677600000000000E+005	 +0.3283917401402701E+005	 +0.8758243396183372E+004	 +0.4159741741021037E+005	
December 	 +0.1752000000000000E+005	 +0.4208248344534012E+005	 +0.1221025786254756E+005	 +0.5429274130788766E+005	
  
	Maximum Instantaneous Values
	Label not available                                                                                                                                                                                                                                                                                         	Label not available                                                                                                                                                                                                                                                                                         	Label not available                                                                                                                                                                                                                                                                                         	Label not available                                                                                                                                                                                                                                                                                         	
Maximum Value	 +0.1752000000000000E+005	 +0.2157464033463322E+003	 +0.6025539818634469E+002	 +0.2607039252637186E+003	
Time of Maximum	 +0.1752000000000000E+005	 +0.1469826666666667E+005	 +0.1388460000000000E+005	 +0.1469826666666667E+005	
  
	Minimum Instantaneous Values
	Label not available                                                                                                                                                                                                                                                                                         	Label not available                                                                                                                                                                                                                                                                                         	Label not available                                                                                                                                                                                                                                                                                         	Label not available                                                                                                                                                                                                                                                                                         	
Minimum Value	 +0.7300033333333334E+004	 +0.0000000000000000E+000	 +0.0000000000000000E+000	 +0.0000000000000000E+000	
Time of Minimum	 +0.7300033333333334E+004	 +0.1752000000000000E+005	 +0.1752000000000000E+005	 +0.1752000000000000E+005	
  
	Maximum Integrated Values
	Label not available                                                                                                                                                                                                                                                                                         	Label not available                                                                                                                                                                                                                                                                                         	Label not available                                                                                                                                                                                                                                                                                         	Label not available                                                                                                                                                                                                                                                                                         	
Maximum Value	 +0.1752000000000000E+005	 +0.4511931564766869E+005	 +0.1396826459646078E+005	 +0.5908758024412959E+005	
Time of Maximum	 +0.1752000000000000E+005	 +0.9504000000000000E+004	 +0.9504000000000000E+004	 +0.9504000000000000E+004	
  
	Minimum Integrated Values
	Label not available                                                                                                                                                                                                                                                                                         	Label not available                                                                                                                                                                                                                                                                                         	Label not available                                                                                                                                                                                                                                                                                         	Label not available                                                                                                                                                                                                                                                                                         	
Minimum Value	 +0.8016000000000000E+004	 +0.2837490094294064E+004	 +0.7022849725880938E+003	 +0.3539775066882159E+004	
Time of Minimum	 +0.8016000000000000E+004	 +0.1384800000000000E+005	 +0.1384800000000000E+005	 +0.1384800000000000E+005	
  
	Sum (note: sums are set to zero for inputs that were not integrated.)
	Label not available                                                                                                                                                                                                                                                                                         	Label not available                                                                                                                                                                                                                                                                                         	Label not available                                                                                                                                                                                                                                                                                         	Label not available                                                                                                                                                                                                                                                                                         	
Total	 +0.0000000000000000E+000	 +0.3454273988062610E+006	 +0.9725141021989723E+005	 +0.4426788090261602E+006	
