 	Label not available                                                                                                                                                                                                                                                                                         	Label not available                                                                                                                                                                                                                                                                                         	Label not available                                                                                                                                                                                                                                                                                         	Label not available                                                                                                                                                                                                                                                                                         	
Month 	TIME                     	QSnk60PauxEvap_kW        	QSnk60PelAuxComp_kW      	QSnk60PauxCondSwitch_kW  	
November 	 +0.8016000000000000E+004	 +0.2161622615723325E+005	 +0.5774206951869477E+004	 +0.2739043310910290E+005	
December 	 +0.8760000000000000E+004	 +0.2839441800547800E+005	 +0.8136489074728127E+004	 +0.3653090708020629E+005	
January  	 +0.9504000000000000E+004	 +0.3099538700049381E+005	 +0.9298733391387907E+004	 +0.4029412039188180E+005	
February 	 +0.1017600000000000E+005	 +0.2580931657785952E+005	 +0.7860885914343719E+004	 +0.3367020249220302E+005	
March    	 +0.1092000000000000E+005	 +0.2120630390147929E+005	 +0.6164335295424899E+004	 +0.2737063919690416E+005	
April    	 +0.1164000000000000E+005	 +0.1487399095234551E+005	 +0.3978383967073331E+004	 +0.1885237491941878E+005	
May      	 +0.1238400000000000E+005	 +0.7633191211175795E+004	 +0.1914820015690483E+004	 +0.9548011226866272E+004	
June     	 +0.1310400000000000E+005	 +0.2722777206596622E+004	 +0.6546585820528018E+003	 +0.3377435788649419E+004	
July     	 +0.1384800000000000E+005	 +0.9859101956122544E+003	 +0.2632709434604518E+003	 +0.1249181139072707E+004	
August   	 +0.1459200000000000E+005	 +0.2147818088602212E+004	 +0.5018856956907308E+003	 +0.2649703784292945E+004	
September	 +0.1531200000000000E+005	 +0.4882172164676665E+004	 +0.1107279069814944E+004	 +0.5989451234491607E+004	
October  	 +0.1605600000000000E+005	 +0.1312608792059598E+005	 +0.3131782125070258E+004	 +0.1625787004566626E+005	
November 	 +0.1677600000000000E+005	 +0.2142109120054004E+005	 +0.5714506297479740E+004	 +0.2713559749801982E+005	
December 	 +0.1752000000000000E+005	 +0.2839356323449062E+005	 +0.8137082746775347E+004	 +0.3653064598126597E+005	
  
	Maximum Instantaneous Values
	Label not available                                                                                                                                                                                                                                                                                         	Label not available                                                                                                                                                                                                                                                                                         	Label not available                                                                                                                                                                                                                                                                                         	Label not available                                                                                                                                                                                                                                                                                         	
Maximum Value	 +0.1752000000000000E+005	 +0.1311299306004119E+003	 +0.3578218083429591E+002	 +0.1577845036675818E+003	
Time of Maximum	 +0.1752000000000000E+005	 +0.1385746666666667E+005	 +0.1431353333333333E+005	 +0.1385746666666667E+005	
  
	Minimum Instantaneous Values
	Label not available                                                                                                                                                                                                                                                                                         	Label not available                                                                                                                                                                                                                                                                                         	Label not available                                                                                                                                                                                                                                                                                         	Label not available                                                                                                                                                                                                                                                                                         	
Minimum Value	 +0.7300033333333334E+004	 +0.0000000000000000E+000	 +0.0000000000000000E+000	 +0.0000000000000000E+000	
Time of Minimum	 +0.7300033333333334E+004	 +0.1752000000000000E+005	 +0.1752000000000000E+005	 +0.1752000000000000E+005	
  
	Maximum Integrated Values
	Label not available                                                                                                                                                                                                                                                                                         	Label not available                                                                                                                                                                                                                                                                                         	Label not available                                                                                                                                                                                                                                                                                         	Label not available                                                                                                                                                                                                                                                                                         	
Maximum Value	 +0.1752000000000000E+005	 +0.3099538700049381E+005	 +0.9298733391387907E+004	 +0.4029412039188180E+005	
Time of Maximum	 +0.1752000000000000E+005	 +0.9504000000000000E+004	 +0.9504000000000000E+004	 +0.9504000000000000E+004	
  
	Minimum Integrated Values
	Label not available                                                                                                                                                                                                                                                                                         	Label not available                                                                                                                                                                                                                                                                                         	Label not available                                                                                                                                                                                                                                                                                         	Label not available                                                                                                                                                                                                                                                                                         	
Minimum Value	 +0.8016000000000000E+004	 +0.9859101956122544E+003	 +0.2632709434604518E+003	 +0.1249181139072707E+004	
Time of Minimum	 +0.8016000000000000E+004	 +0.1384800000000000E+005	 +0.1384800000000000E+005	 +0.1384800000000000E+005	
  
	Sum (note: sums are set to zero for inputs that were not integrated.)
	Label not available                                                                                                                                                                                                                                                                                         	Label not available                                                                                                                                                                                                                                                                                         	Label not available                                                                                                                                                                                                                                                                                         	Label not available                                                                                                                                                                                                                                                                                         	
Total	 +0.0000000000000000E+000	 +0.2242082538171784E+006	 +0.6263832007086177E+005	 +0.2868465738880377E+006	
