 	Label not available                                                                                                                                                                                                                                                                                         	Label not available                                                                                                                                                                                                                                                                                         	Label not available                                                                                                                                                                                                                                                                                         	Label not available                                                                                                                                                                                                                                                                                         	
Month 	TIME                     	QSnk191PauxEvap_kW       	QSnk191PelAuxComp_kW     	QSnk191PauxCondSwitch_kW 	
November 	 +0.8016000000000000E+004	 +0.3840122541366406E+005	 +0.1021657649010830E+005	 +0.4861780190377219E+005	
December 	 +0.8760000000000000E+004	 +0.4975856317878992E+005	 +0.1429502490938471E+005	 +0.6405358808817501E+005	
January  	 +0.9504000000000000E+004	 +0.5368796263732885E+005	 +0.1628977063362861E+005	 +0.6997773327095713E+005	
February 	 +0.1017600000000000E+005	 +0.4459529660261035E+005	 +0.1365304205683404E+005	 +0.5824833865944417E+005	
March    	 +0.1092000000000000E+005	 +0.3745879850384310E+005	 +0.1080212646182426E+005	 +0.4826092496566753E+005	
April    	 +0.1164000000000000E+005	 +0.2681655024833184E+005	 +0.7068881446824504E+004	 +0.3388543169515627E+005	
May      	 +0.1238400000000000E+005	 +0.1489360525633723E+005	 +0.3628857933488701E+004	 +0.1852246318982590E+005	
June     	 +0.1310400000000000E+005	 +0.5481187400687437E+004	 +0.1266844151786761E+004	 +0.6748031552474190E+004	
July     	 +0.1384800000000000E+005	 +0.2407967906067448E+004	 +0.5746713886864211E+003	 +0.2982639294753865E+004	
August   	 +0.1459200000000000E+005	 +0.4380097611458181E+004	 +0.9858921503373730E+003	 +0.5365989761795558E+004	
September	 +0.1531200000000000E+005	 +0.1009103060264373E+005	 +0.2245174942654550E+004	 +0.1233620554529829E+005	
October  	 +0.1605600000000000E+005	 +0.2400013921627593E+005	 +0.5664923693381252E+004	 +0.2966506290965706E+005	
November 	 +0.1677600000000000E+005	 +0.3818149975367849E+005	 +0.1013236054424301E+005	 +0.4831386029792164E+005	
December 	 +0.1752000000000000E+005	 +0.4977543436721189E+005	 +0.1430193313558615E+005	 +0.6407736750279808E+005	
  
	Maximum Instantaneous Values
	Label not available                                                                                                                                                                                                                                                                                         	Label not available                                                                                                                                                                                                                                                                                         	Label not available                                                                                                                                                                                                                                                                                         	Label not available                                                                                                                                                                                                                                                                                         	
Maximum Value	 +0.1752000000000000E+005	 +0.2477928966629408E+003	 +0.6716376239056144E+002	 +0.2975881747638722E+003	
Time of Maximum	 +0.1752000000000000E+005	 +0.1407296666666667E+005	 +0.1407336666666667E+005	 +0.1407296666666667E+005	
  
	Minimum Instantaneous Values
	Label not available                                                                                                                                                                                                                                                                                         	Label not available                                                                                                                                                                                                                                                                                         	Label not available                                                                                                                                                                                                                                                                                         	Label not available                                                                                                                                                                                                                                                                                         	
Minimum Value	 +0.7300033333333334E+004	 +0.0000000000000000E+000	 +0.0000000000000000E+000	 +0.0000000000000000E+000	
Time of Minimum	 +0.7300033333333334E+004	 +0.1752000000000000E+005	 +0.1752000000000000E+005	 +0.1752000000000000E+005	
  
	Maximum Integrated Values
	Label not available                                                                                                                                                                                                                                                                                         	Label not available                                                                                                                                                                                                                                                                                         	Label not available                                                                                                                                                                                                                                                                                         	Label not available                                                                                                                                                                                                                                                                                         	
Maximum Value	 +0.1752000000000000E+005	 +0.5368796263732885E+005	 +0.1628977063362861E+005	 +0.6997773327095713E+005	
Time of Maximum	 +0.1752000000000000E+005	 +0.9504000000000000E+004	 +0.9504000000000000E+004	 +0.9504000000000000E+004	
  
	Minimum Integrated Values
	Label not available                                                                                                                                                                                                                                                                                         	Label not available                                                                                                                                                                                                                                                                                         	Label not available                                                                                                                                                                                                                                                                                         	Label not available                                                                                                                                                                                                                                                                                         	
Minimum Value	 +0.8016000000000000E+004	 +0.2407967906067448E+004	 +0.5746713886864211E+003	 +0.2982639294753865E+004	
Time of Minimum	 +0.8016000000000000E+004	 +0.1384800000000000E+005	 +0.1384800000000000E+005	 +0.1384800000000000E+005	
  
	Sum (note: sums are set to zero for inputs that were not integrated.)
	Label not available                                                                                                                                                                                                                                                                                         	Label not available                                                                                                                                                                                                                                                                                         	Label not available                                                                                                                                                                                                                                                                                         	Label not available                                                                                                                                                                                                                                                                                         	
Total	 +0.0000000000000000E+000	 +0.3999293586989305E+006	 +0.1111260799387693E+006	 +0.5110554386377056E+006	
